
 -----------------------------------------------
      Restrained ESP Fit 2.3  Amber 4.1
 -----------------------------------------------
 Resp charges for organic molecule                                               
 -----------------------------------------------


 inopt       =     0   ioutopt     =     1
 nmol        =     1   iqopt       =     0
 ihfree      =     1   irstrnt     =     1
 iunits      =     0   qwt         =   0.00050000
 wtmol(1) =     1.000000
 subtitle:

Resp charges for organic molecule                                               
ich =  -1  iuniq =  34
    1    6    0
    2    6    0
    3    6    0
    4    6    0
    5    6    0
    6    6    0
    7    6    0
    8    6    0
    9    6    0
   10    6    0
   11    6    0
   12    6    0
   13    6    0
   14    6    0
   15    7    0
   16    7    0
   17    8    0
   18    8    0
   19    8   18
   20   16    0
   21   16    0
   22    1    0
   23    1    0
   24    1    0
   25    1    0
   26    1    0
   27    1    0
   28    1    0
   29    1    0
   30    1    0
   31    1    0
   32    1    0
   33    1    0
   34    1    0

  ----------------------------------------------------------------------------
     ATOM                       COORDINATES                         CHARGE
                       X             Y                Z
  ----------------------------------------------------------------------------
  ----------------------------------------------------------------------------


 Charge on the molecule(ich) =   -1
 Total number of atoms (iuniq)     =   34
 Weight factor on initial charge restraints(qwt)=     0.50000D-03


  there are  1 charge constraints:


     1       1
     2       1
     3       1
     4       1
     5       1
     6       1
     7       1
     8       1
     9       1
    10       1
    11       1
    12       1
    13       1
    14       1
    15       1
    16       1
    17       1
    18       1
    19       1
    20       1
    21       1
    22       1
    23       1
    24       1
    25       1
    26       1
    27       1
    28       1
    29       1
    30       1
    31       1
    32       1
    33       1
    34       1

 Reading esp"s for molecule   1
 total number of atoms      =    34
 total number of esp points = 10410


 center     X       Y       Z 
    1   0.6581216E+00   0.2599579E+01  -0.1369294E+01
    2  -0.1886152E+01   0.2116812E+01  -0.1259784E+01
    3  -0.1146909E+01  -0.2229229E+01  -0.4103918E-01
    4   0.2357830E+01   0.6674626E+00  -0.8145532E+00
    5  -0.2825146E+01  -0.2907192E+00  -0.6017700E+00
    6   0.1417582E+01  -0.1690849E+01  -0.1633876E+00
    7   0.6016408E+01  -0.1196233E+01  -0.2570254E+00
    8   0.1246087E+02   0.4394015E+01   0.2077635E+01
    9   0.1043436E+02   0.3298761E+01   0.1128272E+01
   10  -0.6854072E+01  -0.2548335E+01   0.1336509E+00
   11  -0.1049098E+02   0.2838607E+01   0.2952243E+00
   12   0.1049756E+02   0.1404322E+01  -0.9803407E+00
   13  -0.9683228E+01  -0.2077489E+01  -0.4003951E-01
   14  -0.1069738E+02   0.1718328E+00   0.1507055E+01
   15   0.4982263E+01   0.8756763E+00  -0.8453179E+00
   16  -0.5436349E+01  -0.5371849E+00  -0.5798832E+00
   17  -0.6005271E+01  -0.4552388E+01   0.8224636E+00
   18  -0.8923182E+01   0.3089254E+01  -0.1455618E+01
   19  -0.1188045E+02   0.4436238E+01   0.1210687E+01
   20   0.3967916E+01  -0.3724544E+01   0.4345141E+00
   21   0.9307700E+01  -0.1711621E+01  -0.9911613E-01
   22  -0.6478695E+01   0.1009809E+01  -0.1073011E+01
   23  -0.1268283E+02  -0.1456412E+00   0.1903037E+01
   24  -0.9769999E+01   0.2449614E+00   0.3342200E+01
   25  -0.1015733E+02  -0.1795943E+01  -0.2016755E+01
   26  -0.1056088E+02  -0.3820032E+01   0.5794542E+00
   27   0.1241715E+02   0.1073013E+01  -0.1608314E+01
   28   0.9388206E+01   0.2042251E+01  -0.2571756E+01
   29   0.8587663E+01   0.3758947E+01   0.1840896E+01
   30   0.1433489E+02   0.3972242E+01   0.1403029E+01
   31   0.1232299E+02   0.5762153E+01   0.3574101E+01
   32  -0.1836390E+01  -0.4057508E+01   0.4690054E+00
   33  -0.3227690E+01   0.3586870E+01  -0.1668547E+01
   34   0.1349701E+01   0.4442039E+01  -0.1871163E+01
 Initial ssvpot =    97.875


 Number of unique UNfrozen centers=   33

 Non-linear optimization requested.
 qchnge =    0.6181044983E-01
 qchnge =    0.2162597534E-02
 qchnge =    0.3511895040E-03
 qchnge =    0.8256331922E-04
 qchnge =    0.2103978182E-04
 qchnge =    0.5443989655E-05
 qchnge =    0.1413349487E-05
 qchnge =    0.3672616408E-06

 Convergence in    7 iterations


Resp charges for organic molecule                                               

          Point Charges Before & After Optimization

    no.  At.no.    q(init)       q(opt)     ivary    d(rstr)/dq
    1   6       0.000000      -0.310563      0       0.001533
    2   6       0.000000      -0.181497      0       0.002413
    3   6       0.000000      -0.313116      0       0.001521
    4   6       0.000000       0.327030      0       0.001462
    5   6       0.000000       0.230119      0       0.001993
    6   6       0.000000      -0.058224      0       0.004321
    7   6       0.000000       0.248166      0       0.001869
    8   6       0.000000      -0.468242      0       0.001044
    9   6       0.000000      -0.071992      0       0.004058
   10   6       0.000000       0.658482      0       0.000751
   11   6       0.000000       0.829725      0       0.000598
   12   6       0.000000       0.004423      0       0.004995
   13   6       0.000000      -0.046668      0       0.004531
   14   6       0.000000      -0.051872      0       0.004438
   15   7       0.000000      -0.390331      0       0.001241
   16   7       0.000000      -0.437167      0       0.001115
   17   8       0.000000      -0.677450      0       0.000730
   18   8       0.000000      -0.790566      0       0.000627
   19   8       0.000000      -0.790566     18       0.000627
   20  16       0.000000      -0.084553      0       0.003818
   21  16       0.000000      -0.210306      0       0.002147
   22   1       0.000000       0.248454      0       0.000000
   23   1       0.000000      -0.002057      0       0.000000
   24   1       0.000000      -0.004701      0       0.000000
   25   1       0.000000       0.010866      0       0.000000
   26   1       0.000000       0.004458      0       0.000000
   27   1       0.000000       0.130857      0       0.000000
   28   1       0.000000       0.041273      0       0.000000
   29   1       0.000000       0.141057      0       0.000000
   30   1       0.000000       0.182781      0       0.000000
   31   1       0.000000       0.177140      0       0.000000
   32   1       0.000000       0.295798      0       0.000000
   33   1       0.000000       0.192110      0       0.000000
   34   1       0.000000       0.167131      0       0.000000

 Sum over the calculated charges:     -1.000

        Statistics of the fitting:
  The initial sum of squares (ssvpot)                     97.875
  The residual sum of squares (chipot)                     0.060
  The std err of estimate (sqrt(chipot/N))               0.00240
  ESP relative RMS (SQRT(chipot/ssvpot))                 0.02479

 Center of Mass (Angst.):

 X  =   0.00000      Y  =   0.00000      Z  =   0.00000

 Dipole (Debye):

 X  =  18.62030      Y  =  -3.59668      Z  =  -0.90885

 Dipole Moment (Debye)=  18.98625

 Quadrupole (Debye*Angst.):

 Qxx =-198.53296     QYY =  60.55149     QZZ = 137.98147
 Qxy = 275.13125     QXZ = 147.93171     QYZ = 148.50741
