            --------------------------------------------------------
                             AMBER SQM VERSION 14
 
                                     By
              Ross C. Walker, Michael F. Crowley, Scott Brozell,
                         Tim Giese, Andreas W. Goetz,
                        Tai-Sung Lee and David A. Case
 
            --------------------------------------------------------
 

--------------------------------------------------------------------------------
  QM CALCULATION INFO
--------------------------------------------------------------------------------

| QMMM: Citation for AMBER QMMM Run:
| QMMM: R.C. Walker, M.F. Crowley and D.A. Case, J. COMP. CHEM. 29:1019, 2008

QMMM: SINGLET STATE CALCULATION
QMMM: RHF CALCULATION, NO. OF DOUBLY OCCUPIED LEVELS = 43

| QMMM: *** Selected Hamiltonian *** 
| QMMM: AM1         

| QMMM: *** Parameter sets in use ***
| QMMM: C : M.J.S.DEWAR et al. JACS, 107, 3902, (1985)
| QMMM: O : M.J.S.DEWAR et al. JACS, 107, 3902, (1985)
| QMMM: H : M.J.S.DEWAR et al. JACS, 107, 3902, (1985)

| QMMM: *** SCF convergence criteria ***
| QMMM: Energy change                :  0.1D-09 kcal/mol
| QMMM: Error matrix |FP-PF|         :  0.1D+00 au
| QMMM: Density matrix change        :  0.5D-06
| QMMM: Maximum number of SCF cycles :     1000

| QMMM: *** Diagonalization Routine Information ***
| QMMM: Pseudo diagonalizations are allowed.
| QMMM: Auto diagonalization routine selection is in use.
| QMMM:
| QMMM: Timing diagonalization routines:
| QMMM:                              norbs =       74
| QMMM:    diag iterations used for timing =       15
| QMMM:
| QMMM:              Internal diag routine = 0.013701 seconds
| QMMM:                 Dspev diag routine = 0.015968 seconds
| QMMM:                Dspevd diag routine = 0.010834 seconds
| QMMM:                Dspevx diag routine = 0.049162 seconds
| QMMM:                 Dsyev diag routine = 0.017110 seconds
| QMMM:                Dsyevd diag routine = 0.013237 seconds
| QMMM:                Dsyevr diag routine = 0.014120 seconds
| QMMM:
| QMMM:                Pseudo diag routine = 0.004727 seconds
| QMMM:
| QMMM: Using dspevd routine (diag_routine=3).

  QMMM: QM Region Cartesian Coordinates (*=link atom) 
  QMMM: QM_NO.   MM_NO.  ATOM         X         Y         Z
  QMMM:     1        1      C        1.4380    1.4920    9.2700
  QMMM:     2        2      O        2.1620    0.3190    9.6210
  QMMM:     3        3      C        2.9010   -0.2910    8.6430
  QMMM:     4        4      C        2.3880   -0.7650    7.4450
  QMMM:     5        5      C        3.2300   -1.3910    6.5140
  QMMM:     6        6      C        4.5880   -1.5310    6.7780
  QMMM:     7        7      C        5.0870   -1.0700    7.9890
  QMMM:     8        8      C        4.2730   -0.4460    8.9120
  QMMM:     9        9      C        5.5070   -2.2320    5.8340
  QMMM:    10       10      C        5.8780   -3.6500    6.2990
  QMMM:    11       11      C        4.6670   -4.5500    6.2800
  QMMM:    12       12      O        3.8310   -4.4610    5.4280
  QMMM:    13       13      O        4.6270   -5.4420    7.2520
  QMMM:    14       14      C        6.9540   -4.2510    5.4360
  QMMM:    15       15      O        6.7070   -5.1790    4.6780
  QMMM:    16       16      O        8.1530   -3.6590    5.5540
  QMMM:    17       17      H        6.2530   -3.5860    7.3310
  QMMM:    18       18      H        6.4310   -1.6420    5.7390
  QMMM:    19       19      H        5.0150   -2.3030    4.8530
  QMMM:    20       20      H        6.1390   -1.2030    8.2140
  QMMM:    21       21      H        2.8210   -1.7670    5.5830
  QMMM:    22       22      H        1.3330   -0.6500    7.2270
  QMMM:    23       23      H        2.1370    2.2630    8.9150
  QMMM:    24       24      H        0.7190    1.2540    8.4720
  QMMM:    25       25      H        0.8960    1.8660   10.1510
  QMMM:    26       26      H        4.6890   -0.0750    9.8410

--------------------------------------------------------------------------------
  RESULTS
--------------------------------------------------------------------------------

      iter         sqm energy              rms gradient
      ----    -------------------    -----------------------
xmin    10     -168.5282 kcal/mol        1.4481 kcal/(mol*A)
xmin    20     -169.8640 kcal/mol        1.0169 kcal/(mol*A)
xmin    30     -170.1042 kcal/mol        0.2741 kcal/(mol*A)
xmin    40     -170.1759 kcal/mol        0.1730 kcal/(mol*A)
xmin    50     -170.2656 kcal/mol        0.2608 kcal/(mol*A)
xmin    60     -170.3532 kcal/mol        0.1606 kcal/(mol*A)
xmin    70     -170.4753 kcal/mol        0.2411 kcal/(mol*A)
xmin    80     -170.7181 kcal/mol        0.1613 kcal/(mol*A)
xmin    90     -171.0191 kcal/mol        0.2879 kcal/(mol*A)
xmin   100     -171.1947 kcal/mol        0.4729 kcal/(mol*A)
xmin   110     -171.2392 kcal/mol        0.5449 kcal/(mol*A)
xmin   120     -171.2514 kcal/mol        0.0443 kcal/(mol*A)
xmin   130     -171.2545 kcal/mol        0.0395 kcal/(mol*A)
xmin   140     -171.2552 kcal/mol        0.0393 kcal/(mol*A)
xmin   150     -171.2556 kcal/mol        0.0052 kcal/(mol*A)
xmin   160     -171.2556 kcal/mol        0.0061 kcal/(mol*A)
xmin   170     -171.2557 kcal/mol        0.0046 kcal/(mol*A)
xmin   180     -171.2557 kcal/mol        0.0036 kcal/(mol*A)
xmin   190     -171.2558 kcal/mol        0.0008 kcal/(mol*A)
xmin   200     -171.2558 kcal/mol        0.0010 kcal/(mol*A)
xmin   200     -171.2558 kcal/mol        0.0005 kcal/(mol*A)
  ... geometry converged !
 
 Final MO eigenvalues (eV):
 -35.2021  -32.9870  -30.3345  -28.7326  -27.1680  -26.1571  -25.3959  -25.2299
 -23.8784  -22.4119  -18.5791  -17.9763  -15.8002  -13.6508  -13.0123  -11.8808
 -11.8402  -10.8302  -10.5587   -9.8980   -9.6927   -8.9495   -8.5371   -8.2196
  -7.8203   -7.4690   -7.4255   -6.9607   -6.6343   -6.2957   -6.0892   -5.4233
  -5.3101   -5.1804   -4.4316   -4.3897   -3.4488   -1.6456   -1.5466   -1.4087
  -1.3495   -1.2857   -0.7146    5.6900    5.8825    7.4132    8.0875    8.1747
   8.2412    8.3369    9.0234    9.1795    9.6936    9.7794   10.0215   10.1547
  10.4827   10.8174   10.9886   11.0395   11.1110   11.2097   11.4406   11.6347
  11.8158   11.8314   12.4204   12.7403   12.8168   12.9583   15.9940   16.1248
  16.7227   16.9066

 Heat of formation   =       -171.25575434 kcal/mol  (       -7.42620677 eV)

 Total SCF energy    =     -72593.30921818 kcal/mol  (    -3147.88210477 eV)
 Electronic energy   =    -380097.20052399 kcal/mol  (   -16482.25144287 eV)
 Core-core repulsion =     307503.89130580 kcal/mol  (    13334.36933809 eV)
 
    Atomic Charges for Step       1 :
  Atom    Element       Mulliken Charge
     1      C                 -0.063
     2      O                 -0.241
     3      C                 -0.020
     4      C                 -0.169
     5      C                 -0.111
     6      C                 -0.006
     7      C                 -0.155
     8      C                 -0.158
     9      C                 -0.117
    10      C                 -0.197
    11      C                  0.342
    12      O                 -0.640
    13      O                 -0.594
    14      C                  0.349
    15      O                 -0.611
    16      O                 -0.615
    17      H                  0.074
    18      H                  0.067
    19      H                  0.128
    20      H                  0.123
    21      H                  0.217
    22      H                  0.114
    23      H                  0.051
    24      H                  0.061
    25      H                  0.064
    26      H                  0.108
 Total Mulliken Charge =      -2.000
 
                  X        Y        Z     TOTAL  
  QM DIPOLE   -53.686   41.910  -56.989   88.805
 
 Final Structure

  QMMM: QM Region Cartesian Coordinates (*=link atom) 
  QMMM: QM_NO.   MM_NO.  ATOM         X         Y         Z
  QMMM:     1        1      C        1.3458    1.4515    9.0384
  QMMM:     2        2      O        2.3415    0.6403    9.6446
  QMMM:     3        3      C        3.1031   -0.0761    8.7145
  QMMM:     4        4      C        2.5258   -1.0882    7.9335
  QMMM:     5        5      C        3.3266   -1.8241    7.0701
  QMMM:     6        6      C        4.7078   -1.5668    6.9755
  QMMM:     7        7      C        5.2657   -0.5667    7.7812
  QMMM:     8        8      C        4.4726    0.1893    8.6453
  QMMM:     9        9      C        5.5398   -2.3212    5.9997
  QMMM:    10       10      C        5.6518   -3.8157    6.2834
  QMMM:    11       11      C        4.4166   -4.5806    5.7807
  QMMM:    12       12      O        3.6046   -4.0191    4.9712
  QMMM:    13       13      O        4.1642   -5.7302    6.2502
  QMMM:    14       14      C        6.9951   -4.2996    5.6937
  QMMM:    15       15      O        7.3353   -3.9613    4.5191
  QMMM:    16       16      O        7.7804   -4.9518    6.4491
  QMMM:    17       17      H        5.7042   -3.9884    7.3922
  QMMM:    18       18      H        6.5696   -1.8748    5.9642
  QMMM:    19       19      H        5.0828   -2.2171    4.9748
  QMMM:    20       20      H        6.3478   -0.3756    7.7335
  QMMM:    21       21      H        2.9144   -2.6401    6.4346
  QMMM:    22       22      H        1.4506   -1.2959    8.0127
  QMMM:    23       23      H        1.8161    2.2461    8.4088
  QMMM:    24       24      H        0.6538    0.8354    8.4138
  QMMM:    25       25      H        0.7957    1.9088    9.8980
  QMMM:    26       26      H        4.9125    0.9719    9.2761

           --------- Calculation Completed ----------

