            --------------------------------------------------------
                             AMBER SQM VERSION 14
 
                                     By
              Ross C. Walker, Michael F. Crowley, Scott Brozell,
                         Tim Giese, Andreas W. Goetz,
                        Tai-Sung Lee and David A. Case
 
            --------------------------------------------------------
 

--------------------------------------------------------------------------------
  QM CALCULATION INFO
--------------------------------------------------------------------------------

| QMMM: Citation for AMBER QMMM Run:
| QMMM: R.C. Walker, M.F. Crowley and D.A. Case, J. COMP. CHEM. 29:1019, 2008

QMMM: SINGLET STATE CALCULATION
QMMM: RHF CALCULATION, NO. OF DOUBLY OCCUPIED LEVELS = 56

| QMMM: *** Selected Hamiltonian *** 
| QMMM: AM1         

| QMMM: *** Parameter sets in use ***
| QMMM: C : M.J.S.DEWAR et al. JACS, 107, 3902, (1985)
| QMMM: N : M.J.S.DEWAR et al. JACS, 107, 3902, (1985)
| QMMM: O : M.J.S.DEWAR et al. JACS, 107, 3902, (1985)
| QMMM: S : M.J.S.DEWAR et al. INORG. CHEM., 29, 3881, (1990)
| QMMM: H : M.J.S.DEWAR et al. JACS, 107, 3902, (1985)

| QMMM: *** SCF convergence criteria ***
| QMMM: Energy change                :  0.1D-09 kcal/mol
| QMMM: Error matrix |FP-PF|         :  0.1D+00 au
| QMMM: Density matrix change        :  0.5D-06
| QMMM: Maximum number of SCF cycles :     1000

| QMMM: *** Diagonalization Routine Information ***
| QMMM: Pseudo diagonalizations are allowed.
| QMMM: Auto diagonalization routine selection is in use.
| QMMM:
| QMMM: Timing diagonalization routines:
| QMMM:                              norbs =       99
| QMMM:    diag iterations used for timing =       15
| QMMM:
| QMMM:              Internal diag routine = 0.047847 seconds
| QMMM:                 Dspev diag routine = 0.032506 seconds
| QMMM:                Dspevd diag routine = 0.022745 seconds
| QMMM:                Dspevx diag routine = 0.099248 seconds
| QMMM:                 Dsyev diag routine = 0.035032 seconds
| QMMM:                Dsyevd diag routine = 0.027330 seconds
| QMMM:                Dsyevr diag routine = 0.028497 seconds
| QMMM:
| QMMM:                Pseudo diag routine = 0.012112 seconds
| QMMM:
| QMMM: Using dspevd routine (diag_routine=3).

  QMMM: QM Region Cartesian Coordinates (*=link atom) 
  QMMM: QM_NO.   MM_NO.  ATOM         X         Y         Z
  QMMM:     1        1      C       -4.5180    9.2370   12.8850
  QMMM:     2        2      C       -3.1590    8.9700   12.7940
  QMMM:     3        3      C       -3.2790    7.5950   14.7860
  QMMM:     4        4      C       -5.2730    8.6870   13.9220
  QMMM:     5        5      C       -2.5290    8.1570   13.7360
  QMMM:     6        6      C       -4.6340    7.8670   14.8550
  QMMM:     7        7      C       -7.0150    8.2270   15.1760
  QMMM:     8        8      C       -9.4820    8.3890   19.8760
  QMMM:     9        9      C       -8.7980    8.6420   18.5190
  QMMM:    10       10      C       -0.4520    6.7960   14.0110
  QMMM:    11       11      C        3.0600    5.4860   13.8710
  QMMM:    12       12      C       -8.6490    7.5700   17.4230
  QMMM:    13       13      C        1.0160    6.9940   14.2140
  QMMM:    14       14      C        1.8440    6.1220   13.2680
  QMMM:    15       15      N       -6.6370    8.8700   14.1300
  QMMM:    16       16      N       -1.1270    7.9110   13.6020
  QMMM:    17       17      O       -1.0060    5.6980   14.2040
  QMMM:    18       18      O        3.5410    5.8190   14.9510
  QMMM:    19       19      O        3.5740    4.5480   13.1190
  QMMM:    20       20      S       -5.7860    7.3200   16.0320
  QMMM:    21       21      S       -8.7070    8.2240   15.7290
  QMMM:    22       22      H       -7.7760    8.9730   18.7560
  QMMM:    23       23      H       -9.3530    9.4700   18.0540
  QMMM:    24       24      H       -0.5850    8.6290   13.1650
  QMMM:    25       25      H        1.1940    5.3180   12.8920
  QMMM:    26       26      H        2.1730    6.7510   12.4280
  QMMM:    27       27      H        1.2620    8.0500   14.0310
  QMMM:    28       28      H        1.2700    6.7330   15.2520
  QMMM:    29       29      H       -9.4650    6.8420   17.5400
  QMMM:    30       30      H       -7.6830    7.0640   17.5650
  QMMM:    31       31      H      -10.5260    8.0870   19.7100
  QMMM:    32       32      H       -8.9490    7.5900   20.4110
  QMMM:    33       33      H       -9.4580    9.3110   20.4760
  QMMM:    34       34      H       -2.8040    6.9610   15.5260
  QMMM:    35       35      H       -2.5810    9.3970   11.9820
  QMMM:    36       36      H       -4.9940    9.8750   12.1490

--------------------------------------------------------------------------------
  RESULTS
--------------------------------------------------------------------------------

      iter         sqm energy              rms gradient
      ----    -------------------    -----------------------
xmin    10     -115.7038 kcal/mol        1.1327 kcal/(mol*A)
xmin    20     -117.3475 kcal/mol        0.6714 kcal/(mol*A)
xmin    30     -119.0337 kcal/mol        1.0078 kcal/(mol*A)
xmin    40     -119.6139 kcal/mol        1.5860 kcal/(mol*A)
xmin    50     -120.2309 kcal/mol        1.3191 kcal/(mol*A)
xmin    60     -121.4010 kcal/mol        4.1930 kcal/(mol*A)
xmin    70     -127.7509 kcal/mol        0.5057 kcal/(mol*A)
xmin    80     -127.9354 kcal/mol        0.4766 kcal/(mol*A)
xmin    90     -128.3066 kcal/mol        1.3650 kcal/(mol*A)
xmin   100     -129.0811 kcal/mol        0.5299 kcal/(mol*A)
xmin   110     -129.5989 kcal/mol        0.4203 kcal/(mol*A)
xmin   120     -129.9848 kcal/mol        0.3564 kcal/(mol*A)
xmin   130     -130.5987 kcal/mol        0.1997 kcal/(mol*A)
xmin   140     -131.0531 kcal/mol        1.0345 kcal/(mol*A)
xmin   150     -131.5783 kcal/mol        0.2981 kcal/(mol*A)
xmin   160     -131.7710 kcal/mol        0.1100 kcal/(mol*A)
xmin   170     -131.8459 kcal/mol        0.0797 kcal/(mol*A)
xmin   180     -131.8651 kcal/mol        0.0987 kcal/(mol*A)
xmin   190     -131.8696 kcal/mol        0.0562 kcal/(mol*A)
xmin   200     -131.8729 kcal/mol        0.0456 kcal/(mol*A)
xmin   210     -131.8751 kcal/mol        0.0537 kcal/(mol*A)
xmin   220     -131.8767 kcal/mol        0.0553 kcal/(mol*A)
xmin   230     -131.8774 kcal/mol        0.0271 kcal/(mol*A)
xmin   240     -131.8775 kcal/mol        0.0160 kcal/(mol*A)
xmin   250     -131.8776 kcal/mol        0.0077 kcal/(mol*A)
xmin   260     -131.8776 kcal/mol        0.0012 kcal/(mol*A)
xmin   270     -131.8776 kcal/mol        0.0026 kcal/(mol*A)
xmin   280     -131.8776 kcal/mol        0.0021 kcal/(mol*A)
  ... geometry converged !
 
 Final MO eigenvalues (eV):
 -38.1423  -36.8297  -34.7274  -34.1122  -33.9116  -31.9432  -30.0198  -29.6662
 -29.4895  -27.0413  -26.6117  -23.9070  -22.6492  -21.7074  -20.9726  -20.3128
 -18.1549  -17.4288  -15.9354  -15.8584  -15.7588  -15.0140  -14.6717  -14.1170
 -13.6085  -13.5043  -12.9736  -12.9314  -12.5710  -12.3537  -12.2089  -12.0515
 -11.9682  -11.5902  -11.2843  -11.1292  -10.9501  -10.8560  -10.7438  -10.4831
 -10.1312   -9.8319   -9.6427   -9.4132   -9.2475   -9.0004   -8.9346   -8.8444
  -8.8022   -7.7977   -7.3375   -6.5873   -5.7999   -5.7767   -5.4969   -5.1998
   1.7103    1.9107    2.6271    2.6409    3.0117    3.1811    3.3603    4.3198
   4.8305    5.1096    5.2111    5.2412    5.5913    5.7804    5.8349    5.9715
   6.0083    6.0926    6.2909    6.4234    6.4330    6.5101    6.5620    6.6627
   6.8574    6.8865    7.0453    7.1822    7.3983    7.4250    7.5784    7.7129
   7.7459    7.8803    8.1922    8.2552    8.3299    8.4433    8.5952    9.2595
   9.9086   11.8615   12.6410

 Heat of formation   =       -131.87763881 kcal/mol  (       -5.71864355 eV)

 Total SCF energy    =     -86838.63726095 kcal/mol  (    -3765.60588270 eV)
 Electronic energy   =    -541182.61897614 kcal/mol  (   -23467.43935545 eV)
 Core-core repulsion =     454343.98171519 kcal/mol  (    19701.83347275 eV)
 
    Atomic Charges for Step       1 :
  Atom    Element       Mulliken Charge
     1      C                 -0.058
     2      C                 -0.177
     3      C                 -0.166
     4      C                 -0.108
     5      C                  0.130
     6      C                 -0.266
     7      C                 -0.422
     8      C                 -0.209
     9      C                 -0.159
    10      C                  0.311
    11      C                  0.327
    12      C                 -0.284
    13      C                 -0.155
    14      C                 -0.236
    15      N                 -0.106
    16      N                 -0.324
    17      O                 -0.407
    18      O                 -0.604
    19      O                 -0.542
    20      S                  0.410
    21      S                  0.253
    22      H                  0.108
    23      H                  0.084
    24      H                  0.311
    25      H                  0.084
    26      H                  0.075
    27      H                  0.114
    28      H                  0.090
    29      H                  0.108
    30      H                  0.126
    31      H                  0.064
    32      H                  0.076
    33      H                  0.072
    34      H                  0.179
    35      H                  0.162
    36      H                  0.139
 Total Mulliken Charge =      -1.000
 
                  X        Y        Z     TOTAL  
  QM DIPOLE    -3.187  -36.926  -65.231   75.025
 
 Final Structure

  QMMM: QM Region Cartesian Coordinates (*=link atom) 
  QMMM: QM_NO.   MM_NO.  ATOM         X         Y         Z
  QMMM:     1        1      C       -3.6099    8.8885   15.7568
  QMMM:     2        2      C       -2.4076    8.5123   15.2005
  QMMM:     3        3      C       -3.0358    6.1494   15.2822
  QMMM:     4        4      C       -4.5613    7.9039   16.0928
  QMMM:     5        5      C       -2.0870    7.1372   14.9493
  QMMM:     6        6      C       -4.2489    6.5284   15.8429
  QMMM:     7        7      C       -6.4442    6.9700   16.8400
  QMMM:     8        8      C       -9.8913   10.3158   17.1467
  QMMM:     9        9      C       -9.2083    9.0414   16.7173
  QMMM:    10       10      C       -0.3338    5.6202   14.0330
  QMMM:    11       11      C        1.8688    7.9244   12.7440
  QMMM:    12       12      C       -8.6286    8.3082   17.9003
  QMMM:    13       13      C        1.0701    5.6193   13.4490
  QMMM:    14       14      C        1.2613    6.5823   12.2997
  QMMM:    15       15      N       -5.8209    8.1255   16.6623
  QMMM:    16       16      N       -0.8450    6.8584   14.3931
  QMMM:    17       17      O       -0.9574    4.5485   14.1913
  QMMM:    18       18      O        1.2027    8.6623   13.5384
  QMMM:    19       19      O        2.9976    8.2444   12.2879
  QMMM:    20       20      S       -5.5546    5.5628   16.3328
  QMMM:    21       21      S       -7.9717    6.7207   17.4980
  QMMM:    22       22      H       -8.3887    9.2828   15.9885
  QMMM:    23       23      H       -9.9436    8.3806   16.1860
  QMMM:    24       24      H       -0.2471    7.6629   14.1879
  QMMM:    25       25      H        1.9554    6.1191   11.5520
  QMMM:    26       26      H        0.2903    6.7856   11.7832
  QMMM:    27       27      H        1.7897    5.8677   14.2748
  QMMM:    28       28      H        1.2768    4.5687   13.1138
  QMMM:    29       29      H       -9.4322    8.0807   18.6474
  QMMM:    30       30      H       -7.8577    8.9438   18.4008
  QMMM:    31       31      H      -10.7272   10.0988   17.8549
  QMMM:    32       32      H       -9.1677   10.9975   17.6557
  QMMM:    33       33      H      -10.3100   10.8460   16.2576
  QMMM:    34       34      H       -2.8233    5.0831   15.1003
  QMMM:    35       35      H       -1.6672    9.2888   14.9384
  QMMM:    36       36      H       -3.8326    9.9501   15.9402

           --------- Calculation Completed ----------

