            --------------------------------------------------------
                             AMBER SQM VERSION 14
 
                                     By
              Ross C. Walker, Michael F. Crowley, Scott Brozell,
                         Tim Giese, Andreas W. Goetz,
                        Tai-Sung Lee and David A. Case
 
            --------------------------------------------------------
 

--------------------------------------------------------------------------------
  QM CALCULATION INFO
--------------------------------------------------------------------------------

| QMMM: Citation for AMBER QMMM Run:
| QMMM: R.C. Walker, M.F. Crowley and D.A. Case, J. COMP. CHEM. 29:1019, 2008

QMMM: SINGLET STATE CALCULATION
QMMM: RHF CALCULATION, NO. OF DOUBLY OCCUPIED LEVELS = 87

| QMMM: *** Selected Hamiltonian *** 
| QMMM: AM1         

| QMMM: *** Parameter sets in use ***
| QMMM: C : M.J.S.DEWAR et al. JACS, 107, 3902, (1985)
| QMMM: N : M.J.S.DEWAR et al. JACS, 107, 3902, (1985)
| QMMM: O : M.J.S.DEWAR et al. JACS, 107, 3902, (1985)
| QMMM: S : M.J.S.DEWAR et al. INORG. CHEM., 29, 3881, (1990)
| QMMM: H : M.J.S.DEWAR et al. JACS, 107, 3902, (1985)

| QMMM: *** SCF convergence criteria ***
| QMMM: Energy change                :  0.1D-09 kcal/mol
| QMMM: Error matrix |FP-PF|         :  0.1D+00 au
| QMMM: Density matrix change        :  0.5D-06
| QMMM: Maximum number of SCF cycles :     1000

| QMMM: *** Diagonalization Routine Information ***
| QMMM: Pseudo diagonalizations are allowed.
| QMMM: Auto diagonalization routine selection is in use.
| QMMM:
| QMMM: Timing diagonalization routines:
| QMMM:                              norbs =      157
| QMMM:    diag iterations used for timing =        5
| QMMM:
| QMMM:              Internal diag routine = 0.032036 seconds
| QMMM:                 Dspev diag routine = 0.036135 seconds
| QMMM:                Dspevd diag routine = 0.023889 seconds
| QMMM:                Dspevx diag routine = 0.101958 seconds
| QMMM:                 Dsyev diag routine = 0.038348 seconds
| QMMM:                Dsyevd diag routine = 0.027946 seconds
| QMMM:                Dsyevr diag routine = 0.029023 seconds
| QMMM:
| QMMM:                Pseudo diag routine = 0.016475 seconds
| QMMM:
| QMMM: Using dspevd routine (diag_routine=3).

  QMMM: QM Region Cartesian Coordinates (*=link atom) 
  QMMM: QM_NO.   MM_NO.  ATOM         X         Y         Z
  QMMM:     1        1      C        3.9300   -0.3670    8.8530
  QMMM:     2        2      C        2.2610   -0.7080    7.1700
  QMMM:     3        3      C        4.8410   -1.0670    8.0840
  QMMM:     4        4      C        3.1730   -1.4370    6.4290
  QMMM:     5        5      C       -4.5630    9.2740   12.9950
  QMMM:     6        6      C       -3.2010    9.0830   12.8440
  QMMM:     7        7      C       -3.1600    7.6340   14.7670
  QMMM:     8        8      C        4.4760   -1.6020    6.8590
  QMMM:     9        9      C       -5.2470    8.6440   14.0370
  QMMM:    10       10      C        2.6480   -0.1650    8.3780
  QMMM:    11       11      C       -2.4990    8.2560   13.7140
  QMMM:    12       12      C       -4.5240    7.8310   14.9110
  QMMM:    13       13      C       -6.9160    8.0050   15.3670
  QMMM:    14       14      C       -0.4190    6.8980   13.6200
  QMMM:    15       15      C        6.8850   -4.4920    5.9840
  QMMM:    16       16      C        1.9180    4.0180   12.2370
  QMMM:    17       17      C       -8.3130    7.8810   15.9020
  QMMM:    18       18      C        2.1390    1.0830   10.3770
  QMMM:    19       19      C        5.4420   -2.4360    6.0570
  QMMM:    20       20      C        1.0080    6.9910   13.1440
  QMMM:    21       21      C        1.2600    2.2630   10.6550
  QMMM:    22       22      C        1.8900    5.9360   13.7660
  QMMM:    23       23      C        6.0520   -3.6010    6.8590
  QMMM:    24       24      N       -6.6090    8.7380   14.3220
  QMMM:    25       25      N       -1.1070    8.0600   13.5530
  QMMM:    26       26      N        1.4440    2.7830   12.0040
  QMMM:    27       27      N        1.4890    4.5920   13.3730
  QMMM:    28       28      O       -0.8940    5.8460   14.0390
  QMMM:    29       29      O        6.4410   -5.4890    5.4370
  QMMM:    30       30      O        2.7270    4.5640   11.4880
  QMMM:    31       31      O        8.1020   -4.0630    5.8520
  QMMM:    32       32      O        1.7270    0.5330    9.1210
  QMMM:    33       33      S       -5.5890    7.1890   16.1270
  QMMM:    34       34      H        0.8730    4.0780   13.9700
  QMMM:    35       35      H        1.2100    2.2000   12.7820
  QMMM:    36       36      H       -0.5670    8.8810   13.3680
  QMMM:    37       37      H        2.9290    6.1060   13.4450
  QMMM:    38       38      H        1.8270    6.0200   14.8610
  QMMM:    39       39      H        0.2100    1.9590   10.5320
  QMMM:    40       40      H        1.4980    3.0580    9.9330
  QMMM:    41       41      H        1.0250    6.8670   12.0510
  QMMM:    42       42      H        1.4040    7.9830   13.4060
  QMMM:    43       43      H        4.9090   -2.8510    5.1890
  QMMM:    44       44      H        6.2590   -1.7870    5.7090
  QMMM:    45       45      H        3.1910    1.4010   10.3230
  QMMM:    46       46      H        2.0240    0.3320   11.1730
  QMMM:    47       47      H       -8.6200    6.8240   15.8830
  QMMM:    48       48      H       -8.3440    8.2530   16.9370
  QMMM:    49       49      H       -8.9990    8.4730   15.2790
  QMMM:    50       50      H       -2.6180    7.0050   15.4640
  QMMM:    51       51      H       -2.6760    9.5830   12.0390
  QMMM:    52       52      H       -5.1000    9.9130   12.3040
  QMMM:    53       53      H        2.8600   -1.8870    5.4940
  QMMM:    54       54      H        5.8560   -1.1980    8.4440
  QMMM:    55       55      H        1.2510   -0.5640    6.8040
  QMMM:    56       56      H        4.2200    0.0200    9.8240
  QMMM:    57       57      H        6.6860   -3.1920    7.6590
  QMMM:    58       58      H        5.2390   -4.1940    7.3030

--------------------------------------------------------------------------------
  RESULTS
--------------------------------------------------------------------------------

      iter         sqm energy              rms gradient
      ----    -------------------    -----------------------
xmin    10     -155.2110 kcal/mol        2.4358 kcal/(mol*A)
xmin    20     -156.7060 kcal/mol        0.4064 kcal/(mol*A)
xmin    30     -157.0221 kcal/mol        0.2542 kcal/(mol*A)
xmin    40     -157.2082 kcal/mol        0.5210 kcal/(mol*A)
xmin    50     -157.2843 kcal/mol        0.3420 kcal/(mol*A)
xmin    60     -157.3130 kcal/mol        0.0506 kcal/(mol*A)
xmin    70     -157.3561 kcal/mol        0.1045 kcal/(mol*A)
xmin    80     -157.4529 kcal/mol        0.1316 kcal/(mol*A)
xmin    90     -157.4942 kcal/mol        0.1029 kcal/(mol*A)
xmin   100     -157.7134 kcal/mol        0.4070 kcal/(mol*A)
xmin   110     -158.4110 kcal/mol        0.4023 kcal/(mol*A)
xmin   120     -159.0926 kcal/mol        0.3530 kcal/(mol*A)
xmin   130     -159.4178 kcal/mol        0.5810 kcal/(mol*A)
xmin   140     -159.5176 kcal/mol        0.2755 kcal/(mol*A)
xmin   150     -159.8713 kcal/mol        0.2630 kcal/(mol*A)
xmin   160     -159.9263 kcal/mol        0.3683 kcal/(mol*A)
xmin   170     -160.0672 kcal/mol        0.1100 kcal/(mol*A)
xmin   180     -160.1024 kcal/mol        0.0614 kcal/(mol*A)
xmin   190     -160.1147 kcal/mol        0.0393 kcal/(mol*A)
xmin   200     -160.1207 kcal/mol        0.0504 kcal/(mol*A)
xmin   210     -160.1257 kcal/mol        0.0214 kcal/(mol*A)
xmin   220     -160.1270 kcal/mol        0.0299 kcal/(mol*A)
xmin   230     -160.1278 kcal/mol        0.0064 kcal/(mol*A)
xmin   240     -160.1286 kcal/mol        0.0188 kcal/(mol*A)
xmin   250     -160.1297 kcal/mol        0.0149 kcal/(mol*A)
xmin   260     -160.1306 kcal/mol        0.0079 kcal/(mol*A)
xmin   270     -160.1310 kcal/mol        0.0110 kcal/(mol*A)
xmin   280     -160.1318 kcal/mol        0.0057 kcal/(mol*A)
xmin   290     -160.1324 kcal/mol        0.0065 kcal/(mol*A)
xmin   300     -160.1145 kcal/mol        0.1659 kcal/(mol*A)
xmin   310     -160.1326 kcal/mol        0.0520 kcal/(mol*A)
xmin   320     -159.9798 kcal/mol        1.1237 kcal/(mol*A)
xmin   330     -160.1322 kcal/mol        0.0186 kcal/(mol*A)
xmin   340     -160.1338 kcal/mol        0.0057 kcal/(mol*A)
xmin   350     -160.1341 kcal/mol        0.0059 kcal/(mol*A)
xmin   360     -160.1341 kcal/mol        0.0027 kcal/(mol*A)
xmin   370     -160.1344 kcal/mol        0.0058 kcal/(mol*A)
xmin   380     -160.1345 kcal/mol        0.0070 kcal/(mol*A)
xmin   390     -160.1346 kcal/mol        0.0013 kcal/(mol*A)
xmin   400     -160.1346 kcal/mol        0.0010 kcal/(mol*A)
xmin   410     -160.1346 kcal/mol        0.0019 kcal/(mol*A)
xmin   420     -160.1346 kcal/mol        0.0018 kcal/(mol*A)
xmin   430     -160.1346 kcal/mol        0.0010 kcal/(mol*A)
  ... geometry converged !
 
 Final MO eigenvalues (eV):
 -39.9375  -39.0994  -38.5694  -38.0328  -36.6825  -36.2184  -34.8208  -34.2451
 -33.8403  -33.1274  -31.2887  -31.1817  -30.6824  -30.1834  -29.3082  -28.8521
 -28.3207  -27.3021  -26.0972  -24.3476  -24.1367  -22.8071  -21.9709  -21.7018
 -20.8872  -20.8245  -20.1947  -19.8473  -18.8353  -18.5132  -18.1822  -17.4865
 -17.0773  -16.6964  -16.1889  -15.6792  -15.4797  -15.2271  -15.1000  -14.9882
 -14.8324  -14.6481  -14.3835  -14.2737  -14.0269  -13.9781  -13.7218  -13.6040
 -13.4316  -13.2855  -13.1797  -13.0418  -12.7729  -12.6152  -12.3925  -12.3162
 -12.2782  -11.9993  -11.7703  -11.5628  -11.4807  -11.4054  -11.3398  -11.0257
 -10.9751  -10.7271  -10.3839  -10.3025  -10.2242  -10.2028  -10.0457   -9.9377
  -9.6684   -9.6197   -9.1726   -9.1377   -8.9874   -8.7671   -8.4660   -8.1708
  -7.7736   -7.6030   -7.4190   -6.4335   -4.9027   -4.6014   -4.3381    0.3377
   0.9911    1.2609    1.6941    1.7599    2.3282    2.4299    2.7572    2.8282
   2.9086    2.9619    3.5105    3.8965    4.1040    4.2614    4.4292    4.5362
   4.6013    4.6460    4.7483    4.8073    4.8540    4.9267    4.9760    5.0605
   5.1854    5.2136    5.2432    5.3264    5.3667    5.3798    5.5028    5.5717
   5.6470    5.6950    5.7459    5.8733    5.9845    6.0498    6.1313    6.1472
   6.2230    6.4702    6.5706    6.5858    6.6963    6.7580    6.7932    6.8536
   6.8851    7.1350    7.1666    7.3260    7.5953    7.6321    7.6578    7.7983
   7.8464    7.9769    8.1476    8.2442    8.3801    8.4921    8.5955    8.7421
   9.0517    9.0956    9.2142   12.6564   13.5777

 Heat of formation   =       -160.13460447 kcal/mol  (       -6.94395752 eV)

 Total SCF energy    =    -136401.02536730 kcal/mol  (    -5914.79230594 eV)
 Electronic energy   =   -1005491.50366644 kcal/mol  (   -43601.38344679 eV)
 Core-core repulsion =     869090.47829914 kcal/mol  (    37686.59114085 eV)
 
    Atomic Charges for Step       1 :
  Atom    Element       Mulliken Charge
     1      C                 -0.198
     2      C                 -0.159
     3      C                 -0.102
     4      C                 -0.114
     5      C                 -0.050
     6      C                 -0.183
     7      C                 -0.124
     8      C                 -0.056
     9      C                 -0.087
    10      C                  0.041
    11      C                  0.089
    12      C                 -0.285
    13      C                 -0.228
    14      C                  0.312
    15      C                  0.327
    16      C                  0.349
    17      C                 -0.160
    18      C                 -0.055
    19      C                 -0.124
    20      C                 -0.227
    21      C                 -0.047
    22      C                 -0.018
    23      C                 -0.221
    24      N                 -0.096
    25      N                 -0.325
    26      N                 -0.327
    27      N                 -0.340
    28      O                 -0.362
    29      O                 -0.578
    30      O                 -0.418
    31      O                 -0.588
    32      O                 -0.238
    33      S                  0.410
    34      H                  0.227
    35      H                  0.222
    36      H                  0.231
    37      H                  0.120
    38      H                  0.105
    39      H                  0.105
    40      H                  0.126
    41      H                  0.135
    42      H                  0.111
    43      H                  0.075
    44      H                  0.122
    45      H                  0.087
    46      H                  0.090
    47      H                  0.089
    48      H                  0.104
    49      H                  0.105
    50      H                  0.183
    51      H                  0.132
    52      H                  0.149
    53      H                  0.133
    54      H                  0.147
    55      H                  0.131
    56      H                  0.124
    57      H                  0.061
    58      H                  0.067
 Total Mulliken Charge =      -1.000
 
                  X        Y        Z     TOTAL  
  QM DIPOLE   -29.401   22.761  -37.444   52.768
 
 Final Structure

  QMMM: QM Region Cartesian Coordinates (*=link atom) 
  QMMM: QM_NO.   MM_NO.  ATOM         X         Y         Z
  QMMM:     1        1      C        4.1290    0.4759    7.8133
  QMMM:     2        2      C        1.9649   -0.5937    8.1424
  QMMM:     3        3      C        4.6912   -0.7729    7.5555
  QMMM:     4        4      C        2.5476   -1.8294    7.8820
  QMMM:     5        5      C       -4.1623    9.3733   14.6153
  QMMM:     6        6      C       -2.8344    9.1313   14.3331
  QMMM:     7        7      C       -3.1817    6.7145   14.4395
  QMMM:     8        8      C        3.9129   -1.9369    7.5844
  QMMM:     9        9      C       -5.0377    8.2886   14.8177
  QMMM:    10       10      C        2.7640    0.5607    8.1056
  QMMM:    11       11      C       -2.3170    7.8019   14.2403
  QMMM:    12       12      C       -4.5241    6.9539   14.7237
  QMMM:    13       13      C       -6.9095    7.1568   15.2317
  QMMM:    14       14      C       -0.2403    6.4742   13.7662
  QMMM:    15       15      C        6.3831   -4.8633    7.8638
  QMMM:    16       16      C        1.8923    4.7558   11.0075
  QMMM:    17       17      C       -8.3205    6.8371   15.5362
  QMMM:    18       18      C        2.8819    2.9291    8.3541
  QMMM:    19       19      C        4.5324   -3.2579    7.2926
  QMMM:    20       20      C        1.2361    6.6460   13.4585
  QMMM:    21       21      C        1.9224    4.0906    8.6509
  QMMM:    22       22      C        1.9633    5.3004   13.3866
  QMMM:    23       23      C        5.5011   -3.7036    8.3658
  QMMM:    24       24      N       -6.4067    8.3749   15.1102
  QMMM:    25       25      N       -0.9508    7.6542   13.9590
  QMMM:    26       26      N        1.2887    4.0525    9.9451
  QMMM:    27       27      N        1.5500    4.4108   12.3364
  QMMM:    28       28      O       -0.7706    5.3503   13.8406
  QMMM:    29       29      O        6.6223   -5.8073    8.6688
  QMMM:    30       30      O        2.7036    5.6916   10.7879
  QMMM:    31       31      O        6.8381   -4.8048    6.6846
  QMMM:    32       32      O        2.0864    1.7440    8.3739
  QMMM:    33       33      S       -5.7753    5.8526   15.0037
  QMMM:    34       34      H        0.6522    3.9952   12.4819
  QMMM:    35       35      H        0.8953    3.1598   10.1647
  QMMM:    36       36      H       -0.4449    8.5047   13.8435
  QMMM:    37       37      H        3.0619    5.5198   13.2507
  QMMM:    38       38      H        1.8107    4.7507   14.3587
  QMMM:    39       39      H        1.0904    4.0680    7.8897
  QMMM:    40       40      H        2.4993    5.0519    8.5395
  QMMM:    41       41      H        1.3533    7.1838   12.4784
  QMMM:    42       42      H        1.7208    7.2638   14.2587
  QMMM:    43       43      H        3.7348   -4.0374    7.1688
  QMMM:    44       44      H        5.0962   -3.2020    6.3185
  QMMM:    45       45      H        3.3328    3.0711    7.3372
  QMMM:    46       46      H        3.6954    2.8572    9.1222
  QMMM:    47       47      H       -8.4620    5.7291   15.5845
  QMMM:    48       48      H       -8.6197    7.2808   16.5195
  QMMM:    49       49      H       -8.9953    7.2512   14.7446
  QMMM:    50       50      H       -2.8185    5.6752   14.3728
  QMMM:    51       51      H       -2.1629    9.9903   14.1755
  QMMM:    52       52      H       -4.5421   10.4042   14.6822
  QMMM:    53       53      H        1.9271   -2.7380    7.9131
  QMMM:    54       54      H        5.7660   -0.8543    7.3280
  QMMM:    55       55      H        0.8956   -0.5070    8.3753
  QMMM:    56       56      H        4.7629    1.3718    7.7857
  QMMM:    57       57      H        6.1792   -2.8583    8.6467
  QMMM:    58       58      H        4.9503   -4.0249    9.2836

           --------- Calculation Completed ----------

