
 -----------------------------------------------
      Restrained ESP Fit 2.3  Amber 4.1
 -----------------------------------------------
 Resp charges for organic molecule                                               
 -----------------------------------------------


 inopt       =     0   ioutopt     =     1
 nmol        =     1   iqopt       =     0
 ihfree      =     1   irstrnt     =     1
 iunits      =     0   qwt         =   0.00050000
 wtmol(1) =     1.000000
 subtitle:

Resp charges for organic molecule                                               
ich =  -2  iuniq =  20
    1    6    0
    2    6    1
    3    6    0
    4    6    3
    5    6    0
    6    6    0
    7    6    0
    8    6    7
    9    6    0
   10    8    0
   11    8   10
   12    8   10
   13    8   10
   14    8    0
   15   35    0
   16    1    0
   17    1    0
   18    1   17
   19    1    0
   20    1   19

  ----------------------------------------------------------------------------
     ATOM                       COORDINATES                         CHARGE
                       X             Y                Z
  ----------------------------------------------------------------------------
  ----------------------------------------------------------------------------


 Charge on the molecule(ich) =   -2
 Total number of atoms (iuniq)     =   20
 Weight factor on initial charge restraints(qwt)=     0.50000D-03


  there are  1 charge constraints:


     1       1
     2       1
     3       1
     4       1
     5       1
     6       1
     7       1
     8       1
     9       1
    10       1
    11       1
    12       1
    13       1
    14       1
    15       1
    16       1
    17       1
    18       1
    19       1
    20       1

 Reading esp"s for molecule   1
 total number of atoms      =    20
 total number of esp points =  8757


 center     X       Y       Z 
    1   0.2351953E+00   0.1269480E+01  -0.6365466E+00
    2   0.9600753E+00  -0.2894922E+01   0.1052336E+01
    3   0.2823408E+01   0.1618067E+01  -0.7764525E+00
    4   0.3533504E+01  -0.2534032E+01   0.9091302E+00
    5  -0.7508127E+00  -0.1016869E+01   0.2763290E+00
    6   0.4457654E+01  -0.2705048E+00  -0.2037314E-01
    7  -0.5287487E+01   0.2546481E+01   0.8902461E+00
    8  -0.7579772E+01  -0.1502621E+01  -0.8854765E+00
    9  -0.5076103E+01   0.2932288E-01  -0.6382474E+00
   10  -0.5646490E+01   0.2329159E+01   0.3174764E+01
   11  -0.9286403E+01  -0.2662529E+00  -0.1890386E+01
   12  -0.4950421E+01   0.4499642E+01  -0.3656582E+00
   13  -0.7578468E+01  -0.3722968E+01  -0.1968584E+00
   14  -0.3147184E+01  -0.1583500E+01   0.4448302E+00
   15   0.8054970E+01   0.2423460E+00  -0.2416355E+00
   16  -0.4474032E+01   0.4818423E+00  -0.2544344E+01
   17   0.4810570E+01  -0.3997715E+01   0.1504401E+01
   18   0.3556130E+01   0.3382039E+01  -0.1466764E+01
   19   0.1879465E+00  -0.4635923E+01   0.1755652E+01
   20  -0.1026858E+01   0.2772636E+01  -0.1150905E+01
 Initial ssvpot =   385.426


 Number of unique UNfrozen centers=   12

 Non-linear optimization requested.
 qchnge =    0.1198650122    
 qchnge =    0.3374843586E-02
 qchnge =    0.3353563147E-03
 qchnge =    0.3693412638E-04
 qchnge =    0.4123450279E-05
 qchnge =    0.4614125695E-06

 Convergence in    5 iterations


Resp charges for organic molecule                                               

          Point Charges Before & After Optimization

    no.  At.no.    q(init)       q(opt)     ivary    d(rstr)/dq
    1   6       0.000000      -0.441751      0       0.001104
    2   6       0.000000      -0.441751      1       0.001104
    3   6       0.000000      -0.009090      0       0.004979
    4   6       0.000000      -0.009090      3       0.004979
    5   6       0.000000       0.762163      0       0.000650
    6   6       0.000000      -0.170529      0       0.002529
    7   6       0.000000       0.799115      0       0.000621
    8   6       0.000000       0.799115      7       0.000621
    9   6       0.000000       0.312837      0       0.001522
   10   8       0.000000      -0.825123      0       0.000602
   11   8       0.000000      -0.825123     10       0.000602
   12   8       0.000000      -0.825123     10       0.000602
   13   8       0.000000      -0.825123     10       0.000602
   14   8       0.000000      -0.600158      0       0.000822
   15  35       0.000000      -0.226428      0       0.002020
   16   1       0.000000      -0.096536      0       0.000000
   17   1       0.000000       0.125532      0       0.000000
   18   1       0.000000       0.125532     17       0.000000
   19   1       0.000000       0.185766      0       0.000000
   20   1       0.000000       0.185766     19       0.000000

 Sum over the calculated charges:     -2.000

        Statistics of the fitting:
  The initial sum of squares (ssvpot)                    385.426
  The residual sum of squares (chipot)                     0.035
  The std err of estimate (sqrt(chipot/N))               0.00201
  ESP relative RMS (SQRT(chipot/ssvpot))                 0.00957

 Center of Mass (Angst.):

 X  =   0.00000      Y  =   0.00000      Z  =   0.00000

 Dipole (Debye):

 X  =  26.08367      Y  =  -2.73660      Z  =  -1.55518

 Dipole Moment (Debye)=  26.27291

 Quadrupole (Debye*Angst.):

 Qxx =-253.27628     QYY = 102.30162     QZZ = 150.97467
 Qxy = 188.64983     QXZ = 192.97623     QYZ = 174.07313
