
 -----------------------------------------------
      Restrained ESP Fit 2.3  Amber 4.1
 -----------------------------------------------
 Resp charges for organic molecule                                               
 -----------------------------------------------


 inopt       =     0   ioutopt     =     1
 nmol        =     1   iqopt       =     2
 ihfree      =     1   irstrnt     =     1
 iunits      =     0   qwt         =   0.00100000
 wtmol(1) =     1.000000
 subtitle:

Resp charges for organic molecule                                               
ich =  -2  iuniq =  20
    1    6  -99
    2    6  -99
    3    6  -99
    4    6  -99
    5    6  -99
    6    6  -99
    7    6  -99
    8    6  -99
    9    6  -99
   10    8  -99
   11    8  -99
   12    8  -99
   13    8  -99
   14    8  -99
   15   35  -99
   16    1  -99
   17    1  -99
   18    1  -99
   19    1  -99
   20    1  -99
 new q0 values to be read  20

  ----------------------------------------------------------------------------
     ATOM                       COORDINATES                         CHARGE
                       X             Y                Z
  ----------------------------------------------------------------------------
  ----------------------------------------------------------------------------


 Charge on the molecule(ich) =   -2
 Total number of atoms (iuniq)     =   20
 Weight factor on initial charge restraints(qwt)=     0.10000D-02


  there are  1 charge constraints:


     1       1
     2       1
     3       1
     4       1
     5       1
     6       1
     7       1
     8       1
     9       1
    10       1
    11       1
    12       1
    13       1
    14       1
    15       1
    16       1
    17       1
    18       1
    19       1
    20       1

 Reading esp"s for molecule   1
 total number of atoms      =    20
 total number of esp points =  8757


 center     X       Y       Z 
    1   0.2351953E+00   0.1269480E+01  -0.6365466E+00
    2   0.9600753E+00  -0.2894922E+01   0.1052336E+01
    3   0.2823408E+01   0.1618067E+01  -0.7764525E+00
    4   0.3533504E+01  -0.2534032E+01   0.9091302E+00
    5  -0.7508127E+00  -0.1016869E+01   0.2763290E+00
    6   0.4457654E+01  -0.2705048E+00  -0.2037314E-01
    7  -0.5287487E+01   0.2546481E+01   0.8902461E+00
    8  -0.7579772E+01  -0.1502621E+01  -0.8854765E+00
    9  -0.5076103E+01   0.2932288E-01  -0.6382474E+00
   10  -0.5646490E+01   0.2329159E+01   0.3174764E+01
   11  -0.9286403E+01  -0.2662529E+00  -0.1890386E+01
   12  -0.4950421E+01   0.4499642E+01  -0.3656582E+00
   13  -0.7578468E+01  -0.3722968E+01  -0.1968584E+00
   14  -0.3147184E+01  -0.1583500E+01   0.4448302E+00
   15   0.8054970E+01   0.2423460E+00  -0.2416355E+00
   16  -0.4474032E+01   0.4818423E+00  -0.2544344E+01
   17   0.4810570E+01  -0.3997715E+01   0.1504401E+01
   18   0.3556130E+01   0.3382039E+01  -0.1466764E+01
   19   0.1879465E+00  -0.4635923E+01   0.1755652E+01
   20  -0.1026858E+01   0.2772636E+01  -0.1150905E+01
 Initial ssvpot =   385.426


 Number of unique UNfrozen centers=    0
 ALL charges are frozen!!!

 Non-linear optimization requested.
 qchnge =    0.1185336153    
 qchnge =     0.000000000    
 qchnge =     0.000000000    

 Convergence in    2 iterations


Resp charges for organic molecule                                               

          Point Charges Before & After Optimization

    no.  At.no.    q(init)       q(opt)     ivary    d(rstr)/dq
    1   6      -0.441751      -0.441751    -99       0.002208
    2   6      -0.441751      -0.441751    -99       0.002208
    3   6      -0.009090      -0.009090    -99       0.009959
    4   6      -0.009090      -0.009090    -99       0.009959
    5   6       0.762163       0.762163    -99       0.001301
    6   6      -0.170529      -0.170529    -99       0.005059
    7   6       0.799115       0.799115    -99       0.001242
    8   6       0.799115       0.799115    -99       0.001242
    9   6       0.312837       0.312837    -99       0.003045
   10   8      -0.825123      -0.825123    -99       0.001203
   11   8      -0.825123      -0.825123    -99       0.001203
   12   8      -0.825123      -0.825123    -99       0.001203
   13   8      -0.825123      -0.825123    -99       0.001203
   14   8      -0.600158      -0.600158    -99       0.001644
   15  35      -0.226428      -0.226428    -99       0.004040
   16   1      -0.096536      -0.096536    -99       0.000000
   17   1       0.125532       0.125532    -99       0.000000
   18   1       0.125532       0.125532    -99       0.000000
   19   1       0.185766       0.185766    -99       0.000000
   20   1       0.185766       0.185766    -99       0.000000

 Sum over the calculated charges:     -2.000

        Statistics of the fitting:
  The initial sum of squares (ssvpot)                    385.426
  The residual sum of squares (chipot)                     0.035
  The std err of estimate (sqrt(chipot/N))               0.00201
  ESP relative RMS (SQRT(chipot/ssvpot))                 0.00957

 Center of Mass (Angst.):

 X  =   0.00000      Y  =   0.00000      Z  =   0.00000

 Dipole (Debye):

 X  =  26.08366      Y  =  -2.73659      Z  =  -1.55518

 Dipole Moment (Debye)=  26.27289

 Quadrupole (Debye*Angst.):

 Qxx =-253.27610     QYY = 102.30156     QZZ = 150.97454
 Qxy = 188.64968     QXZ = 192.97608     QYZ = 174.07300
