
 -----------------------------------------------
      Restrained ESP Fit 2.3  Amber 4.1
 -----------------------------------------------
 Resp charges for organic molecule                                               
 -----------------------------------------------


 inopt       =     0   ioutopt     =     1
 nmol        =     1   iqopt       =     0
 ihfree      =     1   irstrnt     =     1
 iunits      =     0   qwt         =   0.00050000
 wtmol(1) =     1.000000
 subtitle:

Resp charges for organic molecule                                               
ich =  -2  iuniq =  57
    1    6    0
    2    6    1
    3    6    0
    4    6    3
    5    6    0
    6    6    0
    7    6    0
    8    6    0
    9    6    0
   10    6    0
   11    6    0
   12    6    0
   13    6    0
   14    6    0
   15    6    0
   16    6   15
   17    6    0
   18    6    0
   19    6    0
   20    6    0
   21    6    0
   22    6    0
   23    6    0
   24    8    0
   25    7    0
   26    7    0
   27    7    0
   28    7    0
   29    8    0
   30    8   24
   31    8   24
   32    8    0
   33    8   24
   34    8    0
   35   16    0
   36    1    0
   37    1    0
   38    1    0
   39    1    0
   40    1    0
   41    1    0
   42    1    0
   43    1    0
   44    1    0
   45    1    0
   46    1    0
   47    1    0
   48    1    0
   49    1    0
   50    1    0
   51    1    0
   52    1    0
   53    1    0
   54    1    0
   55    1   54
   56    1    0
   57    1   56

  ----------------------------------------------------------------------------
     ATOM                       COORDINATES                         CHARGE
                       X             Y                Z
  ----------------------------------------------------------------------------
  ----------------------------------------------------------------------------


 Charge on the molecule(ich) =   -2
 Total number of atoms (iuniq)     =   57
 Weight factor on initial charge restraints(qwt)=     0.50000D-03


  there are  1 charge constraints:


     1       1
     2       1
     3       1
     4       1
     5       1
     6       1
     7       1
     8       1
     9       1
    10       1
    11       1
    12       1
    13       1
    14       1
    15       1
    16       1
    17       1
    18       1
    19       1
    20       1
    21       1
    22       1
    23       1
    24       1
    25       1
    26       1
    27       1
    28       1
    29       1
    30       1
    31       1
    32       1
    33       1
    34       1
    35       1
    36       1
    37       1
    38       1
    39       1
    40       1
    41       1
    42       1
    43       1
    44       1
    45       1
    46       1
    47       1
    48       1
    49       1
    50       1
    51       1
    52       1
    53       1
    54       1
    55       1
    56       1
    57       1

 Reading esp"s for molecule   1
 total number of atoms      =    57
 total number of esp points = 15494


 center     X       Y       Z 
    1  -0.6976895E+01   0.9916696E+00  -0.2389492E+01
    2  -0.7473982E+01   0.4038350E+01   0.8646933E+00
    3  -0.9125670E+01  -0.2766464E+00  -0.1609408E+01
    4  -0.9616904E+01   0.2812415E+01   0.1684394E+01
    5   0.6900612E+01  -0.4010240E+01   0.1589853E+01
    6   0.6609043E+01  -0.1448278E+01   0.1881838E+01
    7   0.1085848E+02  -0.6558804E+00   0.3964437E+00
    8  -0.6088531E+01   0.3154064E+01  -0.1193606E+01
    9  -0.1050011E+02   0.6222981E+00   0.4694382E+00
   10   0.9190393E+01  -0.4943011E+01   0.6916208E+00
   11   0.8571168E+01   0.2445513E+00   0.1294640E+01
   12   0.1111184E+02  -0.3252381E+01   0.1119398E+00
   13   0.1197529E+02  -0.7768356E+01  -0.5355276E+00
   14   0.9419003E+01   0.4850534E+01   0.9150507E+00
   15  -0.1445889E+02  -0.2555807E+01  -0.2273165E+01
   16  -0.1541993E+02  -0.3884918E+01   0.2426731E+01
   17   0.2858008E+01   0.5727629E+01  -0.3253220E+00
   18   0.1311903E+02  -0.1028659E+02  -0.1143093E+01
   19  -0.3724406E+01   0.4487385E+01  -0.2080957E+01
   20  -0.1346693E+02  -0.2815354E+01   0.4963706E+00
   21   0.8217666E+01   0.7367106E+01   0.1590182E+01
   22  -0.1344878E+01   0.3658459E+01  -0.6603553E+00
   23   0.6645193E+01   0.8472734E+01  -0.5769258E+00
   24  -0.1601471E+02  -0.8708122E+00  -0.2649005E+01
   25   0.9754235E+01  -0.7478315E+01   0.3016683E+00
   26   0.8077108E+01   0.2816635E+01   0.1715748E+01
   27   0.8832107E+00   0.4924575E+01  -0.1698363E+01
   28   0.4815997E+01   0.6754807E+01  -0.1697354E+01
   29   0.1139202E+02   0.4747594E+01  -0.2100090E+00
   30  -0.1622644E+02  -0.5988504E+01   0.1813583E+01
   31  -0.1347306E+02  -0.4015430E+01  -0.3822275E+01
   32   0.2987029E+01   0.5542304E+01   0.1959778E+01
   33  -0.1586163E+02  -0.2640794E+01   0.4340412E+01
   34  -0.1253634E+02  -0.4134588E+00   0.1411703E+01
   35   0.1372482E+02  -0.4961334E+01  -0.9726231E+00
   36   0.4462541E+01   0.7095840E+01  -0.3512326E+01
   37   0.9881339E+00   0.5029046E+01  -0.3572159E+01
   38   0.6361636E+01   0.3215320E+01   0.2399521E+01
   39   0.5734831E+01   0.1018182E+02   0.1088728E+00
   40   0.7912188E+01   0.9007889E+01  -0.2091554E+01
   41  -0.1123293E+01   0.1624314E+01  -0.7887036E+00
   42  -0.1472803E+01   0.4149298E+01   0.1313775E+01
   43   0.7065275E+01   0.7202666E+01   0.3262387E+01
   44   0.9752014E+01   0.8668549E+01   0.1973118E+01
   45  -0.1187891E+02  -0.4111641E+01   0.4898434E+00
   46  -0.3914781E+01   0.6524353E+01  -0.1873956E+01
   47  -0.3448740E+01   0.4128055E+01  -0.4090616E+01
   48   0.1364838E+02  -0.1039325E+02  -0.3121514E+01
   49   0.1480331E+02  -0.1061901E+02  -0.2087958E-01
   50   0.1174533E+02  -0.1174415E+02  -0.7391550E+00
   51   0.1235436E+02   0.6164192E+00  -0.7261461E-01
   52   0.4840871E+01  -0.7104822E+00   0.2560998E+01
   53   0.5388763E+01  -0.5289434E+01   0.2033844E+01
   54  -0.1068636E+02   0.3501229E+01   0.3267552E+01
   55  -0.9804316E+01  -0.1884656E+01  -0.2642253E+01
   56  -0.6866784E+01   0.5726714E+01   0.1838410E+01
   57  -0.5979411E+01   0.2729917E+00  -0.4018113E+01
 Initial ssvpot =   423.287


 Number of unique UNfrozen centers=   49

 Non-linear optimization requested.
 qchnge =    0.5967897669E-01
 qchnge =    0.1573160769E-02
 qchnge =    0.2432233901E-03
 qchnge =    0.5343813077E-04
 qchnge =    0.1311565616E-04
 qchnge =    0.3331369572E-05
 qchnge =    0.8563173595E-06

 Convergence in    6 iterations


Resp charges for organic molecule                                               

          Point Charges Before & After Optimization

    no.  At.no.    q(init)       q(opt)     ivary    d(rstr)/dq
    1   6       0.000000      -0.184203      0       0.002386
    2   6       0.000000      -0.184203      1       0.002386
    3   6       0.000000      -0.367228      0       0.001314
    4   6       0.000000      -0.367228      3       0.001314
    5   6       0.000000      -0.311718      0       0.001527
    6   6       0.000000      -0.195880      0       0.002273
    7   6       0.000000      -0.254697      0       0.001827
    8   6       0.000000      -0.098444      0       0.003563
    9   6       0.000000       0.685501      0       0.000722
   10   6       0.000000       0.471093      0       0.001038
   11   6       0.000000       0.221959      0       0.002054
   12   6       0.000000      -0.117879      0       0.003235
   13   6       0.000000       0.448256      0       0.001089
   14   6       0.000000       0.755323      0       0.000656
   15   6       0.000000       0.829547      0       0.000598
   16   6       0.000000       0.829547     15       0.000598
   17   6       0.000000       0.979339      0       0.000508
   18   6       0.000000      -0.229970      0       0.001994
   19   6       0.000000      -0.009969      0       0.004975
   20   6       0.000000       0.252500      0       0.001841
   21   6       0.000000      -0.200969      0       0.002227
   22   6       0.000000       0.251965      0       0.001844
   23   6       0.000000       0.193430      0       0.002296
   24   8       0.000000      -0.835206      0       0.000594
   25   7       0.000000      -0.622548      0       0.000793
   26   7       0.000000      -0.606187      0       0.000814
   27   7       0.000000      -0.776878      0       0.000638
   28   7       0.000000      -0.755311      0       0.000656
   29   8       0.000000      -0.651201      0       0.000759
   30   8       0.000000      -0.835206     24       0.000594
   31   8       0.000000      -0.835206     24       0.000594
   32   8       0.000000      -0.629180      0       0.000785
   33   8       0.000000      -0.835206     24       0.000594
   34   8       0.000000      -0.560738      0       0.000878
   35  16       0.000000      -0.181120      0       0.002417
   36   1       0.000000       0.351153      0       0.000000
   37   1       0.000000       0.336291      0       0.000000
   38   1       0.000000       0.334661      0       0.000000
   39   1       0.000000       0.016130      0       0.000000
   40   1       0.000000       0.046525      0       0.000000
   41   1       0.000000       0.013826      0       0.000000
   42   1       0.000000       0.006121      0       0.000000
   43   1       0.000000       0.073913      0       0.000000
   44   1       0.000000       0.048209      0       0.000000
   45   1       0.000000      -0.084148      0       0.000000
   46   1       0.000000       0.003500      0       0.000000
   47   1       0.000000       0.034985      0       0.000000
   48   1       0.000000       0.085568      0       0.000000
   49   1       0.000000       0.074605      0       0.000000
   50   1       0.000000       0.087921      0       0.000000
   51   1       0.000000       0.292723      0       0.000000
   52   1       0.000000       0.172240      0       0.000000
   53   1       0.000000       0.204792      0       0.000000
   54   1       0.000000       0.172767      0       0.000000
   55   1       0.000000       0.172767     54       0.000000
   56   1       0.000000       0.141684      0       0.000000
   57   1       0.000000       0.141684     56       0.000000

 Sum over the calculated charges:     -2.000

        Statistics of the fitting:
  The initial sum of squares (ssvpot)                    423.287
  The residual sum of squares (chipot)                     0.062
  The std err of estimate (sqrt(chipot/N))               0.00200
  ESP relative RMS (SQRT(chipot/ssvpot))                 0.01212

 Center of Mass (Angst.):

 X  =   0.00000      Y  =   0.00000      Z  =   0.00000

 Dipole (Debye):

 X  =  66.77156      Y  =  14.76853      Z  =  -2.43287

 Dipole Moment (Debye)=  68.42857

 Quadrupole (Debye*Angst.):

 Qxx =**********     QYY = 605.26720     QZZ = 602.93369
 Qxy = 315.37619     QXZ = 694.28397     QYZ = 676.87079
