            --------------------------------------------------------
                             AMBER SQM VERSION 14
 
                                     By
              Ross C. Walker, Michael F. Crowley, Scott Brozell,
                         Tim Giese, Andreas W. Goetz,
                        Tai-Sung Lee and David A. Case
 
            --------------------------------------------------------
 

--------------------------------------------------------------------------------
  QM CALCULATION INFO
--------------------------------------------------------------------------------

| QMMM: Citation for AMBER QMMM Run:
| QMMM: R.C. Walker, M.F. Crowley and D.A. Case, J. COMP. CHEM. 29:1019, 2008

QMMM: SINGLET STATE CALCULATION
QMMM: RHF CALCULATION, NO. OF DOUBLY OCCUPIED LEVELS = 59

| QMMM: *** Selected Hamiltonian *** 
| QMMM: AM1         

| QMMM: *** Parameter sets in use ***
| QMMM: C : M.J.S.DEWAR et al. JACS, 107, 3902, (1985)
| QMMM: N : M.J.S.DEWAR et al. JACS, 107, 3902, (1985)
| QMMM: O : M.J.S.DEWAR et al. JACS, 107, 3902, (1985)
| QMMM: S : M.J.S.DEWAR et al. INORG. CHEM., 29, 3881, (1990)
| QMMM: H : M.J.S.DEWAR et al. JACS, 107, 3902, (1985)

| QMMM: *** SCF convergence criteria ***
| QMMM: Energy change                :  0.1D-09 kcal/mol
| QMMM: Error matrix |FP-PF|         :  0.1D+00 au
| QMMM: Density matrix change        :  0.5D-06
| QMMM: Maximum number of SCF cycles :     1000

| QMMM: *** Diagonalization Routine Information ***
| QMMM: Pseudo diagonalizations are allowed.
| QMMM: Auto diagonalization routine selection is in use.
| QMMM:
| QMMM: Timing diagonalization routines:
| QMMM:                              norbs =      106
| QMMM:    diag iterations used for timing =       10
| QMMM:
| QMMM:              Internal diag routine = 0.035252 seconds
| QMMM:                 Dspev diag routine = 0.025971 seconds
| QMMM:                Dspevd diag routine = 0.016908 seconds
| QMMM:                Dspevx diag routine = 0.079208 seconds
| QMMM:                 Dsyev diag routine = 0.027930 seconds
| QMMM:                Dsyevd diag routine = 0.021413 seconds
| QMMM:                Dsyevr diag routine = 0.022289 seconds
| QMMM:
| QMMM:                Pseudo diag routine = 0.010036 seconds
| QMMM:
| QMMM: Using dspevd routine (diag_routine=3).

  QMMM: QM Region Cartesian Coordinates (*=link atom) 
  QMMM: QM_NO.   MM_NO.  ATOM         X         Y         Z
  QMMM:     1        1      C       -4.5180    9.2370   12.8850
  QMMM:     2        2      C       -3.1590    8.9700   12.7940
  QMMM:     3        3      C       -3.2790    7.5950   14.7860
  QMMM:     4        4      C       -5.2730    8.6870   13.9220
  QMMM:     5        5      C       -2.5290    8.1570   13.7360
  QMMM:     6        6      C       -4.6340    7.8670   14.8550
  QMMM:     7        7      C       -7.0150    8.2270   15.1760
  QMMM:     8        8      C       -9.4820    8.3890   19.8760
  QMMM:     9        9      C       -8.7980    8.6420   18.5190
  QMMM:    10       10      C       -0.4900    6.7950   14.0320
  QMMM:    11       11      C        1.8930    3.5410   13.4330
  QMMM:    12       12      C       -8.6490    7.5700   17.4230
  QMMM:    13       13      C        0.9470    6.7240   13.5450
  QMMM:    14       14      C        1.8280    5.8230   14.3810
  QMMM:    15       15      N       -6.6370    8.8700   14.1300
  QMMM:    16       16      N        1.3150    2.3250   13.4190
  QMMM:    17       17      N       -1.1480    7.9000   13.6180
  QMMM:    18       18      N        1.3930    4.4220   14.3070
  QMMM:    19       19      O       -1.0090    5.9080   14.7350
  QMMM:    20       20      S       -5.7860    7.3200   16.0320
  QMMM:    21       21      S       -8.7070    8.2240   15.7290
  QMMM:    22       22      O        2.8310    3.8400   12.6680
  QMMM:    23       23      H        0.6870    4.1110   14.9430
  QMMM:    24       24      H       -0.5900    8.6010   13.1730
  QMMM:    25       25      H        0.5570    2.1240   14.0400
  QMMM:    26       26      H        1.6450    1.6230   12.7870
  QMMM:    27       27      H       -7.7760    8.9730   18.7560
  QMMM:    28       28      H       -9.3530    9.4700   18.0540
  QMMM:    29       29      H        2.8630    5.8950   14.0150
  QMMM:    30       30      H        1.7850    6.1540   15.4290
  QMMM:    31       31      H        0.9460    6.3470   12.5110
  QMMM:    32       32      H        1.3710    7.7390   13.5640
  QMMM:    33       33      H       -9.4650    6.8420   17.5400
  QMMM:    34       34      H       -7.6830    7.0640   17.5650
  QMMM:    35       35      H      -10.5260    8.0870   19.7100
  QMMM:    36       36      H       -8.9490    7.5900   20.4110
  QMMM:    37       37      H       -9.4580    9.3110   20.4760
  QMMM:    38       38      H       -2.8040    6.9610   15.5260
  QMMM:    39       39      H       -2.5810    9.3970   11.9820
  QMMM:    40       40      H       -4.9940    9.8750   12.1490

--------------------------------------------------------------------------------
  RESULTS
--------------------------------------------------------------------------------

      iter         sqm energy              rms gradient
      ----    -------------------    -----------------------
xmin    10      -35.3571 kcal/mol        0.8758 kcal/(mol*A)
xmin    20      -35.8420 kcal/mol        0.2807 kcal/(mol*A)
xmin    30      -35.9003 kcal/mol        0.1424 kcal/(mol*A)
xmin    40      -35.9358 kcal/mol        0.0907 kcal/(mol*A)
xmin    50      -35.9918 kcal/mol        0.0785 kcal/(mol*A)
xmin    60      -36.0337 kcal/mol        0.1014 kcal/(mol*A)
xmin    70      -36.0466 kcal/mol        0.0622 kcal/(mol*A)
xmin    80      -36.0535 kcal/mol        0.0759 kcal/(mol*A)
xmin    90      -36.0646 kcal/mol        0.0899 kcal/(mol*A)
xmin   100      -36.0873 kcal/mol        0.1366 kcal/(mol*A)
xmin   110      -36.1009 kcal/mol        0.2118 kcal/(mol*A)
xmin   120      -36.1263 kcal/mol        0.3221 kcal/(mol*A)
xmin   130      -36.1412 kcal/mol        0.1269 kcal/(mol*A)
xmin   140      -36.1603 kcal/mol        0.0421 kcal/(mol*A)
xmin   150      -36.1699 kcal/mol        0.0652 kcal/(mol*A)
xmin   160      -36.1793 kcal/mol        0.0591 kcal/(mol*A)
xmin   170      -36.1864 kcal/mol        0.0469 kcal/(mol*A)
xmin   180      -36.1911 kcal/mol        0.0387 kcal/(mol*A)
xmin   190      -36.1944 kcal/mol        0.0366 kcal/(mol*A)
xmin   200      -36.1971 kcal/mol        0.0381 kcal/(mol*A)
xmin   210      -36.2000 kcal/mol        0.0284 kcal/(mol*A)
xmin   220      -36.2036 kcal/mol        0.0260 kcal/(mol*A)
xmin   230      -36.2042 kcal/mol        0.0139 kcal/(mol*A)
xmin   240      -36.2046 kcal/mol        0.0123 kcal/(mol*A)
xmin   250      -36.2046 kcal/mol        0.0173 kcal/(mol*A)
xmin   260      -36.2047 kcal/mol        0.0015 kcal/(mol*A)
xmin   270      -36.2047 kcal/mol        0.0052 kcal/(mol*A)
xmin   280      -36.2047 kcal/mol        0.0019 kcal/(mol*A)
xmin   290      -36.2047 kcal/mol        0.0011 kcal/(mol*A)
xmin   300      -36.2047 kcal/mol        0.0017 kcal/(mol*A)
xmin   310      -36.2047 kcal/mol        0.0010 kcal/(mol*A)
xmin   320      -36.2047 kcal/mol        0.0093 kcal/(mol*A)
xmin   330      -36.2047 kcal/mol        0.0030 kcal/(mol*A)
xmin   340      -36.2047 kcal/mol        0.0028 kcal/(mol*A)
xmin   350      -36.2047 kcal/mol        0.0017 kcal/(mol*A)
  ... geometry converged !
 
 Final MO eigenvalues (eV):
 -40.8843  -40.0441  -39.2735  -37.3850  -35.9820  -35.7310  -34.9612  -34.0744
 -32.0729  -31.5347  -29.4119  -28.6962  -26.1903  -25.2176  -24.2135  -22.8996
 -22.6523  -21.9275  -21.1175  -19.8273  -19.1723  -18.4498  -18.2700  -18.0315
 -17.7160  -16.8655  -16.6142  -16.4134  -15.9174  -15.7483  -15.6721  -15.5444
 -15.2765  -15.1180  -14.7848  -14.7719  -14.6265  -14.3441  -13.9946  -13.8194
 -13.5980  -13.5193  -13.1135  -12.9673  -12.6494  -12.5288  -12.0772  -11.8191
 -11.7022  -11.5970  -11.3589  -11.1497  -11.0899  -10.7679  -10.7033  -10.2819
  -9.6427   -8.9370   -8.2393   -0.6345   -0.0001    0.1143    0.1700    0.7529
   0.7703    1.3303    1.3972    1.4333    1.5457    1.7911    2.6333    3.0573
   3.2506    3.3417    3.4424    3.4596    3.4895    3.5829    3.6290    3.8011
   3.8235    3.9293    3.9445    3.9815    4.1799    4.2568    4.2607    4.3744
   4.3846    4.6142    4.6689    4.6844    4.7226    4.8491    4.9614    5.0748
   5.1873    5.2155    5.3561    5.4123    5.6292    5.8493    6.2102    6.4133
   6.5980    7.2021

 Heat of formation   =        -36.20474693 kcal/mol  (       -1.56995564 eV)

 Total SCF energy    =     -89900.02927013 kcal/mol  (    -3898.35780192 eV)
 Electronic energy   =    -588708.99046166 kcal/mol  (   -25528.33747286 eV)
 Core-core repulsion =     498808.96119153 kcal/mol  (    21629.97967094 eV)
 
    Atomic Charges for Step       1 :
  Atom    Element       Mulliken Charge
     1      C                 -0.050
     2      C                 -0.177
     3      C                 -0.121
     4      C                 -0.071
     5      C                  0.081
     6      C                 -0.289
     7      C                 -0.405
     8      C                 -0.211
     9      C                 -0.162
    10      C                  0.312
    11      C                  0.352
    12      C                 -0.325
    13      C                 -0.227
    14      C                 -0.024
    15      N                 -0.083
    16      N                 -0.405
    17      N                 -0.321
    18      N                 -0.334
    19      O                 -0.372
    20      S                  0.402
    21      S                  0.334
    22      O                 -0.411
    23      H                  0.225
    24      H                  0.233
    25      H                  0.210
    26      H                  0.226
    27      H                  0.092
    28      H                  0.098
    29      H                  0.122
    30      H                  0.106
    31      H                  0.134
    32      H                  0.114
    33      H                  0.131
    34      H                  0.119
    35      H                  0.075
    36      H                  0.076
    37      H                  0.081
    38      H                  0.179
    39      H                  0.133
    40      H                  0.154
 Total Mulliken Charge =       0.000
 
                  X        Y        Z     TOTAL  
  QM DIPOLE     0.291   -0.957    2.072    2.301
 
 Final Structure

  QMMM: QM Region Cartesian Coordinates (*=link atom) 
  QMMM: QM_NO.   MM_NO.  ATOM         X         Y         Z
  QMMM:     1        1      C       -4.6443    9.3524   12.6667
  QMMM:     2        2      C       -3.3265    8.9581   12.5642
  QMMM:     3        3      C       -3.4540    7.7428   14.6810
  QMMM:     4        4      C       -5.4036    8.9486   13.7828
  QMMM:     5        5      C       -2.7066    8.1482   13.5645
  QMMM:     6        6      C       -4.7848    8.1383   14.7884
  QMMM:     7        7      C       -7.1442    8.7195   15.1665
  QMMM:     8        8      C       -8.4363    7.4541   19.5606
  QMMM:     9        9      C       -8.1599    8.3570   18.3849
  QMMM:    10       10      C       -0.5899    6.9324   14.1386
  QMMM:    11       11      C        1.4984    3.6490   13.8778
  QMMM:    12       12      C       -8.8059    7.8302   17.1274
  QMMM:    13       13      C        0.8433    6.7452   13.6719
  QMMM:    14       14      C        1.6729    5.9454   14.6788
  QMMM:    15       15      N       -6.7477    9.2599   14.0207
  QMMM:    16       16      N        0.8956    2.3893   13.9382
  QMMM:    17       17      N       -1.3567    7.8064   13.3809
  QMMM:    18       18      N        1.2577    4.5868   14.9112
  QMMM:    19       19      O       -1.0370    6.3324   15.1355
  QMMM:    20       20      S       -5.9085    7.8090   16.0066
  QMMM:    21       21      S       -8.7174    8.9264   15.7500
  QMMM:    22       22      O        2.2568    3.9230   12.9134
  QMMM:    23       23      H        0.3748    4.5143   15.3787
  QMMM:    24       24      H       -0.9213    8.2072   12.5791
  QMMM:    25       25      H        0.5430    2.0582   14.8022
  QMMM:    26       26      H        1.2871    1.7094   13.3290
  QMMM:    27       27      H       -7.0488    8.4404   18.2281
  QMMM:    28       28      H       -8.5434    9.3890   18.6033
  QMMM:    29       29      H        2.7371    5.9304   14.3039
  QMMM:    30       30      H        1.6377    6.4675   15.6772
  QMMM:    31       31      H        0.8410    6.2129   12.6819
  QMMM:    32       32      H        1.3351    7.7432   13.5312
  QMMM:    33       33      H       -9.9097    7.7066   17.2881
  QMMM:    34       34      H       -8.3844    6.8252   16.8745
  QMMM:    35       35      H       -9.5338    7.3840   19.7556
  QMMM:    36       36      H       -8.0470    6.4249   19.3695
  QMMM:    37       37      H       -7.9396    7.8554   20.4769
  QMMM:    38       38      H       -3.0076    7.1173   15.4716
  QMMM:    39       39      H       -2.7461    9.2804   11.6848
  QMMM:    40       40      H       -5.1061    9.9762   11.8858

           --------- Calculation Completed ----------

