
 -----------------------------------------------
      Restrained ESP Fit 2.3  Amber 4.1
 -----------------------------------------------
 Resp charges for organic molecule                                               
 -----------------------------------------------


 inopt       =     0   ioutopt     =     1
 nmol        =     1   iqopt       =     2
 ihfree      =     1   irstrnt     =     1
 iunits      =     0   qwt         =   0.00100000
 wtmol(1) =     1.000000
 subtitle:

Resp charges for organic molecule                                               
ich =   0  iuniq =  24
    1    6    0
    2    6  -99
    3    8  -99
    4    7  -99
    5    6  -99
    6    6  -99
    7    6  -99
    8    6  -99
    9    6  -99
   10    6  -99
   11   16  -99
   12    6  -99
   13    7  -99
   14    6    0
   15    1    0
   16    1   15
   17    1  -99
   18    1  -99
   19    1  -99
   20    1  -99
   21    1    0
   22    1   21
   23    1   21
   24    1   15
 new q0 values to be read  24

  ----------------------------------------------------------------------------
     ATOM                       COORDINATES                         CHARGE
                       X             Y                Z
  ----------------------------------------------------------------------------
  ----------------------------------------------------------------------------


 Charge on the molecule(ich) =    0
 Total number of atoms (iuniq)     =   24
 Weight factor on initial charge restraints(qwt)=     0.10000D-02


  there are  1 charge constraints:


     1       1
     2       1
     3       1
     4       1
     5       1
     6       1
     7       1
     8       1
     9       1
    10       1
    11       1
    12       1
    13       1
    14       1
    15       1
    16       1
    17       1
    18       1
    19       1
    20       1
    21       1
    22       1
    23       1
    24       1

 Reading esp"s for molecule   1
 total number of atoms      =    24
 total number of esp points =  7466


 center     X       Y       Z 
    1  -0.9549362E+01  -0.4179469E+00   0.1815082E-01
    2  -0.6753951E+01  -0.1038232E+01  -0.5166511E-02
    3  -0.5993264E+01  -0.3168248E+01  -0.5606817E-02
    4  -0.5232277E+01   0.1044234E+01  -0.1133836E-01
    5  -0.2574438E+01   0.1181905E+01  -0.6840808E-02
    6  -0.1519119E+01   0.3617499E+01  -0.3518670E-02
    7   0.1050954E+01   0.3981362E+01   0.2116493E-03
    8   0.2637251E+01   0.1885790E+01   0.7521109E-03
    9   0.1572001E+01  -0.5138354E+00  -0.2694749E-02
   10  -0.1021284E+01  -0.9223979E+00  -0.6676402E-02
   11   0.4005180E+01  -0.2742856E+01  -0.1302021E-02
   12   0.6202239E+01  -0.2352331E+00   0.3654730E-02
   13   0.5258901E+01   0.1965646E+01   0.4291568E-02
   14   0.8983396E+01  -0.7649932E+00   0.6196412E-02
   15   0.9520602E+01  -0.1844167E+01   0.1664456E+01
   16   0.9523854E+01  -0.1844446E+01  -0.1650821E+01
   17  -0.1801606E+01  -0.2784254E+01  -0.9374931E-02
   18   0.1843842E+01   0.5849726E+01   0.2802464E-02
   19  -0.2753255E+01   0.5234711E+01  -0.3875828E-02
   20  -0.6108105E+01   0.2706855E+01  -0.9862480E-02
   21  -0.1005355E+02   0.5440918E+00   0.1758549E+01
   22  -0.1004722E+02   0.8027575E+00  -0.1552846E+01
   23  -0.1060501E+02  -0.2158292E+01  -0.1155341E+00
   24   0.9991193E+01   0.1012014E+01   0.7077024E-02
 Initial ssvpot =     2.194


 Number of unique UNfrozen centers=    4

 Non-linear optimization requested.
 qchnge =    0.7573098221E-01
 qchnge =    0.1563824768E-03
 qchnge =    0.1156155476E-05
 qchnge =    0.1261064831E-07

 Convergence in    3 iterations


Resp charges for organic molecule                                               

          Point Charges Before & After Optimization

    no.  At.no.    q(init)       q(opt)     ivary    d(rstr)/dq
    1   6      -0.434355      -0.426078      0       0.002285
    2   6       0.851524       0.851524    -99       0.001166
    3   8      -0.648947      -0.648947    -99       0.001523
    4   7      -0.647900      -0.647900    -99       0.001525
    5   6       0.273806       0.273806    -99       0.003431
    6   6      -0.290121      -0.290121    -99       0.003259
    7   6      -0.258206      -0.258206    -99       0.003611
    8   6       0.456269       0.456269    -99       0.002141
    9   6      -0.093853      -0.093853    -99       0.007292
   10   6      -0.296924      -0.296924    -99       0.003192
   11  16      -0.147647      -0.147647    -99       0.005608
   12   6       0.441960       0.441960    -99       0.002207
   13   7      -0.628248      -0.628248    -99       0.001572
   14   6      -0.232946      -0.238961      0       0.003860
   15   1       0.089305       0.091794      0       0.000000
   16   1       0.089297       0.091794     15       0.000000
   17   1       0.316597       0.316597    -99       0.000000
   18   1       0.187129       0.187129    -99       0.000000
   19   1       0.179062       0.179062    -99       0.000000
   20   1       0.343887       0.343887    -99       0.000000
   21   1       0.113214       0.117089      0       0.000000
   22   1       0.108437       0.117089     21       0.000000
   23   1       0.137388       0.117089     21       0.000000
   24   1       0.091270       0.091794     15       0.000000

 Sum over the calculated charges:     -0.000

        Statistics of the fitting:
  The initial sum of squares (ssvpot)                      2.194
  The residual sum of squares (chipot)                     0.026
  The std err of estimate (sqrt(chipot/N))               0.00187
  ESP relative RMS (SQRT(chipot/ssvpot))                 0.10924

 Center of Mass (Angst.):

 X  =   0.00000      Y  =   0.00000      Z  =   0.00000

 Dipole (Debye):

 X  =  -1.59940      Y  =   2.77469      Z  =   0.01038

 Dipole Moment (Debye)=   3.20267

 Quadrupole (Debye*Angst.):

 Qxx =  47.29984     QYY = -23.01365     QZZ = -24.28619
 Qxy = -79.37321     QXZ = -29.02407     QYZ = -28.96412
