
 -----------------------------------------------
      Restrained ESP Fit 2.3  Amber 4.1
 -----------------------------------------------
 Resp charges for organic molecule                                               
 -----------------------------------------------


 inopt       =     0   ioutopt     =     1
 nmol        =     1   iqopt       =     0
 ihfree      =     1   irstrnt     =     1
 iunits      =     0   qwt         =   0.00050000
 wtmol(1) =     1.000000
 subtitle:

Resp charges for organic molecule                                               
ich =   0  iuniq =  24
    1    6    0
    2    6    0
    3    8    0
    4    7    0
    5    6    0
    6    6    0
    7    6    0
    8    6    0
    9    6    0
   10    6    0
   11   16    0
   12    6    0
   13    7    0
   14    6    0
   15    1    0
   16    1    0
   17    1    0
   18    1    0
   19    1    0
   20    1    0
   21    1    0
   22    1    0
   23    1    0
   24    1    0

  ----------------------------------------------------------------------------
     ATOM                       COORDINATES                         CHARGE
                       X             Y                Z
  ----------------------------------------------------------------------------
  ----------------------------------------------------------------------------


 Charge on the molecule(ich) =    0
 Total number of atoms (iuniq)     =   24
 Weight factor on initial charge restraints(qwt)=     0.50000D-03


  there are  1 charge constraints:


     1       1
     2       1
     3       1
     4       1
     5       1
     6       1
     7       1
     8       1
     9       1
    10       1
    11       1
    12       1
    13       1
    14       1
    15       1
    16       1
    17       1
    18       1
    19       1
    20       1
    21       1
    22       1
    23       1
    24       1

 Reading esp"s for molecule   1
 total number of atoms      =    24
 total number of esp points =  7466


 center     X       Y       Z 
    1  -0.9549362E+01  -0.4179469E+00   0.1815082E-01
    2  -0.6753951E+01  -0.1038232E+01  -0.5166511E-02
    3  -0.5993264E+01  -0.3168248E+01  -0.5606817E-02
    4  -0.5232277E+01   0.1044234E+01  -0.1133836E-01
    5  -0.2574438E+01   0.1181905E+01  -0.6840808E-02
    6  -0.1519119E+01   0.3617499E+01  -0.3518670E-02
    7   0.1050954E+01   0.3981362E+01   0.2116493E-03
    8   0.2637251E+01   0.1885790E+01   0.7521109E-03
    9   0.1572001E+01  -0.5138354E+00  -0.2694749E-02
   10  -0.1021284E+01  -0.9223979E+00  -0.6676402E-02
   11   0.4005180E+01  -0.2742856E+01  -0.1302021E-02
   12   0.6202239E+01  -0.2352331E+00   0.3654730E-02
   13   0.5258901E+01   0.1965646E+01   0.4291568E-02
   14   0.8983396E+01  -0.7649932E+00   0.6196412E-02
   15   0.9520602E+01  -0.1844167E+01   0.1664456E+01
   16   0.9523854E+01  -0.1844446E+01  -0.1650821E+01
   17  -0.1801606E+01  -0.2784254E+01  -0.9374931E-02
   18   0.1843842E+01   0.5849726E+01   0.2802464E-02
   19  -0.2753255E+01   0.5234711E+01  -0.3875828E-02
   20  -0.6108105E+01   0.2706855E+01  -0.9862480E-02
   21  -0.1005355E+02   0.5440918E+00   0.1758549E+01
   22  -0.1004722E+02   0.8027575E+00  -0.1552846E+01
   23  -0.1060501E+02  -0.2158292E+01  -0.1155341E+00
   24   0.9991193E+01   0.1012014E+01   0.7077024E-02
 Initial ssvpot =     2.194


 Number of unique UNfrozen centers=   24

 Non-linear optimization requested.
 qchnge =    0.7797886995E-01
 qchnge =    0.2555858486E-02
 qchnge =    0.3604600076E-03
 qchnge =    0.7849077025E-04
 qchnge =    0.1876864714E-04
 qchnge =    0.4553931443E-05
 qchnge =    0.1107960360E-05
 qchnge =    0.2697400344E-06

 Convergence in    7 iterations


Resp charges for organic molecule                                               

          Point Charges Before & After Optimization

    no.  At.no.    q(init)       q(opt)     ivary    d(rstr)/dq
    1   6       0.000000      -0.434355      0       0.001122
    2   6       0.000000       0.851524      0       0.000583
    3   8       0.000000      -0.648947      0       0.000761
    4   7       0.000000      -0.647900      0       0.000763
    5   6       0.000000       0.273806      0       0.001715
    6   6       0.000000      -0.290121      0       0.001629
    7   6       0.000000      -0.258206      0       0.001806
    8   6       0.000000       0.456269      0       0.001070
    9   6       0.000000      -0.093853      0       0.003646
   10   6       0.000000      -0.296924      0       0.001596
   11  16       0.000000      -0.147647      0       0.002804
   12   6       0.000000       0.441960      0       0.001103
   13   7       0.000000      -0.628248      0       0.000786
   14   6       0.000000      -0.232946      0       0.001972
   15   1       0.000000       0.089305      0       0.000000
   16   1       0.000000       0.089297      0       0.000000
   17   1       0.000000       0.316597      0       0.000000
   18   1       0.000000       0.187129      0       0.000000
   19   1       0.000000       0.179062      0       0.000000
   20   1       0.000000       0.343887      0       0.000000
   21   1       0.000000       0.113214      0       0.000000
   22   1       0.000000       0.108437      0       0.000000
   23   1       0.000000       0.137388      0       0.000000
   24   1       0.000000       0.091270      0       0.000000

 Sum over the calculated charges:     -0.000

        Statistics of the fitting:
  The initial sum of squares (ssvpot)                      2.194
  The residual sum of squares (chipot)                     0.023
  The std err of estimate (sqrt(chipot/N))               0.00177
  ESP relative RMS (SQRT(chipot/ssvpot))                 0.10332

 Center of Mass (Angst.):

 X  =   0.00000      Y  =   0.00000      Z  =   0.00000

 Dipole (Debye):

 X  =  -1.62238      Y  =   2.65946      Z  =   0.02090

 Dipole Moment (Debye)=   3.11533

 Quadrupole (Debye*Angst.):

 Qxx =  47.92085     QYY = -23.08465     QZZ = -24.83620
 Qxy = -77.46274     QXZ = -29.54897     QYZ = -29.27812
