            --------------------------------------------------------
                             AMBER SQM VERSION 14
 
                                     By
              Ross C. Walker, Michael F. Crowley, Scott Brozell,
                         Tim Giese, Andreas W. Goetz,
                        Tai-Sung Lee and David A. Case
 
            --------------------------------------------------------
 

--------------------------------------------------------------------------------
  QM CALCULATION INFO
--------------------------------------------------------------------------------

| QMMM: Citation for AMBER QMMM Run:
| QMMM: R.C. Walker, M.F. Crowley and D.A. Case, J. COMP. CHEM. 29:1019, 2008

QMMM: SINGLET STATE CALCULATION
QMMM: RHF CALCULATION, NO. OF DOUBLY OCCUPIED LEVELS = 55

| QMMM: *** Selected Hamiltonian *** 
| QMMM: AM1         

| QMMM: *** Parameter sets in use ***
| QMMM: C : M.J.S.DEWAR et al. JACS, 107, 3902, (1985)
| QMMM: N : M.J.S.DEWAR et al. JACS, 107, 3902, (1985)
| QMMM: O : M.J.S.DEWAR et al. JACS, 107, 3902, (1985)
| QMMM: S : M.J.S.DEWAR et al. INORG. CHEM., 29, 3881, (1990)
| QMMM: H : M.J.S.DEWAR et al. JACS, 107, 3902, (1985)

| QMMM: *** SCF convergence criteria ***
| QMMM: Energy change                :  0.1D-09 kcal/mol
| QMMM: Error matrix |FP-PF|         :  0.1D+00 au
| QMMM: Density matrix change        :  0.5D-06
| QMMM: Maximum number of SCF cycles :     1000

| QMMM: *** Diagonalization Routine Information ***
| QMMM: Pseudo diagonalizations are allowed.
| QMMM: Auto diagonalization routine selection is in use.
| QMMM:
| QMMM: Timing diagonalization routines:
| QMMM:                              norbs =       97
| QMMM:    diag iterations used for timing =       15
| QMMM:
| QMMM:              Internal diag routine = 0.046783 seconds
| QMMM:                 Dspev diag routine = 0.030933 seconds
| QMMM:                Dspevd diag routine = 0.021841 seconds
| QMMM:                Dspevx diag routine = 0.095935 seconds
| QMMM:                 Dsyev diag routine = 0.033645 seconds
| QMMM:                Dsyevd diag routine = 0.026405 seconds
| QMMM:                Dsyevr diag routine = 0.027235 seconds
| QMMM:
| QMMM:                Pseudo diag routine = 0.011262 seconds
| QMMM:
| QMMM: Using dspevd routine (diag_routine=3).

  QMMM: QM Region Cartesian Coordinates (*=link atom) 
  QMMM: QM_NO.   MM_NO.  ATOM         X         Y         Z
  QMMM:     1        1      C       -4.5180    9.2370   12.8850
  QMMM:     2        2      C       -3.1590    8.9700   12.7940
  QMMM:     3        3      C       -3.2790    7.5950   14.7860
  QMMM:     4        4      C       -5.2730    8.6870   13.9220
  QMMM:     5        5      C       -2.5290    8.1570   13.7360
  QMMM:     6        6      C       -4.6340    7.8670   14.8550
  QMMM:     7        7      C       -7.0150    8.2270   15.1760
  QMMM:     8        8      C       -9.3590    8.4080   19.6130
  QMMM:     9        9      C       -8.7950    8.6170   18.4930
  QMMM:    10       10      C       -0.4520    6.7960   14.0110
  QMMM:    11       11      C        3.0600    5.4860   13.8710
  QMMM:    12       12      C       -8.6490    7.5700   17.4230
  QMMM:    13       13      C        1.0160    6.9940   14.2140
  QMMM:    14       14      C        1.8440    6.1220   13.2680
  QMMM:    15       15      N       -6.6370    8.8700   14.1300
  QMMM:    16       16      N       -1.1270    7.9110   13.6020
  QMMM:    17       17      O       -1.0060    5.6980   14.2040
  QMMM:    18       18      O        3.5410    5.8190   14.9510
  QMMM:    19       19      O        3.5740    4.5480   13.1190
  QMMM:    20       20      S       -5.7860    7.3200   16.0320
  QMMM:    21       21      S       -8.7070    8.2240   15.7290
  QMMM:    22       22      H       -0.5850    8.6290   13.1650
  QMMM:    23       23      H        1.1940    5.3180   12.8920
  QMMM:    24       24      H        2.1730    6.7510   12.4280
  QMMM:    25       25      H        1.2620    8.0500   14.0310
  QMMM:    26       26      H        1.2700    6.7330   15.2520
  QMMM:    27       27      H       -9.4650    6.8420   17.5400
  QMMM:    28       28      H       -7.6830    7.0640   17.5650
  QMMM:    29       29      H       -8.3940    9.6100   18.2970
  QMMM:    30       30      H       -9.7700    7.4260   19.8410
  QMMM:    31       31      H       -9.4310    9.2120   20.3440
  QMMM:    32       32      H       -2.8040    6.9610   15.5260
  QMMM:    33       33      H       -2.5810    9.3970   11.9820
  QMMM:    34       34      H       -4.9940    9.8750   12.1490

--------------------------------------------------------------------------------
  RESULTS
--------------------------------------------------------------------------------

      iter         sqm energy              rms gradient
      ----    -------------------    -----------------------
xmin    10      -84.1573 kcal/mol        2.6204 kcal/(mol*A)
xmin    20      -86.4255 kcal/mol        0.5105 kcal/(mol*A)
xmin    30      -87.7254 kcal/mol        2.1398 kcal/(mol*A)
xmin    40      -88.6889 kcal/mol        0.6421 kcal/(mol*A)
xmin    50      -90.3591 kcal/mol        3.8087 kcal/(mol*A)
xmin    60      -96.6652 kcal/mol        0.2668 kcal/(mol*A)
xmin    70      -97.0020 kcal/mol        0.6006 kcal/(mol*A)
xmin    80      -97.1393 kcal/mol        0.2795 kcal/(mol*A)
xmin    90      -97.2787 kcal/mol        0.7311 kcal/(mol*A)
xmin   100      -97.7433 kcal/mol        0.6079 kcal/(mol*A)
xmin   110      -98.2830 kcal/mol        0.4856 kcal/(mol*A)
xmin   120      -98.9146 kcal/mol        0.4647 kcal/(mol*A)
xmin   130      -99.8358 kcal/mol        0.6831 kcal/(mol*A)
xmin   140     -100.1308 kcal/mol        0.5197 kcal/(mol*A)
xmin   150     -100.5927 kcal/mol        0.7614 kcal/(mol*A)
xmin   160     -100.7435 kcal/mol        0.1560 kcal/(mol*A)
xmin   170     -101.0153 kcal/mol        0.5645 kcal/(mol*A)
xmin   180     -101.1509 kcal/mol        0.3069 kcal/(mol*A)
xmin   190     -101.2020 kcal/mol        0.0508 kcal/(mol*A)
xmin   200     -101.2126 kcal/mol        0.0463 kcal/(mol*A)
xmin   210     -101.2146 kcal/mol        0.0114 kcal/(mol*A)
xmin   220     -101.2153 kcal/mol        0.0075 kcal/(mol*A)
xmin   230     -101.2154 kcal/mol        0.0067 kcal/(mol*A)
xmin   240     -101.2154 kcal/mol        0.0014 kcal/(mol*A)
xmin   250     -101.2154 kcal/mol        0.0030 kcal/(mol*A)
xmin   260     -101.2154 kcal/mol        0.0027 kcal/(mol*A)
xmin   270     -101.2154 kcal/mol        0.0015 kcal/(mol*A)
  ... geometry converged !
 
 Final MO eigenvalues (eV):
 -38.1680  -36.8514  -34.7435  -33.9811  -33.9245  -31.9644  -30.0349  -29.6799
 -29.5136  -27.1609  -26.6478  -23.9398  -22.6675  -21.7279  -20.3483  -19.5596
 -18.1751  -17.4795  -15.9736  -15.8872  -15.7919  -14.8423  -14.5795  -14.2020
 -13.7832  -13.6197  -13.1725  -12.9590  -12.6248  -12.3284  -12.0906  -11.9908
 -11.6362  -11.2910  -11.1925  -11.0151  -10.8085  -10.7623  -10.5025  -10.2495
  -9.8360   -9.4458   -9.2647   -9.0607   -8.9762   -8.8711   -8.8261   -8.6004
  -7.8139   -7.3654   -6.6141   -5.8116   -5.7989   -5.5085   -5.2112    1.6701
   1.7259    2.5829    2.6039    2.6230    3.0212    3.3116    3.3365    4.3002
   4.8126    5.0807    5.1892    5.3321    5.6957    5.7660    5.8503    5.9805
   6.3272    6.4048    6.4896    6.6413    6.8322    6.8723    6.9095    7.0264
   7.1173    7.1654    7.3784    7.4029    7.5578    7.6957    7.7308    7.8584
   8.1793    8.2404    8.3018    8.4323    8.5736    9.2425    9.8913   11.8495
  12.6293

 Heat of formation   =       -101.21540172 kcal/mol  (       -4.38902917 eV)

 Total SCF energy    =     -86178.14501776 kcal/mol  (    -3736.96478981 eV)
 Electronic energy   =    -527730.46573844 kcal/mol  (   -22884.11021805 eV)
 Core-core repulsion =     441552.32072068 kcal/mol  (    19147.14542824 eV)
 
    Atomic Charges for Step       1 :
  Atom    Element       Mulliken Charge
     1      C                 -0.058
     2      C                 -0.177
     3      C                 -0.166
     4      C                 -0.108
     5      C                  0.131
     6      C                 -0.266
     7      C                 -0.426
     8      C                 -0.229
     9      C                 -0.146
    10      C                  0.311
    11      C                  0.327
    12      C                 -0.260
    13      C                 -0.155
    14      C                 -0.236
    15      N                 -0.108
    16      N                 -0.324
    17      O                 -0.407
    18      O                 -0.604
    19      O                 -0.541
    20      S                  0.413
    21      S                  0.264
    22      H                  0.311
    23      H                  0.084
    24      H                  0.075
    25      H                  0.114
    26      H                  0.090
    27      H                  0.113
    28      H                  0.135
    29      H                  0.146
    30      H                  0.104
    31      H                  0.112
    32      H                  0.179
    33      H                  0.162
    34      H                  0.139
 Total Mulliken Charge =      -1.000
 
                  X        Y        Z     TOTAL  
  QM DIPOLE    -3.039  -37.547  -64.692   74.860
 
 Final Structure

  QMMM: QM Region Cartesian Coordinates (*=link atom) 
  QMMM: QM_NO.   MM_NO.  ATOM         X         Y         Z
  QMMM:     1        1      C       -3.5680    9.0333   15.6405
  QMMM:     2        2      C       -2.3693    8.6410   15.0878
  QMMM:     3        3      C       -3.0361    6.2880   15.1516
  QMMM:     4        4      C       -4.5370    8.0621   15.9656
  QMMM:     5        5      C       -2.0697    7.2623   14.8297
  QMMM:     6        6      C       -4.2455    6.6832   15.7089
  QMMM:     7        7      C       -6.4378    7.1533   16.6984
  QMMM:     8        8      C      -10.3783    9.6170   16.4911
  QMMM:     9        9      C       -9.0972    9.2885   16.6492
  QMMM:    10       10      C       -0.3360    5.7226   13.9144
  QMMM:    11       11      C        1.9141    7.9996   12.6618
  QMMM:    12       12      C       -8.5788    8.5272   17.8009
  QMMM:    13       13      C        1.0713    5.7020   13.3388
  QMMM:    14       14      C        1.2876    6.6722   12.2000
  QMMM:    15       15      N       -5.7957    8.3003   16.5298
  QMMM:    16       16      N       -0.8295    6.9669   14.2786
  QMMM:    17       17      O       -0.9778    4.6604   14.0630
  QMMM:    18       18      O        1.2497    8.7460   13.4496
  QMMM:    19       19      O        3.0561    8.2997   12.2259
  QMMM:    20       20      S       -5.5685    5.7357   16.1874
  QMMM:    21       21      S       -7.9732    6.9286   17.3459
  QMMM:    22       22      H       -0.2176    7.7630   14.0815
  QMMM:    23       23      H        1.9798    6.2041   11.4536
  QMMM:    24       24      H        0.3243    6.8964   11.6778
  QMMM:    25       25      H        1.7898    5.9293   14.1715
  QMMM:    26       26      H        1.2610    4.6510   12.9948
  QMMM:    27       27      H       -9.3845    8.3046   18.5480
  QMMM:    28       28      H       -7.7793    9.1202   18.3138
  QMMM:    29       29      H       -8.3335    9.5816   15.9067
  QMMM:    30       30      H      -11.1596    9.3403   17.2105
  QMMM:    31       31      H      -10.7292   10.1871   15.6215
  QMMM:    32       32      H       -2.8400    5.2195   14.9639
  QMMM:    33       33      H       -1.6150    9.4070   14.8342
  QMMM:    34       34      H       -3.7746   10.0972   15.8292

           --------- Calculation Completed ----------

