            --------------------------------------------------------
                             AMBER SQM VERSION 14
 
                                     By
              Ross C. Walker, Michael F. Crowley, Scott Brozell,
                         Tim Giese, Andreas W. Goetz,
                        Tai-Sung Lee and David A. Case
 
            --------------------------------------------------------
 

--------------------------------------------------------------------------------
  QM CALCULATION INFO
--------------------------------------------------------------------------------

| QMMM: Citation for AMBER QMMM Run:
| QMMM: R.C. Walker, M.F. Crowley and D.A. Case, J. COMP. CHEM. 29:1019, 2008

QMMM: SINGLET STATE CALCULATION
QMMM: RHF CALCULATION, NO. OF DOUBLY OCCUPIED LEVELS =101

| QMMM: *** Selected Hamiltonian *** 
| QMMM: PM3         

| QMMM: *** Parameter sets in use ***
| QMMM: C : J.J.P.STEWART, JCC, 10, 209 (1989)
| QMMM: N : J.J.P.STEWART, JCC, 10, 209 (1989)
| QMMM: O : J.J.P.STEWART, JCC, 10, 209 (1989)
| QMMM: S : J.J.P.STEWART, JCC, 10, 209 (1989)
| QMMM: H : J.J.P.STEWART, JCC, 10, 209 (1989)

| QMMM: *** SCF convergence criteria ***
| QMMM: Energy change                :  0.1D-08 kcal/mol
| QMMM: Error matrix |FP-PF|         :  0.1D+00 au
| QMMM: Density matrix change        :  0.2D-05
| QMMM: Maximum number of SCF cycles :     1000

| QMMM: *** Diagonalization Routine Information ***
| QMMM: Pseudo diagonalizations are allowed.
| QMMM: Auto diagonalization routine selection is in use.
| QMMM:
| QMMM: Timing diagonalization routines:
| QMMM:                              norbs =      181
| QMMM:    diag iterations used for timing =        5
| QMMM:
| QMMM:              Internal diag routine = 0.074433 seconds
| QMMM:                 Dspev diag routine = 0.052531 seconds
| QMMM:                Dspevd diag routine = 0.036372 seconds
| QMMM:                Dspevx diag routine = 0.151792 seconds
| QMMM:                 Dsyev diag routine = 0.057609 seconds
| QMMM:                Dsyevd diag routine = 0.041019 seconds
| QMMM:                Dsyevr diag routine = 0.041861 seconds
| QMMM:
| QMMM:                Pseudo diag routine = 0.025635 seconds
| QMMM:
| QMMM: Using dspevd routine (diag_routine=3).

  QMMM: QM Region Cartesian Coordinates (*=link atom) 
  QMMM: QM_NO.   MM_NO.  ATOM         X         Y         Z
  QMMM:     1        1      C        2.2840   -0.3920    7.8960
  QMMM:     2        2      C        4.1120   -0.2720    9.4040
  QMMM:     3        3      C        3.0590   -1.1220    7.0150
  QMMM:     4        4      C        4.8900   -0.9950    8.5200
  QMMM:     5        5      C       -4.5260    9.3590   12.9870
  QMMM:     6        6      C       -3.1690    9.1620   12.8100
  QMMM:     7        7      C       -3.0920    7.7150   14.7320
  QMMM:     8        8      C        2.7980    0.0430    9.1040
  QMMM:     9        9      C        4.3720   -1.4380    7.3160
  QMMM:    10       10      C       -5.1860    8.7260   14.0380
  QMMM:    11       11      C       -2.4500    8.3480   13.6750
  QMMM:    12       12      C       -4.4520    7.9100   14.8950
  QMMM:    13       13      C       -6.8360    8.1000   15.3960
  QMMM:    14       14      C       -0.3650    7.0250   13.7200
  QMMM:    15       15      C        2.1900    4.1060   12.1580
  QMMM:    16       16      C        4.7910   -4.4380    7.5070
  QMMM:    17       17      C        6.7610   -4.2110    6.0200
  QMMM:    18       18      C       -8.8590    8.0950   20.2900
  QMMM:    19       19      C        1.9460    0.8280   10.0780
  QMMM:    20       20      C        5.2180   -2.2320    6.3560
  QMMM:    21       21      C        1.0940    7.0790   13.3240
  QMMM:    22       22      C        1.7280    2.7400   11.7230
  QMMM:    23       23      C        2.4690    2.1830   10.5170
  QMMM:    24       24      C        1.8870    5.9010   13.8410
  QMMM:    25       25      C        5.8430   -3.4900    6.9870
  QMMM:    26       26      N       -6.5450    8.8170   14.3370
  QMMM:    27       27      N       -1.0590    8.1590   13.4940
  QMMM:    28       28      N        1.5170    4.6510   13.1790
  QMMM:    29       29      O       -0.8800    6.0030   14.1670
  QMMM:    30       30      O        3.1200    4.6670   11.5840
  QMMM:    31       31      O        4.8610   -4.9000    8.6320
  QMMM:    32       32      O        7.8870   -3.7960    5.8090
  QMMM:    33       33      O        3.8390   -4.6930    6.6660
  QMMM:    34       34      O        6.2620   -5.2790    5.4650
  QMMM:    35       35      S       -5.5020    7.2650   16.1220
  QMMM:    36       36      C       -8.3240    8.3980   18.8790
  QMMM:    37       37      C       -8.2210    7.3460   17.7590
  QMMM:    38       38      S       -8.4760    8.0100   16.0870
  QMMM:    39       39      H       -7.3040    8.7840   19.0220
  QMMM:    40       40      H       -8.9650    9.1980   18.4800
  QMMM:    41       41      H       -8.9800    6.5720   17.9420
  QMMM:    42       42      H       -7.2190    6.8950   17.8010
  QMMM:    43       43      H       -9.8960    7.7360   20.2200
  QMMM:    44       44      H       -8.2350    7.3220   20.7610
  QMMM:    45       45      H       -8.8290    9.0120   20.8980
  QMMM:    46       46      H        0.7060    4.1700   13.5120
  QMMM:    47       47      H       -0.5380    8.9470   13.1640
  QMMM:    48       48      H        6.4510   -3.1620    7.8430
  QMMM:    49       49      H        2.9570    6.0900   13.6670
  QMMM:    50       50      H        1.7040    5.7970   14.9210
  QMMM:    51       51      H        2.3610    2.8890    9.6810
  QMMM:    52       52      H        3.5340    2.0810   10.7750
  QMMM:    53       53      H        1.8680    2.0450   12.5640
  QMMM:    54       54      H        0.6590    2.8020   11.4720
  QMMM:    55       55      H        1.1600    7.0920   12.2260
  QMMM:    56       56      H        1.5340    8.0030   13.7280
  QMMM:    57       57      H        4.5880   -2.5420    5.5100
  QMMM:    58       58      H        6.0300   -1.5850    5.9910
  QMMM:    59       59      H        1.8210    0.2120   10.9810
  QMMM:    60       60      H        0.9650    0.9890    9.6060
  QMMM:    61       61      H       -2.5390    7.0820   15.4160
  QMMM:    62       62      H       -2.6600    9.6480   11.9850
  QMMM:    63       63      H       -5.0750   10.0030   12.3100
  QMMM:    64       64      H        5.9200   -1.2180    8.7740
  QMMM:    65       65      H        2.6330   -1.4510    6.0740
  QMMM:    66       66      H        4.5370    0.0530   10.3460
  QMMM:    67       67      H        1.2580   -0.1580    7.6370

--------------------------------------------------------------------------------
  RESULTS
--------------------------------------------------------------------------------

      iter         sqm energy              rms gradient
      ----    -------------------    -----------------------
xmin    10     -179.5960 kcal/mol        0.4110 kcal/(mol*A)
xmin    20     -180.9618 kcal/mol        0.6155 kcal/(mol*A)
xmin    30     -181.7161 kcal/mol        0.3091 kcal/(mol*A)
xmin    40     -182.1312 kcal/mol        0.2516 kcal/(mol*A)
xmin    50     -182.2788 kcal/mol        0.1852 kcal/(mol*A)
xmin    60     -182.3760 kcal/mol        0.9062 kcal/(mol*A)
xmin    70     -182.4702 kcal/mol        0.0521 kcal/(mol*A)
xmin    80     -182.5780 kcal/mol        0.4181 kcal/(mol*A)
xmin    90     -182.6204 kcal/mol        0.0594 kcal/(mol*A)
xmin   100     -182.6713 kcal/mol        0.0951 kcal/(mol*A)
xmin   110     -182.7084 kcal/mol        0.1612 kcal/(mol*A)
xmin   120     -182.8070 kcal/mol        0.0705 kcal/(mol*A)
xmin   130     -182.9425 kcal/mol        0.5580 kcal/(mol*A)
xmin   140     -183.0956 kcal/mol        0.1068 kcal/(mol*A)
xmin   150     -183.2771 kcal/mol        0.0871 kcal/(mol*A)
xmin   160     -183.3136 kcal/mol        0.0945 kcal/(mol*A)
xmin   170     -183.3320 kcal/mol        0.0345 kcal/(mol*A)
xmin   180     -183.3468 kcal/mol        0.0440 kcal/(mol*A)
xmin   190     -183.3557 kcal/mol        0.0407 kcal/(mol*A)
xmin   200     -183.3619 kcal/mol        0.0245 kcal/(mol*A)
xmin   200     -183.3622 kcal/mol        0.0166 kcal/(mol*A)
  ... geometry converged !
 
 Final MO eigenvalues (eV):
 -39.0859  -37.5116  -36.4604  -36.1059  -35.1120  -33.2694  -32.4398  -31.8287
 -29.8246  -29.5780  -28.8378  -27.7856  -27.1077  -27.0524  -25.9618  -24.6411
 -24.5721  -24.2528  -24.1517  -23.7344  -23.4241  -22.2149  -21.1114  -20.4416
 -19.7953  -19.6769  -19.0902  -18.3404  -17.8794  -17.4929  -17.0892  -16.8678
 -16.1738  -15.9559  -15.9373  -15.5844  -15.2359  -14.8051  -14.6175  -14.4574
 -14.4339  -14.1622  -13.8435  -13.6468  -13.5543  -13.3918  -13.2685  -12.9244
 -12.8676  -12.7568  -12.5665  -12.5099  -12.4183  -12.0286  -11.9358  -11.6001
 -11.5453  -11.4608  -11.4344  -11.1552  -10.9380  -10.8912  -10.6598  -10.6493
 -10.6150  -10.2822   -9.8919   -9.7428   -9.6982   -9.6260   -9.5327   -9.4227
  -9.3174   -9.0562   -8.9128   -8.9089   -8.4554   -8.2566   -8.1367   -8.0171
  -7.7319   -7.5139   -7.4730   -7.3336   -7.1454   -7.1439   -6.8368   -6.5519
  -6.2518   -5.9272   -5.0701   -4.8795   -4.5736   -4.2073   -3.7232   -1.3191
  -1.1982   -1.1573   -1.0943   -1.0217   -0.8026    0.6557    0.7534    1.3154
   1.4256    1.5765    2.1765    2.4999    2.5306    3.0657    3.6085    3.9632
   4.2330    4.2813    4.4407    4.5942    4.6164    4.6222    4.7932    4.8134
   4.9652    5.0134    5.2457    5.3082    5.3102    5.3500    5.3979    5.4585
   5.5009    5.6586    5.7383    5.8134    5.9041    5.9382    5.9431    6.0005
   6.1231    6.2424    6.3843    6.5037    6.5943    6.6968    6.8103    6.9911
   7.1716    7.3638    7.3823    7.5498    7.5837    7.6587    7.8590    7.9833
   8.1961    8.2589    8.3649    8.4752    8.5995    8.6423    8.6977    8.8677
   9.2540    9.7461    9.7748   10.1999   10.3234   10.4868   10.6835   11.0431
  11.1544   11.3050   11.5001   11.5812   11.7371   11.8702   12.5171   12.6494
  12.7820   16.3532   16.4400   17.3263   17.4374

 Heat of formation   =       -183.36217303 kcal/mol  (       -7.95118048 eV)

 Total SCF energy    =    -144538.08106339 kcal/mol  (    -6267.64151873 eV)
 Electronic energy   =   -1192747.82891214 kcal/mol  (   -51721.42703752 eV)
 Core-core repulsion =    1048209.74784875 kcal/mol  (    45453.78551879 eV)
 
    Atomic Charges for Step       1 :
  Atom    Element       Mulliken Charge
     1      C                 -0.116
     2      C                 -0.100
     3      C                 -0.149
     4      C                 -0.108
     5      C                 -0.024
     6      C                 -0.138
     7      C                 -0.051
     8      C                 -0.163
     9      C                  0.009
    10      C                 -0.094
    11      C                 -0.044
    12      C                 -0.208
    13      C                 -0.294
    14      C                  0.244
    15      C                  0.245
    16      C                  0.445
    17      C                  0.451
    18      C                 -0.110
    19      C                 -0.027
    20      C                 -0.063
    21      C                 -0.161
    22      C                 -0.117
    23      C                 -0.102
    24      C                 -0.054
    25      C                 -0.197
    26      N                  0.000
    27      N                  0.025
    28      N                 -0.066
    29      O                 -0.353
    30      O                 -0.374
    31      O                 -0.687
    32      O                 -0.663
    33      O                 -0.641
    34      O                 -0.670
    35      S                  0.224
    36      C                 -0.103
    37      C                 -0.181
    38      S                  0.139
    39      H                  0.067
    40      H                  0.065
    41      H                  0.095
    42      H                  0.093
    43      H                  0.038
    44      H                  0.043
    45      H                  0.042
    46      H                  0.083
    47      H                  0.072
    48      H                  0.053
    49      H                  0.079
    50      H                  0.062
    51      H                  0.073
    52      H                  0.069
    53      H                  0.066
    54      H                  0.062
    55      H                  0.096
    56      H                  0.078
    57      H                  0.084
    58      H                  0.064
    59      H                  0.040
    60      H                  0.033
    61      H                  0.144
    62      H                  0.113
    63      H                  0.122
    64      H                  0.185
    65      H                  0.096
    66      H                  0.085
    67      H                  0.075
 Total Mulliken Charge =      -2.000
 
                  X        Y        Z     TOTAL  
  QM DIPOLE   -58.645   35.611  -65.646   94.957
 
 Final Structure

  QMMM: QM Region Cartesian Coordinates (*=link atom) 
  QMMM: QM_NO.   MM_NO.  ATOM         X         Y         Z
  QMMM:     1        1      C        2.2187   -0.0273    7.8833
  QMMM:     2        2      C        3.4918   -0.9195    9.7216
  QMMM:     3        3      C        3.0057   -0.7491    6.9952
  QMMM:     4        4      C        4.2785   -1.6380    8.8348
  QMMM:     5        5      C       -4.5319    8.9634   12.7453
  QMMM:     6        6      C       -3.1696    8.7601   12.6154
  QMMM:     7        7      C       -3.0236    7.8343   14.8712
  QMMM:     8        8      C        2.4534   -0.1091    9.2549
  QMMM:     9        9      C        4.0442   -1.5663    7.4557
  QMMM:    10       10      C       -5.1460    8.5942   13.9457
  QMMM:    11       11      C       -2.4131    8.1996   13.6682
  QMMM:    12       12      C       -4.3958    8.0262   15.0018
  QMMM:    13       13      C       -6.8358    8.2931   15.4405
  QMMM:    14       14      C       -0.2114    6.9405   13.8319
  QMMM:    15       15      C        1.9093    4.0797   11.9642
  QMMM:    16       16      C        5.6020   -4.4747    7.5779
  QMMM:    17       17      C        7.2371   -3.1328    6.0134
  QMMM:    18       18      C       -8.2672    7.9819   20.1440
  QMMM:    19       19      C        1.5956    0.6446   10.2153
  QMMM:    20       20      C        4.8665   -2.3293    6.4684
  QMMM:    21       21      C        1.1933    6.9319   13.2622
  QMMM:    22       22      C        1.3388    2.7354   11.5655
  QMMM:    23       23      C        2.2282    1.9804   10.5893
  QMMM:    24       24      C        2.0897    5.8149   13.7924
  QMMM:    25       25      C        6.0644   -3.0825    7.0419
  QMMM:    26       26      N       -6.5288    8.7335   14.2338
  QMMM:    27       27      N       -0.9863    8.1071   13.5040
  QMMM:    28       28      N        1.7555    4.4522   13.3413
  QMMM:    29       29      O       -0.6817    6.0840   14.5600
  QMMM:    30       30      O        2.5055    4.8464   11.2233
  QMMM:    31       31      O        5.7001   -4.6944    8.8204
  QMMM:    32       32      O        8.4185   -3.2234    6.4398
  QMMM:    33       33      O        5.0647   -5.3310    6.8341
  QMMM:    34       34      O        7.0310   -2.9885    4.7778
  QMMM:    35       35      S       -5.4340    7.6588   16.3608
  QMMM:    36       36      C       -8.1285    8.6196   18.7789
  QMMM:    37       37      C       -8.4423    7.6205   17.6804
  QMMM:    38       38      S       -8.4958    8.3399   16.0073
  QMMM:    39       39      H       -7.1006    9.0147   18.6483
  QMMM:    40       40      H       -8.8006    9.4971   18.6983
  QMMM:    41       41      H       -9.4561    7.1964   17.8245
  QMMM:    42       42      H       -7.7392    6.7661   17.7256
  QMMM:    43       43      H       -9.2870    7.6142   20.3197
  QMMM:    44       44      H       -7.5865    7.1286   20.2646
  QMMM:    45       45      H       -8.0360    8.7012   20.9399
  QMMM:    46       46      H        0.9324    4.0835   13.7687
  QMMM:    47       47      H       -0.6726    8.5582   12.6704
  QMMM:    48       48      H        6.4465   -2.5092    7.9285
  QMMM:    49       49      H        3.1353    6.0200   13.4845
  QMMM:    50       50      H        2.0771    5.7994   14.9003
  QMMM:    51       51      H        2.4050    2.5840    9.6773
  QMMM:    52       52      H        3.2292    1.8096   11.0327
  QMMM:    53       53      H        1.1540    2.1011   12.4577
  QMMM:    54       54      H        0.3419    2.9117   11.1116
  QMMM:    55       55      H        1.1357    6.8793   12.1537
  QMMM:    56       56      H        1.6794    7.9029   13.4914
  QMMM:    57       57      H        4.2025   -3.0466    5.9412
  QMMM:    58       58      H        5.2038   -1.6127    5.6893
  QMMM:    59       59      H        1.4292    0.0362   11.1274
  QMMM:    60       60      H        0.5898    0.8136    9.7796
  QMMM:    61       61      H       -2.4515    7.3943   15.6980
  QMMM:    62       62      H       -2.6818    9.0437   11.6736
  QMMM:    63       63      H       -5.1194    9.3975   11.9287
  QMMM:    64       64      H        5.1000   -2.3024    9.1762
  QMMM:    65       65      H        2.8131   -0.6850    5.9189
  QMMM:    66       66      H        3.6796   -0.9941   10.7979
  QMMM:    67       67      H        1.4083    0.6043    7.5057

           --------- Calculation Completed ----------

