
 -----------------------------------------------
      Restrained ESP Fit 2.3  Amber 4.1
 -----------------------------------------------
 Resp charges for organic molecule                                               
 -----------------------------------------------


 inopt       =     0   ioutopt     =     1
 nmol        =     1   iqopt       =     2
 ihfree      =     1   irstrnt     =     1
 iunits      =     0   qwt         =   0.00100000
 wtmol(1) =     1.000000
 subtitle:

Resp charges for organic molecule                                               
ich =  -2  iuniq =  60
    1    6  -99
    2    6  -99
    3    6  -99
    4    6  -99
    5    6  -99
    6    6  -99
    7    6  -99
    8    6  -99
    9    6  -99
   10    6  -99
   11    6  -99
   12    6  -99
   13    6  -99
   14    6  -99
   15    6  -99
   16    6  -99
   17    6  -99
   18    6    0
   19    6    0
   20    6    0
   21    6    0
   22    6    0
   23    6    0
   24    6    0
   25    6  -99
   26    7  -99
   27    7  -99
   28    7  -99
   29    8  -99
   30    8  -99
   31    8  -99
   32    8  -99
   33    8  -99
   34    8  -99
   35   16  -99
   36    1  -99
   37    1  -99
   38    1  -99
   39    1    0
   40    1   39
   41    1    0
   42    1   41
   43    1    0
   44    1   43
   45    1    0
   46    1   45
   47    1    0
   48    1   47
   49    1    0
   50    1   49
   51    1    0
   52    1   51
   53    1   51
   54    1  -99
   55    1  -99
   56    1  -99
   57    1  -99
   58    1  -99
   59    1  -99
   60    1  -99
 new q0 values to be read  60

  ----------------------------------------------------------------------------
     ATOM                       COORDINATES                         CHARGE
                       X             Y                Z
  ----------------------------------------------------------------------------
  ----------------------------------------------------------------------------


 Charge on the molecule(ich) =   -2
 Total number of atoms (iuniq)     =   60
 Weight factor on initial charge restraints(qwt)=     0.10000D-02


  there are  1 charge constraints:


     1       1
     2       1
     3       1
     4       1
     5       1
     6       1
     7       1
     8       1
     9       1
    10       1
    11       1
    12       1
    13       1
    14       1
    15       1
    16       1
    17       1
    18       1
    19       1
    20       1
    21       1
    22       1
    23       1
    24       1
    25       1
    26       1
    27       1
    28       1
    29       1
    30       1
    31       1
    32       1
    33       1
    34       1
    35       1
    36       1
    37       1
    38       1
    39       1
    40       1
    41       1
    42       1
    43       1
    44       1
    45       1
    46       1
    47       1
    48       1
    49       1
    50       1
    51       1
    52       1
    53       1
    54       1
    55       1
    56       1
    57       1
    58       1
    59       1
    60       1

 Reading esp"s for molecule   1
 total number of atoms      =    60
 total number of esp points = 14061


 center     X       Y       Z 
    1   0.5484563E+01  -0.9828843E+00  -0.3848435E+01
    2   0.9202365E+01  -0.1367621E+01  -0.1371618E+01
    3   0.4971232E+01   0.1353424E+01  -0.2757757E+01
    4   0.8691375E+01   0.9462803E+00  -0.2819263E+00
    5  -0.7598938E+01   0.2728492E+01  -0.1569501E+01
    6  -0.5233660E+01   0.2398701E+01  -0.5555379E+00
    7  -0.6509112E+01  -0.1571358E+01   0.1350890E+01
    8   0.7586906E+01  -0.2394419E+01  -0.3180386E+01
    9   0.6559539E+01   0.2370004E+01  -0.9282107E+00
   10  -0.9468914E+01   0.9185580E+00  -0.1148859E+01
   11  -0.4671758E+01   0.2507156E+00   0.9224263E+00
   12  -0.8879545E+01  -0.1190559E+01   0.2915847E+00
   13  -0.1320350E+02  -0.9021231E+00  -0.1391475E+01
   14  -0.1041821E+01  -0.1935522E+01   0.2794453E+01
   15   0.5689277E+01  -0.6354636E+01   0.1427091E+01
   16   0.1349349E+01   0.5263688E+01  -0.1245046E+00
   17   0.4083804E+01   0.9237674E+01   0.7521487E+00
   18  -0.1591715E+02  -0.1320862E+01  -0.2092206E+01
   19   0.8123796E+01  -0.4930790E+01  -0.4401569E+01
   20   0.6113046E+01   0.4876136E+01   0.4118563E+00
   21   0.1591089E+01  -0.1438233E+01   0.3839483E+01
   22   0.5733678E+01  -0.7685117E+01  -0.1129895E+01
   23   0.8179354E+01  -0.7231602E+01  -0.2624423E+01
   24   0.3053234E+01  -0.3863586E+01   0.4358583E+01
   25   0.3927926E+01   0.6541564E+01  -0.4943296E+00
   26  -0.1193609E+02   0.1008779E+01  -0.2067398E+01
   27  -0.2236043E+01   0.1379405E+00   0.1946911E+01
   28   0.3487725E+01  -0.5278836E+01   0.2051619E+01
   29  -0.1914013E+01  -0.4062882E+01   0.2775450E+01
   30   0.7520985E+01  -0.6407131E+01   0.2791686E+01
   31  -0.1332805E+00   0.5236491E+01  -0.1928231E+01
   32   0.6244564E+01   0.9978832E+01   0.1270686E+01
   33   0.9838121E+00   0.4176380E+01   0.1953963E+01
   34   0.2069600E+01   0.1037043E+02   0.9918510E+00
   35  -0.1156794E+02  -0.3124002E+01   0.4791192E+00
   36   0.2025336E+01  -0.5425866E+01   0.8825927E+00
   37  -0.1182097E+01   0.1784362E+01   0.1880727E+01
   38   0.4131001E+01   0.6881161E+01  -0.2513717E+01
   39   0.4880518E+01  -0.3410859E+01   0.5144118E+01
   40   0.2042250E+01  -0.5027824E+01   0.5709429E+01
   41   0.9722676E+01  -0.7075975E+01  -0.1289528E+01
   42   0.8563528E+01  -0.8892622E+01  -0.3777201E+01
   43   0.5575270E+01  -0.9688975E+01  -0.6976736E+00
   44   0.4092249E+01  -0.7184878E+01  -0.2253859E+01
   45   0.2612675E+01  -0.2014694E+00   0.2575953E+01
   46   0.1372495E+01  -0.3779584E+00   0.5584741E+01
   47   0.5818874E+01   0.4473450E+01   0.2401727E+01
   48   0.7822190E+01   0.5993642E+01   0.2981345E+00
   49   0.9937561E+01  -0.4858072E+01  -0.5374795E+01
   50   0.6714920E+01  -0.5268911E+01  -0.5859827E+01
   51  -0.1614756E+02  -0.3057847E+01  -0.3160975E+01
   52  -0.1710200E+02  -0.1453303E+01  -0.4215544E+00
   53  -0.1654889E+02   0.2530362E+00  -0.3234015E+01
   54  -0.6090078E+01  -0.3219218E+01   0.2440437E+01
   55  -0.3739709E+01   0.3738001E+01  -0.9214606E+00
   56  -0.8012833E+01   0.4364213E+01  -0.2700095E+01
   57   0.9966950E+01   0.1681448E+01   0.1125037E+01
   58   0.3299584E+01   0.2359786E+01  -0.3314298E+01
   59   0.1085781E+02  -0.2400360E+01  -0.7880630E+00
   60   0.4195086E+01  -0.1708626E+01  -0.5250196E+01
 Initial ssvpot =   419.367


 Number of unique UNfrozen centers=   14

 Non-linear optimization requested.
 qchnge =    0.5110227471E-01
 qchnge =    0.1081983178E-02
 qchnge =    0.1020760484E-03
 qchnge =    0.1046311329E-04
 qchnge =    0.1080506486E-05
 qchnge =    0.1116195038E-06

 Convergence in    5 iterations


Resp charges for organic molecule                                               

          Point Charges Before & After Optimization

    no.  At.no.    q(init)       q(opt)     ivary    d(rstr)/dq
    1   6      -0.298769      -0.298769    -99       0.003174
    2   6      -0.298769      -0.298769    -99       0.003174
    3   6      -0.129834      -0.129834    -99       0.006102
    4   6      -0.129834      -0.129834    -99       0.006102
    5   6      -0.298127      -0.298127    -99       0.003180
    6   6      -0.279772      -0.279772    -99       0.003366
    7   6      -0.389925      -0.389925    -99       0.002484
    8   6       0.126277       0.126277    -99       0.006208
    9   6       0.075633       0.075633    -99       0.007976
   10   6       0.401886       0.401886    -99       0.002415
   11   6       0.358397       0.358397    -99       0.002688
   12   6      -0.025414      -0.025414    -99       0.009692
   13   6       0.415090       0.415090    -99       0.002342
   14   6       0.769762       0.769762    -99       0.001288
   15   6       0.769343       0.769343    -99       0.001289
   16   6       0.801630       0.801630    -99       0.001238
   17   6       0.801630       0.801630    -99       0.001238
   18   6      -0.196615      -0.184705      0       0.004761
   19   6      -0.122241      -0.049072      0       0.008977
   20   6      -0.078862      -0.068552      0       0.008248
   21   6      -0.218544      -0.292054      0       0.003239
   22   6      -0.363057      -0.299897      0       0.003163
   23   6       0.217747       0.402164      0       0.002413
   24   6       0.101049       0.202717      0       0.004424
   25   6       0.039235       0.039235    -99       0.009309
   26   7      -0.608568      -0.608568    -99       0.001621
   27   7      -0.630222      -0.630222    -99       0.001567
   28   7      -0.615689      -0.615689    -99       0.001603
   29   8      -0.691208      -0.691208    -99       0.001432
   30   8      -0.648958      -0.648958    -99       0.001523
   31   8      -0.820072      -0.820072    -99       0.001210
   32   8      -0.820072      -0.820072    -99       0.001210
   33   8      -0.820072      -0.820072    -99       0.001210
   34   8      -0.820072      -0.820072    -99       0.001210
   35  16      -0.232040      -0.232040    -99       0.003958
   36   1       0.334163       0.334163    -99       0.000000
   37   1       0.369725       0.369725    -99       0.000000
   38   1      -0.041585      -0.041585    -99       0.000000
   39   1       0.071126       0.004726      0       0.000000
   40   1       0.017098       0.004726     39       0.000000
   41   1      -0.025115      -0.107772      0       0.000000
   42   1      -0.048144      -0.107772     41       0.000000
   43   1       0.072748       0.041829      0       0.000000
   44   1       0.090164       0.041829     43       0.000000
   45   1       0.163634       0.126624      0       0.000000
   46   1       0.063783       0.126624     45       0.000000
   47   1       0.018506       0.012769      0       0.000000
   48   1       0.010651       0.012769     47       0.000000
   49   1       0.011297      -0.023122      0       0.000000
   50   1       0.023455      -0.023122     49       0.000000
   51   1       0.064722       0.060222      0       0.000000
   52   1       0.061350       0.060222     51       0.000000
   53   1       0.066624       0.060222     51       0.000000
   54   1       0.294103       0.294103    -99       0.000000
   55   1       0.306485       0.306485    -99       0.000000
   56   1       0.176960       0.176960    -99       0.000000
   57   1       0.121933       0.121933    -99       0.000000
   58   1       0.121933       0.121933    -99       0.000000
   59   1       0.156721       0.156721    -99       0.000000
   60   1       0.156721       0.156721    -99       0.000000

 Sum over the calculated charges:     -2.000

        Statistics of the fitting:
  The initial sum of squares (ssvpot)                    419.367
  The residual sum of squares (chipot)                     0.065
  The std err of estimate (sqrt(chipot/N))               0.00214
  ESP relative RMS (SQRT(chipot/ssvpot))                 0.01241

 Center of Mass (Angst.):

 X  =   0.00000      Y  =   0.00000      Z  =   0.00000

 Dipole (Debye):

 X  =  -9.29433      Y  = -24.30405      Z  =  -3.82359

 Dipole Moment (Debye)=  26.30003

 Quadrupole (Debye*Angst.):

 Qxx =   3.10551     QYY =-236.96087     QZZ = 233.85536
 Qxy = 165.91276     QXZ = 229.24222     QYZ = 264.72478
