
 -----------------------------------------------
      Restrained ESP Fit 2.3  Amber 4.1
 -----------------------------------------------
 Resp charges for organic molecule                                               
 -----------------------------------------------


 inopt       =     0   ioutopt     =     1
 nmol        =     1   iqopt       =     0
 ihfree      =     1   irstrnt     =     1
 iunits      =     0   qwt         =   0.00050000
 wtmol(1) =     1.000000
 subtitle:

Resp charges for organic molecule                                               
ich =   0  iuniq =  40
    1    6    0
    2    6    0
    3    6    0
    4    6    0
    5    6    0
    6    6    0
    7    6    0
    8    6    0
    9    6    0
   10    6    0
   11    6    0
   12    6    0
   13    6    0
   14    6    0
   15    7    0
   16    7    0
   17    7    0
   18    7    0
   19    8    0
   20   16    0
   21   16    0
   22    8    0
   23    1    0
   24    1    0
   25    1    0
   26    1   25
   27    1    0
   28    1    0
   29    1    0
   30    1    0
   31    1    0
   32    1    0
   33    1    0
   34    1    0
   35    1    0
   36    1    0
   37    1    0
   38    1    0
   39    1    0
   40    1    0

  ----------------------------------------------------------------------------
     ATOM                       COORDINATES                         CHARGE
                       X             Y                Z
  ----------------------------------------------------------------------------
  ----------------------------------------------------------------------------


 Charge on the molecule(ich) =    0
 Total number of atoms (iuniq)     =   40
 Weight factor on initial charge restraints(qwt)=     0.50000D-03


  there are  1 charge constraints:


     1       1
     2       1
     3       1
     4       1
     5       1
     6       1
     7       1
     8       1
     9       1
    10       1
    11       1
    12       1
    13       1
    14       1
    15       1
    16       1
    17       1
    18       1
    19       1
    20       1
    21       1
    22       1
    23       1
    24       1
    25       1
    26       1
    27       1
    28       1
    29       1
    30       1
    31       1
    32       1
    33       1
    34       1
    35       1
    36       1
    37       1
    38       1
    39       1
    40       1

 Reading esp"s for molecule   1
 total number of atoms      =    40
 total number of esp points = 11323


 center     X       Y       Z 
    1  -0.1780018E+01   0.5397577E+01   0.1884208E+00
    2   0.7177652E+00   0.4993841E+01   0.7658398E+00
    3   0.2059990E+00   0.4650011E+00   0.4731496E+00
    4  -0.3334268E+01   0.3326239E+01  -0.2645881E+00
    5   0.1729184E+01   0.2544440E+01   0.9138772E+00
    6  -0.2311059E+01   0.9147899E+00  -0.1194382E+00
    7  -0.6813131E+01   0.1258947E+01  -0.1144350E+01
    8  -0.1198744E+02  -0.5262787E+01   0.2491823E+01
    9  -0.1122034E+02  -0.2567501E+01   0.1787622E+01
   10   0.5801491E+01   0.2817109E+00   0.1724547E+01
   11   0.1196991E+02  -0.1699289E+01  -0.1744151E+01
   12  -0.1079304E+02  -0.2294050E+01  -0.1055172E+01
   13   0.8519801E+01   0.8613995E+00   0.2451341E+01
   14   0.1017909E+02  -0.1498409E+01   0.2487078E+01
   15  -0.5887347E+01   0.3443623E+01  -0.8372355E+00
   16   0.1177543E+02  -0.2817827E+01  -0.4076961E+01
   17   0.4313294E+01   0.2367624E+01   0.1531621E+01
   18   0.1042200E+02  -0.2711129E+01   0.4960531E-01
   19   0.5065027E+01  -0.1838887E+01   0.1375634E+01
   20  -0.4682650E+01  -0.1286155E+01  -0.7762560E+00
   21  -0.9980917E+01   0.8823074E+00  -0.2103494E+01
   22   0.1337391E+02   0.4443124E-01  -0.1345697E+01
   23   0.8889258E+01  -0.3632169E+01  -0.5388478E+00
   24   0.5167335E+01   0.4014751E+01   0.1835024E+01
   25   0.1126979E+02  -0.4629016E+01  -0.4154207E+01
   26   0.1315819E+02  -0.2336361E+01  -0.5259761E+01
   27  -0.9514326E+01  -0.2050863E+01   0.2799854E+01
   28  -0.1267615E+02  -0.1247045E+01   0.2372111E+01
   29   0.1204600E+02  -0.9869547E+00   0.3130380E+01
   30   0.9407944E+01  -0.2872234E+01   0.3787776E+01
   31   0.9308002E+01   0.2235844E+01   0.1149464E+01
   32   0.8516307E+01   0.1732399E+01   0.4314129E+01
   33  -0.1252511E+02  -0.2697121E+01  -0.2072769E+01
   34  -0.9396778E+01  -0.3626482E+01  -0.1737134E+01
   35  -0.1371949E+02  -0.5818786E+01   0.1540737E+01
   36  -0.1052777E+02  -0.6611289E+01   0.1979274E+01
   37  -0.1230447E+02  -0.5423595E+01   0.4510999E+01
   38   0.9527639E+00  -0.1407355E+01   0.5792728E+00
   39   0.1928809E+01   0.6590673E+01   0.1112809E+01
   40  -0.2541969E+01   0.7275303E+01   0.8219174E-01
 Initial ssvpot =     3.022


 Number of unique UNfrozen centers=   39

 Non-linear optimization requested.
 qchnge =    0.6726673109E-01
 qchnge =    0.2221783223E-02
 qchnge =    0.3398620775E-03
 qchnge =    0.6592239611E-04
 qchnge =    0.1396915407E-04
 qchnge =    0.3077295842E-05
 qchnge =    0.6905432106E-06

 Convergence in    6 iterations


Resp charges for organic molecule                                               

          Point Charges Before & After Optimization

    no.  At.no.    q(init)       q(opt)     ivary    d(rstr)/dq
    1   6       0.000000      -0.300814      0       0.001577
    2   6       0.000000      -0.271691      0       0.001727
    3   6       0.000000      -0.330054      0       0.001450
    4   6       0.000000       0.456896      0       0.001069
    5   6       0.000000       0.297638      0       0.001592
    6   6       0.000000      -0.063260      0       0.004226
    7   6       0.000000       0.331585      0       0.001444
    8   6       0.000000      -0.337727      0       0.001420
    9   6       0.000000       0.292545      0       0.001617
   10   6       0.000000       0.825119      0       0.000602
   11   6       0.000000       1.034482      0       0.000481
   12   6       0.000000      -0.197768      0       0.002256
   13   6       0.000000      -0.195424      0       0.002278
   14   6       0.000000       0.094790      0       0.003629
   15   7       0.000000      -0.518988      0       0.000946
   16   7       0.000000      -1.050561      0       0.000474
   17   7       0.000000      -0.648756      0       0.000762
   18   7       0.000000      -0.818453      0       0.000606
   19   8       0.000000      -0.637760      0       0.000775
   20  16       0.000000      -0.071061      0       0.004076
   21  16       0.000000      -0.203618      0       0.002204
   22   8       0.000000      -0.656750      0       0.000753
   23   1       0.000000       0.418290      0       0.000000
   24   1       0.000000       0.322950      0       0.000000
   25   1       0.000000       0.415568      0       0.000000
   26   1       0.000000       0.415568     25       0.000000
   27   1       0.000000      -0.043169      0       0.000000
   28   1       0.000000      -0.019484      0       0.000000
   29   1       0.000000       0.091381      0       0.000000
   30   1       0.000000       0.065117      0       0.000000
   31   1       0.000000       0.098009      0       0.000000
   32   1       0.000000       0.043040      0       0.000000
   33   1       0.000000       0.170122      0       0.000000
   34   1       0.000000       0.077334      0       0.000000
   35   1       0.000000       0.061632      0       0.000000
   36   1       0.000000       0.086709      0       0.000000
   37   1       0.000000       0.084372      0       0.000000
   38   1       0.000000       0.297100      0       0.000000
   39   1       0.000000       0.189172      0       0.000000
   40   1       0.000000       0.195919      0       0.000000

 Sum over the calculated charges:     -0.000

        Statistics of the fitting:
  The initial sum of squares (ssvpot)                      3.022
  The residual sum of squares (chipot)                     0.053
  The std err of estimate (sqrt(chipot/N))               0.00217
  ESP relative RMS (SQRT(chipot/ssvpot))                 0.13262

 Center of Mass (Angst.):

 X  =   0.00000      Y  =   0.00000      Z  =   0.00000

 Dipole (Debye):

 X  =  -0.22099      Y  =  -2.04494      Z  =   1.20741

 Dipole Moment (Debye)=   2.38505

 Quadrupole (Debye*Angst.):

 Qxx = -36.63292     QYY =  29.47685     QZZ =   7.15607
 Qxy =  -2.80859     QXZ = -30.76358     QYZ =  10.72739
