
 -----------------------------------------------
      Restrained ESP Fit 2.3  Amber 4.1
 -----------------------------------------------
 Resp charges for organic molecule                                               
 -----------------------------------------------


 inopt       =     0   ioutopt     =     1
 nmol        =     1   iqopt       =     2
 ihfree      =     1   irstrnt     =     1
 iunits      =     0   qwt         =   0.00100000
 wtmol(1) =     1.000000
 subtitle:

Resp charges for organic molecule                                               
ich =   0  iuniq =  40
    1    6  -99
    2    6  -99
    3    6  -99
    4    6  -99
    5    6  -99
    6    6  -99
    7    6  -99
    8    6    0
    9    6    0
   10    6  -99
   11    6  -99
   12    6    0
   13    6    0
   14    6    0
   15    7  -99
   16    7  -99
   17    7  -99
   18    7  -99
   19    8  -99
   20   16  -99
   21   16  -99
   22    8  -99
   23    1  -99
   24    1  -99
   25    1  -99
   26    1  -99
   27    1    0
   28    1   27
   29    1    0
   30    1   29
   31    1    0
   32    1   31
   33    1    0
   34    1   33
   35    1    0
   36    1   35
   37    1   35
   38    1  -99
   39    1  -99
   40    1  -99
 new q0 values to be read  40

  ----------------------------------------------------------------------------
     ATOM                       COORDINATES                         CHARGE
                       X             Y                Z
  ----------------------------------------------------------------------------
  ----------------------------------------------------------------------------


 Charge on the molecule(ich) =    0
 Total number of atoms (iuniq)     =   40
 Weight factor on initial charge restraints(qwt)=     0.10000D-02


  there are  1 charge constraints:


     1       1
     2       1
     3       1
     4       1
     5       1
     6       1
     7       1
     8       1
     9       1
    10       1
    11       1
    12       1
    13       1
    14       1
    15       1
    16       1
    17       1
    18       1
    19       1
    20       1
    21       1
    22       1
    23       1
    24       1
    25       1
    26       1
    27       1
    28       1
    29       1
    30       1
    31       1
    32       1
    33       1
    34       1
    35       1
    36       1
    37       1
    38       1
    39       1
    40       1

 Reading esp"s for molecule   1
 total number of atoms      =    40
 total number of esp points = 11323


 center     X       Y       Z 
    1  -0.1780018E+01   0.5397577E+01   0.1884208E+00
    2   0.7177652E+00   0.4993841E+01   0.7658398E+00
    3   0.2059990E+00   0.4650011E+00   0.4731496E+00
    4  -0.3334268E+01   0.3326239E+01  -0.2645881E+00
    5   0.1729184E+01   0.2544440E+01   0.9138772E+00
    6  -0.2311059E+01   0.9147899E+00  -0.1194382E+00
    7  -0.6813131E+01   0.1258947E+01  -0.1144350E+01
    8  -0.1198744E+02  -0.5262787E+01   0.2491823E+01
    9  -0.1122034E+02  -0.2567501E+01   0.1787622E+01
   10   0.5801491E+01   0.2817109E+00   0.1724547E+01
   11   0.1196991E+02  -0.1699289E+01  -0.1744151E+01
   12  -0.1079304E+02  -0.2294050E+01  -0.1055172E+01
   13   0.8519801E+01   0.8613995E+00   0.2451341E+01
   14   0.1017909E+02  -0.1498409E+01   0.2487078E+01
   15  -0.5887347E+01   0.3443623E+01  -0.8372355E+00
   16   0.1177543E+02  -0.2817827E+01  -0.4076961E+01
   17   0.4313294E+01   0.2367624E+01   0.1531621E+01
   18   0.1042200E+02  -0.2711129E+01   0.4960531E-01
   19   0.5065027E+01  -0.1838887E+01   0.1375634E+01
   20  -0.4682650E+01  -0.1286155E+01  -0.7762560E+00
   21  -0.9980917E+01   0.8823074E+00  -0.2103494E+01
   22   0.1337391E+02   0.4443124E-01  -0.1345697E+01
   23   0.8889258E+01  -0.3632169E+01  -0.5388478E+00
   24   0.5167335E+01   0.4014751E+01   0.1835024E+01
   25   0.1126979E+02  -0.4629016E+01  -0.4154207E+01
   26   0.1315819E+02  -0.2336361E+01  -0.5259761E+01
   27  -0.9514326E+01  -0.2050863E+01   0.2799854E+01
   28  -0.1267615E+02  -0.1247045E+01   0.2372111E+01
   29   0.1204600E+02  -0.9869547E+00   0.3130380E+01
   30   0.9407944E+01  -0.2872234E+01   0.3787776E+01
   31   0.9308002E+01   0.2235844E+01   0.1149464E+01
   32   0.8516307E+01   0.1732399E+01   0.4314129E+01
   33  -0.1252511E+02  -0.2697121E+01  -0.2072769E+01
   34  -0.9396778E+01  -0.3626482E+01  -0.1737134E+01
   35  -0.1371949E+02  -0.5818786E+01   0.1540737E+01
   36  -0.1052777E+02  -0.6611289E+01   0.1979274E+01
   37  -0.1230447E+02  -0.5423595E+01   0.4510999E+01
   38   0.9527639E+00  -0.1407355E+01   0.5792728E+00
   39   0.1928809E+01   0.6590673E+01   0.1112809E+01
   40  -0.2541969E+01   0.7275303E+01   0.8219174E-01
 Initial ssvpot =     3.022


 Number of unique UNfrozen centers=   10

 Non-linear optimization requested.
 qchnge =    0.6671336338E-01
 qchnge =    0.1962919217E-02
 qchnge =    0.2449698865E-03
 qchnge =    0.3463006538E-04
 qchnge =    0.4974548850E-05
 qchnge =    0.7161725701E-06

 Convergence in    5 iterations


Resp charges for organic molecule                                               

          Point Charges Before & After Optimization

    no.  At.no.    q(init)       q(opt)     ivary    d(rstr)/dq
    1   6      -0.300814      -0.300814    -99       0.003155
    2   6      -0.271691      -0.271691    -99       0.003454
    3   6      -0.330054      -0.330054    -99       0.002900
    4   6       0.456896       0.456896    -99       0.002138
    5   6       0.297638       0.297638    -99       0.003185
    6   6      -0.063260      -0.063260    -99       0.008451
    7   6       0.331585       0.331585    -99       0.002887
    8   6      -0.337727      -0.325042      0       0.002940
    9   6       0.292545       0.286245      0       0.003298
   10   6       0.825119       0.825119    -99       0.001203
   11   6       1.034482       1.034482    -99       0.000962
   12   6      -0.197768      -0.166706      0       0.005144
   13   6      -0.195424      -0.337860      0       0.002838
   14   6       0.094790       0.219140      0       0.004151
   15   7      -0.518988      -0.518988    -99       0.001892
   16   7      -1.050561      -1.050561    -99       0.000948
   17   7      -0.648756      -0.648756    -99       0.001523
   18   7      -0.818453      -0.818453    -99       0.001213
   19   8      -0.637760      -0.637760    -99       0.001549
   20  16      -0.071061      -0.071061    -99       0.008151
   21  16      -0.203618      -0.203618    -99       0.004408
   22   8      -0.656750      -0.656750    -99       0.001505
   23   1       0.418290       0.418290    -99       0.000000
   24   1       0.322950       0.322950    -99       0.000000
   25   1       0.415568       0.415568    -99       0.000000
   26   1       0.415568       0.415568    -99       0.000000
   27   1      -0.043169      -0.030496      0       0.000000
   28   1      -0.019484      -0.030496     27       0.000000
   29   1       0.091381       0.040531      0       0.000000
   30   1       0.065117       0.040531     29       0.000000
   31   1       0.098009       0.114823      0       0.000000
   32   1       0.043040       0.114823     31       0.000000
   33   1       0.170122       0.113056      0       0.000000
   34   1       0.077334       0.113056     33       0.000000
   35   1       0.061632       0.073291      0       0.000000
   36   1       0.086709       0.073291     35       0.000000
   37   1       0.084372       0.073291     35       0.000000
   38   1       0.297100       0.297100    -99       0.000000
   39   1       0.189172       0.189172    -99       0.000000
   40   1       0.195919       0.195919    -99       0.000000

 Sum over the calculated charges:     -0.000

        Statistics of the fitting:
  The initial sum of squares (ssvpot)                      3.022
  The residual sum of squares (chipot)                     0.080
  The std err of estimate (sqrt(chipot/N))               0.00265
  ESP relative RMS (SQRT(chipot/ssvpot))                 0.16246

 Center of Mass (Angst.):

 X  =   0.00000      Y  =   0.00000      Z  =   0.00000

 Dipole (Debye):

 X  =  -0.02944      Y  =  -2.18484      Z  =   1.28719

 Dipole Moment (Debye)=   2.53599

 Quadrupole (Debye*Angst.):

 Qxx = -45.52118     QYY =  34.13036     QZZ =  11.39082
 Qxy =  -0.26629     QXZ = -27.02084     QYZ =  15.86013
