
 -----------------------------------------------
      Restrained ESP Fit 2.3  Amber 4.1
 -----------------------------------------------
 Resp charges for organic molecule                                               
 -----------------------------------------------


 inopt       =     0   ioutopt     =     1
 nmol        =     1   iqopt       =     0
 ihfree      =     1   irstrnt     =     1
 iunits      =     0   qwt         =   0.00050000
 wtmol(1) =     1.000000
 subtitle:

Resp charges for organic molecule                                               
ich =   0  iuniq =  39
    1    6    0
    2    6    0
    3    6    0
    4    6    0
    5    6    0
    6    6    0
    7    6    0
    8    6    0
    9    6    0
   10    6    0
   11    6    0
   12    6    0
   13    6    0
   14    6    0
   15    7    0
   16    7    0
   17    7    0
   18    7    0
   19    8    0
   20    8    0
   21   16    0
   22    1    0
   23    1    0
   24    1    0
   25    1    0
   26    1    0
   27    1    0
   28    1    0
   29    1    0
   30    1    0
   31    1    0
   32    1    0
   33    1    0
   34    1    0
   35    1    0
   36    1    0
   37    1    0
   38    1    0
   39    1    0

  ----------------------------------------------------------------------------
     ATOM                       COORDINATES                         CHARGE
                       X             Y                Z
  ----------------------------------------------------------------------------
  ----------------------------------------------------------------------------


 Charge on the molecule(ich) =    0
 Total number of atoms (iuniq)     =   39
 Weight factor on initial charge restraints(qwt)=     0.50000D-03


  there are  1 charge constraints:


     1       1
     2       1
     3       1
     4       1
     5       1
     6       1
     7       1
     8       1
     9       1
    10       1
    11       1
    12       1
    13       1
    14       1
    15       1
    16       1
    17       1
    18       1
    19       1
    20       1
    21       1
    22       1
    23       1
    24       1
    25       1
    26       1
    27       1
    28       1
    29       1
    30       1
    31       1
    32       1
    33       1
    34       1
    35       1
    36       1
    37       1
    38       1
    39       1

 Reading esp"s for molecule   1
 total number of atoms      =    39
 total number of esp points = 10745


 center     X       Y       Z 
    1   0.9705208E+01   0.4981403E+01   0.3184175E+01
    2  -0.6075274E+01  -0.1697167E+01   0.3691083E+01
    3  -0.3623848E+01  -0.2498494E+01   0.3398204E+01
    4   0.1081421E+02   0.4226160E+01   0.6359476E+00
    5  -0.3374909E+01  -0.6706808E+00  -0.7797425E+00
    6  -0.7222844E+01  -0.3586587E+00   0.1741677E+01
    7  -0.2259232E+01  -0.1997745E+01   0.1177747E+01
    8  -0.5853931E+01   0.1261506E+00  -0.4453914E+00
    9  -0.1021056E+02   0.1708552E+01  -0.2609674E+00
   10   0.2022464E+01  -0.2624695E+01  -0.7329548E+00
   11   0.8766643E+01   0.2768108E+00  -0.6584826E+00
   12  -0.1271785E+02   0.2911822E+01  -0.7907180E+00
   13   0.4513244E+01  -0.3926372E+01  -0.1366725E+00
   14   0.6522104E+01  -0.3453125E+01  -0.2153526E+01
   15  -0.9676990E+01   0.5657254E+00   0.1774279E+01
   16   0.9038987E+01   0.2820412E+01  -0.9206405E+00
   17   0.2356110E+00  -0.2925878E+01   0.1089514E+01
   18   0.7229133E+01  -0.8271557E+00  -0.2418813E+01
   19   0.1691144E+01  -0.1455446E+01  -0.2652438E+01
   20   0.9805021E+01  -0.9105304E+00   0.9891733E+00
   21  -0.7769724E+01   0.1820966E+01  -0.2530060E+01
   22   0.5933649E+01   0.2550714E+00  -0.3251206E+01
   23   0.7655790E+00  -0.3910202E+01   0.2600962E+01
   24   0.8491093E+01   0.3596706E+01  -0.2540493E+01
   25   0.8196263E+01  -0.4518352E+01  -0.1681712E+01
   26   0.5846482E+01  -0.4097276E+01  -0.3971301E+01
   27   0.5206925E+01  -0.3288834E+01   0.1684827E+01
   28   0.4161817E+01  -0.5945768E+01   0.2913013E-01
   29  -0.1250620E+02   0.4921661E+01  -0.1135190E+01
   30  -0.1359435E+02   0.2077130E+01  -0.2445394E+01
   31  -0.1393532E+02   0.2632987E+01   0.8258197E+00
   32  -0.2355997E+01  -0.2775025E+00  -0.2477393E+01
   33   0.1250121E+02   0.3104306E+01   0.9123559E+00
   34   0.1134761E+02   0.5897410E+01  -0.4216111E+00
   35  -0.2726931E+01  -0.3530796E+01   0.4903960E+01
   36  -0.7107462E+01  -0.2086766E+01   0.5394555E+01
   37   0.8032322E+01   0.6142269E+01   0.2938068E+01
   38   0.9191092E+01   0.3315182E+01   0.4255661E+01
   39   0.1107870E+02   0.6049601E+01   0.4273428E+01
 Initial ssvpot =     2.475


 Number of unique UNfrozen centers=   39

 Non-linear optimization requested.
 qchnge =    0.6607978636E-01
 qchnge =    0.2371858925E-02
 qchnge =    0.3705951653E-03
 qchnge =    0.7787217300E-04
 qchnge =    0.1826095638E-04
 qchnge =    0.4479446661E-05
 qchnge =    0.1121776077E-05
 qchnge =    0.2837258215E-06

 Convergence in    7 iterations


Resp charges for organic molecule                                               

          Point Charges Before & After Optimization

    no.  At.no.    q(init)       q(opt)     ivary    d(rstr)/dq
    1   6       0.000000      -0.224293      0       0.002036
    2   6       0.000000      -0.263995      0       0.001771
    3   6       0.000000      -0.276288      0       0.001702
    4   6       0.000000       0.313688      0       0.001519
    5   6       0.000000      -0.268575      0       0.001745
    6   6       0.000000       0.456193      0       0.001071
    7   6       0.000000       0.253667      0       0.001834
    8   6       0.000000      -0.100092      0       0.003534
    9   6       0.000000       0.443995      0       0.001099
   10   6       0.000000       0.794060      0       0.000625
   11   6       0.000000       1.019454      0       0.000488
   12   6       0.000000      -0.234607      0       0.001961
   13   6       0.000000      -0.231351      0       0.001984
   14   6       0.000000       0.151703      0       0.002752
   15   7       0.000000      -0.625277      0       0.000790
   16   7       0.000000      -0.834376      0       0.000595
   17   7       0.000000      -0.624966      0       0.000790
   18   7       0.000000      -0.853251      0       0.000582
   19   8       0.000000      -0.627591      0       0.000787
   20   8       0.000000      -0.627740      0       0.000787
   21  16       0.000000      -0.146455      0       0.002819
   22   1       0.000000       0.401298      0       0.000000
   23   1       0.000000       0.335294      0       0.000000
   24   1       0.000000       0.382106      0       0.000000
   25   1       0.000000       0.070404      0       0.000000
   26   1       0.000000       0.062357      0       0.000000
   27   1       0.000000       0.089875      0       0.000000
   28   1       0.000000       0.053589      0       0.000000
   29   1       0.000000       0.090097      0       0.000000
   30   1       0.000000       0.089390      0       0.000000
   31   1       0.000000       0.091577      0       0.000000
   32   1       0.000000       0.290530      0       0.000000
   33   1       0.000000      -0.002689      0       0.000000
   34   1       0.000000       0.009340      0       0.000000
   35   1       0.000000       0.180553      0       0.000000
   36   1       0.000000       0.188996      0       0.000000
   37   1       0.000000       0.057623      0       0.000000
   38   1       0.000000       0.075723      0       0.000000
   39   1       0.000000       0.040032      0       0.000000

 Sum over the calculated charges:     -0.000

        Statistics of the fitting:
  The initial sum of squares (ssvpot)                      2.475
  The residual sum of squares (chipot)                     0.037
  The std err of estimate (sqrt(chipot/N))               0.00186
  ESP relative RMS (SQRT(chipot/ssvpot))                 0.12224

 Center of Mass (Angst.):

 X  =   0.00000      Y  =   0.00000      Z  =   0.00000

 Dipole (Debye):

 X  =  -1.14424      Y  =   0.44967      Z  =  -0.31446

 Dipole Moment (Debye)=   1.26900

 Quadrupole (Debye*Angst.):

 Qxx = -27.12009     QYY =  29.62518     QZZ =  -2.50508
 Qxy = -11.50325     QXZ = -32.30131     QYZ = -44.22396
