            --------------------------------------------------------
                             AMBER SQM VERSION 14
 
                                     By
              Ross C. Walker, Michael F. Crowley, Scott Brozell,
                         Tim Giese, Andreas W. Goetz,
                        Tai-Sung Lee and David A. Case
 
            --------------------------------------------------------
 

--------------------------------------------------------------------------------
  QM CALCULATION INFO
--------------------------------------------------------------------------------

| QMMM: Citation for AMBER QMMM Run:
| QMMM: R.C. Walker, M.F. Crowley and D.A. Case, J. COMP. CHEM. 29:1019, 2008

QMMM: SINGLET STATE CALCULATION
QMMM: RHF CALCULATION, NO. OF DOUBLY OCCUPIED LEVELS =101

| QMMM: *** Selected Hamiltonian *** 
| QMMM: PM3         

| QMMM: *** Parameter sets in use ***
| QMMM: C : J.J.P.STEWART, JCC, 10, 209 (1989)
| QMMM: N : J.J.P.STEWART, JCC, 10, 209 (1989)
| QMMM: O : J.J.P.STEWART, JCC, 10, 209 (1989)
| QMMM: S : J.J.P.STEWART, JCC, 10, 209 (1989)
| QMMM: H : J.J.P.STEWART, JCC, 10, 209 (1989)

| QMMM: *** SCF convergence criteria ***
| QMMM: Energy change                :  0.1D-08 kcal/mol
| QMMM: Error matrix |FP-PF|         :  0.1D+00 au
| QMMM: Density matrix change        :  0.2D-05
| QMMM: Maximum number of SCF cycles :     1000

| QMMM: *** Diagonalization Routine Information ***
| QMMM: Pseudo diagonalizations are allowed.
| QMMM: Auto diagonalization routine selection is in use.
| QMMM:
| QMMM: Timing diagonalization routines:
| QMMM:                              norbs =      180
| QMMM:    diag iterations used for timing =        5
| QMMM:
| QMMM:              Internal diag routine = 0.070778 seconds
| QMMM:                 Dspev diag routine = 0.054055 seconds
| QMMM:                Dspevd diag routine = 0.036523 seconds
| QMMM:                Dspevx diag routine = 0.150937 seconds
| QMMM:                 Dsyev diag routine = 0.057133 seconds
| QMMM:                Dsyevd diag routine = 0.040684 seconds
| QMMM:                Dsyevr diag routine = 0.041440 seconds
| QMMM:
| QMMM:                Pseudo diag routine = 0.025265 seconds
| QMMM:
| QMMM: Using dspevd routine (diag_routine=3).

  QMMM: QM Region Cartesian Coordinates (*=link atom) 
  QMMM: QM_NO.   MM_NO.  ATOM         X         Y         Z
  QMMM:     1        1      C        2.2750   -0.2960    7.8280
  QMMM:     2        2      C        4.0800   -0.3240    9.3690
  QMMM:     3        3      C        3.0370   -1.0090    6.9220
  QMMM:     4        4      C        4.8460   -1.0300    8.4580
  QMMM:     5        5      C       -4.5160    9.2570   12.9740
  QMMM:     6        6      C       -3.1570    9.0390   12.8340
  QMMM:     7        7      C       -3.1600    7.5870   14.7550
  QMMM:     8        8      C        2.7850    0.0600    9.0640
  QMMM:     9        9      C        4.3340   -1.3870    7.2230
  QMMM:    10       10      C       -5.2170    8.6360   14.0070
  QMMM:    11       11      C       -2.4760    8.2140   13.7190
  QMMM:    12       12      C       -4.5230    7.8040   14.8830
  QMMM:    13       13      C       -6.9140    8.0400   15.3130
  QMMM:    14       14      C       -0.4580    6.7920   13.5870
  QMMM:    15       15      C        6.6780   -4.1490    5.8020
  QMMM:    16       16      C        4.7740   -4.3920    7.3910
  QMMM:    17       17      C        2.1540    3.9840   11.9870
  QMMM:    18       18      C       -9.0110    8.0740   20.1490
  QMMM:    19       19      C        1.9290    0.8120   10.0600
  QMMM:    20       20      C        5.1580   -2.1690    6.2240
  QMMM:    21       21      C        0.9880    6.8150   13.1400
  QMMM:    22       22      C        2.4350    2.1990   10.3590
  QMMM:    23       23      C        1.8040    5.6850   13.7300
  QMMM:    24       24      C        5.8100   -3.4330    6.8240
  QMMM:    25       25      N       -6.5800    8.7590   14.2690
  QMMM:    26       26      N       -1.0870    7.9930   13.5610
  QMMM:    27       27      N        1.9240    2.7140   11.6230
  QMMM:    28       28      N        1.5270    4.4000   13.0980
  QMMM:    29       29      O       -0.9990    5.7560   13.9670
  QMMM:    30       30      O        6.2610   -5.0750    5.1270
  QMMM:    31       31      O        3.8510   -4.7900    6.7020
  QMMM:    32       32      O        2.9320    4.7020   11.3650
  QMMM:    33       33      O        7.9020   -3.7060    5.7490
  QMMM:    34       34      O        4.9500   -4.7320    8.6400
  QMMM:    35       35      S       -5.6230    7.1680   16.0720
  QMMM:    36       36      C       -8.4690    8.3860   18.7420
  QMMM:    37       37      C       -8.3520    7.3390   17.6190
  QMMM:    38       38      S       -8.6010    8.0080   15.9480
  QMMM:    39       39      H       -7.4530    8.7780   18.8930
  QMMM:    40       40      H       -9.1140    9.1820   18.3430
  QMMM:    41       41      H       -9.1060    6.5580   17.7940
  QMMM:    42       42      H       -7.3470    6.8940   17.6650
  QMMM:    43       43      H      -10.0450    7.7070   20.0710
  QMMM:    44       44      H       -8.3840    7.3030   20.6210
  QMMM:    45       45      H       -8.9910    8.9880   20.7600
  QMMM:    46       46      H        0.8390    3.8020   13.5110
  QMMM:    47       47      H        1.3970    2.1140   12.2250
  QMMM:    48       48      H       -0.5140    8.8000   13.4160
  QMMM:    49       49      H        6.4580   -3.1100    7.6520
  QMMM:    50       50      H        2.8710    5.9180   13.6020
  QMMM:    51       51      H        1.5730    5.6070   14.8030
  QMMM:    52       52      H        2.1190    2.8730    9.5490
  QMMM:    53       53      H        3.5340    2.1710   10.4070
  QMMM:    54       54      H        1.0180    6.7340   12.0430
  QMMM:    55       55      H        1.4360    7.7710   13.4490
  QMMM:    56       56      H        4.5030   -2.4750    5.3950
  QMMM:    57       57      H        5.9550   -1.5150    5.8400
  QMMM:    58       58      H        1.9040    0.2400   10.9990
  QMMM:    59       59      H        0.9100    0.8930    9.6520
  QMMM:    60       60      H       -2.6360    6.9400   15.4500
  QMMM:    61       61      H       -2.6180    9.5180   12.0250
  QMMM:    62       62      H       -5.0350    9.9100   12.2810
  QMMM:    63       63      H        5.8610   -1.3080    8.7160
  QMMM:    64       64      H        2.6120   -1.2750    5.9600
  QMMM:    65       65      H        4.5000   -0.0680   10.3350
  QMMM:    66       66      H        1.2620   -0.0120    7.5660

--------------------------------------------------------------------------------
  RESULTS
--------------------------------------------------------------------------------

      iter         sqm energy              rms gradient
      ----    -------------------    -----------------------
xmin    10     -174.4547 kcal/mol        0.5872 kcal/(mol*A)
xmin    20     -176.0012 kcal/mol        0.8709 kcal/(mol*A)
xmin    30     -176.5338 kcal/mol        0.7649 kcal/(mol*A)
xmin    40     -176.7670 kcal/mol        0.2124 kcal/(mol*A)
xmin    50     -176.9491 kcal/mol        0.6998 kcal/(mol*A)
xmin    60     -177.0457 kcal/mol        0.2091 kcal/(mol*A)
xmin    70     -177.1420 kcal/mol        0.0743 kcal/(mol*A)
xmin    80     -177.1792 kcal/mol        0.1797 kcal/(mol*A)
xmin    90     -177.2408 kcal/mol        0.0881 kcal/(mol*A)
xmin   100     -177.3430 kcal/mol        0.2230 kcal/(mol*A)
xmin   110     -177.4145 kcal/mol        0.0587 kcal/(mol*A)
xmin   120     -177.5432 kcal/mol        0.1715 kcal/(mol*A)
xmin   130     -177.7913 kcal/mol        0.6758 kcal/(mol*A)
xmin   140     -177.9276 kcal/mol        0.1294 kcal/(mol*A)
xmin   150     -177.9848 kcal/mol        0.1988 kcal/(mol*A)
xmin   160     -178.0179 kcal/mol        0.1353 kcal/(mol*A)
xmin   170     -178.0398 kcal/mol        0.0437 kcal/(mol*A)
xmin   180     -178.0534 kcal/mol        0.0335 kcal/(mol*A)
xmin   190     -178.0639 kcal/mol        0.0736 kcal/(mol*A)
xmin   200     -178.0822 kcal/mol        0.0293 kcal/(mol*A)
xmin   210     -178.0914 kcal/mol        0.1578 kcal/(mol*A)
xmin   220     -178.1091 kcal/mol        0.0690 kcal/(mol*A)
xmin   230     -178.1205 kcal/mol        0.0921 kcal/(mol*A)
  ... geometry converged !
 
 Final MO eigenvalues (eV):
 -39.0220  -37.2343  -36.1530  -36.0387  -34.8929  -33.2049  -32.1940  -31.6376
 -29.6373  -29.5076  -28.7800  -27.7414  -27.1299  -27.0347  -25.9321  -24.6801
 -24.6609  -24.3032  -24.2044  -23.7315  -23.4987  -22.1975  -21.1746  -20.4660
 -19.9207  -19.6117  -19.0771  -18.4173  -18.0108  -17.4339  -17.0772  -16.9324
 -16.3345  -15.9747  -15.8895  -15.5376  -15.4073  -14.8917  -14.5633  -14.5376
 -14.4893  -14.1948  -13.8278  -13.6500  -13.5219  -13.3136  -13.2358  -12.8700
 -12.7813  -12.7058  -12.5825  -12.4793  -12.3789  -11.9117  -11.8958  -11.7756
 -11.6831  -11.5205  -11.4064  -11.3688  -10.9057  -10.8644  -10.7244  -10.6122
 -10.5739  -10.2574  -10.0679   -9.9832   -9.7431   -9.6430   -9.4726   -9.2654
  -9.2488   -9.0665   -8.8662   -8.5908   -8.5154   -8.4015   -8.0796   -7.6808
  -7.6079   -7.5787   -7.4297   -7.2294   -7.0891   -6.9235   -6.7863   -6.6178
  -6.2984   -6.0080   -5.1326   -4.9383   -4.6743   -4.2650   -3.8227   -1.3743
  -1.2500   -1.2063   -1.1496   -1.0685   -0.8543    0.7118    0.7987    1.3550
   1.4891    1.6264    2.2339    2.5409    2.6013    3.1254    3.7939    4.0100
   4.0284    4.3396    4.5064    4.6234    4.6460    4.6918    4.8372    4.8582
   5.0284    5.0388    5.2718    5.3200    5.3347    5.3501    5.4232    5.4572
   5.5066    5.5626    5.6943    5.8122    5.8370    5.9301    5.9693    6.0614
   6.1656    6.2862    6.3921    6.5645    6.8547    6.9873    7.0461    7.2346
   7.2923    7.3240    7.4329    7.5757    7.6088    7.6564    7.8678    8.0992
   8.1525    8.2771    8.4519    8.5650    8.6988    8.7710    8.7747    9.1525
   9.6459    9.9993   10.0857   10.2234   10.3740   10.5970   10.9828   11.0920
  11.2243   11.4186   11.5193   11.6600   11.7893   12.4518   12.5867   12.7261
  16.2958   16.3901   17.2732   17.3904

 Heat of formation   =       -178.12394252 kcal/mol  (       -7.72403376 eV)

 Total SCF energy    =    -145191.02513817 kcal/mol  (    -6295.95529848 eV)
 Electronic energy   =   -1196200.91422738 kcal/mol  (   -51871.16405305 eV)
 Core-core repulsion =    1051009.88908922 kcal/mol  (    45575.20875457 eV)
 
    Atomic Charges for Step       1 :
  Atom    Element       Mulliken Charge
     1      C                 -0.112
     2      C                 -0.100
     3      C                 -0.150
     4      C                 -0.108
     5      C                 -0.023
     6      C                 -0.138
     7      C                 -0.053
     8      C                 -0.168
     9      C                  0.013
    10      C                 -0.095
    11      C                 -0.042
    12      C                 -0.208
    13      C                 -0.295
    14      C                  0.244
    15      C                  0.451
    16      C                  0.445
    17      C                  0.208
    18      C                 -0.110
    19      C                 -0.032
    20      C                 -0.064
    21      C                 -0.162
    22      C                 -0.083
    23      C                 -0.056
    24      C                 -0.197
    25      N                  0.002
    26      N                  0.025
    27      N                 -0.029
    28      N                 -0.062
    29      O                 -0.353
    30      O                 -0.670
    31      O                 -0.639
    32      O                 -0.406
    33      O                 -0.661
    34      O                 -0.688
    35      S                  0.221
    36      C                 -0.105
    37      C                 -0.181
    38      S                  0.137
    39      H                  0.068
    40      H                  0.065
    41      H                  0.095
    42      H                  0.093
    43      H                  0.037
    44      H                  0.043
    45      H                  0.042
    46      H                  0.081
    47      H                  0.071
    48      H                  0.074
    49      H                  0.053
    50      H                  0.080
    51      H                  0.064
    52      H                  0.076
    53      H                  0.067
    54      H                  0.100
    55      H                  0.078
    56      H                  0.084
    57      H                  0.066
    58      H                  0.041
    59      H                  0.043
    60      H                  0.143
    61      H                  0.114
    62      H                  0.122
    63      H                  0.187
    64      H                  0.097
    65      H                  0.084
    66      H                  0.076
 Total Mulliken Charge =      -2.000
 
                  X        Y        Z     TOTAL  
  QM DIPOLE   -56.736   32.503  -62.068   90.155
 
 Final Structure

  QMMM: QM Region Cartesian Coordinates (*=link atom) 
  QMMM: QM_NO.   MM_NO.  ATOM         X         Y         Z
  QMMM:     1        1      C        2.0641   -0.0050    7.9073
  QMMM:     2        2      C        3.5467   -0.8660    9.5985
  QMMM:     3        3      C        2.7920   -0.6795    6.9351
  QMMM:     4        4      C        4.2733   -1.5370    8.6281
  QMMM:     5        5      C       -4.5618    8.6246   12.5280
  QMMM:     6        6      C       -3.1987    8.4013   12.4479
  QMMM:     7        7      C       -3.1099    7.6892   14.7828
  QMMM:     8        8      C        2.4348   -0.0945    9.2478
  QMMM:     9        9      C        3.9043   -1.4560    7.2790
  QMMM:    10       10      C       -5.2053    8.3730   13.7435
  QMMM:    11       11      C       -2.4700    7.9369   13.5650
  QMMM:    12       12      C       -4.4826    7.9016   14.8643
  QMMM:    13       13      C       -6.9292    8.2212   15.2219
  QMMM:    14       14      C       -0.2790    6.6982   13.9174
  QMMM:    15       15      C        7.0083   -2.8726    5.5187
  QMMM:    16       16      C        5.5761   -4.2960    7.2067
  QMMM:    17       17      C        2.0984    3.8289   12.2786
  QMMM:    18       18      C       -8.4181    8.0805   19.8998
  QMMM:    19       19      C        1.6475    0.6074   10.3033
  QMMM:    20       20      C        4.6615   -2.1674    6.2051
  QMMM:    21       21      C        1.1600    6.6634   13.4421
  QMMM:    22       22      C        2.2913    1.9533   10.6340
  QMMM:    23       23      C        2.0108    5.5703   14.0846
  QMMM:    24       24      C        5.9354   -2.8807    6.6520
  QMMM:    25       25      N       -6.5932    8.5448   13.9865
  QMMM:    26       26      N       -1.0408    7.8230   13.4451
  QMMM:    27       27      N        1.6153    2.5747   11.8068
  QMMM:    28       28      N        1.7349    4.1925   13.6340
  QMMM:    29       29      O       -0.7860    5.8996   14.6858
  QMMM:    30       30      O        6.6836   -2.7040    4.3120
  QMMM:    31       31      O        5.0164   -5.1675    6.4984
  QMMM:    32       32      O        2.7642    4.5882   11.5824
  QMMM:    33       33      O        8.2259   -2.9395    5.8318
  QMMM:    34       34      O        5.7833   -4.5210    8.4349
  QMMM:    35       35      S       -5.5520    7.6697   16.2289
  QMMM:    36       36      C       -8.2317    8.6736   18.5205
  QMMM:    37       37      C       -8.6063    7.6707   17.4446
  QMMM:    38       38      S       -8.5980    8.3439   15.7516
  QMMM:    39       39      H       -7.1783    8.9949   18.3854
  QMMM:    40       40      H       -8.8428    9.5919   18.4146
  QMMM:    41       41      H       -9.6484    7.3224   17.5891
  QMMM:    42       42      H       -7.9651    6.7712   17.5190
  QMMM:    43       43      H       -9.4607    7.7850   20.0783
  QMMM:    44       44      H       -7.7955    7.1877   20.0456
  QMMM:    45       45      H       -8.1436    8.8027   20.6792
  QMMM:    46       46      H        0.8188    3.8900   13.8938
  QMMM:    47       47      H        1.4436    1.9118   12.5347
  QMMM:    48       48      H       -0.7019    8.1850   12.5786
  QMMM:    49       49      H        6.3778   -2.3043    7.5079
  QMMM:    50       50      H        3.0806    5.7811   13.8825
  QMMM:    51       51      H        1.8841    5.5722   15.1855
  QMMM:    52       52      H        2.2008    2.6505    9.7777
  QMMM:    53       53      H        3.3792    1.8236   10.8185
  QMMM:    54       54      H        1.1822    6.5610   12.3355
  QMMM:    55       55      H        1.6300    7.6445   13.6614
  QMMM:    56       56      H        3.9810   -2.9020    5.7250
  QMMM:    57       57      H        4.8981   -1.4240    5.4140
  QMMM:    58       58      H        1.5922   -0.0362   11.2063
  QMMM:    59       59      H        0.5998    0.7509    9.9711
  QMMM:    60       60      H       -2.5602    7.3245   15.6598
  QMMM:    61       61      H       -2.6883    8.5916   11.4947
  QMMM:    62       62      H       -5.1277    8.9839   11.6614
  QMMM:    63       63      H        5.1503   -2.1712    8.8779
  QMMM:    64       64      H        2.4935   -0.6096    5.8836
  QMMM:    65       65      H        3.8404   -0.9486   10.6502
  QMMM:    66       66      H        1.1943    0.5947    7.6209

           --------- Calculation Completed ----------

