
 -----------------------------------------------
      Restrained ESP Fit 2.3  Amber 4.1
 -----------------------------------------------
 Resp charges for organic molecule                                               
 -----------------------------------------------


 inopt       =     0   ioutopt     =     1
 nmol        =     1   iqopt       =     2
 ihfree      =     1   irstrnt     =     1
 iunits      =     0   qwt         =   0.00100000
 wtmol(1) =     1.000000
 subtitle:

Resp charges for organic molecule                                               
ich =  -2  iuniq =  60
    1    6  -99
    2    6  -99
    3    6  -99
    4    6  -99
    5    6  -99
    6    6  -99
    7    6  -99
    8    6  -99
    9    6  -99
   10    6  -99
   11    6  -99
   12    6  -99
   13    6  -99
   14    6  -99
   15    6  -99
   16    6  -99
   17    6  -99
   18    6    0
   19    6    0
   20    6    0
   21    6    0
   22    6    0
   23    6    0
   24    6  -99
   25    7  -99
   26    7  -99
   27    7  -99
   28    7  -99
   29    8  -99
   30    8  -99
   31    8  -99
   32    8  -99
   33    8  -99
   34    8  -99
   35    8  -99
   36   16  -99
   37    1  -99
   38    1  -99
   39    1  -99
   40    1  -99
   41    1    0
   42    1   41
   43    1    0
   44    1   43
   45    1    0
   46    1   45
   47    1    0
   48    1   47
   49    1    0
   50    1   49
   51    1    0
   52    1   51
   53    1   51
   54    1  -99
   55    1  -99
   56    1  -99
   57    1  -99
   58    1  -99
   59    1  -99
   60    1  -99
 new q0 values to be read  60

  ----------------------------------------------------------------------------
     ATOM                       COORDINATES                         CHARGE
                       X             Y                Z
  ----------------------------------------------------------------------------
  ----------------------------------------------------------------------------


 Charge on the molecule(ich) =   -2
 Total number of atoms (iuniq)     =   60
 Weight factor on initial charge restraints(qwt)=     0.10000D-02


  there are  1 charge constraints:


     1       1
     2       1
     3       1
     4       1
     5       1
     6       1
     7       1
     8       1
     9       1
    10       1
    11       1
    12       1
    13       1
    14       1
    15       1
    16       1
    17       1
    18       1
    19       1
    20       1
    21       1
    22       1
    23       1
    24       1
    25       1
    26       1
    27       1
    28       1
    29       1
    30       1
    31       1
    32       1
    33       1
    34       1
    35       1
    36       1
    37       1
    38       1
    39       1
    40       1
    41       1
    42       1
    43       1
    44       1
    45       1
    46       1
    47       1
    48       1
    49       1
    50       1
    51       1
    52       1
    53       1
    54       1
    55       1
    56       1
    57       1
    58       1
    59       1
    60       1

 Reading esp"s for molecule   1
 total number of atoms      =    60
 total number of esp points = 16014


 center     X       Y       Z 
    1  -0.8434021E+01  -0.4862870E+00   0.3865939E+01
    2  -0.8117498E+01  -0.3167634E+01   0.2370869E+00
    3  -0.1104897E+02  -0.4860923E+00   0.3590339E+01
    4  -0.1071636E+02  -0.3145634E+01  -0.2882588E-01
    5   0.1081312E+02  -0.3252082E+01   0.2102171E+01
    6   0.9429124E+01  -0.1059002E+01   0.2180600E+01
    7   0.1247954E+02   0.1122620E+01  -0.4305023E+00
    8  -0.1224955E+02  -0.1783533E+01   0.1645536E+01
    9   0.1306788E+02  -0.3296109E+01   0.7484392E+00
   10  -0.6977059E+01  -0.1824126E+01   0.2175345E+01
   11   0.1024106E+02   0.1139153E+01   0.9262549E+00
   12   0.1384755E+02  -0.1116444E+01  -0.4875682E+00
   13   0.1656710E+02  -0.4861503E+01  -0.8456373E+00
   14   0.8803920E+01   0.5490950E+01  -0.1173765E+00
   15  -0.1576994E+02  -0.1468627E+01  -0.3490322E+01
   16  -0.1884090E+02   0.6899049E+00  -0.2817487E+00
   17   0.2495387E+01   0.3195889E+01   0.1316893E+00
   18   0.1861425E+02  -0.6721015E+01  -0.1454632E+01
   19  -0.3201241E+01   0.7573455E-01   0.9447742E+00
   20  -0.1509953E+02  -0.1704215E+01   0.1349818E+01
   21   0.6713301E+01   0.7332020E+01   0.5701114E+00
   22  -0.3670264E+00  -0.4031749E+00   0.1002517E+01
   23   0.4463958E+01   0.7219418E+01  -0.1252293E+01
   24  -0.1605964E+02  -0.9981911E-01  -0.8955374E+00
   25   0.1465749E+02  -0.5372259E+01   0.5022684E+00
   26   0.8697624E+01   0.3277758E+01   0.1180892E+01
   27   0.9542644E+00   0.1334999E+01  -0.6693031E+00
   28   0.3462479E+01   0.4704730E+01  -0.1739563E+01
   29   0.1038925E+02   0.6014900E+01  -0.1658291E+01
   30  -0.1604326E+02  -0.1171554E+00  -0.5369789E+01
   31  -0.2035130E+02  -0.1072391E+01   0.1744217E-01
   32   0.3088891E+01   0.3488275E+01   0.2330327E+01
   33  -0.1521921E+02  -0.3760642E+01  -0.3462904E+01
   34  -0.1923287E+02   0.2980366E+01  -0.1003822E-01
   35  -0.4361903E+01  -0.1800338E+01   0.2378031E+01
   36   0.1670753E+02  -0.1743990E+01  -0.2019544E+01
   37   0.2720565E+01   0.4492257E+01  -0.3454113E+01
   38   0.4802077E+00   0.1279127E+01  -0.2487758E+01
   39   0.7127774E+01   0.3033923E+01   0.2203046E+01
   40  -0.1496956E+02   0.1633780E+01  -0.1014562E+01
   41   0.3001355E+01   0.8467363E+01  -0.5334489E+00
   42   0.5060342E+01   0.7942705E+01  -0.3069773E+01
   43   0.6426958E-02  -0.2329955E+01   0.4171438E+00
   44   0.3690106E+00  -0.1527806E+00   0.2885026E+01
   45   0.6069666E+01   0.7024085E+01   0.2479111E+01
   46   0.7517910E+01   0.9210825E+01   0.4449360E+00
   47  -0.1582925E+02  -0.3594397E+01   0.1101287E+01
   48  -0.1588304E+02  -0.9574410E+00   0.3097656E+01
   49  -0.3616803E+01   0.1944829E+01   0.1690951E+01
   50  -0.3882930E+01   0.2255955E-01  -0.9940582E+00
   51   0.1875999E+02  -0.7013574E+01  -0.3479106E+01
   52   0.2043423E+02  -0.6057063E+01  -0.7816492E+00
   53   0.1817406E+02  -0.8500477E+01  -0.5519285E+00
   54   0.1310462E+02   0.2776654E+01  -0.1405204E+01
   55   0.7677085E+01  -0.1011340E+01   0.3210149E+01
   56   0.1017508E+02  -0.4924084E+01   0.3060081E+01
   57  -0.1163635E+02  -0.4110080E+01  -0.1561212E+01
   58  -0.1217733E+02   0.5747035E+00   0.4910232E+01
   59  -0.6953243E+01  -0.4216173E+01  -0.1064042E+01
   60  -0.7536887E+01   0.5453560E+00   0.5374606E+01
 Initial ssvpot =   413.850


 Number of unique UNfrozen centers=   12

 Non-linear optimization requested.
 qchnge =    0.5722036615E-01
 qchnge =    0.2054414559E-03
 qchnge =    0.7589862554E-05
 qchnge =    0.3686576591E-06

 Convergence in    3 iterations


Resp charges for organic molecule                                               

          Point Charges Before & After Optimization

    no.  At.no.    q(init)       q(opt)     ivary    d(rstr)/dq
    1   6      -0.415545      -0.415545    -99       0.002340
    2   6      -0.415545      -0.415545    -99       0.002340
    3   6      -0.100390      -0.100390    -99       0.007057
    4   6      -0.100390      -0.100390    -99       0.007057
    5   6      -0.290890      -0.290890    -99       0.003251
    6   6      -0.246052      -0.246052    -99       0.003765
    7   6      -0.273140      -0.273140    -99       0.003438
    8   6       0.020510       0.020510    -99       0.009796
    9   6       0.460206       0.460206    -99       0.002123
   10   6       0.467412       0.467412    -99       0.002092
   11   6       0.278348       0.278348    -99       0.003381
   12   6      -0.110870      -0.110870    -99       0.006698
   13   6       0.444685       0.444685    -99       0.002194
   14   6       0.768791       0.768791    -99       0.001290
   15   6       0.857662       0.857662    -99       0.001158
   16   6       0.857662       0.857662    -99       0.001158
   17   6       1.020889       1.020889    -99       0.000975
   18   6      -0.229535      -0.230797      0       0.003976
   19   6       0.255887       0.254444      0       0.003658
   20   6       0.009314       0.024384      0       0.009715
   21   6      -0.198891      -0.130304      0       0.006088
   22   6       0.353594       0.432760      0       0.002251
   23   6       0.176037       0.122291      0       0.006330
   24   6       0.007887       0.007887    -99       0.009969
   25   7      -0.625789      -0.625789    -99       0.001578
   26   7      -0.646853      -0.646853    -99       0.001528
   27   7      -0.940457      -0.940457    -99       0.001057
   28   7      -0.738485      -0.738485    -99       0.001342
   29   8      -0.653716      -0.653716    -99       0.001512
   30   8      -0.853269      -0.853269    -99       0.001164
   31   8      -0.853269      -0.853269    -99       0.001164
   32   8      -0.629764      -0.629764    -99       0.001568
   33   8      -0.853269      -0.853269    -99       0.001164
   34   8      -0.853269      -0.853269    -99       0.001164
   35   8      -0.560112      -0.560112    -99       0.001758
   36  16      -0.172447      -0.172447    -99       0.005016
   37   1       0.351916       0.351916    -99       0.000000
   38   1       0.398098       0.398098    -99       0.000000
   39   1       0.350389       0.350389    -99       0.000000
   40   1      -0.082310      -0.082310    -99       0.000000
   41   1       0.027773       0.054487      0       0.000000
   42   1       0.054461       0.054487     41       0.000000
   43   1       0.006623      -0.021189      0       0.000000
   44   1       0.001771      -0.021189     43       0.000000
   45   1       0.067751       0.035575      0       0.000000
   46   1       0.053647       0.035575     45       0.000000
   47   1       0.050432      -0.024868      0       0.000000
   48   1      -0.088177      -0.024868     47       0.000000
   49   1      -0.018814      -0.006943      0       0.000000
   50   1       0.027208      -0.006943     49       0.000000
   51   1       0.086925       0.083655      0       0.000000
   52   1       0.076672       0.083655     51       0.000000
   53   1       0.085188       0.083655     51       0.000000
   54   1       0.301168       0.301168    -99       0.000000
   55   1       0.182008       0.182008    -99       0.000000
   56   1       0.191379       0.191379    -99       0.000000
   57   1       0.157794       0.157794    -99       0.000000
   58   1       0.157794       0.157794    -99       0.000000
   59   1       0.171684       0.171684    -99       0.000000
   60   1       0.171684       0.171684    -99       0.000000

 Sum over the calculated charges:     -2.000

        Statistics of the fitting:
  The initial sum of squares (ssvpot)                    413.850
  The residual sum of squares (chipot)                     0.136
  The std err of estimate (sqrt(chipot/N))               0.00291
  ESP relative RMS (SQRT(chipot/ssvpot))                 0.01811

 Center of Mass (Angst.):

 X  =   0.00000      Y  =   0.00000      Z  =   0.00000

 Dipole (Debye):

 X  =  77.30262      Y  =   3.77637      Z  =   7.23101

 Dipole Moment (Debye)=  77.73187

 Quadrupole (Debye*Angst.):

 Qxx =**********     QYY = 816.33186     QZZ = 796.02388
 Qxy = 782.37697     QXZ = 628.24347     QYZ = 865.18258
