
 -----------------------------------------------
      Restrained ESP Fit 2.3  Amber 4.1
 -----------------------------------------------
 Resp charges for organic molecule                                               
 -----------------------------------------------


 inopt       =     0   ioutopt     =     1
 nmol        =     1   iqopt       =     0
 ihfree      =     1   irstrnt     =     1
 iunits      =     0   qwt         =   0.00050000
 wtmol(1) =     1.000000
 subtitle:

Resp charges for organic molecule                                               
ich =  -2  iuniq =  60
    1    6    0
    2    6    1
    3    6    0
    4    6    3
    5    6    0
    6    6    0
    7    6    0
    8    6    0
    9    6    0
   10    6    0
   11    6    0
   12    6    0
   13    6    0
   14    6    0
   15    6    0
   16    6   15
   17    6    0
   18    6    0
   19    6    0
   20    6    0
   21    6    0
   22    6    0
   23    6    0
   24    6    0
   25    7    0
   26    7    0
   27    7    0
   28    7    0
   29    8    0
   30    8    0
   31    8   30
   32    8    0
   33    8   30
   34    8   30
   35    8    0
   36   16    0
   37    1    0
   38    1    0
   39    1    0
   40    1    0
   41    1    0
   42    1    0
   43    1    0
   44    1    0
   45    1    0
   46    1    0
   47    1    0
   48    1    0
   49    1    0
   50    1    0
   51    1    0
   52    1    0
   53    1    0
   54    1    0
   55    1    0
   56    1    0
   57    1    0
   58    1   57
   59    1    0
   60    1   59

  ----------------------------------------------------------------------------
     ATOM                       COORDINATES                         CHARGE
                       X             Y                Z
  ----------------------------------------------------------------------------
  ----------------------------------------------------------------------------


 Charge on the molecule(ich) =   -2
 Total number of atoms (iuniq)     =   60
 Weight factor on initial charge restraints(qwt)=     0.50000D-03


  there are  1 charge constraints:


     1       1
     2       1
     3       1
     4       1
     5       1
     6       1
     7       1
     8       1
     9       1
    10       1
    11       1
    12       1
    13       1
    14       1
    15       1
    16       1
    17       1
    18       1
    19       1
    20       1
    21       1
    22       1
    23       1
    24       1
    25       1
    26       1
    27       1
    28       1
    29       1
    30       1
    31       1
    32       1
    33       1
    34       1
    35       1
    36       1
    37       1
    38       1
    39       1
    40       1
    41       1
    42       1
    43       1
    44       1
    45       1
    46       1
    47       1
    48       1
    49       1
    50       1
    51       1
    52       1
    53       1
    54       1
    55       1
    56       1
    57       1
    58       1
    59       1
    60       1

 Reading esp"s for molecule   1
 total number of atoms      =    60
 total number of esp points = 16014


 center     X       Y       Z 
    1  -0.8434021E+01  -0.4862870E+00   0.3865939E+01
    2  -0.8117498E+01  -0.3167634E+01   0.2370869E+00
    3  -0.1104897E+02  -0.4860923E+00   0.3590339E+01
    4  -0.1071636E+02  -0.3145634E+01  -0.2882588E-01
    5   0.1081312E+02  -0.3252082E+01   0.2102171E+01
    6   0.9429124E+01  -0.1059002E+01   0.2180600E+01
    7   0.1247954E+02   0.1122620E+01  -0.4305023E+00
    8  -0.1224955E+02  -0.1783533E+01   0.1645536E+01
    9   0.1306788E+02  -0.3296109E+01   0.7484392E+00
   10  -0.6977059E+01  -0.1824126E+01   0.2175345E+01
   11   0.1024106E+02   0.1139153E+01   0.9262549E+00
   12   0.1384755E+02  -0.1116444E+01  -0.4875682E+00
   13   0.1656710E+02  -0.4861503E+01  -0.8456373E+00
   14   0.8803920E+01   0.5490950E+01  -0.1173765E+00
   15  -0.1576994E+02  -0.1468627E+01  -0.3490322E+01
   16  -0.1884090E+02   0.6899049E+00  -0.2817487E+00
   17   0.2495387E+01   0.3195889E+01   0.1316893E+00
   18   0.1861425E+02  -0.6721015E+01  -0.1454632E+01
   19  -0.3201241E+01   0.7573455E-01   0.9447742E+00
   20  -0.1509953E+02  -0.1704215E+01   0.1349818E+01
   21   0.6713301E+01   0.7332020E+01   0.5701114E+00
   22  -0.3670264E+00  -0.4031749E+00   0.1002517E+01
   23   0.4463958E+01   0.7219418E+01  -0.1252293E+01
   24  -0.1605964E+02  -0.9981911E-01  -0.8955374E+00
   25   0.1465749E+02  -0.5372259E+01   0.5022684E+00
   26   0.8697624E+01   0.3277758E+01   0.1180892E+01
   27   0.9542644E+00   0.1334999E+01  -0.6693031E+00
   28   0.3462479E+01   0.4704730E+01  -0.1739563E+01
   29   0.1038925E+02   0.6014900E+01  -0.1658291E+01
   30  -0.1604326E+02  -0.1171554E+00  -0.5369789E+01
   31  -0.2035130E+02  -0.1072391E+01   0.1744217E-01
   32   0.3088891E+01   0.3488275E+01   0.2330327E+01
   33  -0.1521921E+02  -0.3760642E+01  -0.3462904E+01
   34  -0.1923287E+02   0.2980366E+01  -0.1003822E-01
   35  -0.4361903E+01  -0.1800338E+01   0.2378031E+01
   36   0.1670753E+02  -0.1743990E+01  -0.2019544E+01
   37   0.2720565E+01   0.4492257E+01  -0.3454113E+01
   38   0.4802077E+00   0.1279127E+01  -0.2487758E+01
   39   0.7127774E+01   0.3033923E+01   0.2203046E+01
   40  -0.1496956E+02   0.1633780E+01  -0.1014562E+01
   41   0.3001355E+01   0.8467363E+01  -0.5334489E+00
   42   0.5060342E+01   0.7942705E+01  -0.3069773E+01
   43   0.6426958E-02  -0.2329955E+01   0.4171438E+00
   44   0.3690106E+00  -0.1527806E+00   0.2885026E+01
   45   0.6069666E+01   0.7024085E+01   0.2479111E+01
   46   0.7517910E+01   0.9210825E+01   0.4449360E+00
   47  -0.1582925E+02  -0.3594397E+01   0.1101287E+01
   48  -0.1588304E+02  -0.9574410E+00   0.3097656E+01
   49  -0.3616803E+01   0.1944829E+01   0.1690951E+01
   50  -0.3882930E+01   0.2255955E-01  -0.9940582E+00
   51   0.1875999E+02  -0.7013574E+01  -0.3479106E+01
   52   0.2043423E+02  -0.6057063E+01  -0.7816492E+00
   53   0.1817406E+02  -0.8500477E+01  -0.5519285E+00
   54   0.1310462E+02   0.2776654E+01  -0.1405204E+01
   55   0.7677085E+01  -0.1011340E+01   0.3210149E+01
   56   0.1017508E+02  -0.4924084E+01   0.3060081E+01
   57  -0.1163635E+02  -0.4110080E+01  -0.1561212E+01
   58  -0.1217733E+02   0.5747035E+00   0.4910232E+01
   59  -0.6953243E+01  -0.4216173E+01  -0.1064042E+01
   60  -0.7536887E+01   0.5453560E+00   0.5374606E+01
 Initial ssvpot =   413.850


 Number of unique UNfrozen centers=   52

 Non-linear optimization requested.
 qchnge =    0.5809099334E-01
 qchnge =    0.1459499033E-02
 qchnge =    0.2187199455E-03
 qchnge =    0.4724053379E-04
 qchnge =    0.1139612851E-04
 qchnge =    0.2850067091E-05
 qchnge =    0.7219901559E-06

 Convergence in    6 iterations


Resp charges for organic molecule                                               

          Point Charges Before & After Optimization

    no.  At.no.    q(init)       q(opt)     ivary    d(rstr)/dq
    1   6       0.000000      -0.415545      0       0.001170
    2   6       0.000000      -0.415545      1       0.001170
    3   6       0.000000      -0.100390      0       0.003529
    4   6       0.000000      -0.100390      3       0.003529
    5   6       0.000000      -0.290890      0       0.001626
    6   6       0.000000      -0.246052      0       0.001882
    7   6       0.000000      -0.273140      0       0.001719
    8   6       0.000000       0.020510      0       0.004898
    9   6       0.000000       0.460206      0       0.001062
   10   6       0.000000       0.467412      0       0.001046
   11   6       0.000000       0.278348      0       0.001690
   12   6       0.000000      -0.110870      0       0.003349
   13   6       0.000000       0.444685      0       0.001097
   14   6       0.000000       0.768791      0       0.000645
   15   6       0.000000       0.857662      0       0.000579
   16   6       0.000000       0.857662     15       0.000579
   17   6       0.000000       1.020889      0       0.000487
   18   6       0.000000      -0.229535      0       0.001997
   19   6       0.000000       0.255887      0       0.001820
   20   6       0.000000       0.009314      0       0.004978
   21   6       0.000000      -0.198891      0       0.002246
   22   6       0.000000       0.353594      0       0.001361
   23   6       0.000000       0.176037      0       0.002470
   24   6       0.000000       0.007887      0       0.004985
   25   7       0.000000      -0.625789      0       0.000789
   26   7       0.000000      -0.646853      0       0.000764
   27   7       0.000000      -0.940457      0       0.000529
   28   7       0.000000      -0.738485      0       0.000671
   29   8       0.000000      -0.653716      0       0.000756
   30   8       0.000000      -0.853269      0       0.000582
   31   8       0.000000      -0.853269     30       0.000582
   32   8       0.000000      -0.629764      0       0.000784
   33   8       0.000000      -0.853269     30       0.000582
   34   8       0.000000      -0.853269     30       0.000582
   35   8       0.000000      -0.560112      0       0.000879
   36  16       0.000000      -0.172447      0       0.002508
   37   1       0.000000       0.351916      0       0.000000
   38   1       0.000000       0.398098      0       0.000000
   39   1       0.000000       0.350389      0       0.000000
   40   1       0.000000      -0.082310      0       0.000000
   41   1       0.000000       0.027773      0       0.000000
   42   1       0.000000       0.054461      0       0.000000
   43   1       0.000000       0.006623      0       0.000000
   44   1       0.000000       0.001771      0       0.000000
   45   1       0.000000       0.067751      0       0.000000
   46   1       0.000000       0.053647      0       0.000000
   47   1       0.000000       0.050432      0       0.000000
   48   1       0.000000      -0.088177      0       0.000000
   49   1       0.000000      -0.018814      0       0.000000
   50   1       0.000000       0.027208      0       0.000000
   51   1       0.000000       0.086925      0       0.000000
   52   1       0.000000       0.076672      0       0.000000
   53   1       0.000000       0.085188      0       0.000000
   54   1       0.000000       0.301168      0       0.000000
   55   1       0.000000       0.182008      0       0.000000
   56   1       0.000000       0.191379      0       0.000000
   57   1       0.000000       0.157794      0       0.000000
   58   1       0.000000       0.157794     57       0.000000
   59   1       0.000000       0.171684      0       0.000000
   60   1       0.000000       0.171684     59       0.000000

 Sum over the calculated charges:     -2.000

        Statistics of the fitting:
  The initial sum of squares (ssvpot)                    413.850
  The residual sum of squares (chipot)                     0.074
  The std err of estimate (sqrt(chipot/N))               0.00214
  ESP relative RMS (SQRT(chipot/ssvpot))                 0.01333

 Center of Mass (Angst.):

 X  =   0.00000      Y  =   0.00000      Z  =   0.00000

 Dipole (Debye):

 X  =  77.26424      Y  =   3.28342      Z  =   6.72116

 Dipole Moment (Debye)=  77.62550

 Quadrupole (Debye*Angst.):

 Qxx =**********     QYY = 821.56358     QZZ = 795.25394
 Qxy = 795.61304     QXZ = 637.03105     QYZ = 864.65894
