
 -----------------------------------------------
      Restrained ESP Fit 2.3  Amber 4.1
 -----------------------------------------------
 Resp charges for organic molecule                                               
 -----------------------------------------------


 inopt       =     0   ioutopt     =     1
 nmol        =     1   iqopt       =     2
 ihfree      =     1   irstrnt     =     1
 iunits      =     0   qwt         =   0.00100000
 wtmol(1) =     1.000000
 subtitle:

Resp charges for organic molecule                                               
ich =  -2  iuniq =  26
    1    6    0
    2    8  -99
    3    6  -99
    4    6  -99
    5    6  -99
    6    6  -99
    7    6  -99
    8    6  -99
    9    6    0
   10    6  -99
   11    6  -99
   12    8  -99
   13    8  -99
   14    6  -99
   15    8  -99
   16    8  -99
   17    1  -99
   18    1    0
   19    1   18
   20    1  -99
   21    1  -99
   22    1  -99
   23    1    0
   24    1   23
   25    1   23
   26    1  -99
 new q0 values to be read  26

  ----------------------------------------------------------------------------
     ATOM                       COORDINATES                         CHARGE
                       X             Y                Z
  ----------------------------------------------------------------------------
  ----------------------------------------------------------------------------


 Charge on the molecule(ich) =   -2
 Total number of atoms (iuniq)     =   26
 Weight factor on initial charge restraints(qwt)=     0.10000D-02


  there are  1 charge constraints:


     1       1
     2       1
     3       1
     4       1
     5       1
     6       1
     7       1
     8       1
     9       1
    10       1
    11       1
    12       1
    13       1
    14       1
    15       1
    16       1
    17       1
    18       1
    19       1
    20       1
    21       1
    22       1
    23       1
    24       1
    25       1
    26       1

 Reading esp"s for molecule   1
 total number of atoms      =    52
 total number of esp points = 15666


 center     X       Y       Z 
    1   0.1012163E+02   0.7552479E-01  -0.4991617E+00
    2   0.8145530E+01   0.1201866E+00   0.1322485E+01
    3   0.5713637E+01  -0.1065616E+00   0.4685632E+00
    4   0.4582236E+01   0.1504893E+01  -0.1260735E+01
    5   0.2062575E+01   0.1124396E+01  -0.1990779E+01
    6   0.6840997E+00  -0.8841688E+00  -0.1005903E+01
    7   0.1824810E+01  -0.2463681E+01   0.7516782E+00
    8   0.4305353E+01  -0.2121981E+01   0.1479073E+01
    9  -0.2025463E+01  -0.1299638E+01  -0.1668292E+01
   10  -0.3847751E+01  -0.4811866E+00   0.4420428E+00
   11  -0.3758758E+01   0.2345435E+01   0.8069829E+00
   12  -0.3514104E+01   0.3761537E+01  -0.9397702E+00
   13  -0.4018538E+01   0.3100647E+01   0.3169847E+01
   14  -0.6521303E+01  -0.1266126E+01  -0.1236089E+00
   15  -0.8134541E+01   0.3039227E+00  -0.6503246E+00
   16  -0.6910427E+01  -0.3772097E+01  -0.6265764E-01
   17  -0.3249868E+01  -0.1399316E+01   0.2208296E+01
   18  -0.2315453E+01  -0.3324251E+01  -0.2043869E+01
   19  -0.2464350E+01  -0.2076639E+00  -0.3381198E+01
   20   0.7431253E+00  -0.3998906E+01   0.1569667E+01
   21   0.1184284E+01   0.2400738E+01  -0.3331319E+01
   22   0.5649871E+01   0.3062070E+01  -0.2052554E+01
   23   0.1007439E+02  -0.1727291E+01  -0.1531288E+01
   24   0.9866042E+01   0.1646118E+01  -0.1837207E+01
   25   0.1195419E+02   0.2767220E+00   0.4607832E+00
   26   0.5168023E+01  -0.3403224E+01   0.2822841E+01
   27   0.1001512E+02   0.2096651E+00  -0.8836113E+00
   28   0.8400554E+01   0.2549373E+00   0.1194373E+01
   29   0.5877161E+01  -0.1092243E+00   0.6070480E+00
   30   0.4390586E+01   0.1907157E+01  -0.1618116E+00
   31   0.1871057E+01   0.1537923E+01  -0.7571130E+00
   32   0.7668338E+00  -0.8621062E+00  -0.6033139E+00
   33   0.2296524E+01  -0.2839544E+01   0.2078245E+00
   34   0.4831468E+01  -0.2486639E+01   0.8069224E+00
   35  -0.1971553E+01  -0.1315786E+01  -0.1324038E+01
   36  -0.3977902E+01  -0.2473538E+00   0.5071061E+00
   37  -0.4155413E+01   0.2684012E+01   0.4142279E+00
   38  -0.3485547E+01   0.3741208E+01  -0.1605137E+01
   39  -0.4838024E+01   0.3733318E+01   0.2406420E+01
   40  -0.6513869E+01  -0.1719645E+01   0.1074498E-01
   41  -0.8383597E+01  -0.5111879E+00  -0.7583281E+00
   42  -0.6362486E+01  -0.4056577E+01   0.4263732E+00
   43  -0.3434125E+01  -0.7517179E+00   0.2424290E+01
   44  -0.2269363E+01  -0.3334750E+01  -0.1472285E+01
   45  -0.2310069E+01  -0.4671440E+00  -0.3157148E+01
   46   0.1488847E+01  -0.4699652E+01   0.3770797E+00
   47   0.6789086E+00   0.3086259E+01  -0.1313685E+01
   48   0.5214640E+01   0.3766284E+01  -0.2666573E+00
   49   0.9803218E+01  -0.1525563E+01  -0.1963251E+01
   50   0.9676508E+01   0.1797256E+01  -0.2143339E+01
   51   0.1193585E+02   0.3246058E+00  -0.1746296E+00
   52   0.5988275E+01  -0.4039926E+01   0.1436093E+01
 Initial ssvpot =   780.736


 Number of unique UNfrozen centers=    4

 Non-linear optimization requested.
 qchnge =    0.7656728450E-01
 qchnge =    0.4365149256E-04
 qchnge =    0.1257917459E-06

 Convergence in    2 iterations


Resp charges for organic molecule                                               

          Point Charges Before & After Optimization

    no.  At.no.    q(init)       q(opt)     ivary    d(rstr)/dq
    1   6      -0.033116      -0.043829      0       0.009159
    2   8      -0.358116      -0.358116    -99       0.002690
    3   6       0.255759       0.255759    -99       0.003641
    4   6      -0.279950      -0.279950    -99       0.003364
    5   6       0.017295       0.017295    -99       0.009854
    6   6       0.015030       0.015030    -99       0.009889
    7   6       0.017295       0.017295    -99       0.009854
    8   6      -0.279950      -0.279950    -99       0.003364
    9   6       0.069231       0.068461      0       0.008251
   10   6       0.440155       0.440155    -99       0.002215
   11   6       0.633378       0.633378    -99       0.001560
   12   8      -0.792093      -0.792093    -99       0.001253
   13   8      -0.792093      -0.792093    -99       0.001253
   14   6       0.633378       0.633378    -99       0.001560
   15   8      -0.792093      -0.792093    -99       0.001253
   16   8      -0.792093      -0.792093    -99       0.001253
   17   1      -0.205348      -0.205348    -99       0.000000
   18   1      -0.147876      -0.099329      0       0.000000
   19   1      -0.051374      -0.099329     18       0.000000
   20   1       0.027385       0.027385    -99       0.000000
   21   1       0.027385       0.027385    -99       0.000000
   22   1       0.114448       0.114448    -99       0.000000
   23   1       0.039628       0.056602      0       0.000000
   24   1       0.067213       0.056602     23       0.000000
   25   1       0.052074       0.056602     23       0.000000
   26   1       0.114448       0.114448    -99       0.000000

 Sum over the calculated charges:     -2.000

        Statistics of the fitting:
  The initial sum of squares (ssvpot)                    780.736
  The residual sum of squares (chipot)                     1.433
  The std err of estimate (sqrt(chipot/N))               0.00956
  ESP relative RMS (SQRT(chipot/ssvpot))                 0.04284

 Center of Mass (Angst.):

 X  =   0.00000      Y  =   0.00000      Z  =   0.00000

 Dipole (Debye):

 X  =  24.06674      Y  =  -4.26104      Z  =  -2.94164

 Dipole Moment (Debye)=  24.61742

 Quadrupole (Debye*Angst.):

 Qxx =-162.25688     QYY =  50.66876     QZZ = 111.58812
 Qxy = 155.81960     QXZ = 139.77951     QYZ = 134.10724
