
 -----------------------------------------------
      Restrained ESP Fit 2.3  Amber 4.1
 -----------------------------------------------
 Resp charges for organic molecule                                               
 -----------------------------------------------


 inopt       =     0   ioutopt     =     1
 nmol        =     1   iqopt       =     2
 ihfree      =     1   irstrnt     =     1
 iunits      =     0   qwt         =   0.00100000
 wtmol(1) =     1.000000
 subtitle:

Resp charges for organic molecule                                               
ich =  -2  iuniq =   9
    1    6    0
    2    6  -99
    3    6  -99
    4    8  -99
    5    8  -99
    6    8  -99
    7    8  -99
    8    1    0
    9    1    8
 new q0 values to be read   9

  ----------------------------------------------------------------------------
     ATOM                       COORDINATES                         CHARGE
                       X             Y                Z
  ----------------------------------------------------------------------------
  ----------------------------------------------------------------------------


 Charge on the molecule(ich) =   -2
 Total number of atoms (iuniq)     =    9
 Weight factor on initial charge restraints(qwt)=     0.10000D-02


  there are  1 charge constraints:


     1       1
     2       1
     3       1
     4       1
     5       1
     6       1
     7       1
     8       1
     9       1

 Reading esp"s for molecule   1
 total number of atoms      =     9
 total number of esp points =  4279


 center     X       Y       Z 
    1   0.3023562E-04  -0.5461308E-03   0.1511473E+01
    2   0.2518663E+01  -0.1976956E+00   0.1633101E-01
    3  -0.2518597E+01   0.1976105E+00   0.1615716E-01
    4   0.4199676E+01   0.1341843E+01   0.5932681E+00
    5   0.2691021E+01  -0.1964019E+01  -0.1513164E+01
    6  -0.4200165E+01  -0.1341492E+01   0.5928278E+00
    7  -0.2690550E+01   0.1964370E+01  -0.1512763E+01
    8   0.1140431E+00   0.1657499E+01   0.2727988E+01
    9  -0.1144702E+00  -0.1659348E+01   0.2726912E+01
 Initial ssvpot =   346.201


 Number of unique UNfrozen centers=    2

 Non-linear optimization requested.
 qchnge =    0.2468701224    
 qchnge =    0.9781926942E-04
 qchnge =    0.2578016377E-06

 Convergence in    2 iterations


Resp charges for organic molecule                                               

          Point Charges Before & After Optimization

    no.  At.no.    q(init)       q(opt)     ivary    d(rstr)/dq
    1   6      -0.228615      -0.228250      0       0.004013
    2   6       0.928813       0.928813    -99       0.001070
    3   6       0.928813       0.928813    -99       0.001070
    4   8      -0.888236      -0.888236    -99       0.001119
    5   8      -0.888236      -0.888236    -99       0.001119
    6   8      -0.888236      -0.888236    -99       0.001119
    7   8      -0.888236      -0.888236    -99       0.001119
    8   1      -0.038025      -0.038216      0       0.000000
    9   1      -0.038043      -0.038216      8       0.000000

 Sum over the calculated charges:     -2.000

        Statistics of the fitting:
  The initial sum of squares (ssvpot)                    346.201
  The residual sum of squares (chipot)                     0.008
  The std err of estimate (sqrt(chipot/N))               0.00136
  ESP relative RMS (SQRT(chipot/ssvpot))                 0.00478

 Center of Mass (Angst.):

 X  =   0.00000      Y  =   0.00000      Z  =   0.00000

 Dipole (Debye):

 X  =   0.00022      Y  =  -0.00129      Z  =   2.82370

 Dipole Moment (Debye)=   2.82370

 Quadrupole (Debye*Angst.):

 Qxx = -65.71942     QYY =  23.96552     QZZ =  41.75390
 Qxy =  58.78363     QXZ =  65.08272     QYZ =  65.07747
