
 -----------------------------------------------
      Restrained ESP Fit 2.3  Amber 4.1
 -----------------------------------------------
 Resp charges for organic molecule                                               
 -----------------------------------------------


 inopt       =     0   ioutopt     =     1
 nmol        =     1   iqopt       =     0
 ihfree      =     1   irstrnt     =     1
 iunits      =     0   qwt         =   0.00050000
 wtmol(1) =     1.000000
 subtitle:

Resp charges for organic molecule                                               
ich =  -2  iuniq =  64
    1    6    0
    2    6    1
    3    6    0
    4    6    3
    5    6    0
    6    6    0
    7    6    0
    8    6    0
    9    6    0
   10    6    0
   11    6    0
   12    6    0
   13    6    0
   14    6    0
   15    6    0
   16    6   15
   17    6    0
   18    6    0
   19    6    0
   20    6    0
   21    6    0
   22    6    0
   23    6    0
   24    8    0
   25    7    0
   26    7    0
   27    7    0
   28    7    0
   29    8    0
   30    8   24
   31    8   24
   32    8    0
   33    8   24
   34    8    0
   35   16    0
   36    6    0
   37    6    0
   38   16    0
   39    1    0
   40    1    0
   41    1    0
   42    1    0
   43    1    0
   44    1    0
   45    1    0
   46    1    0
   47    1    0
   48    1    0
   49    1    0
   50    1    0
   51    1    0
   52    1    0
   53    1    0
   54    1    0
   55    1    0
   56    1    0
   57    1    0
   58    1    0
   59    1    0
   60    1    0
   61    1    0
   62    1   61
   63    1    0
   64    1   63

  ----------------------------------------------------------------------------
     ATOM                       COORDINATES                         CHARGE
                       X             Y                Z
  ----------------------------------------------------------------------------
  ----------------------------------------------------------------------------


 Charge on the molecule(ich) =   -2
 Total number of atoms (iuniq)     =   64
 Weight factor on initial charge restraints(qwt)=     0.50000D-03


  there are  1 charge constraints:


     1       1
     2       1
     3       1
     4       1
     5       1
     6       1
     7       1
     8       1
     9       1
    10       1
    11       1
    12       1
    13       1
    14       1
    15       1
    16       1
    17       1
    18       1
    19       1
    20       1
    21       1
    22       1
    23       1
    24       1
    25       1
    26       1
    27       1
    28       1
    29       1
    30       1
    31       1
    32       1
    33       1
    34       1
    35       1
    36       1
    37       1
    38       1
    39       1
    40       1
    41       1
    42       1
    43       1
    44       1
    45       1
    46       1
    47       1
    48       1
    49       1
    50       1
    51       1
    52       1
    53       1
    54       1
    55       1
    56       1
    57       1
    58       1
    59       1
    60       1
    61       1
    62       1
    63       1
    64       1

 Reading esp"s for molecule   1
 total number of atoms      =    64
 total number of esp points = 17223


 center     X       Y       Z 
    1  -0.6757399E+01   0.1329069E+01  -0.2196899E+01
    2  -0.8664626E+01   0.5043815E+01  -0.5587013E+00
    3  -0.8720783E+01  -0.1443165E+00  -0.1300124E+01
    4  -0.1064345E+02   0.3623085E+01   0.3564949E+00
    5   0.4886074E+01  -0.1450650E+01   0.2090337E+01
    6   0.4793698E+01   0.1137638E+01   0.2267524E+01
    7   0.9108287E+01   0.1533269E+01   0.8124310E+00
    8  -0.6659974E+01   0.3931363E+01  -0.1853169E+01
    9  -0.1072201E+02   0.9914939E+00   0.1453955E-01
   10   0.7105836E+01  -0.2591701E+01   0.1264531E+01
   11   0.6885353E+01   0.2645019E+01   0.1633268E+01
   12   0.9160450E+01  -0.1084104E+01   0.6432306E+00
   13   0.9673577E+01  -0.5660041E+01   0.1911779E+00
   14   0.8036528E+01   0.7154437E+01   0.9719333E+00
   15  -0.1310959E+02  -0.3981537E+01  -0.1713020E+01
   16  -0.1487917E+02  -0.3752487E+01   0.2934376E+01
   17   0.1651110E+01   0.8156560E+01  -0.5841181E+00
   18   0.3945336E+01  -0.1237289E+02  -0.1450771E+01
   19  -0.4462501E+01   0.5478852E+01  -0.2818468E+01
   20  -0.1279558E+02  -0.2919415E+01   0.1024488E+01
   21   0.6966161E+01   0.9777446E+01   0.1430536E+01
   22  -0.2340766E+01   0.5754854E+01  -0.8753022E+00
   23   0.5511811E+01   0.1079343E+02  -0.8622744E+00
   24  -0.1486128E+02  -0.3098680E+01  -0.2958740E+01
   25   0.7473460E+01  -0.5178312E+01   0.9871588E+00
   26   0.6579308E+01   0.5267318E+01   0.1916755E+01
   27  -0.2258317E+00   0.7156398E+01  -0.1977617E+01
   28   0.3675273E+01   0.9058044E+01  -0.1937115E+01
   29   0.1000478E+02   0.6855833E+01  -0.1254476E+00
   30  -0.1502845E+02  -0.6073453E+01   0.3140643E+01
   31  -0.1147256E+02  -0.5527273E+01  -0.2372353E+01
   32   0.1621799E+01   0.8243901E+01   0.1708573E+01
   33  -0.1603840E+02  -0.2095927E+01   0.4081857E+01
   34  -0.1266424E+02  -0.1887666E+00   0.9851746E+00
   35   0.1165057E+02  -0.3029456E+01  -0.3456573E+00
   36   0.6215604E+01  -0.1068353E+02  -0.2035549E+01
   37   0.8093557E+01  -0.1065346E+02   0.1549594E+00
   38   0.1088538E+02  -0.8706431E+01  -0.3807798E+00
   39   0.5576419E+01  -0.8774971E+01  -0.2403178E+01
   40   0.7164051E+01  -0.1134373E+02  -0.3731880E+01
   41   0.8850889E+01  -0.1252816E+02   0.4900967E+00
   42   0.7210036E+01  -0.1000866E+02   0.1878575E+01
   43   0.4524813E+01  -0.1431207E+02  -0.1097532E+01
   44   0.2930436E+01  -0.1170534E+02   0.2013333E+00
   45   0.2627271E+01  -0.1238869E+02  -0.3020270E+01
   46   0.3435444E+01   0.9222349E+01  -0.3794188E+01
   47   0.9558801E-01   0.6858005E+01  -0.3806422E+01
   48   0.4889092E+01   0.5814345E+01   0.2556314E+01
   49   0.4629721E+01   0.1256771E+02  -0.3223117E+00
   50   0.6849992E+01   0.1119100E+02  -0.2357537E+01
   51  -0.1721888E+01   0.3903167E+01  -0.2482684E+00
   52  -0.2996539E+01   0.6777064E+01   0.7635079E+00
   53   0.5761661E+01   0.9800771E+01   0.3074157E+01
   54   0.8558938E+01   0.1102077E+02   0.1765032E+01
   55  -0.1101093E+02  -0.3594969E+01   0.1773332E+01
   56  -0.5084667E+01   0.7359972E+01  -0.3368132E+01
   57  -0.3692184E+01   0.4596500E+01  -0.4513635E+01
   58   0.1070295E+02   0.2665281E+01   0.3089286E+00
   59   0.3079721E+01   0.2036648E+01   0.2888811E+01
   60   0.3273092E+01  -0.2587396E+01   0.2564309E+01
   61  -0.1219002E+02   0.4485431E+01   0.1351024E+01
   62  -0.8773660E+01  -0.2135360E+01  -0.1683107E+01
   63  -0.8678969E+01   0.7064057E+01  -0.2664381E+00
   64  -0.5260236E+01   0.4041368E+00  -0.3230048E+01
 Initial ssvpot =   443.560


 Number of unique UNfrozen centers=   56

 Non-linear optimization requested.
 qchnge =    0.5272033457E-01
 qchnge =    0.1444626266E-02
 qchnge =    0.2051091969E-03
 qchnge =    0.4125940295E-04
 qchnge =    0.9547165772E-05
 qchnge =    0.2330719944E-05
 qchnge =    0.5812936909E-06

 Convergence in    6 iterations


Resp charges for organic molecule                                               

          Point Charges Before & After Optimization

    no.  At.no.    q(init)       q(opt)     ivary    d(rstr)/dq
    1   6       0.000000      -0.163569      0       0.002608
    2   6       0.000000      -0.163569      1       0.002608
    3   6       0.000000      -0.381654      0       0.001267
    4   6       0.000000      -0.381654      3       0.001267
    5   6       0.000000      -0.340015      0       0.001411
    6   6       0.000000      -0.142679      0       0.002870
    7   6       0.000000      -0.273740      0       0.001716
    8   6       0.000000      -0.129383      0       0.003058
    9   6       0.000000       0.705418      0       0.000702
   10   6       0.000000       0.367545      0       0.001313
   11   6       0.000000       0.245510      0       0.001886
   12   6       0.000000      -0.087748      0       0.003758
   13   6       0.000000       0.244014      0       0.001896
   14   6       0.000000       0.794134      0       0.000625
   15   6       0.000000       0.822250      0       0.000604
   16   6       0.000000       0.822250     15       0.000604
   17   6       0.000000       0.992632      0       0.000501
   18   6       0.000000      -0.271187      0       0.001730
   19   6       0.000000       0.018356      0       0.004918
   20   6       0.000000       0.271316      0       0.001729
   21   6       0.000000      -0.235841      0       0.001952
   22   6       0.000000       0.186151      0       0.002366
   23   6       0.000000       0.205124      0       0.002191
   24   8       0.000000      -0.833925      0       0.000595
   25   7       0.000000      -0.377499      0       0.001280
   26   7       0.000000      -0.657134      0       0.000752
   27   7       0.000000      -0.773290      0       0.000641
   28   7       0.000000      -0.742224      0       0.000668
   29   8       0.000000      -0.652753      0       0.000757
   30   8       0.000000      -0.833925     24       0.000595
   31   8       0.000000      -0.833925     24       0.000595
   32   8       0.000000      -0.647256      0       0.000763
   33   8       0.000000      -0.833925     24       0.000595
   34   8       0.000000      -0.570102      0       0.000864
   35  16       0.000000      -0.073232      0       0.004034
   36   6       0.000000       0.101712      0       0.003505
   37   6       0.000000      -0.047380      0       0.004518
   38  16       0.000000      -0.240546      0       0.001919
   39   1       0.000000       0.028916      0       0.000000
   40   1       0.000000       0.003910      0       0.000000
   41   1       0.000000       0.129127      0       0.000000
   42   1       0.000000       0.042650      0       0.000000
   43   1       0.000000       0.041721      0       0.000000
   44   1       0.000000       0.082185      0       0.000000
   45   1       0.000000       0.086277      0       0.000000
   46   1       0.000000       0.346774      0       0.000000
   47   1       0.000000       0.331514      0       0.000000
   48   1       0.000000       0.339842      0       0.000000
   49   1       0.000000       0.013635      0       0.000000
   50   1       0.000000       0.042852      0       0.000000
   51   1       0.000000       0.027531      0       0.000000
   52   1       0.000000       0.030239      0       0.000000
   53   1       0.000000       0.088765      0       0.000000
   54   1       0.000000       0.051575      0       0.000000
   55   1       0.000000      -0.088548      0       0.000000
   56   1       0.000000      -0.000453      0       0.000000
   57   1       0.000000       0.039424      0       0.000000
   58   1       0.000000       0.280996      0       0.000000
   59   1       0.000000       0.163592      0       0.000000
   60   1       0.000000       0.208421      0       0.000000
   61   1       0.000000       0.173383      0       0.000000
   62   1       0.000000       0.173383     61       0.000000
   63   1       0.000000       0.137017      0       0.000000
   64   1       0.000000       0.137017     63       0.000000

 Sum over the calculated charges:     -2.000

        Statistics of the fitting:
  The initial sum of squares (ssvpot)                    443.560
  The residual sum of squares (chipot)                     0.088
  The std err of estimate (sqrt(chipot/N))               0.00226
  ESP relative RMS (SQRT(chipot/ssvpot))                 0.01405

 Center of Mass (Angst.):

 X  =   0.00000      Y  =   0.00000      Z  =   0.00000

 Dipole (Debye):

 X  =  61.22165      Y  =  17.35065      Z  =  -3.98423

 Dipole Moment (Debye)=  63.75743

 Quadrupole (Debye*Angst.):

 Qxx =**********     QYY = 522.31432     QZZ = 566.11574
 Qxy = 241.08163     QXZ = 712.47890     QYZ = 612.25837
