            --------------------------------------------------------
                             AMBER SQM VERSION 14
 
                                     By
              Ross C. Walker, Michael F. Crowley, Scott Brozell,
                         Tim Giese, Andreas W. Goetz,
                        Tai-Sung Lee and David A. Case
 
            --------------------------------------------------------
 

--------------------------------------------------------------------------------
  QM CALCULATION INFO
--------------------------------------------------------------------------------

| QMMM: Citation for AMBER QMMM Run:
| QMMM: R.C. Walker, M.F. Crowley and D.A. Case, J. COMP. CHEM. 29:1019, 2008

QMMM: SINGLET STATE CALCULATION
QMMM: RHF CALCULATION, NO. OF DOUBLY OCCUPIED LEVELS = 40

| QMMM: *** Selected Hamiltonian *** 
| QMMM: AM1         

| QMMM: *** Parameter sets in use ***
| QMMM: C : M.J.S.DEWAR et al. JACS, 107, 3902, (1985)
| QMMM: O : M.J.S.DEWAR et al. JACS, 107, 3902, (1985)
| QMMM: Br: M.J.S.DEWAR et al. THEOCHEM, 180, 1, (1988)
| QMMM: H : M.J.S.DEWAR et al. JACS, 107, 3902, (1985)

| QMMM: *** SCF convergence criteria ***
| QMMM: Energy change                :  0.1D-09 kcal/mol
| QMMM: Error matrix |FP-PF|         :  0.1D+00 au
| QMMM: Density matrix change        :  0.5D-06
| QMMM: Maximum number of SCF cycles :     1000

| QMMM: *** Diagonalization Routine Information ***
| QMMM: Pseudo diagonalizations are allowed.
| QMMM: Auto diagonalization routine selection is in use.
| QMMM:
| QMMM: Timing diagonalization routines:
| QMMM:                              norbs =       65
| QMMM:    diag iterations used for timing =       15
| QMMM:
| QMMM:              Internal diag routine = 0.021265 seconds
| QMMM:                 Dspev diag routine = 0.016512 seconds
| QMMM:                Dspevd diag routine = 0.008819 seconds
| QMMM:                Dspevx diag routine = 0.039928 seconds
| QMMM:                 Dsyev diag routine = 0.014847 seconds
| QMMM:                Dsyevd diag routine = 0.014567 seconds
| QMMM:                Dsyevr diag routine = 0.011365 seconds
| QMMM:
| QMMM:                Pseudo diag routine = 0.003199 seconds
| QMMM:
| QMMM: Using dspevd routine (diag_routine=3).

  QMMM: QM Region Cartesian Coordinates (*=link atom) 
  QMMM: QM_NO.   MM_NO.  ATOM         X         Y         Z
  QMMM:     1        1      C        3.2070   -1.6690    6.4010
  QMMM:     2        2      C        4.9320   -1.0130    7.9440
  QMMM:     3        3      C        2.3270   -0.7850    7.0050
  QMMM:     4        4      C        4.0550   -0.1350    8.5510
  QMMM:     5        5      C        4.5020   -1.7810    6.8710
  QMMM:     6        6      C        2.7590   -0.0350    8.0620
  QMMM:     7        7      C        4.5460   -4.6550    7.1900
  QMMM:     8        8      C        6.2840   -4.6740    5.3700
  QMMM:     9        9      C        5.0480   -3.9770    5.9250
  QMMM:    10       10      O        5.0930   -4.4960    8.2990
  QMMM:    11       11      O        6.2380   -5.7450    4.7800
  QMMM:    12       12      O        3.4880   -5.3640    6.9710
  QMMM:    13       13      O        7.3760   -4.0160    5.5940
  QMMM:    14       14      O        5.4230   -2.6230    6.2940
  QMMM:    15       15      Br       1.5550    1.1770    8.8810
  QMMM:    16       16      H        4.2540   -3.9660    5.1640
  QMMM:    17       17      H        4.3740    0.4680    9.3940
  QMMM:    18       18      H        1.3100   -0.6890    6.6430
  QMMM:    19       19      H        5.9500   -1.1030    8.3050
  QMMM:    20       20      H        2.8800   -2.2710    5.5610

--------------------------------------------------------------------------------
  RESULTS
--------------------------------------------------------------------------------

      iter         sqm energy              rms gradient
      ----    -------------------    -----------------------
xmin    10     -156.6163 kcal/mol        1.6145 kcal/(mol*A)
xmin    20     -160.5085 kcal/mol        2.2539 kcal/(mol*A)
xmin    30     -160.8134 kcal/mol        0.7002 kcal/(mol*A)
xmin    40     -160.8574 kcal/mol        0.4025 kcal/(mol*A)
xmin    50     -160.8703 kcal/mol        0.1631 kcal/(mol*A)
xmin    60     -160.8748 kcal/mol        0.0124 kcal/(mol*A)
xmin    70     -160.8756 kcal/mol        0.0109 kcal/(mol*A)
xmin    80     -160.8757 kcal/mol        0.0028 kcal/(mol*A)
xmin    90     -160.8758 kcal/mol        0.0011 kcal/(mol*A)
xmin   100     -160.8758 kcal/mol        0.0006 kcal/(mol*A)
xmin   100     -160.8758 kcal/mol        0.0005 kcal/(mol*A)
  ... geometry converged !
 
 Final MO eigenvalues (eV):
 -34.3959  -32.0574  -29.8351  -29.2993  -27.3589  -26.3007  -26.0030  -25.8583
 -23.8137  -21.0932  -17.8740  -16.9824  -13.7508  -12.7625  -11.9375  -10.9937
 -10.5102   -9.6730   -9.4866   -8.9407   -8.4446   -8.3415   -7.6918   -7.3345
  -7.2642   -6.9724   -6.7930   -6.4439   -6.1744   -6.0348   -5.6854   -5.0881
  -4.4950   -3.1187   -2.2136   -2.0282   -1.8755   -1.8671   -1.7351   -1.0605
   5.8195    5.8341    5.9127    8.3076    8.7169    9.1328    9.2162    9.7799
   9.9239   10.1194   10.4607   10.5869   10.7052   10.9091   11.0035   11.0878
  11.5184   11.6631   12.0836   12.2197   13.1438   15.4206   15.5679   16.2861
  16.5095

 Heat of formation   =       -160.87575958 kcal/mol  (       -6.97609642 eV)

 Total SCF energy    =     -73245.76613107 kcal/mol  (    -3176.17475960 eV)
 Electronic energy   =    -346249.66570997 kcal/mol  (   -15014.51219418 eV)
 Core-core repulsion =     273003.89957890 kcal/mol  (    11838.33743458 eV)
 
    Atomic Charges for Step       1 :
  Atom    Element       Mulliken Charge
     1      C                 -0.222
     2      C                 -0.218
     3      C                 -0.072
     4      C                 -0.084
     5      C                  0.167
     6      C                 -0.258
     7      C                  0.330
     8      C                  0.357
     9      C                 -0.099
    10      O                 -0.550
    11      O                 -0.601
    12      O                 -0.626
    13      O                 -0.574
    14      O                 -0.142
    15      Br                -0.059
    16      H                  0.071
    17      H                  0.106
    18      H                  0.117
    19      H                  0.139
    20      H                  0.216
 Total Mulliken Charge =      -2.000
 
                  X        Y        Z     TOTAL  
  QM DIPOLE   -49.521   41.299  -61.679   89.231
 
 Final Structure

  QMMM: QM Region Cartesian Coordinates (*=link atom) 
  QMMM: QM_NO.   MM_NO.  ATOM         X         Y         Z
  QMMM:     1        1      C        3.1584   -2.0616    6.9361
  QMMM:     2        2      C        4.9910   -0.7768    7.9108
  QMMM:     3        3      C        2.2811   -1.0499    7.2908
  QMMM:     4        4      C        4.0981    0.2239    8.2583
  QMMM:     5        5      C        4.5361   -1.9360    7.2302
  QMMM:     6        6      C        2.7427    0.1002    7.9424
  QMMM:     7        7      C        4.2882   -4.9823    6.7848
  QMMM:     8        8      C        6.4781   -4.4188    5.4205
  QMMM:     9        9      C        5.1386   -3.9310    6.0330
  QMMM:    10       10      O        4.7427   -5.6158    7.7733
  QMMM:    11       11      O        6.3954   -5.0121    4.3033
  QMMM:    12       12      O        3.0908   -5.1259    6.3735
  QMMM:    13       13      O        7.5775   -4.1543    5.9791
  QMMM:    14       14      O        5.4946   -2.8325    6.9147
  QMMM:    15       15      Br       1.5413    1.4763    8.4025
  QMMM:    16       16      H        4.5187   -3.5162    5.1897
  QMMM:    17       17      H        4.4667    1.1175    8.7829
  QMMM:    18       18      H        1.2112   -1.1632    7.0605
  QMMM:    19       19      H        6.0587   -0.6962    8.1543
  QMMM:    20       20      H        2.7909   -2.9971    6.4643

           --------- Calculation Completed ----------

