            --------------------------------------------------------
                             AMBER SQM VERSION 14
 
                                     By
              Ross C. Walker, Michael F. Crowley, Scott Brozell,
                         Tim Giese, Andreas W. Goetz,
                        Tai-Sung Lee and David A. Case
 
            --------------------------------------------------------
 

--------------------------------------------------------------------------------
  QM CALCULATION INFO
--------------------------------------------------------------------------------

| QMMM: Citation for AMBER QMMM Run:
| QMMM: R.C. Walker, M.F. Crowley and D.A. Case, J. COMP. CHEM. 29:1019, 2008

QMMM: SINGLET STATE CALCULATION
QMMM: RHF CALCULATION, NO. OF DOUBLY OCCUPIED LEVELS = 47

| QMMM: *** Selected Hamiltonian *** 
| QMMM: AM1         

| QMMM: *** Parameter sets in use ***
| QMMM: C : M.J.S.DEWAR et al. JACS, 107, 3902, (1985)
| QMMM: N : M.J.S.DEWAR et al. JACS, 107, 3902, (1985)
| QMMM: O : M.J.S.DEWAR et al. JACS, 107, 3902, (1985)
| QMMM: S : M.J.S.DEWAR et al. INORG. CHEM., 29, 3881, (1990)
| QMMM: H : M.J.S.DEWAR et al. JACS, 107, 3902, (1985)

| QMMM: *** SCF convergence criteria ***
| QMMM: Energy change                :  0.1D-09 kcal/mol
| QMMM: Error matrix |FP-PF|         :  0.1D+00 au
| QMMM: Density matrix change        :  0.5D-06
| QMMM: Maximum number of SCF cycles :     1000

| QMMM: *** Diagonalization Routine Information ***
| QMMM: Pseudo diagonalizations are allowed.
| QMMM: Auto diagonalization routine selection is in use.
| QMMM:
| QMMM: Timing diagonalization routines:
| QMMM:                              norbs =       83
| QMMM:    diag iterations used for timing =       15
| QMMM:
| QMMM:              Internal diag routine = 0.016850 seconds
| QMMM:                 Dspev diag routine = 0.021722 seconds
| QMMM:                Dspevd diag routine = 0.015116 seconds
| QMMM:                Dspevx diag routine = 0.068716 seconds
| QMMM:                 Dsyev diag routine = 0.036744 seconds
| QMMM:                Dsyevd diag routine = 0.018519 seconds
| QMMM:                Dsyevr diag routine = 0.019295 seconds
| QMMM:
| QMMM:                Pseudo diag routine = 0.007386 seconds
| QMMM:
| QMMM: Using dspevd routine (diag_routine=3).

  QMMM: QM Region Cartesian Coordinates (*=link atom) 
  QMMM: QM_NO.   MM_NO.  ATOM         X         Y         Z
  QMMM:     1        1      C       -4.5180    9.2370   12.8850
  QMMM:     2        2      C       -3.1590    8.9700   12.7940
  QMMM:     3        3      C       -3.2790    7.5950   14.7860
  QMMM:     4        4      C       -5.2730    8.6870   13.9220
  QMMM:     5        5      C       -2.5290    8.1570   13.7360
  QMMM:     6        6      C       -4.6340    7.8670   14.8550
  QMMM:     7        7      C       -7.0150    8.2270   15.1760
  QMMM:     8        8      C       -8.4410    8.2530   15.6420
  QMMM:     9        9      C       -0.4520    6.7960   14.0110
  QMMM:    10       10      C        3.0600    5.4860   13.8710
  QMMM:    11       11      C        1.0160    6.9940   14.2140
  QMMM:    12       12      C        1.8440    6.1220   13.2680
  QMMM:    13       13      N       -6.6370    8.8700   14.1300
  QMMM:    14       14      N       -1.1270    7.9110   13.6020
  QMMM:    15       15      O       -1.0060    5.6980   14.2040
  QMMM:    16       16      O        3.5410    5.8190   14.9510
  QMMM:    17       17      O        3.5740    4.5480   13.1190
  QMMM:    18       18      S       -5.7860    7.3200   16.0320
  QMMM:    19       19      H       -0.5850    8.6290   13.1650
  QMMM:    20       20      H        1.1940    5.3180   12.8920
  QMMM:    21       21      H        2.1730    6.7510   12.4280
  QMMM:    22       22      H        1.2620    8.0500   14.0310
  QMMM:    23       23      H        1.2700    6.7330   15.2520
  QMMM:    24       24      H       -2.8040    6.9610   15.5260
  QMMM:    25       25      H       -2.5810    9.3970   11.9820
  QMMM:    26       26      H       -4.9940    9.8750   12.1490
  QMMM:    27       27      H       -8.8440    7.2290   15.6460
  QMMM:    28       28      H       -8.4870    8.6690   16.6590
  QMMM:    29       29      H       -9.0380    8.8790   14.9620

--------------------------------------------------------------------------------
  RESULTS
--------------------------------------------------------------------------------

      iter         sqm energy              rms gradient
      ----    -------------------    -----------------------
xmin    10     -108.2421 kcal/mol        4.0953 kcal/(mol*A)
xmin    20     -110.7775 kcal/mol        0.8348 kcal/(mol*A)
xmin    30     -111.7557 kcal/mol        0.8497 kcal/(mol*A)
xmin    40     -112.2415 kcal/mol        0.6079 kcal/(mol*A)
xmin    50     -112.4031 kcal/mol        0.4239 kcal/(mol*A)
xmin    60     -112.7183 kcal/mol        0.2825 kcal/(mol*A)
xmin    70     -113.0650 kcal/mol        1.1147 kcal/(mol*A)
xmin    80     -117.2657 kcal/mol        3.4004 kcal/(mol*A)
xmin    90     -120.5297 kcal/mol        1.0769 kcal/(mol*A)
xmin   100     -120.7095 kcal/mol        0.1747 kcal/(mol*A)
xmin   110     -120.7808 kcal/mol        0.1503 kcal/(mol*A)
xmin   120     -120.7920 kcal/mol        0.1198 kcal/(mol*A)
xmin   130     -120.8000 kcal/mol        0.1187 kcal/(mol*A)
xmin   140     -120.8021 kcal/mol        0.0290 kcal/(mol*A)
xmin   150     -120.8023 kcal/mol        0.0124 kcal/(mol*A)
xmin   160     -120.8025 kcal/mol        0.0190 kcal/(mol*A)
xmin   170     -120.8025 kcal/mol        0.0038 kcal/(mol*A)
xmin   180     -120.8025 kcal/mol        0.0099 kcal/(mol*A)
xmin   190     -120.8025 kcal/mol        0.0027 kcal/(mol*A)
xmin   200     -120.8025 kcal/mol        0.0013 kcal/(mol*A)
xmin   210     -120.8026 kcal/mol        0.0011 kcal/(mol*A)
xmin   220     -120.8026 kcal/mol        0.0008 kcal/(mol*A)
xmin   230     -120.8026 kcal/mol        0.0011 kcal/(mol*A)
  ... geometry converged !
 
 Final MO eigenvalues (eV):
 -38.1009  -36.8235  -34.8462  -33.8841  -32.1662  -30.1955  -29.6527  -29.5939
 -28.9766  -25.6734  -22.7120  -22.4550  -20.7765  -19.3419  -18.0859  -16.8198
 -15.8689  -15.7650  -14.8196  -13.9528  -13.5593  -13.4187  -12.8879  -12.5574
 -12.3582  -12.0784  -11.7886  -11.7627  -11.6444  -11.2239  -11.0996  -10.7887
 -10.6139  -10.1437   -9.7943   -9.3723   -9.1784   -8.8467   -8.7964   -8.7543
  -8.3662   -7.7644   -6.6746   -5.8816   -5.7739   -5.4708   -5.1745    1.8576
   2.6438    2.6864    3.1060    3.4631    4.3637    4.8627    5.2332    5.2600
   5.8366    5.9943    6.0273    6.1969    6.4630    6.5105    6.5700    6.7369
   6.9121    6.9479    7.1003    7.2225    7.4457    7.5347    7.6355    7.7467
   7.7919    7.9482    8.2190    8.2877    8.4540    8.4882    8.6776    9.2942
   9.9424   11.8875   12.6676

 Heat of formation   =       -120.80257577 kcal/mol  (       -5.23839277 eV)

 Total SCF energy    =     -75165.92003208 kcal/mol  (    -3259.43888088 eV)
 Electronic energy   =    -429519.65485188 kcal/mol  (   -18625.36988213 eV)
 Core-core repulsion =     354353.73481980 kcal/mol  (    15365.93100125 eV)
 
    Atomic Charges for Step       1 :
  Atom    Element       Mulliken Charge
     1      C                 -0.056
     2      C                 -0.180
     3      C                 -0.166
     4      C                 -0.117
     5      C                  0.130
     6      C                 -0.258
     7      C                 -0.249
     8      C                 -0.150
     9      C                  0.311
    10      C                  0.327
    11      C                 -0.155
    12      C                 -0.236
    13      N                 -0.091
    14      N                 -0.325
    15      O                 -0.408
    16      O                 -0.604
    17      O                 -0.543
    18      S                  0.348
    19      H                  0.310
    20      H                  0.084
    21      H                  0.075
    22      H                  0.114
    23      H                  0.090
    24      H                  0.179
    25      H                  0.161
    26      H                  0.140
    27      H                  0.080
    28      H                  0.094
    29      H                  0.094
 Total Mulliken Charge =      -1.000
 
                  X        Y        Z     TOTAL  
  QM DIPOLE    -3.897  -36.671  -62.370   72.456
 
 Final Structure

  QMMM: QM Region Cartesian Coordinates (*=link atom) 
  QMMM: QM_NO.   MM_NO.  ATOM         X         Y         Z
  QMMM:     1        1      C       -3.8867    9.3527   13.1448
  QMMM:     2        2      C       -2.6105    8.8405   13.2259
  QMMM:     3        3      C       -3.3045    7.2102   14.9116
  QMMM:     4        4      C       -4.9101    8.8080   13.9462
  QMMM:     5        5      C       -2.2842    7.7594   14.1092
  QMMM:     6        6      C       -4.5915    7.7263   14.8299
  QMMM:     7        7      C       -6.9237    8.4861   14.8417
  QMMM:     8        8      C       -8.3629    8.6222   15.1500
  QMMM:     9        9      C       -0.4297    6.2756   14.8669
  QMMM:    10       10      C        2.0373    7.1683   12.6415
  QMMM:    11       11      C        1.0588    6.0231   14.6860
  QMMM:    12       12      C        1.4864    5.8645   13.2449
  QMMM:    13       13      N       -6.2500    9.2213   13.9741
  QMMM:    14       14      N       -0.9669    7.3177   14.1259
  QMMM:    15       15      O       -1.0995    5.5835   15.6639
  QMMM:    16       16      O        1.2632    8.1741   12.5520
  QMMM:    17       17      O        3.2323    7.1796   12.2457
  QMMM:    18       18      S       -5.9919    7.2631   15.6689
  QMMM:    19       19      H       -0.3196    7.7909   13.4909
  QMMM:    20       20      H        2.2938    5.0895   13.1904
  QMMM:    21       21      H        0.6340    5.5133   12.6115
  QMMM:    22       22      H        1.6156    6.8789   15.1539
  QMMM:    23       23      H        1.2992    5.0939   15.2671
  QMMM:    24       24      H       -3.0897    6.3765   15.6002
  QMMM:    25       25      H       -1.8144    9.2718   12.5936
  QMMM:    26       26      H       -4.1123   10.1829   12.4590
  QMMM:    27       27      H       -8.6626    7.8707   15.9215
  QMMM:    28       28      H       -8.5857    9.6465   15.5422
  QMMM:    29       29      H       -8.9791    8.4568   14.2305

           --------- Calculation Completed ----------

