            --------------------------------------------------------
                             AMBER SQM VERSION 14
 
                                     By
              Ross C. Walker, Michael F. Crowley, Scott Brozell,
                         Tim Giese, Andreas W. Goetz,
                        Tai-Sung Lee and David A. Case
 
            --------------------------------------------------------
 

--------------------------------------------------------------------------------
  QM CALCULATION INFO
--------------------------------------------------------------------------------

| QMMM: Citation for AMBER QMMM Run:
| QMMM: R.C. Walker, M.F. Crowley and D.A. Case, J. COMP. CHEM. 29:1019, 2008

QMMM: SINGLET STATE CALCULATION
QMMM: RHF CALCULATION, NO. OF DOUBLY OCCUPIED LEVELS = 20

| QMMM: *** Selected Hamiltonian *** 
| QMMM: AM1         

| QMMM: *** Parameter sets in use ***
| QMMM: C : M.J.S.DEWAR et al. JACS, 107, 3902, (1985)
| QMMM: O : M.J.S.DEWAR et al. JACS, 107, 3902, (1985)
| QMMM: H : M.J.S.DEWAR et al. JACS, 107, 3902, (1985)

| QMMM: *** SCF convergence criteria ***
| QMMM: Energy change                :  0.1D-09 kcal/mol
| QMMM: Error matrix |FP-PF|         :  0.1D+00 au
| QMMM: Density matrix change        :  0.5D-06
| QMMM: Maximum number of SCF cycles :     1000

| QMMM: *** Diagonalization Routine Information ***
| QMMM: Pseudo diagonalizations are allowed.
| QMMM: Auto diagonalization routine selection is in use.
| QMMM:
| QMMM: Timing diagonalization routines:
| QMMM:                              norbs =       30
| QMMM:    diag iterations used for timing =       20
| QMMM:
| QMMM:              Internal diag routine = 0.002244 seconds
| QMMM:                 Dspev diag routine = 0.003762 seconds
| QMMM:                Dspevd diag routine = 0.002339 seconds
| QMMM:                Dspevx diag routine = 0.008589 seconds
| QMMM:                 Dsyev diag routine = 0.002794 seconds
| QMMM:                Dsyevd diag routine = 0.002342 seconds
| QMMM:                Dsyevr diag routine = 0.002318 seconds
| QMMM:
| QMMM:                Pseudo diag routine = 0.000407 seconds
| QMMM:
| QMMM: Using internal diagonalization routine (diag_routine=1).

  QMMM: QM Region Cartesian Coordinates (*=link atom) 
  QMMM: QM_NO.   MM_NO.  ATOM         X         Y         Z
  QMMM:     1        1      C        5.4450   -2.9480    5.3300
  QMMM:     2        2      C        6.3190   -4.1920    5.4630
  QMMM:     3        3      C        4.2920   -3.0640    6.3260
  QMMM:     4        4      O        5.8180   -5.2710    5.0320
  QMMM:     5        5      O        7.4480   -4.0000    5.9880
  QMMM:     6        6      O        4.1410   -2.0630    7.1110
  QMMM:     7        7      O        3.6340   -4.1400    6.2560
  QMMM:     8        8      H        5.0470   -2.8810    4.3060
  QMMM:     9        9      H        6.0400   -2.0500    5.5510

--------------------------------------------------------------------------------
  RESULTS
--------------------------------------------------------------------------------

      iter         sqm energy              rms gradient
      ----    -------------------    -----------------------
xmin    10     -146.4386 kcal/mol        0.4258 kcal/(mol*A)
xmin    20     -146.6383 kcal/mol        0.1844 kcal/(mol*A)
xmin    30     -146.7144 kcal/mol        0.4447 kcal/(mol*A)
xmin    40     -146.7767 kcal/mol        0.1295 kcal/(mol*A)
xmin    50     -146.8124 kcal/mol        0.1587 kcal/(mol*A)
xmin    60     -146.8295 kcal/mol        0.2824 kcal/(mol*A)
xmin    70     -146.8347 kcal/mol        0.0253 kcal/(mol*A)
xmin    80     -146.8363 kcal/mol        0.0155 kcal/(mol*A)
xmin    90     -146.8367 kcal/mol        0.0091 kcal/(mol*A)
xmin   100     -146.8368 kcal/mol        0.0030 kcal/(mol*A)
xmin   110     -146.8368 kcal/mol        0.0013 kcal/(mol*A)
xmin   120     -146.8368 kcal/mol        0.0007 kcal/(mol*A)
  ... geometry converged !
 
 Final MO eigenvalues (eV):
 -29.2003  -28.0797  -24.7188  -24.6105  -20.9000  -12.3527  -10.1232   -7.0615
  -6.8444   -6.7259   -5.8299   -5.0129   -4.4856   -3.6404   -1.0560   -0.9826
  -0.7812   -0.7716   -0.7705   -0.1636   11.7168   11.8979   13.1301   13.3286
  13.3892   13.6799   16.6250   16.7367   17.3379   17.4497

 Heat of formation   =       -146.83677343 kcal/mol  (       -6.36732030 eV)

 Total SCF energy    =     -39044.25597871 kcal/mol  (    -1693.08598841 eV)
 Electronic energy   =    -118911.02506573 kcal/mol  (    -5156.36898078 eV)
 Core-core repulsion =      79866.76908702 kcal/mol  (     3463.28299237 eV)
 
    Atomic Charges for Step       1 :
  Atom    Element       Mulliken Charge
     1      C                 -0.239
     2      C                  0.342
     3      C                  0.342
     4      O                 -0.648
     5      O                 -0.619
     6      O                 -0.648
     7      O                 -0.619
     8      H                  0.044
     9      H                  0.044
 Total Mulliken Charge =      -2.000
 
                  X        Y        Z     TOTAL  
  QM DIPOLE   -51.554   36.405  -59.607   86.811
 
 Final Structure

  QMMM: QM Region Cartesian Coordinates (*=link atom) 
  QMMM: QM_NO.   MM_NO.  ATOM         X         Y         Z
  QMMM:     1        1      C        5.3439   -3.1019    5.3237
  QMMM:     2        2      C        6.3614   -4.2375    5.3898
  QMMM:     3        3      C        4.3577   -2.9151    6.4733
  QMMM:     4        4      O        6.3394   -5.1223    4.4708
  QMMM:     5        5      O        7.2798   -4.2435    6.2671
  QMMM:     6        6      O        4.3724   -1.8082    7.1079
  QMMM:     7        7      O        3.4682   -3.7872    6.7212
  QMMM:     8        8      H        4.7331   -3.2430    4.3937
  QMMM:     9        9      H        5.9281   -2.1505    5.2156

           --------- Calculation Completed ----------

