            --------------------------------------------------------
                             AMBER SQM VERSION 14
 
                                     By
              Ross C. Walker, Michael F. Crowley, Scott Brozell,
                         Tim Giese, Andreas W. Goetz,
                        Tai-Sung Lee and David A. Case
 
            --------------------------------------------------------
 

--------------------------------------------------------------------------------
  QM CALCULATION INFO
--------------------------------------------------------------------------------

| QMMM: Citation for AMBER QMMM Run:
| QMMM: R.C. Walker, M.F. Crowley and D.A. Case, J. COMP. CHEM. 29:1019, 2008

QMMM: SINGLET STATE CALCULATION
QMMM: RHF CALCULATION, NO. OF DOUBLY OCCUPIED LEVELS = 56

| QMMM: *** Selected Hamiltonian *** 
| QMMM: AM1         

| QMMM: *** Parameter sets in use ***
| QMMM: C : M.J.S.DEWAR et al. JACS, 107, 3902, (1985)
| QMMM: N : M.J.S.DEWAR et al. JACS, 107, 3902, (1985)
| QMMM: O : M.J.S.DEWAR et al. JACS, 107, 3902, (1985)
| QMMM: S : M.J.S.DEWAR et al. INORG. CHEM., 29, 3881, (1990)
| QMMM: H : M.J.S.DEWAR et al. JACS, 107, 3902, (1985)

| QMMM: *** SCF convergence criteria ***
| QMMM: Energy change                :  0.1D-09 kcal/mol
| QMMM: Error matrix |FP-PF|         :  0.1D+00 au
| QMMM: Density matrix change        :  0.5D-06
| QMMM: Maximum number of SCF cycles :     1000

| QMMM: *** Diagonalization Routine Information ***
| QMMM: Pseudo diagonalizations are allowed.
| QMMM: Auto diagonalization routine selection is in use.
| QMMM:
| QMMM: Timing diagonalization routines:
| QMMM:                              norbs =      102
| QMMM:    diag iterations used for timing =       10
| QMMM:
| QMMM:              Internal diag routine = 0.020019 seconds
| QMMM:                 Dspev diag routine = 0.024205 seconds
| QMMM:                Dspevd diag routine = 0.016811 seconds
| QMMM:                Dspevx diag routine = 0.075286 seconds
| QMMM:                 Dsyev diag routine = 0.026493 seconds
| QMMM:                Dsyevd diag routine = 0.019606 seconds
| QMMM:                Dsyevr diag routine = 0.020884 seconds
| QMMM:
| QMMM:                Pseudo diag routine = 0.009377 seconds
| QMMM:
| QMMM: Using dspevd routine (diag_routine=3).

  QMMM: QM Region Cartesian Coordinates (*=link atom) 
  QMMM: QM_NO.   MM_NO.  ATOM         X         Y         Z
  QMMM:     1        1      C        1.3860    1.9630    9.4050
  QMMM:     2        2      C       -4.6820    9.3060   12.9160
  QMMM:     3        3      C       -3.3080    9.1620   12.8020
  QMMM:     4        4      C        2.1820    2.0540   10.6720
  QMMM:     5        5      C       -3.2530    7.7060   14.7390
  QMMM:     6        6      C       -5.3570    8.6510   13.9500
  QMMM:     7        7      C       -2.5950    8.3500   13.6910
  QMMM:     8        8      C       -4.6260    7.8710   14.8530
  QMMM:     9        9      C       -7.0360    8.0560   15.2950
  QMMM:    10       10      C       -0.5080    6.9850   13.6750
  QMMM:    11       11      C        2.0610    4.0320   12.1350
  QMMM:    12       12      C       -8.4050    7.9950   15.9080
  QMMM:    13       13      C        0.9290    7.0630   13.1940
  QMMM:    14       14      C        1.7840    5.9170   13.7000
  QMMM:    15       15      N       -6.7240    8.7290   14.2130
  QMMM:    16       16      N        1.5220    2.8800   11.6870
  QMMM:    17       17      N       -1.2130    8.1230   13.4720
  QMMM:    18       18      N        1.3730    4.6430   13.1230
  QMMM:    19       19      O       -0.9780    5.9630   14.1960
  QMMM:    20       20      O        3.1140    4.4940   11.6770
  QMMM:    21       21      S       -5.6900    7.2370   16.0740
  QMMM:    22       22      H        0.5460    4.2030   13.4730
  QMMM:    23       23      H       -0.6930    8.9020   13.1230
  QMMM:    24       24      H        0.6440    2.5790   12.0590
  QMMM:    25       25      H        2.8340    6.1080   13.4310
  QMMM:    26       26      H        1.6920    5.8590   14.7950
  QMMM:    27       27      H        0.9320    7.0440   12.0940
  QMMM:    28       28      H        1.3660    8.0090   13.5450
  QMMM:    29       29      H       -8.7320    6.9470   15.9710
  QMMM:    30       30      H       -8.3750    8.4320   16.9170
  QMMM:    31       31      H       -9.1110    8.5630   15.2840
  QMMM:    32       32      H       -2.7060    7.0920   15.4450
  QMMM:    33       33      H        3.1630    2.4950   10.4420
  QMMM:    34       34      H        2.3210    1.0410   11.0760
  QMMM:    35       35      H       -2.7790    9.6860   12.0140
  QMMM:    36       36      H       -5.2280    9.9210   12.2090
  QMMM:    37       37      H        0.4040    1.5160    9.6200
  QMMM:    38       38      H        1.2470    2.9700    8.9860
  QMMM:    39       39      H        1.9240    1.3350    8.6790

--------------------------------------------------------------------------------
  RESULTS
--------------------------------------------------------------------------------

      iter         sqm energy              rms gradient
      ----    -------------------    -----------------------
xmin    10      -30.9940 kcal/mol        0.7705 kcal/(mol*A)
xmin    20      -31.3423 kcal/mol        0.4394 kcal/(mol*A)
xmin    30      -31.4626 kcal/mol        0.4540 kcal/(mol*A)
xmin    40      -31.7490 kcal/mol        0.3504 kcal/(mol*A)
xmin    50      -31.8539 kcal/mol        0.1221 kcal/(mol*A)
xmin    60      -32.0256 kcal/mol        0.1208 kcal/(mol*A)
xmin    70      -32.0801 kcal/mol        0.1222 kcal/(mol*A)
xmin    80      -32.1511 kcal/mol        0.1297 kcal/(mol*A)
xmin    90      -32.1761 kcal/mol        0.1430 kcal/(mol*A)
xmin   100      -32.1856 kcal/mol        0.0281 kcal/(mol*A)
xmin   110      -32.1868 kcal/mol        0.0190 kcal/(mol*A)
xmin   120      -32.1871 kcal/mol        0.0127 kcal/(mol*A)
xmin   130      -32.1884 kcal/mol        0.0304 kcal/(mol*A)
xmin   140      -32.1896 kcal/mol        0.0223 kcal/(mol*A)
xmin   150      -32.1901 kcal/mol        0.0038 kcal/(mol*A)
xmin   160      -32.1903 kcal/mol        0.0246 kcal/(mol*A)
xmin   170      -32.1904 kcal/mol        0.0115 kcal/(mol*A)
xmin   180      -32.1905 kcal/mol        0.0057 kcal/(mol*A)
xmin   190      -32.1905 kcal/mol        0.0037 kcal/(mol*A)
xmin   200      -32.1906 kcal/mol        0.0015 kcal/(mol*A)
xmin   210      -32.1906 kcal/mol        0.0014 kcal/(mol*A)
xmin   220      -32.1906 kcal/mol        0.0012 kcal/(mol*A)
  ... geometry converged !
 
 Final MO eigenvalues (eV):
 -40.8724  -40.1024  -39.4383  -37.5906  -36.4224  -35.2739  -35.1660  -32.2843
 -32.1045  -31.4282  -30.4439  -28.2551  -25.4224  -24.9975  -23.7138  -22.8701
 -21.7780  -21.7279  -20.9817  -19.4046  -19.2998  -18.3660  -18.0532  -17.3381
 -16.6103  -16.4319  -16.1603  -15.9942  -15.6923  -15.5620  -15.4049  -15.1534
 -14.8526  -14.7499  -14.4521  -14.1297  -14.0247  -13.8800  -13.4752  -13.4441
 -13.2921  -13.1325  -12.8368  -12.7095  -12.5826  -12.2572  -11.9082  -11.2592
 -11.1553  -11.1119  -11.0752  -10.8542  -10.2040   -9.9779   -9.0242   -8.6718
  -0.5264    0.1296    0.4120    0.8189    0.8398    1.4082    1.4601    1.5893
   1.6606    2.6437    3.0543    3.1036    3.2773    3.5123    3.5524    3.6368
   3.7819    3.8284    3.8396    3.9084    4.0425    4.0582    4.1192    4.2051
   4.2060    4.2352    4.3137    4.4231    4.5361    4.5741    4.6626    4.7459
   4.8071    4.8219    4.9873    5.1190    5.2457    5.2731    5.4013    5.5709
   5.6832    5.8733    6.3299    6.5150    6.6309    7.2712

 Heat of formation   =        -32.19057960 kcal/mol  (       -1.39588828 eV)

 Total SCF energy    =     -85408.07900003 kcal/mol  (    -3703.57222150 eV)
 Electronic energy   =    -550224.10310060 kcal/mol  (   -23859.50752789 eV)
 Core-core repulsion =     464816.02410057 kcal/mol  (    20155.93530639 eV)
 
    Atomic Charges for Step       1 :
  Atom    Element       Mulliken Charge
     1      C                 -0.224
     2      C                 -0.048
     3      C                 -0.180
     4      C                 -0.031
     5      C                 -0.122
     6      C                 -0.082
     7      C                  0.083
     8      C                 -0.288
     9      C                 -0.221
    10      C                  0.312
    11      C                  0.355
    12      C                 -0.162
    13      C                 -0.227
    14      C                 -0.024
    15      N                 -0.094
    16      N                 -0.357
    17      N                 -0.322
    18      N                 -0.335
    19      O                 -0.371
    20      O                 -0.408
    21      S                  0.404
    22      H                  0.224
    23      H                  0.232
    24      H                  0.212
    25      H                  0.122
    26      H                  0.106
    27      H                  0.133
    28      H                  0.113
    29      H                  0.089
    30      H                  0.107
    31      H                  0.107
    32      H                  0.180
    33      H                  0.114
    34      H                  0.069
    35      H                  0.133
    36      H                  0.153
    37      H                  0.073
    38      H                  0.087
    39      H                  0.087
 Total Mulliken Charge =       0.000
 
                  X        Y        Z     TOTAL  
  QM DIPOLE    -0.161   -0.565    0.312    0.665
 
 Final Structure

  QMMM: QM Region Cartesian Coordinates (*=link atom) 
  QMMM: QM_NO.   MM_NO.  ATOM         X         Y         Z
  QMMM:     1        1      C        1.0561    1.3849    9.7823
  QMMM:     2        2      C       -4.4519    9.7422   13.2872
  QMMM:     3        3      C       -3.1161    9.4640   13.0863
  QMMM:     4        4      C        1.8782    2.5184   10.3724
  QMMM:     5        5      C       -3.2754    7.4125   14.4053
  QMMM:     6        6      C       -5.2368    8.8590   14.0539
  QMMM:     7        7      C       -2.5025    8.2978   13.6390
  QMMM:     8        8      C       -4.6257    7.6880   14.6097
  QMMM:     9        9      C       -7.0078    7.9901   15.0865
  QMMM:    10       10      C       -0.3579    6.9997   13.7167
  QMMM:    11       11      C        1.8703    4.2328   12.1097
  QMMM:    12       12      C       -8.3825    7.7916   15.5931
  QMMM:    13       13      C        1.0976    7.0737   13.2892
  QMMM:    14       14      C        1.9234    5.9228   13.8685
  QMMM:    15       15      N       -6.6014    9.0062   14.3432
  QMMM:    16       16      N        1.2991    3.0660   11.5771
  QMMM:    17       17      N       -1.1340    8.1037   13.3910
  QMMM:    18       18      N        1.5569    4.5972   13.4437
  QMMM:    19       19      O       -0.8147    6.0072   14.3161
  QMMM:    20       20      O        2.6505    4.9352   11.4191
  QMMM:    21       21      S       -5.7822    6.8108   15.4756
  QMMM:    22       22      H        0.6631    4.3028   13.7866
  QMMM:    23       23      H       -0.6867    8.8318   12.8784
  QMMM:    24       24      H        0.9107    2.4030   12.2084
  QMMM:    25       25      H        2.9997    6.1011   13.5808
  QMMM:    26       26      H        1.8314    5.9373   14.9919
  QMMM:    27       27      H        1.1532    7.0460   12.1670
  QMMM:    28       28      H        1.5518    8.0378   13.6384
  QMMM:    29       29      H       -8.4394    6.8501   16.1933
  QMMM:    30       30      H       -8.6885    8.6510   16.2423
  QMMM:    31       31      H       -9.1067    7.7199   14.7422
  QMMM:    32       32      H       -2.8350    6.5030   14.8464
  QMMM:    33       33      H        1.9634    3.3572    9.6223
  QMMM:    34       34      H        2.9255    2.1461   10.5749
  QMMM:    35       35      H       -2.5157   10.1637   12.4833
  QMMM:    36       36      H       -4.9079   10.6456   12.8535
  QMMM:    37       37      H        0.9793    0.5257   10.4912
  QMMM:    38       38      H        0.0246    1.7247    9.5236
  QMMM:    39       39      H        1.5590    1.0314    8.8500

           --------- Calculation Completed ----------

