            --------------------------------------------------------
                             AMBER SQM VERSION 14
 
                                     By
              Ross C. Walker, Michael F. Crowley, Scott Brozell,
                         Tim Giese, Andreas W. Goetz,
                        Tai-Sung Lee and David A. Case
 
            --------------------------------------------------------
 

--------------------------------------------------------------------------------
  QM CALCULATION INFO
--------------------------------------------------------------------------------

| QMMM: Citation for AMBER QMMM Run:
| QMMM: R.C. Walker, M.F. Crowley and D.A. Case, J. COMP. CHEM. 29:1019, 2008

QMMM: SINGLET STATE CALCULATION
QMMM: RHF CALCULATION, NO. OF DOUBLY OCCUPIED LEVELS =101

| QMMM: *** Selected Hamiltonian *** 
| QMMM: AM1         

| QMMM: *** Parameter sets in use ***
| QMMM: C : M.J.S.DEWAR et al. JACS, 107, 3902, (1985)
| QMMM: O : M.J.S.DEWAR et al. JACS, 107, 3902, (1985)
| QMMM: N : M.J.S.DEWAR et al. JACS, 107, 3902, (1985)
| QMMM: S : M.J.S.DEWAR et al. INORG. CHEM., 29, 3881, (1990)
| QMMM: H : M.J.S.DEWAR et al. JACS, 107, 3902, (1985)

| QMMM: *** SCF convergence criteria ***
| QMMM: Energy change                :  0.1D-09 kcal/mol
| QMMM: Error matrix |FP-PF|         :  0.1D+00 au
| QMMM: Density matrix change        :  0.5D-06
| QMMM: Maximum number of SCF cycles :     1000

| QMMM: *** Diagonalization Routine Information ***
| QMMM: Pseudo diagonalizations are allowed.
| QMMM: Auto diagonalization routine selection is in use.
| QMMM:
| QMMM: Timing diagonalization routines:
| QMMM:                              norbs =      178
| QMMM:    diag iterations used for timing =        5
| QMMM:
| QMMM:              Internal diag routine = 0.052236 seconds
| QMMM:                 Dspev diag routine = 0.051600 seconds
| QMMM:                Dspevd diag routine = 0.035721 seconds
| QMMM:                Dspevx diag routine = 0.146777 seconds
| QMMM:                 Dsyev diag routine = 0.057332 seconds
| QMMM:                Dsyevd diag routine = 0.039630 seconds
| QMMM:                Dsyevr diag routine = 0.040596 seconds
| QMMM:
| QMMM:                Pseudo diag routine = 0.024074 seconds
| QMMM:
| QMMM: Using dspevd routine (diag_routine=3).

  QMMM: QM Region Cartesian Coordinates (*=link atom) 
  QMMM: QM_NO.   MM_NO.  ATOM         X         Y         Z
  QMMM:     1        1      C        2.2750   -0.2960    7.8280
  QMMM:     2        2      C        4.0800   -0.3240    9.3690
  QMMM:     3        3      C        3.0370   -1.0090    6.9220
  QMMM:     4        4      C        4.8460   -1.0300    8.4580
  QMMM:     5        5      C       -4.5160    9.2570   12.9740
  QMMM:     6        6      C       -3.1570    9.0390   12.8340
  QMMM:     7        7      C       -3.1600    7.5870   14.7550
  QMMM:     8        8      C        2.7850    0.0600    9.0640
  QMMM:     9        9      C        4.3340   -1.3870    7.2230
  QMMM:    10       10      C       -5.2170    8.6360   14.0070
  QMMM:    11       11      C       -2.4760    8.2140   13.7190
  QMMM:    12       12      C       -4.5230    7.8040   14.8830
  QMMM:    13       13      C       -6.9140    8.0400   15.3130
  QMMM:    14       14      C       -0.4580    6.7920   13.5870
  QMMM:    15       15      C        4.0870   -4.1700    6.5830
  QMMM:    16       16      C        5.7370   -3.7300    4.7340
  QMMM:    17       17      C        2.1540    3.9840   11.9870
  QMMM:    18       18      C       -9.0110    8.0740   20.1490
  QMMM:    19       19      C        1.9290    0.8120   10.0600
  QMMM:    20       20      C        4.6000   -3.1570    5.5720
  QMMM:    21       21      C        0.9880    6.8150   13.1400
  QMMM:    22       22      C        2.4350    2.1990   10.3590
  QMMM:    23       23      C        1.8040    5.6850   13.7300
  QMMM:    24       24      O        4.6930   -4.4260    7.6420
  QMMM:    25       25      N       -6.5800    8.7590   14.2690
  QMMM:    26       26      N       -1.0870    7.9930   13.5610
  QMMM:    27       27      N        1.9240    2.7140   11.6230
  QMMM:    28       28      N        1.5270    4.4000   13.0980
  QMMM:    29       29      O       -0.9990    5.7560   13.9670
  QMMM:    30       30      O        5.5600   -4.5420    3.8360
  QMMM:    31       31      O        2.9550   -4.6810    6.2250
  QMMM:    32       32      O        2.9320    4.7020   11.3650
  QMMM:    33       33      O        6.8970   -3.2710    5.0800
  QMMM:    34       34      O        5.1220   -2.0330    6.3290
  QMMM:    35       35      S       -5.6230    7.1680   16.0720
  QMMM:    36       36      C       -8.4690    8.3860   18.7420
  QMMM:    37       37      C       -8.3520    7.3390   17.6190
  QMMM:    38       38      S       -8.6010    8.0080   15.9480
  QMMM:    39       39      H       -7.4530    8.7780   18.8930
  QMMM:    40       40      H       -9.1140    9.1820   18.3430
  QMMM:    41       41      H       -9.1060    6.5580   17.7940
  QMMM:    42       42      H       -7.3470    6.8940   17.6650
  QMMM:    43       43      H      -10.0450    7.7070   20.0710
  QMMM:    44       44      H       -8.3840    7.3030   20.6210
  QMMM:    45       45      H       -8.9910    8.9880   20.7600
  QMMM:    46       46      H        0.8390    3.8020   13.5110
  QMMM:    47       47      H        1.3970    2.1140   12.2250
  QMMM:    48       48      H       -0.5140    8.8000   13.4160
  QMMM:    49       49      H        2.8710    5.9180   13.6020
  QMMM:    50       50      H        1.5730    5.6070   14.8030
  QMMM:    51       51      H        2.1190    2.8730    9.5490
  QMMM:    52       52      H        3.5340    2.1710   10.4070
  QMMM:    53       53      H        1.0180    6.7340   12.0430
  QMMM:    54       54      H        1.4360    7.7710   13.4490
  QMMM:    55       55      H        3.7800   -2.8350    4.9140
  QMMM:    56       56      H        1.9040    0.2400   10.9990
  QMMM:    57       57      H        0.9100    0.8930    9.6520
  QMMM:    58       58      H       -2.6360    6.9400   15.4500
  QMMM:    59       59      H       -2.6180    9.5180   12.0250
  QMMM:    60       60      H       -5.0350    9.9100   12.2810
  QMMM:    61       61      H        5.8610   -1.3080    8.7160
  QMMM:    62       62      H        2.6120   -1.2750    5.9600
  QMMM:    63       63      H        4.5000   -0.0680   10.3350
  QMMM:    64       64      H        1.2620   -0.0120    7.5660

--------------------------------------------------------------------------------
  RESULTS
--------------------------------------------------------------------------------

      iter         sqm energy              rms gradient
      ----    -------------------    -----------------------
xmin    10     -191.7517 kcal/mol        2.5920 kcal/(mol*A)
xmin    20     -195.2014 kcal/mol        0.8761 kcal/(mol*A)
xmin    30     -195.7831 kcal/mol        0.2894 kcal/(mol*A)
xmin    40     -196.3017 kcal/mol        0.3904 kcal/(mol*A)
xmin    50     -196.4295 kcal/mol        0.4304 kcal/(mol*A)
xmin    60     -196.6295 kcal/mol        0.3203 kcal/(mol*A)
xmin    70     -196.8675 kcal/mol        0.4831 kcal/(mol*A)
xmin    80     -197.3229 kcal/mol        0.1932 kcal/(mol*A)
xmin    90     -197.5777 kcal/mol        0.4028 kcal/(mol*A)
xmin   100     -198.3622 kcal/mol        0.8719 kcal/(mol*A)
xmin   110     -198.9531 kcal/mol        0.5582 kcal/(mol*A)
xmin   120     -199.6555 kcal/mol        0.7604 kcal/(mol*A)
xmin   130     -200.2327 kcal/mol        0.3420 kcal/(mol*A)
xmin   140     -200.5185 kcal/mol        0.1621 kcal/(mol*A)
xmin   150     -200.7465 kcal/mol        0.1240 kcal/(mol*A)
xmin   160     -201.1272 kcal/mol        0.1238 kcal/(mol*A)
xmin   170     -201.2346 kcal/mol        0.1502 kcal/(mol*A)
xmin   180     -201.2698 kcal/mol        0.1526 kcal/(mol*A)
xmin   190     -201.3137 kcal/mol        0.1759 kcal/(mol*A)
xmin   200     -201.3381 kcal/mol        0.2156 kcal/(mol*A)
xmin   210     -201.4063 kcal/mol        0.4319 kcal/(mol*A)
xmin   220     -201.4505 kcal/mol        0.1787 kcal/(mol*A)
xmin   230     -201.5037 kcal/mol        0.1798 kcal/(mol*A)
xmin   240     -201.5283 kcal/mol        0.1930 kcal/(mol*A)
xmin   250     -201.5510 kcal/mol        0.2147 kcal/(mol*A)
xmin   260     -201.5886 kcal/mol        0.0810 kcal/(mol*A)
xmin   270     -201.6411 kcal/mol        0.1671 kcal/(mol*A)
xmin   280     -201.6540 kcal/mol        0.0232 kcal/(mol*A)
xmin   290     -201.6713 kcal/mol        0.0353 kcal/(mol*A)
xmin   300     -201.6893 kcal/mol        0.0344 kcal/(mol*A)
xmin   310     -201.6956 kcal/mol        0.0954 kcal/(mol*A)
xmin   320     -201.7036 kcal/mol        0.0391 kcal/(mol*A)
xmin   330     -201.7318 kcal/mol        0.1191 kcal/(mol*A)
xmin   340     -201.7597 kcal/mol        0.0760 kcal/(mol*A)
xmin   350     -201.7742 kcal/mol        0.1142 kcal/(mol*A)
xmin   360     -201.7860 kcal/mol        0.0233 kcal/(mol*A)
xmin   370     -201.7919 kcal/mol        0.0591 kcal/(mol*A)
xmin   380     -201.7554 kcal/mol        0.3093 kcal/(mol*A)
xmin   390     -201.7961 kcal/mol        0.0276 kcal/(mol*A)
xmin   400     -201.7963 kcal/mol        0.0082 kcal/(mol*A)
xmin   410     -201.7963 kcal/mol        0.0239 kcal/(mol*A)
xmin   420     -201.7969 kcal/mol        0.0174 kcal/(mol*A)
xmin   430     -201.7976 kcal/mol        0.0716 kcal/(mol*A)
xmin   440     -201.7987 kcal/mol        0.0250 kcal/(mol*A)
xmin   450     -201.7990 kcal/mol        0.0060 kcal/(mol*A)
xmin   460     -201.7987 kcal/mol        0.0719 kcal/(mol*A)
xmin   470     -201.7996 kcal/mol        0.0052 kcal/(mol*A)
xmin   480     -201.8002 kcal/mol        0.0181 kcal/(mol*A)
xmin   490     -201.8009 kcal/mol        0.0283 kcal/(mol*A)
xmin   500     -201.8016 kcal/mol        0.0163 kcal/(mol*A)
xmin   510     -201.8019 kcal/mol        0.0277 kcal/(mol*A)
xmin   520     -201.8020 kcal/mol        0.0109 kcal/(mol*A)
xmin   530     -201.8023 kcal/mol        0.0044 kcal/(mol*A)
xmin   540     -201.8027 kcal/mol        0.0124 kcal/(mol*A)
xmin   550     -201.8032 kcal/mol        0.0038 kcal/(mol*A)
xmin   560     -201.8034 kcal/mol        0.0095 kcal/(mol*A)
xmin   570     -201.8034 kcal/mol        0.0035 kcal/(mol*A)
xmin   580     -201.8035 kcal/mol        0.0046 kcal/(mol*A)
xmin   590     -201.8036 kcal/mol        0.0083 kcal/(mol*A)
xmin   600     -201.8038 kcal/mol        0.0015 kcal/(mol*A)
xmin   610     -201.8038 kcal/mol        0.0011 kcal/(mol*A)
xmin   620     -201.8038 kcal/mol        0.0017 kcal/(mol*A)
xmin   630     -201.8038 kcal/mol        0.0047 kcal/(mol*A)
xmin   640     -201.8039 kcal/mol        0.0026 kcal/(mol*A)
xmin   650     -201.8039 kcal/mol        0.0015 kcal/(mol*A)
xmin   660     -201.8039 kcal/mol        0.0044 kcal/(mol*A)
xmin   670     -201.8040 kcal/mol        0.0098 kcal/(mol*A)
xmin   680     -201.8040 kcal/mol        0.0014 kcal/(mol*A)
xmin   690     -201.8040 kcal/mol        0.0019 kcal/(mol*A)
xmin   700     -201.8040 kcal/mol        0.0007 kcal/(mol*A)
xmin   710     -201.8040 kcal/mol        0.0006 kcal/(mol*A)
xmin   720     -201.8040 kcal/mol        0.0005 kcal/(mol*A)
  ... geometry converged !
 
 Final MO eigenvalues (eV):
 -38.8347  -37.8593  -36.7829  -35.4257  -34.6523  -34.0729  -33.5061  -32.8882
 -32.6073  -31.8256  -30.1374  -29.8599  -29.3736  -29.2426  -28.0088  -27.2766
 -26.7344  -26.1745  -25.9129  -25.7939  -24.4359  -23.7975  -22.8519  -22.0872
 -21.2270  -20.9073  -20.6662  -19.8291  -19.0769  -18.4240  -17.8876  -17.7752
 -16.6769  -16.5083  -16.3641  -16.1532  -15.6524  -14.9503  -14.6375  -14.4866
 -14.1475  -13.9283  -13.7087  -13.6819  -13.2496  -13.0478  -12.9899  -12.8566
 -12.7750  -12.6120  -12.5911  -12.3424  -12.1844  -12.0793  -11.8682  -11.6016
 -11.5319  -11.3643  -11.1998  -10.9764  -10.7933  -10.7628  -10.6916  -10.1601
 -10.0660   -9.9761   -9.8679   -9.7568   -9.7201   -9.6182   -9.3891   -9.3041
  -9.2802   -9.2527   -8.8818   -8.7907   -8.4330   -8.3143   -7.9931   -7.8278
  -7.7171   -7.6399   -7.5089   -7.1793   -6.9793   -6.9557   -6.8676   -6.6434
  -6.3941   -6.3077   -5.9891   -5.6216   -5.0205   -4.3696   -3.0046   -2.1611
  -1.9793   -1.8211   -1.8178   -1.6861   -1.0068    1.2658    1.6918    2.0304
   2.3492    2.6925    2.7832    2.9936    3.3744    3.6478    4.3794    4.5555
   4.5909    5.1467    5.2752    5.3154    5.4027    5.5240    5.7014    5.7727
   5.8440    5.8583    5.9016    5.9277    5.9887    6.0267    6.0759    6.1935
   6.2021    6.2714    6.3596    6.4552    6.5320    6.5581    6.6597    6.6719
   6.7264    6.8635    6.9360    7.0269    7.1543    7.5753    7.5994    7.8619
   7.9042    7.9604    8.0305    8.1599    8.2399    8.4306    8.5173    8.6295
   8.7786    8.8239    8.9176    9.0329    9.2582    9.3924    9.4434    9.9727
  10.1008   10.1600   10.3471   10.6205   10.7621   10.8911   10.9932   11.1567
  11.2035   11.6516   11.7349   12.1489   12.2801   13.2440   15.4756   15.6218
  16.3340   16.5570

 Heat of formation   =       -201.80404422 kcal/mol  (       -8.75088002 eV)

 Total SCF energy    =    -161857.85202517 kcal/mol  (    -7018.68314579 eV)
 Electronic energy   =   -1245130.06482753 kcal/mol  (   -53992.89123748 eV)
 Core-core repulsion =    1083272.21280236 kcal/mol  (    46974.20809169 eV)
 
    Atomic Charges for Step       1 :
  Atom    Element       Mulliken Charge
     1      C                 -0.092
     2      C                 -0.095
     3      C                 -0.219
     4      C                 -0.217
     5      C                 -0.053
     6      C                 -0.178
     7      C                 -0.126
     8      C                 -0.211
     9      C                  0.160
    10      C                 -0.079
    11      C                  0.094
    12      C                 -0.288
    13      C                 -0.411
    14      C                  0.312
    15      C                  0.330
    16      C                  0.357
    17      C                  0.344
    18      C                 -0.210
    19      C                 -0.111
    20      C                 -0.097
    21      C                 -0.228
    22      C                 -0.055
    23      C                 -0.021
    24      O                 -0.552
    25      N                 -0.113
    26      N                 -0.325
    27      N                 -0.329
    28      N                 -0.350
    29      O                 -0.363
    30      O                 -0.604
    31      O                 -0.628
    32      O                 -0.412
    33      O                 -0.573
    34      O                 -0.146
    35      S                  0.452
    36      C                 -0.160
    37      C                 -0.287
    38      S                  0.276
    39      H                  0.106
    40      H                  0.090
    41      H                  0.114
    42      H                  0.126
    43      H                  0.066
    44      H                  0.075
    45      H                  0.079
    46      H                  0.209
    47      H                  0.202
    48      H                  0.234
    49      H                  0.119
    50      H                  0.099
    51      H                  0.108
    52      H                  0.124
    53      H                  0.139
    54      H                  0.110
    55      H                  0.069
    56      H                  0.071
    57      H                  0.062
    58      H                  0.181
    59      H                  0.135
    60      H                  0.148
    61      H                  0.136
    62      H                  0.212
    63      H                  0.094
    64      H                  0.099
 Total Mulliken Charge =      -2.000
 
                  X        Y        Z     TOTAL  
  QM DIPOLE   -24.880   23.326  -51.316   61.615
 
 Final Structure

  QMMM: QM Region Cartesian Coordinates (*=link atom) 
  QMMM: QM_NO.   MM_NO.  ATOM         X         Y         Z
  QMMM:     1        1      C        2.3060   -0.5008    9.1780
  QMMM:     2        2      C        4.4057    0.6104    8.7622
  QMMM:     3        3      C        2.3423   -1.0854    7.9237
  QMMM:     4        4      C        4.4659    0.0390    7.5008
  QMMM:     5        5      C       -3.6590    8.5633   14.2427
  QMMM:     6        6      C       -2.3317    8.3163   13.9615
  QMMM:     7        7      C       -2.1342    6.8130   15.8786
  QMMM:     8        8      C        3.3261    0.3581    9.6157
  QMMM:     9        9      C        3.4257   -0.8155    7.0559
  QMMM:    10       10      C       -4.2593    7.9415   15.3552
  QMMM:    11       11      C       -1.5417    7.4430   14.7719
  QMMM:    12       12      C       -3.4744    7.0578   16.1650
  QMMM:    13       13      C       -5.8063    7.3517   16.8509
  QMMM:    14       14      C        0.7039    6.3405   14.9402
  QMMM:    15       15      C        2.2854   -3.4112    5.8327
  QMMM:    16       16      C        2.6787   -1.9383    3.6785
  QMMM:    17       17      C        2.5733    3.7091   12.8667
  QMMM:    18       18      C      -10.1907    8.1379   15.0448
  QMMM:    19       19      C        3.2665    0.9609   10.9698
  QMMM:    20       20      C        2.4470   -2.0040    5.2111
  QMMM:    21       21      C        2.1099    6.4056   14.3750
  QMMM:    22       22      C        2.2981    2.1495   10.9811
  QMMM:    23       23      C        2.9322    5.1792   14.7826
  QMMM:    24       24      O        3.1894   -4.2832    5.7418
  QMMM:    25       25      N       -5.5873    8.0930   15.7724
  QMMM:    26       26      N       -0.1917    7.2793   14.4332
  QMMM:    27       27      N        1.9118    2.6144   12.2980
  QMMM:    28       28      N        2.4722    3.9157   14.2760
  QMMM:    29       29      O        0.3871    5.5185   15.8198
  QMMM:    30       30      O        1.6399   -2.0149    2.9551
  QMMM:    31       31      O        1.2078   -3.6132    6.4826
  QMMM:    32       32      O        3.2185    4.5367   12.1744
  QMMM:    33       33      O        3.8306   -1.7375    3.2057
  QMMM:    34       34      O        3.5726   -1.3035    5.8037
  QMMM:    35       35      S       -4.4352    6.4397   17.4121
  QMMM:    36       36      C       -9.0325    7.3851   15.6505
  QMMM:    37       37      C       -8.4718    8.1176   16.8430
  QMMM:    38       38      S       -7.2363    7.2109   17.7178
  QMMM:    39       39      H       -8.2277    7.2526   14.8787
  QMMM:    40       40      H       -9.3701    6.3602   15.9598
  QMMM:    41       41      H       -9.2715    8.2757   17.6127
  QMMM:    42       42      H       -8.0875    9.1189   16.5295
  QMMM:    43       43      H      -11.0164    8.2595   15.7868
  QMMM:    44       44      H       -9.8681    9.1528   14.7081
  QMMM:    45       45      H      -10.5883    7.5827   14.1611
  QMMM:    46       46      H        1.6340    3.5901   14.7111
  QMMM:    47       47      H        1.6512    1.8811   12.9225
  QMMM:    48       48      H        0.1194    7.8121   13.6500
  QMMM:    49       49      H        3.9841    5.3438   14.4098
  QMMM:    50       50      H        2.9411    5.1028   15.9068
  QMMM:    51       51      H        1.3421    1.8413   10.4656
  QMMM:    52       52      H        2.7520    3.0032   10.4040
  QMMM:    53       53      H        2.0893    6.4722   13.2528
  QMMM:    54       54      H        2.6114    7.3254   14.7738
  QMMM:    55       55      H        1.5129   -1.4149    5.4309
  QMMM:    56       56      H        4.2839    1.3072   11.2915
  QMMM:    57       57      H        2.9272    0.1850   11.7088
  QMMM:    58       58      H       -1.5580    6.1217   16.5160
  QMMM:    59       59      H       -1.8779    8.8035   13.0835
  QMMM:    60       60      H       -4.2510    9.2358   13.6038
  QMMM:    61       61      H        5.3125    0.2293    6.8280
  QMMM:    62       62      H        1.5591   -1.8026    7.6018
  QMMM:    63       63      H        5.2184    1.2722    9.0964
  QMMM:    64       64      H        1.4642   -0.7216    9.8513

           --------- Calculation Completed ----------

