            --------------------------------------------------------
                             AMBER SQM VERSION 14
 
                                     By
              Ross C. Walker, Michael F. Crowley, Scott Brozell,
                         Tim Giese, Andreas W. Goetz,
                        Tai-Sung Lee and David A. Case
 
            --------------------------------------------------------
 

--------------------------------------------------------------------------------
  QM CALCULATION INFO
--------------------------------------------------------------------------------

| QMMM: Citation for AMBER QMMM Run:
| QMMM: R.C. Walker, M.F. Crowley and D.A. Case, J. COMP. CHEM. 29:1019, 2008

QMMM: SINGLET STATE CALCULATION
QMMM: RHF CALCULATION, NO. OF DOUBLY OCCUPIED LEVELS =104

| QMMM: *** Selected Hamiltonian *** 
| QMMM: AM1         

| QMMM: *** Parameter sets in use ***
| QMMM: C : M.J.S.DEWAR et al. JACS, 107, 3902, (1985)
| QMMM: N : M.J.S.DEWAR et al. JACS, 107, 3902, (1985)
| QMMM: O : M.J.S.DEWAR et al. JACS, 107, 3902, (1985)
| QMMM: S : M.J.S.DEWAR et al. INORG. CHEM., 29, 3881, (1990)
| QMMM: H : M.J.S.DEWAR et al. JACS, 107, 3902, (1985)

| QMMM: *** SCF convergence criteria ***
| QMMM: Energy change                :  0.1D-09 kcal/mol
| QMMM: Error matrix |FP-PF|         :  0.1D+00 au
| QMMM: Density matrix change        :  0.5D-06
| QMMM: Maximum number of SCF cycles :     1000

| QMMM: *** Diagonalization Routine Information ***
| QMMM: Pseudo diagonalizations are allowed.
| QMMM: Auto diagonalization routine selection is in use.
| QMMM:
| QMMM: Timing diagonalization routines:
| QMMM:                              norbs =      184
| QMMM:    diag iterations used for timing =        5
| QMMM:
| QMMM:              Internal diag routine = 0.067613 seconds
| QMMM:                 Dspev diag routine = 0.054173 seconds
| QMMM:                Dspevd diag routine = 0.037307 seconds
| QMMM:                Dspevx diag routine = 0.156856 seconds
| QMMM:                 Dsyev diag routine = 0.060291 seconds
| QMMM:                Dsyevd diag routine = 0.042740 seconds
| QMMM:                Dsyevr diag routine = 0.043088 seconds
| QMMM:
| QMMM:                Pseudo diag routine = 0.026053 seconds
| QMMM:
| QMMM: Using dspevd routine (diag_routine=3).

  QMMM: QM Region Cartesian Coordinates (*=link atom) 
  QMMM: QM_NO.   MM_NO.  ATOM         X         Y         Z
  QMMM:     1        1      C        3.9300   -0.3670    8.8530
  QMMM:     2        2      C        2.2610   -0.7080    7.1700
  QMMM:     3        3      C        4.8410   -1.0670    8.0840
  QMMM:     4        4      C        3.1730   -1.4370    6.4290
  QMMM:     5        5      C       -4.5630    9.2740   12.9950
  QMMM:     6        6      C       -3.2010    9.0830   12.8440
  QMMM:     7        7      C       -3.1600    7.6340   14.7670
  QMMM:     8        8      C        4.4760   -1.6020    6.8590
  QMMM:     9        9      C       -5.2470    8.6440   14.0370
  QMMM:    10       10      C        2.6480   -0.1650    8.3780
  QMMM:    11       11      C       -2.4990    8.2560   13.7140
  QMMM:    12       12      C       -4.5240    7.8310   14.9110
  QMMM:    13       13      C       -6.9160    8.0050   15.3670
  QMMM:    14       14      C       -0.4190    6.8980   13.6200
  QMMM:    15       15      C        4.9920   -4.4080    7.5890
  QMMM:    16       16      C        6.8910   -4.4990    5.9790
  QMMM:    17       17      C        1.9180    4.0180   12.2370
  QMMM:    18       18      C       -8.9640    7.9680   20.2670
  QMMM:    19       19      C        2.1390    1.0830   10.3770
  QMMM:    20       20      C        5.4420   -2.4360    6.0570
  QMMM:    21       21      C        1.0080    6.9910   13.1440
  QMMM:    22       22      C        1.2600    2.2630   10.6550
  QMMM:    23       23      C        1.8900    5.9360   13.7660
  QMMM:    24       24      C        6.0530   -3.6030    6.8600
  QMMM:    25       25      N       -6.6090    8.7380   14.3220
  QMMM:    26       26      N       -1.1070    8.0600   13.5530
  QMMM:    27       27      N        1.4440    2.7830   12.0040
  QMMM:    28       28      N        1.4890    4.5920   13.3730
  QMMM:    29       29      O       -0.8940    5.8460   14.0390
  QMMM:    30       30      O        5.1160   -4.7000    8.7680
  QMMM:    31       31      O        6.4480   -5.4970    5.4330
  QMMM:    32       32      O        2.7270    4.5640   11.4880
  QMMM:    33       33      O        3.9700   -4.7500    6.8690
  QMMM:    34       34      O        8.1090   -4.0710    5.8480
  QMMM:    35       35      O        1.7270    0.5330    9.1210
  QMMM:    36       36      S       -5.5890    7.1890   16.1270
  QMMM:    37       37      C       -8.4220    8.2800   18.8600
  QMMM:    38       38      C       -8.3040    7.2330   17.7360
  QMMM:    39       39      S       -8.5540    7.9020   16.0660
  QMMM:    40       40      H       -7.4060    8.6720   19.0110
  QMMM:    41       41      H       -9.0670    9.0760   18.4600
  QMMM:    42       42      H       -9.0590    6.4520   17.9120
  QMMM:    43       43      H       -7.3000    6.7880   17.7830
  QMMM:    44       44      H       -9.9980    7.6010   20.1890
  QMMM:    45       45      H       -8.3370    7.1970   20.7390
  QMMM:    46       46      H       -8.9440    8.8820   20.8780
  QMMM:    47       47      H        0.8730    4.0780   13.9700
  QMMM:    48       48      H        1.2100    2.2000   12.7820
  QMMM:    49       49      H       -0.5670    8.8810   13.3680
  QMMM:    50       50      H        6.7180   -3.1660    7.6200
  QMMM:    51       51      H        2.9290    6.1060   13.4450
  QMMM:    52       52      H        1.8270    6.0200   14.8610
  QMMM:    53       53      H        0.2100    1.9590   10.5320
  QMMM:    54       54      H        1.4980    3.0580    9.9330
  QMMM:    55       55      H        1.0250    6.8670   12.0510
  QMMM:    56       56      H        1.4040    7.9830   13.4060
  QMMM:    57       57      H        4.9090   -2.8510    5.1890
  QMMM:    58       58      H        6.2590   -1.7870    5.7090
  QMMM:    59       59      H        3.1910    1.4010   10.3230
  QMMM:    60       60      H        2.0240    0.3320   11.1730
  QMMM:    61       61      H       -2.6180    7.0050   15.4640
  QMMM:    62       62      H       -2.6760    9.5830   12.0390
  QMMM:    63       63      H       -5.1000    9.9130   12.3040
  QMMM:    64       64      H        2.8600   -1.8870    5.4940
  QMMM:    65       65      H        5.8560   -1.1980    8.4440
  QMMM:    66       66      H        1.2510   -0.5640    6.8040
  QMMM:    67       67      H        4.2200    0.0200    9.8240

--------------------------------------------------------------------------------
  RESULTS
--------------------------------------------------------------------------------

      iter         sqm energy              rms gradient
      ----    -------------------    -----------------------
xmin    10     -192.2635 kcal/mol        0.8846 kcal/(mol*A)
xmin    20     -195.9777 kcal/mol        0.7898 kcal/(mol*A)
xmin    30     -197.2125 kcal/mol        1.3209 kcal/(mol*A)
xmin    40     -197.5285 kcal/mol        0.1745 kcal/(mol*A)
xmin    50     -198.8494 kcal/mol        0.5015 kcal/(mol*A)
xmin    60     -200.4740 kcal/mol        0.6489 kcal/(mol*A)
xmin    70     -200.6121 kcal/mol        0.1917 kcal/(mol*A)
xmin    80     -200.9659 kcal/mol        0.5389 kcal/(mol*A)
xmin    90     -201.6657 kcal/mol        0.4971 kcal/(mol*A)
xmin   100     -202.2063 kcal/mol        0.2904 kcal/(mol*A)
xmin   110     -203.0935 kcal/mol        1.0587 kcal/(mol*A)
xmin   120     -203.4576 kcal/mol        0.2725 kcal/(mol*A)
xmin   130     -204.1171 kcal/mol        0.2319 kcal/(mol*A)
xmin   140     -204.5565 kcal/mol        0.2774 kcal/(mol*A)
xmin   150     -204.6584 kcal/mol        0.0948 kcal/(mol*A)
xmin   160     -204.8673 kcal/mol        0.2504 kcal/(mol*A)
xmin   170     -205.2929 kcal/mol        0.2233 kcal/(mol*A)
xmin   180     -205.4832 kcal/mol        0.1888 kcal/(mol*A)
xmin   190     -205.7987 kcal/mol        0.2207 kcal/(mol*A)
xmin   200     -206.0179 kcal/mol        0.0769 kcal/(mol*A)
xmin   210     -206.1656 kcal/mol        0.2782 kcal/(mol*A)
xmin   220     -206.2335 kcal/mol        0.2087 kcal/(mol*A)
xmin   230     -206.3792 kcal/mol        0.2013 kcal/(mol*A)
xmin   240     -206.5052 kcal/mol        0.2844 kcal/(mol*A)
xmin   250     -206.5877 kcal/mol        0.1181 kcal/(mol*A)
xmin   260     -206.6682 kcal/mol        0.2391 kcal/(mol*A)
xmin   270     -206.7036 kcal/mol        0.2289 kcal/(mol*A)
xmin   280     -206.7405 kcal/mol        0.0906 kcal/(mol*A)
xmin   290     -206.7573 kcal/mol        0.0972 kcal/(mol*A)
xmin   300     -206.7696 kcal/mol        0.0321 kcal/(mol*A)
xmin   310     -206.7769 kcal/mol        0.0201 kcal/(mol*A)
xmin   320     -206.7786 kcal/mol        0.0265 kcal/(mol*A)
xmin   330     -206.7794 kcal/mol        0.0089 kcal/(mol*A)
xmin   340     -206.7800 kcal/mol        0.0183 kcal/(mol*A)
xmin   350     -206.7810 kcal/mol        0.0063 kcal/(mol*A)
xmin   360     -206.7817 kcal/mol        0.0035 kcal/(mol*A)
xmin   370     -206.7820 kcal/mol        0.0153 kcal/(mol*A)
xmin   380     -206.7824 kcal/mol        0.0097 kcal/(mol*A)
xmin   390     -206.7830 kcal/mol        0.0144 kcal/(mol*A)
xmin   400     -206.7838 kcal/mol        0.0222 kcal/(mol*A)
xmin   410     -206.7848 kcal/mol        0.0071 kcal/(mol*A)
xmin   420     -206.7856 kcal/mol        0.0051 kcal/(mol*A)
xmin   430     -206.7859 kcal/mol        0.0020 kcal/(mol*A)
xmin   440     -206.7859 kcal/mol        0.0019 kcal/(mol*A)
xmin   450     -206.7859 kcal/mol        0.0018 kcal/(mol*A)
xmin   460     -206.7859 kcal/mol        0.0033 kcal/(mol*A)
xmin   470     -206.7860 kcal/mol        0.0044 kcal/(mol*A)
xmin   480     -206.7860 kcal/mol        0.0007 kcal/(mol*A)
xmin   490     -206.7860 kcal/mol        0.0026 kcal/(mol*A)
xmin   500     -206.7860 kcal/mol        0.0018 kcal/(mol*A)
xmin   510     -206.7860 kcal/mol        0.0017 kcal/(mol*A)
xmin   520     -206.7861 kcal/mol        0.0019 kcal/(mol*A)
xmin   530     -206.7861 kcal/mol        0.0011 kcal/(mol*A)
  ... geometry converged !
 
 Final MO eigenvalues (eV):
 -38.6851  -37.7349  -36.8136  -35.6937  -35.2426  -33.9122  -33.6600  -33.0426
 -32.7529  -32.0399  -30.5001  -29.9856  -29.2867  -28.8712  -27.4914  -27.2603
 -26.5983  -26.4059  -25.8202  -25.5808  -25.3582  -24.1758  -23.2368  -22.7897
 -22.0093  -20.8598  -20.7110  -20.1321  -19.1406  -18.8628  -18.4862  -17.8364
 -17.7256  -16.6384  -16.3526  -16.0231  -15.9597  -15.5567  -14.7926  -14.6143
 -14.4003  -14.0545  -13.9172  -13.8579  -13.5341  -13.2307  -13.1860  -13.0820
 -12.8487  -12.7699  -12.6948  -12.5114  -12.3872  -12.3028  -12.1166  -11.9843
 -11.5228  -11.3634  -11.3048  -11.1510  -11.0507  -11.0241  -10.6912  -10.6215
 -10.5483  -10.2317  -10.1086  -10.0175   -9.9054   -9.8131   -9.5399   -9.4423
  -9.2870   -9.1422   -9.1176   -9.1006   -8.7397   -8.6223   -8.4871   -8.3557
  -7.9867   -7.7503   -7.6583   -7.6421   -7.4735   -7.2865   -6.8688   -6.7753
  -6.7677   -6.4330   -6.2427   -6.2080   -5.8025   -5.6376   -5.1491   -4.6754
  -4.3954   -3.7332   -1.8422   -1.6378   -1.5669   -1.4831   -1.3950   -0.8680
   1.4462    1.9074    2.1744    2.5628    2.9117    2.9500    3.2016    3.5444
   3.7257    4.3842    4.5654    4.7050    5.3206    5.3894    5.3996    5.4694
   5.5335    5.6357    5.6639    5.8536    5.9102    5.9301    5.9672    6.0125
   6.0733    6.2239    6.2790    6.3463    6.3504    6.4161    6.5870    6.6820
   6.6903    6.7295    6.8190    6.8453    6.9259    7.0836    7.1118    7.1700
   7.2703    7.3096    7.4947    7.7552    7.7564    7.9610    8.0139    8.0717
   8.1170    8.2057    8.2983    8.4681    8.5600    8.7566    8.9112    8.9522
   9.4647    9.4829    9.5359    9.7780    9.8995   10.1514   10.2572   10.5618
  10.7443   10.8757   10.9387   11.0513   11.1212   11.4628   11.6265   11.7129
  12.2711   12.5775   12.5965   12.8259   15.8169   16.0192   16.5815   16.7800


 Heat of formation   =       -206.78614107 kcal/mol  (       -8.96691995 eV)

 Total SCF energy    =    -165449.68715355 kcal/mol  (    -7174.43680472 eV)
 Electronic energy   =   -1318441.37426300 kcal/mol  (   -57171.90816803 eV)
 Core-core repulsion =    1152991.68710945 kcal/mol  (    49997.47136332 eV)
 
    Atomic Charges for Step       1 :
  Atom    Element       Mulliken Charge
     1      C                 -0.164
     2      C                 -0.162
     3      C                 -0.115
     4      C                 -0.157
     5      C                 -0.057
     6      C                 -0.181
     7      C                 -0.122
     8      C                 -0.008
     9      C                 -0.078
    10      C                 -0.032
    11      C                  0.091
    12      C                 -0.293
    13      C                 -0.417
    14      C                  0.311
    15      C                  0.351
    16      C                  0.346
    17      C                  0.352
    18      C                 -0.209
    19      C                 -0.046
    20      C                 -0.128
    21      C                 -0.228
    22      C                 -0.077
    23      C                 -0.015
    24      C                 -0.202
    25      N                 -0.119
    26      N                 -0.327
    27      N                 -0.329
    28      N                 -0.348
    29      O                 -0.354
    30      O                 -0.603
    31      O                 -0.585
    32      O                 -0.429
    33      O                 -0.626
    34      O                 -0.644
    35      O                 -0.233
    36      S                  0.481
    37      C                 -0.160
    38      C                 -0.289
    39      S                  0.286
    40      H                  0.105
    41      H                  0.092
    42      H                  0.114
    43      H                  0.124
    44      H                  0.066
    45      H                  0.072
    46      H                  0.077
    47      H                  0.223
    48      H                  0.224
    49      H                  0.230
    50      H                  0.070
    51      H                  0.114
    52      H                  0.102
    53      H                  0.128
    54      H                  0.111
    55      H                  0.137
    56      H                  0.106
    57      H                  0.104
    58      H                  0.110
    59      H                  0.093
    60      H                  0.081
    61      H                  0.186
    62      H                  0.129
    63      H                  0.144
    64      H                  0.124
    65      H                  0.229
    66      H                  0.108
    67      H                  0.118
 Total Mulliken Charge =      -2.000
 
                  X        Y        Z     TOTAL  
  QM DIPOLE   -26.894   36.939  -90.361  101.256
 
 Final Structure

  QMMM: QM Region Cartesian Coordinates (*=link atom) 
  QMMM: QM_NO.   MM_NO.  ATOM         X         Y         Z
  QMMM:     1        1      C        4.2938    0.3763    8.1119
  QMMM:     2        2      C        2.2005    0.8802    6.9743
  QMMM:     3        3      C        3.8956   -0.9463    8.2605
  QMMM:     4        4      C        1.8199   -0.4535    7.1204
  QMMM:     5        5      C       -3.9344    8.3137   14.7631
  QMMM:     6        6      C       -2.7591    8.4733   14.0602
  QMMM:     7        7      C       -1.7297    6.5813   15.2153
  QMMM:     8        8      C        2.6497   -1.3788    7.7680
  QMMM:     9        9      C       -4.0371    7.2826   15.7176
  QMMM:    10       10      C        3.4414    1.2870    7.4710
  QMMM:    11       11      C       -1.6335    7.6175   14.2730
  QMMM:    12       12      C       -2.9150    6.4161   15.9279
  QMMM:    13       13      C       -4.8935    5.9514   17.2891
  QMMM:    14       14      C        0.7372    7.1853   13.5670
  QMMM:    15       15      C        1.4822   -4.3656    9.7458
  QMMM:    16       16      C        3.9943   -4.0728    9.1098
  QMMM:    17       17      C        2.7370    5.3306   10.8034
  QMMM:    18       18      C       -9.6933    6.1204   17.1199
  QMMM:    19       19      C        3.9321    3.3742    8.4512
  QMMM:    20       20      C        2.2169   -2.7950    7.9181
  QMMM:    21       21      C        1.8105    7.7075   12.6304
  QMMM:    22       22      C        2.5236    3.7845    8.9125
  QMMM:    23       23      C        3.0742    6.8437   12.6885
  QMMM:    24       24      C        2.6014   -3.4300    9.2497
  QMMM:    25       25      N       -5.1536    6.9966   16.5115
  QMMM:    26       26      N       -0.4754    7.8690   13.5247
  QMMM:    27       27      N        2.3879    4.0640   10.3203
  QMMM:    28       28      N        2.9456    5.4999   12.1993
  QMMM:    29       29      O        0.9419    6.2257   14.3316
  QMMM:    30       30      O        1.4797   -4.7204   10.9631
  QMMM:    31       31      O        4.1956   -5.0468    8.3286
  QMMM:    32       32      O        2.8441    6.3249   10.0381
  QMMM:    33       33      O        0.5296   -4.6824    8.9645
  QMMM:    34       34      O        4.9610   -3.5153    9.7317
  QMMM:    35       35      O        3.8449    2.6096    7.2530
  QMMM:    36       36      S       -3.3079    5.2668   17.1016
  QMMM:    37       37      C       -8.3034    5.5350   17.0995
  QMMM:    38       38      C       -7.4873    6.0294   18.2669
  QMMM:    39       39      S       -5.9150    5.2447   18.4169
  QMMM:    40       40      H       -7.7930    5.8152   16.1393
  QMMM:    41       41      H       -8.3662    4.4146   17.1289
  QMMM:    42       42      H       -7.9978    5.7748   19.2320
  QMMM:    43       43      H       -7.3788    7.1401   18.2133
  QMMM:    44       44      H      -10.2311    5.8324   18.0554
  QMMM:    45       45      H       -9.6524    7.2352   17.0669
  QMMM:    46       46      H      -10.2795    5.7464   16.2460
  QMMM:    47       47      H        2.4462    4.8860   12.8093
  QMMM:    48       48      H        2.5592    3.2815   10.9161
  QMMM:    49       49      H       -0.5598    8.5832   12.8353
  QMMM:    50       50      H        2.6910   -2.6276   10.0336
  QMMM:    51       51      H        3.8627    7.3664   12.0738
  QMMM:    52       52      H        3.4197    6.7741   13.7590
  QMMM:    53       53      H        1.8160    2.9341    8.6783
  QMMM:    54       54      H        2.1988    4.6917    8.3309
  QMMM:    55       55      H        1.4288    7.7288   11.5732
  QMMM:    56       56      H        2.0795    8.7536   12.9298
  QMMM:    57       57      H        1.1019   -2.8674    7.7850
  QMMM:    58       58      H        2.6848   -3.4016    7.0923
  QMMM:    59       59      H        4.5320    4.2758    8.1588
  QMMM:    60       60      H        4.4755    2.7966    9.2444
  QMMM:    61       61      H       -0.8865    5.8927   15.3954
  QMMM:    62       62      H       -2.6955    9.2810   13.3139
  QMMM:    63       63      H       -4.7900    8.9813   14.5827
  QMMM:    64       64      H        0.8448   -0.7838    6.7328
  QMMM:    65       65      H        4.5440   -1.6885    8.7851
  QMMM:    66       66      H        1.5469    1.6027    6.4693
  QMMM:    67       67      H        5.2680    0.7116    8.4925

           --------- Calculation Completed ----------

