
 -----------------------------------------------
      Restrained ESP Fit 2.3  Amber 4.1
 -----------------------------------------------
 Resp charges for organic molecule                                               
 -----------------------------------------------


 inopt       =     0   ioutopt     =     1
 nmol        =     1   iqopt       =     0
 ihfree      =     1   irstrnt     =     1
 iunits      =     0   qwt         =   0.00050000
 wtmol(1) =     1.000000
 subtitle:

Resp charges for organic molecule                                               
ich =  -2  iuniq =  67
    1    6    0
    2    6    1
    3    6    0
    4    6    3
    5    6    0
    6    6    0
    7    6    0
    8    6    0
    9    6    0
   10    6    0
   11    6    0
   12    6    0
   13    6    0
   14    6    0
   15    6    0
   16    6    0
   17    6   16
   18    6    0
   19    6    0
   20    6    0
   21    6    0
   22    6    0
   23    6    0
   24    6    0
   25    6    0
   26    7    0
   27    7    0
   28    7    0
   29    8    0
   30    8    0
   31    8    0
   32    8   31
   33    8   31
   34    8   31
   35   16    0
   36    6    0
   37    6    0
   38   16    0
   39    1    0
   40    1    0
   41    1    0
   42    1    0
   43    1    0
   44    1    0
   45    1    0
   46    1    0
   47    1    0
   48    1    0
   49    1    0
   50    1    0
   51    1    0
   52    1    0
   53    1    0
   54    1    0
   55    1    0
   56    1    0
   57    1    0
   58    1    0
   59    1    0
   60    1    0
   61    1    0
   62    1    0
   63    1    0
   64    1    0
   65    1   64
   66    1    0
   67    1   66

  ----------------------------------------------------------------------------
     ATOM                       COORDINATES                         CHARGE
                       X             Y                Z
  ----------------------------------------------------------------------------
  ----------------------------------------------------------------------------


 Charge on the molecule(ich) =   -2
 Total number of atoms (iuniq)     =   67
 Weight factor on initial charge restraints(qwt)=     0.50000D-03


  there are  1 charge constraints:


     1       1
     2       1
     3       1
     4       1
     5       1
     6       1
     7       1
     8       1
     9       1
    10       1
    11       1
    12       1
    13       1
    14       1
    15       1
    16       1
    17       1
    18       1
    19       1
    20       1
    21       1
    22       1
    23       1
    24       1
    25       1
    26       1
    27       1
    28       1
    29       1
    30       1
    31       1
    32       1
    33       1
    34       1
    35       1
    36       1
    37       1
    38       1
    39       1
    40       1
    41       1
    42       1
    43       1
    44       1
    45       1
    46       1
    47       1
    48       1
    49       1
    50       1
    51       1
    52       1
    53       1
    54       1
    55       1
    56       1
    57       1
    58       1
    59       1
    60       1
    61       1
    62       1
    63       1
    64       1
    65       1
    66       1
    67       1

 Reading esp"s for molecule   1
 total number of atoms      =    67
 total number of esp points = 16019


 center     X       Y       Z 
    1  -0.7407049E+01   0.3562379E+00  -0.4600338E+01
    2  -0.1107225E+02   0.1170254E+01  -0.2146950E+01
    3  -0.6957143E+01  -0.1844189E+01  -0.3238801E+01
    4  -0.1063155E+02  -0.1020915E+01  -0.7970278E+00
    5   0.5579371E+01  -0.2275941E+01  -0.2561146E+00
    6   0.3146862E+01  -0.1899307E+01   0.5588997E+00
    7   0.4384476E+01   0.1911518E+01   0.2794667E+01
    8  -0.9443960E+01   0.1918745E+01  -0.4074272E+01
    9  -0.8554124E+01  -0.2578629E+01  -0.1284477E+01
   10   0.7465773E+01  -0.5697278E+00   0.4344745E+00
   11   0.2528193E+01   0.1916919E+00   0.2099561E+01
   12   0.6825547E+01   0.1479680E+01   0.1932396E+01
   13   0.1125376E+02   0.1108319E+01   0.6433818E+00
   14  -0.1117822E+01   0.2273905E+01   0.4101195E+01
   15  -0.6573707E+01   0.6577607E+01   0.1504883E+00
   16  -0.3368556E+01  -0.4940141E+01   0.2401728E+00
   17  -0.5847360E+01  -0.9013112E+01   0.1414976E+01
   18   0.1527244E+02  -0.2873943E+01  -0.6296115E+01
   19  -0.9812631E+01   0.4390266E+01  -0.5466393E+01
   20  -0.8168609E+01  -0.4940783E+01   0.3060657E+00
   21  -0.3914477E+01   0.1854420E+01   0.4636448E+01
   22  -0.6527747E+01   0.6761574E+01  -0.2718632E+01
   23  -0.9210479E+01   0.6755423E+01  -0.3882389E+01
   24  -0.5514041E+01   0.4137101E+01   0.3910760E+01
   25  -0.5779986E+01  -0.6500081E+01  -0.1719140E+00
   26   0.1000600E+02  -0.7143448E+00  -0.2593951E+00
   27  -0.1075254E-02   0.3664179E+00   0.2836620E+01
   28  -0.5526020E+01   0.4516715E+01   0.1189802E+01
   29  -0.7571754E-01   0.4185146E+01   0.4810458E+01
   30  -0.7484904E+01   0.8271709E+01   0.1386318E+01
   31  -0.1711922E+01  -0.5006666E+01  -0.1400682E+01
   32  -0.3786168E+01  -0.9931506E+01   0.1963397E+01
   33  -0.3321256E+01  -0.3561121E+01   0.2171747E+01
   34  -0.7988558E+01  -0.9852578E+01   0.1857933E+01
   35   0.9551739E+01   0.3300083E+01   0.2475753E+01
   36   0.1459212E+02  -0.5984006E+00  -0.4649737E+01
   37   0.1529536E+02  -0.1043715E+01  -0.1887111E+01
   38   0.1453751E+02   0.1568263E+01   0.2141910E+00
   39   0.1258390E+02  -0.2324949E+00  -0.4775778E+01
   40   0.1556168E+02   0.1076345E+01  -0.5336102E+01
   41   0.1732078E+02  -0.1296053E+01  -0.1687021E+01
   42   0.1436977E+02  -0.2711398E+01  -0.1158400E+01
   43   0.1728533E+02  -0.3283463E+01  -0.6218965E+01
   44   0.1426376E+02  -0.4552346E+01  -0.5684848E+01
   45   0.1477922E+02  -0.2530740E+01  -0.8258169E+01
   46  -0.5155314E+01   0.3033760E+01   0.8852988E-01
   47  -0.1109849E+01  -0.1185435E+01   0.2438586E+01
   48  -0.5755489E+01  -0.7119070E+01  -0.2134224E+01
   49  -0.7433464E+01   0.3862311E+01   0.4583935E+01
   50  -0.4778497E+01   0.5825337E+01   0.4787825E+01
   51  -0.1059220E+02   0.6958801E+01  -0.2384118E+01
   52  -0.9437715E+01   0.8406578E+01  -0.5084487E+01
   53  -0.5605770E+01   0.8547597E+01  -0.3120329E+01
   54  -0.5373168E+01   0.5284154E+01  -0.3537342E+01
   55  -0.4586531E+01   0.1401969E+00   0.3748971E+01
   56  -0.4081122E+01   0.1591276E+01   0.6666967E+01
   57  -0.8183063E+01  -0.4378860E+01   0.2276984E+01
   58  -0.9778691E+01  -0.6178523E+01   0.5278005E-01
   59  -0.1175228E+02   0.4545681E+01  -0.6136494E+01
   60  -0.8622604E+01   0.4396096E+01  -0.7141949E+01
   61   0.3925556E+01   0.3507226E+01   0.3942647E+01
   62   0.1659777E+01  -0.3178186E+01  -0.3229542E-02
   63   0.6033621E+01  -0.3871453E+01  -0.1427641E+01
   64  -0.1191424E+02  -0.1541716E+01   0.6965832E+00
   65  -0.5310349E+01  -0.2948938E+01  -0.3663434E+01
   66  -0.1268684E+02   0.2325278E+01  -0.1682500E+01
   67  -0.6112755E+01   0.8659102E+00  -0.6089716E+01
 Initial ssvpot =   428.688


 Number of unique UNfrozen centers=   59

 Non-linear optimization requested.
 qchnge =    0.4540987886E-01
 qchnge =    0.1974789875E-02
 qchnge =    0.2864636133E-03
 qchnge =    0.5212868116E-04
 qchnge =    0.1136539311E-04
 qchnge =    0.2823911835E-05
 qchnge =    0.7499993509E-06

 Convergence in    6 iterations


Resp charges for organic molecule                                               

          Point Charges Before & After Optimization

    no.  At.no.    q(init)       q(opt)     ivary    d(rstr)/dq
    1   6       0.000000      -0.278709      0       0.001689
    2   6       0.000000      -0.278709      1       0.001689
    3   6       0.000000      -0.159029      0       0.002662
    4   6       0.000000      -0.159029      3       0.002662
    5   6       0.000000      -0.290371      0       0.001628
    6   6       0.000000      -0.251342      0       0.001848
    7   6       0.000000      -0.342653      0       0.001401
    8   6       0.000000       0.071454      0       0.004068
    9   6       0.000000       0.141070      0       0.002892
   10   6       0.000000       0.301958      0       0.001572
   11   6       0.000000       0.317783      0       0.001501
   12   6       0.000000      -0.046774      0       0.004529
   13   6       0.000000       0.242559      0       0.001906
   14   6       0.000000       0.752955      0       0.000658
   15   6       0.000000       0.828761      0       0.000599
   16   6       0.000000       0.781906      0       0.000634
   17   6       0.000000       0.781906     16       0.000634
   18   6       0.000000      -0.236234      0       0.001949
   19   6       0.000000      -0.073312      0       0.004032
   20   6       0.000000      -0.098107      0       0.003569
   21   6       0.000000      -0.264609      0       0.001768
   22   6       0.000000      -0.406690      0       0.001194
   23   6       0.000000       0.211386      0       0.002138
   24   6       0.000000       0.096318      0       0.003601
   25   6       0.000000       0.067549      0       0.004143
   26   7       0.000000      -0.364216      0       0.001324
   27   7       0.000000      -0.598032      0       0.000825
   28   7       0.000000      -0.624594      0       0.000790
   29   8       0.000000      -0.685393      0       0.000722
   30   8       0.000000      -0.683022      0       0.000724
   31   8       0.000000      -0.813225      0       0.000610
   32   8       0.000000      -0.813225     31       0.000610
   33   8       0.000000      -0.813225     31       0.000610
   34   8       0.000000      -0.813225     31       0.000610
   35  16       0.000000      -0.109320      0       0.003375
   36   6       0.000000       0.121962      0       0.003170
   37   6       0.000000      -0.118115      0       0.003231
   38  16       0.000000      -0.255391      0       0.001823
   39   1       0.000000       0.019064      0       0.000000
   40   1       0.000000      -0.000374      0       0.000000
   41   1       0.000000       0.133614      0       0.000000
   42   1       0.000000       0.068409      0       0.000000
   43   1       0.000000       0.029845      0       0.000000
   44   1       0.000000       0.067439      0       0.000000
   45   1       0.000000       0.058758      0       0.000000
   46   1       0.000000       0.349638      0       0.000000
   47   1       0.000000       0.369637      0       0.000000
   48   1       0.000000      -0.040848      0       0.000000
   49   1       0.000000       0.039482      0       0.000000
   50   1       0.000000       0.070402      0       0.000000
   51   1       0.000000      -0.024373      0       0.000000
   52   1       0.000000      -0.043898      0       0.000000
   53   1       0.000000       0.097769      0       0.000000
   54   1       0.000000       0.089060      0       0.000000
   55   1       0.000000       0.141859      0       0.000000
   56   1       0.000000       0.073406      0       0.000000
   57   1       0.000000       0.025264      0       0.000000
   58   1       0.000000       0.002996      0       0.000000
   59   1       0.000000      -0.006975      0       0.000000
   60   1       0.000000       0.029590      0       0.000000
   61   1       0.000000       0.286693      0       0.000000
   62   1       0.000000       0.299397      0       0.000000
   63   1       0.000000       0.165976      0       0.000000
   64   1       0.000000       0.125401      0       0.000000
   65   1       0.000000       0.125401     64       0.000000
   66   1       0.000000       0.153176      0       0.000000
   67   1       0.000000       0.153176     66       0.000000

 Sum over the calculated charges:     -2.000

        Statistics of the fitting:
  The initial sum of squares (ssvpot)                    428.688
  The residual sum of squares (chipot)                     0.071
  The std err of estimate (sqrt(chipot/N))               0.00210
  ESP relative RMS (SQRT(chipot/ssvpot))                 0.01287

 Center of Mass (Angst.):

 X  =   0.00000      Y  =   0.00000      Z  =   0.00000

 Dipole (Debye):

 X  =  14.88846      Y  =  18.89492      Z  =  -8.44775

 Dipole Moment (Debye)=  25.49605

 Quadrupole (Debye*Angst.):

 Qxx = -36.87814     QYY =-223.58749     QZZ = 260.46563
 Qxy = 107.18199     QXZ = 316.22627     QYZ = 328.78091
