
 -----------------------------------------------
      Restrained ESP Fit 2.3  Amber 4.1
 -----------------------------------------------
 Resp charges for organic molecule                                               
 -----------------------------------------------


 inopt       =     0   ioutopt     =     1
 nmol        =     1   iqopt       =     2
 ihfree      =     1   irstrnt     =     1
 iunits      =     0   qwt         =   0.00100000
 wtmol(1) =     1.000000
 subtitle:

Resp charges for organic molecule                                               
ich =  -2  iuniq =  66
    1    6  -99
    2    6  -99
    3    6  -99
    4    6  -99
    5    6  -99
    6    6  -99
    7    6  -99
    8    6  -99
    9    6  -99
   10    6  -99
   11    6  -99
   12    6  -99
   13    6  -99
   14    6  -99
   15    6  -99
   16    6  -99
   17    6  -99
   18    6    0
   19    6    0
   20    6    0
   21    6    0
   22    6    0
   23    6    0
   24    6  -99
   25    7  -99
   26    7  -99
   27    7  -99
   28    7  -99
   29    8  -99
   30    8  -99
   31    8  -99
   32    8  -99
   33    8  -99
   34    8  -99
   35   16  -99
   36    6    0
   37    6    0
   38   16  -99
   39    1    0
   40    1   39
   41    1    0
   42    1   41
   43    1    0
   44    1   43
   45    1   43
   46    1  -99
   47    1  -99
   48    1  -99
   49    1  -99
   50    1    0
   51    1   50
   52    1    0
   53    1   52
   54    1    0
   55    1   54
   56    1    0
   57    1   56
   58    1    0
   59    1   58
   60    1  -99
   61    1  -99
   62    1  -99
   63    1  -99
   64    1  -99
   65    1  -99
   66    1  -99
 new q0 values to be read  66

  ----------------------------------------------------------------------------
     ATOM                       COORDINATES                         CHARGE
                       X             Y                Z
  ----------------------------------------------------------------------------
  ----------------------------------------------------------------------------


 Charge on the molecule(ich) =   -2
 Total number of atoms (iuniq)     =   66
 Weight factor on initial charge restraints(qwt)=     0.10000D-02


  there are  1 charge constraints:


     1       1
     2       1
     3       1
     4       1
     5       1
     6       1
     7       1
     8       1
     9       1
    10       1
    11       1
    12       1
    13       1
    14       1
    15       1
    16       1
    17       1
    18       1
    19       1
    20       1
    21       1
    22       1
    23       1
    24       1
    25       1
    26       1
    27       1
    28       1
    29       1
    30       1
    31       1
    32       1
    33       1
    34       1
    35       1
    36       1
    37       1
    38       1
    39       1
    40       1
    41       1
    42       1
    43       1
    44       1
    45       1
    46       1
    47       1
    48       1
    49       1
    50       1
    51       1
    52       1
    53       1
    54       1
    55       1
    56       1
    57       1
    58       1
    59       1
    60       1
    61       1
    62       1
    63       1
    64       1
    65       1
    66       1

 Reading esp"s for molecule   1
 total number of atoms      =    66
 total number of esp points = 17670


 center     X       Y       Z 
    1  -0.9275707E+01  -0.4333557E+00   0.7035261E-01
    2  -0.1102359E+02   0.2495272E+01  -0.2854968E+01
    3  -0.1167010E+02  -0.1219372E+01   0.7569260E+00
    4  -0.1343159E+02   0.1713726E+01  -0.2164630E+01
    5   0.9106646E+01  -0.1794661E+01   0.4767624E+01
    6   0.7591787E+01   0.3105084E+00   0.4694514E+01
    7   0.9126052E+01   0.1452657E+01   0.5472439E+00
    8  -0.8901537E+01   0.1439659E+01  -0.1743002E+01
    9  -0.1382263E+02  -0.1497948E+00  -0.3506122E+00
   10   0.1067117E+02  -0.2311566E+01   0.2718524E+01
   11   0.7588902E+01   0.1950468E+01   0.2605229E+01
   12   0.1063584E+02  -0.6905758E+00   0.6570237E+00
   13   0.1350070E+02  -0.4321374E+01   0.4590749E+00
   14   0.5601541E+01   0.5939293E+01   0.1038843E+01
   15  -0.2019832E+02  -0.3683643E+01  -0.6514377E+00
   16  -0.1614559E+02  -0.5772797E+01   0.1235193E+01
   17  -0.1455898E+01   0.7023773E+01  -0.3565252E+00
   18   0.2138455E+02  -0.2595191E+01  -0.3698224E+01
   19  -0.6270685E+01   0.2310989E+01  -0.2447316E+01
   20  -0.1647115E+02  -0.9643669E+00   0.3797234E+00
   21   0.3889882E+01   0.8048853E+01   0.1959727E+01
   22  -0.5343901E+01   0.4509842E+01  -0.8179207E+00
   23   0.2507201E+01   0.9365661E+01  -0.2067530E+00
   24  -0.1724840E+02  -0.3646514E+01  -0.4831103E+00
   25   0.1232838E+02  -0.4335653E+01   0.2542545E+01
   26   0.5993062E+01   0.4068402E+01   0.2763887E+01
   27  -0.2819097E+01   0.5280987E+01  -0.1633997E+01
   28   0.7482635E+00   0.7758433E+01  -0.1538823E+01
   29   0.6567431E+01   0.5981057E+01  -0.1016493E+01
   30  -0.2133070E+02  -0.3245629E+01   0.1349814E+01
   31  -0.1506559E+02  -0.5119408E+01   0.3226579E+01
   32  -0.2061939E+01   0.7889423E+01   0.1664911E+01
   33  -0.2111503E+02  -0.3995268E+01  -0.2781448E+01
   34  -0.1637989E+02  -0.7941666E+01   0.4155753E+00
   35   0.1275310E+02  -0.1815668E+01  -0.1615525E+01
   36   0.1964884E+02  -0.3606066E+01  -0.1620950E+01
   37   0.1767070E+02  -0.5424630E+01  -0.2678433E+01
   38   0.1557044E+02  -0.6812908E+01  -0.3343832E+00
   39   0.1871889E+02  -0.2040670E+01  -0.6801974E+00
   40   0.2075400E+02  -0.4580218E+01  -0.1940144E+00
   41   0.1858676E+02  -0.7053650E+01  -0.3519210E+01
   42   0.1656768E+02  -0.4549402E+01  -0.4163979E+01
   43   0.2237789E+02  -0.4119939E+01  -0.4649298E+01
   44   0.2032309E+02  -0.1557095E+01  -0.5114961E+01
   45   0.2279159E+02  -0.1323927E+01  -0.2917023E+01
   46   0.1504354E+01   0.6566458E+01  -0.2783661E+01
   47  -0.2441747E+01   0.5072671E+01  -0.3465002E+01
   48   0.4983861E+01   0.4187432E+01   0.4344773E+01
   49  -0.1654524E+02  -0.3990177E+01  -0.2379465E+01
   50   0.1472537E+01   0.1095349E+02   0.5494681E+00
   51   0.3862925E+01   0.1006723E+02  -0.1564151E+01
   52  -0.5245537E+01   0.3950869E+01   0.1142764E+01
   53  -0.6653738E+01   0.6082155E+01  -0.9417431E+00
   54   0.2520668E+01   0.7366163E+01   0.3317875E+01
   55   0.5094902E+01   0.9404633E+01   0.2932021E+01
   56  -0.1667510E+02  -0.9014352E+00   0.2410414E+01
   57  -0.1777738E+02   0.4062835E+00  -0.4202373E+00
   58  -0.6242850E+01   0.2895087E+01  -0.4423006E+01
   59  -0.4936357E+01   0.7586645E+00  -0.2272029E+01
   60   0.9128172E+01   0.2674573E+01  -0.1059222E+01
   61   0.6370907E+01   0.7122037E+00   0.6270154E+01
   62   0.9094448E+01  -0.3038475E+01   0.6370920E+01
   63  -0.1504539E+02   0.2558901E+01  -0.3072160E+01
   64  -0.1195847E+02  -0.2702728E+01   0.2114365E+01
   65  -0.1080841E+02   0.3934578E+01  -0.4286345E+01
   66  -0.7656062E+01  -0.1310487E+01   0.9479924E+00
 Initial ssvpot =   427.725


 Number of unique UNfrozen centers=   16

 Non-linear optimization requested.
 qchnge =    0.5261023513E-01
 qchnge =    0.1193839735E-02
 qchnge =    0.1498575440E-03
 qchnge =    0.2149616087E-04
 qchnge =    0.3137957303E-05
 qchnge =    0.4592344548E-06

 Convergence in    5 iterations


Resp charges for organic molecule                                               

          Point Charges Before & After Optimization

    no.  At.no.    q(init)       q(opt)     ivary    d(rstr)/dq
    1   6      -0.289600      -0.289600    -99       0.003264
    2   6      -0.289600      -0.289600    -99       0.003264
    3   6      -0.146120      -0.146120    -99       0.005648
    4   6      -0.146120      -0.146120    -99       0.005648
    5   6      -0.290765      -0.290765    -99       0.003252
    6   6      -0.282314      -0.282314    -99       0.003339
    7   6      -0.346317      -0.346317    -99       0.002774
    8   6       0.056302       0.056302    -99       0.008714
    9   6       0.093768       0.093768    -99       0.007295
   10   6       0.441635       0.441635    -99       0.002208
   11   6       0.331002       0.331002    -99       0.002892
   12   6      -0.053310      -0.053310    -99       0.008824
   13   6       0.353773       0.353773    -99       0.002720
   14   6       0.810022       0.810022    -99       0.001225
   15   6       0.855027       0.855027    -99       0.001162
   16   6       0.855027       0.855027    -99       0.001162
   17   6       1.168965       1.168965    -99       0.000852
   18   6      -0.304575      -0.283597      0       0.003325
   19   6      -0.052508      -0.073394      0       0.008062
   20   6      -0.003726       0.004680      0       0.009989
   21   6      -0.334408      -0.398176      0       0.002436
   22   6       0.299571       0.294331      0       0.003217
   23   6       0.185939       0.266919      0       0.003508
   24   6       0.037030       0.037030    -99       0.009378
   25   7      -0.527303      -0.527303    -99       0.001863
   26   7      -0.652605      -0.652605    -99       0.001515
   27   7      -0.923199      -0.923199    -99       0.001077
   28   7      -0.909871      -0.909871    -99       0.001092
   29   8      -0.621667      -0.621667    -99       0.001588
   30   8      -0.854804      -0.854804    -99       0.001162
   31   8      -0.854804      -0.854804    -99       0.001162
   32   8      -0.694497      -0.694497    -99       0.001425
   33   8      -0.854804      -0.854804    -99       0.001162
   34   8      -0.854804      -0.854804    -99       0.001162
   35  16      -0.077127      -0.077127    -99       0.007918
   36   6       0.311959       0.320481      0       0.002979
   37   6      -0.257657      -0.212780      0       0.004253
   38  16      -0.202168      -0.202168    -99       0.004434
   39   1      -0.055655      -0.047607      0       0.000000
   40   1      -0.026234      -0.047607     39       0.000000
   41   1       0.181875       0.121050      0       0.000000
   42   1       0.093077       0.121050     41       0.000000
   43   1       0.047901       0.058385      0       0.000000
   44   1       0.080042       0.058385     43       0.000000
   45   1       0.071061       0.058385     43       0.000000
   46   1       0.405310       0.405310    -99       0.000000
   47   1       0.376025       0.376025    -99       0.000000
   48   1       0.335085       0.335085    -99       0.000000
   49   1      -0.088343      -0.088343    -99       0.000000
   50   1       0.068999       0.024181      0       0.000000
   51   1       0.051588       0.024181     50       0.000000
   52   1       0.032673       0.014310      0       0.000000
   53   1      -0.023552       0.014310     52       0.000000
   54   1       0.128334       0.126260      0       0.000000
   55   1       0.074595       0.126260     54       0.000000
   56   1       0.045173      -0.028889      0       0.000000
   57   1      -0.093952      -0.028889     56       0.000000
   58   1       0.007002       0.033111      0       0.000000
   59   1       0.050929       0.033111     58       0.000000
   60   1       0.295624       0.295624    -99       0.000000
   61   1       0.195151       0.195151    -99       0.000000
   62   1       0.194608       0.194608    -99       0.000000
   63   1       0.154647       0.154647    -99       0.000000
   64   1       0.154647       0.154647    -99       0.000000
   65   1       0.134022       0.134022    -99       0.000000
   66   1       0.134022       0.134022    -99       0.000000

 Sum over the calculated charges:     -2.000

        Statistics of the fitting:
  The initial sum of squares (ssvpot)                    427.725
  The residual sum of squares (chipot)                     0.208
  The std err of estimate (sqrt(chipot/N))               0.00343
  ESP relative RMS (SQRT(chipot/ssvpot))                 0.02207

 Center of Mass (Angst.):

 X  =   0.00000      Y  =   0.00000      Z  =   0.00000

 Dipole (Debye):

 X  =  87.12189      Y  =  23.42220      Z  =  -3.88300

 Dipole Moment (Debye)=  90.29896

 Quadrupole (Debye*Angst.):

 Qxx =**********     QYY = 692.56810     QZZ = 964.24645
 Qxy = 343.23975     QXZ =1012.54049     QYZ =1006.35106
