
 -----------------------------------------------
      Restrained ESP Fit 2.3  Amber 4.1
 -----------------------------------------------
 Resp charges for organic molecule                                               
 -----------------------------------------------


 inopt       =     0   ioutopt     =     1
 nmol        =     1   iqopt       =     0
 ihfree      =     1   irstrnt     =     1
 iunits      =     0   qwt         =   0.00050000
 wtmol(1) =     1.000000
 subtitle:

Resp charges for organic molecule                                               
ich =  -1  iuniq =  29
    1    6    0
    2    6    0
    3    6    0
    4    6    0
    5    6    0
    6    6    0
    7    6    0
    8    6    0
    9    6    0
   10    6    0
   11    6    0
   12    6    0
   13    7    0
   14    7    0
   15    8    0
   16    8    0
   17    8   16
   18   16    0
   19    1    0
   20    1    0
   21    1    0
   22    1    0
   23    1    0
   24    1    0
   25    1    0
   26    1    0
   27    1    0
   28    1    0
   29    1    0

  ----------------------------------------------------------------------------
     ATOM                       COORDINATES                         CHARGE
                       X             Y                Z
  ----------------------------------------------------------------------------
  ----------------------------------------------------------------------------


 Charge on the molecule(ich) =   -1
 Total number of atoms (iuniq)     =   29
 Weight factor on initial charge restraints(qwt)=     0.50000D-03


  there are  1 charge constraints:


     1       1
     2       1
     3       1
     4       1
     5       1
     6       1
     7       1
     8       1
     9       1
    10       1
    11       1
    12       1
    13       1
    14       1
    15       1
    16       1
    17       1
    18       1
    19       1
    20       1
    21       1
    22       1
    23       1
    24       1
    25       1
    26       1
    27       1
    28       1
    29       1

 Reading esp"s for molecule   1
 total number of atoms      =    29
 total number of esp points =  8770


 center     X       Y       Z 
    1   0.2539797E+01   0.3633510E+01  -0.4822222E+00
    2   0.1063065E+00   0.2755317E+01  -0.6311666E+00
    3   0.1499635E+01  -0.1576789E+01  -0.1723921E+00
    4   0.4513907E+01   0.1917212E+01  -0.1739190E+00
    5  -0.4498209E+00   0.1507586E+00  -0.4831462E+00
    6   0.3946986E+01  -0.6394039E+00  -0.2406377E-01
    7   0.8421596E+01   0.5809320E+00   0.2817468E+00
    8   0.1124274E+02   0.6427676E+00   0.5303289E+00
    9  -0.4082581E+01  -0.2796991E+01  -0.4463004E+00
   10  -0.8569618E+01   0.1826069E+01   0.4505655E+00
   11  -0.6942377E+01  -0.2743858E+01  -0.7244340E+00
   12  -0.8372386E+01  -0.1021790E+01   0.1138182E+01
   13   0.7064174E+01   0.2531413E+01   0.6457194E-02
   14  -0.2987073E+01  -0.4937930E+00  -0.6798308E+00
   15  -0.2945926E+01  -0.4743027E+01  -0.8026044E-01
   16  -0.7004961E+01   0.2647790E+01  -0.1117652E+01
   17  -0.1023763E+02   0.2981657E+01   0.1548999E+01
   18   0.6774505E+01  -0.2315878E+01   0.3621168E+00
   19  -0.4247685E+01   0.9393620E+00  -0.9523104E+00
   20  -0.1029011E+02  -0.1716954E+01   0.1336382E+01
   21  -0.7536212E+01  -0.1156699E+01   0.3013244E+01
   22  -0.7381096E+01  -0.2161166E+01  -0.2642566E+01
   23  -0.7543106E+01  -0.4687993E+01  -0.5000706E+00
   24   0.1100000E+01  -0.3552333E+01  -0.4889288E-01
   25  -0.1441515E+01   0.4052332E+01  -0.8555829E+00
   26   0.2940072E+01   0.5621540E+01  -0.5950067E+00
   27   0.1184338E+02  -0.1649334E+00   0.2317817E+01
   28   0.1213947E+02  -0.4264639E+00  -0.9733582E+00
   29   0.1186803E+02   0.2586245E+01   0.4323126E+00
 Initial ssvpot =    97.265


 Number of unique UNfrozen centers=   28

 Non-linear optimization requested.
 qchnge =    0.7425403152E-01
 qchnge =    0.2531117225E-02
 qchnge =    0.4456153184E-03
 qchnge =    0.1101592958E-03
 qchnge =    0.2877174352E-04
 qchnge =    0.7582980981E-05
 qchnge =    0.2002410231E-05
 qchnge =    0.5290369107E-06

 Convergence in    7 iterations


Resp charges for organic molecule                                               

          Point Charges Before & After Optimization

    no.  At.no.    q(init)       q(opt)     ivary    d(rstr)/dq
    1   6       0.000000      -0.328342      0       0.001457
    2   6       0.000000      -0.210298      0       0.002147
    3   6       0.000000      -0.287817      0       0.001641
    4   6       0.000000       0.470628      0       0.001039
    5   6       0.000000       0.207907      0       0.002167
    6   6       0.000000      -0.106617      0       0.003421
    7   6       0.000000       0.433851      0       0.001123
    8   6       0.000000      -0.240346      0       0.001921
    9   6       0.000000       0.640441      0       0.000771
   10   6       0.000000       0.832330      0       0.000596
   11   6       0.000000      -0.024096      0       0.004861
   12   6       0.000000      -0.066828      0       0.004157
   13   7       0.000000      -0.631362      0       0.000782
   14   7       0.000000      -0.423485      0       0.001149
   15   8       0.000000      -0.680464      0       0.000727
   16   8       0.000000      -0.791919      0       0.000626
   17   8       0.000000      -0.791919     16       0.000626
   18  16       0.000000      -0.190499      0       0.002324
   19   1       0.000000       0.257599      0       0.000000
   20   1       0.000000      -0.000861      0       0.000000
   21   1       0.000000      -0.001697      0       0.000000
   22   1       0.000000       0.004088      0       0.000000
   23   1       0.000000       0.001873      0       0.000000
   24   1       0.000000       0.303572      0       0.000000
   25   1       0.000000       0.195085      0       0.000000
   26   1       0.000000       0.183394      0       0.000000
   27   1       0.000000       0.083070      0       0.000000
   28   1       0.000000       0.079157      0       0.000000
   29   1       0.000000       0.083554      0       0.000000

 Sum over the calculated charges:     -1.000

        Statistics of the fitting:
  The initial sum of squares (ssvpot)                     97.265
  The residual sum of squares (chipot)                     0.031
  The std err of estimate (sqrt(chipot/N))               0.00189
  ESP relative RMS (SQRT(chipot/ssvpot))                 0.01796

 Center of Mass (Angst.):

 X  =   0.00000      Y  =   0.00000      Z  =   0.00000

 Dipole (Debye):

 X  =  14.83946      Y  =  -3.54653      Z  =  -0.73307

 Dipole Moment (Debye)=  15.27498

 Quadrupole (Debye*Angst.):

 Qxx =-130.74142     QYY =  35.72871     QZZ =  95.01271
 Qxy = 175.00649     QXZ = 127.31229     QYZ = 100.47772
