            --------------------------------------------------------
                             AMBER SQM VERSION 14
 
                                     By
              Ross C. Walker, Michael F. Crowley, Scott Brozell,
                         Tim Giese, Andreas W. Goetz,
                        Tai-Sung Lee and David A. Case
 
            --------------------------------------------------------
 

--------------------------------------------------------------------------------
  QM CALCULATION INFO
--------------------------------------------------------------------------------

| QMMM: Citation for AMBER QMMM Run:
| QMMM: R.C. Walker, M.F. Crowley and D.A. Case, J. COMP. CHEM. 29:1019, 2008

QMMM: SINGLET STATE CALCULATION
QMMM: RHF CALCULATION, NO. OF DOUBLY OCCUPIED LEVELS = 92

| QMMM: *** Selected Hamiltonian *** 
| QMMM: AM1         

| QMMM: *** Parameter sets in use ***
| QMMM: C : M.J.S.DEWAR et al. JACS, 107, 3902, (1985)
| QMMM: N : M.J.S.DEWAR et al. JACS, 107, 3902, (1985)
| QMMM: O : M.J.S.DEWAR et al. JACS, 107, 3902, (1985)
| QMMM: S : M.J.S.DEWAR et al. INORG. CHEM., 29, 3881, (1990)
| QMMM: H : M.J.S.DEWAR et al. JACS, 107, 3902, (1985)

| QMMM: *** SCF convergence criteria ***
| QMMM: Energy change                :  0.1D-09 kcal/mol
| QMMM: Error matrix |FP-PF|         :  0.1D+00 au
| QMMM: Density matrix change        :  0.5D-06
| QMMM: Maximum number of SCF cycles :     1000

| QMMM: *** Diagonalization Routine Information ***
| QMMM: Pseudo diagonalizations are allowed.
| QMMM: Auto diagonalization routine selection is in use.
| QMMM:
| QMMM: Timing diagonalization routines:
| QMMM:                              norbs =      165
| QMMM:    diag iterations used for timing =        5
| QMMM:
| QMMM:              Internal diag routine = 0.044374 seconds
| QMMM:                 Dspev diag routine = 0.041320 seconds
| QMMM:                Dspevd diag routine = 0.028094 seconds
| QMMM:                Dspevx diag routine = 0.119575 seconds
| QMMM:                 Dsyev diag routine = 0.045252 seconds
| QMMM:                Dsyevd diag routine = 0.032117 seconds
| QMMM:                Dsyevr diag routine = 0.032713 seconds
| QMMM:
| QMMM:                Pseudo diag routine = 0.019357 seconds
| QMMM:
| QMMM: Using dspevd routine (diag_routine=3).

  QMMM: QM Region Cartesian Coordinates (*=link atom) 
  QMMM: QM_NO.   MM_NO.  ATOM         X         Y         Z
  QMMM:     1        1      C        2.2840   -0.3920    7.8960
  QMMM:     2        2      C        4.1120   -0.2720    9.4040
  QMMM:     3        3      C        3.0590   -1.1220    7.0150
  QMMM:     4        4      C        4.8900   -0.9950    8.5200
  QMMM:     5        5      C       -4.5260    9.3590   12.9870
  QMMM:     6        6      C       -3.1690    9.1620   12.8100
  QMMM:     7        7      C       -3.0920    7.7150   14.7320
  QMMM:     8        8      C        2.7980    0.0430    9.1040
  QMMM:     9        9      C        4.3720   -1.4380    7.3160
  QMMM:    10       10      C       -5.1860    8.7260   14.0380
  QMMM:    11       11      C       -2.4500    8.3480   13.6750
  QMMM:    12       12      C       -4.4520    7.9100   14.8950
  QMMM:    13       13      C       -6.8360    8.1000   15.3960
  QMMM:    14       14      C       -0.3650    7.0250   13.7200
  QMMM:    15       15      C        2.1900    4.1060   12.1580
  QMMM:    16       16      C        4.7910   -4.4380    7.5070
  QMMM:    17       17      C        6.7610   -4.2110    6.0200
  QMMM:    18       18      C       -8.2230    8.0090   15.9620
  QMMM:    19       19      C        1.9460    0.8280   10.0780
  QMMM:    20       20      C        5.2180   -2.2320    6.3560
  QMMM:    21       21      C        1.0940    7.0790   13.3240
  QMMM:    22       22      C        1.7280    2.7400   11.7230
  QMMM:    23       23      C        2.4690    2.1830   10.5170
  QMMM:    24       24      C        1.8870    5.9010   13.8410
  QMMM:    25       25      C        5.8430   -3.4900    6.9870
  QMMM:    26       26      N       -6.5450    8.8170   14.3370
  QMMM:    27       27      N       -1.0590    8.1590   13.4940
  QMMM:    28       28      N        1.5170    4.6510   13.1790
  QMMM:    29       29      O       -0.8800    6.0030   14.1670
  QMMM:    30       30      O        3.1200    4.6670   11.5840
  QMMM:    31       31      O        4.8610   -4.9000    8.6320
  QMMM:    32       32      O        7.8870   -3.7960    5.8090
  QMMM:    33       33      O        3.8390   -4.6930    6.6660
  QMMM:    34       34      O        6.2620   -5.2790    5.4650
  QMMM:    35       35      S       -5.5020    7.2650   16.1220
  QMMM:    36       36      H        0.7060    4.1700   13.5120
  QMMM:    37       37      H       -0.5380    8.9470   13.1640
  QMMM:    38       38      H        6.4510   -3.1620    7.8430
  QMMM:    39       39      H        2.9570    6.0900   13.6670
  QMMM:    40       40      H        1.7040    5.7970   14.9210
  QMMM:    41       41      H        2.3610    2.8890    9.6810
  QMMM:    42       42      H        3.5340    2.0810   10.7750
  QMMM:    43       43      H        1.8680    2.0450   12.5640
  QMMM:    44       44      H        0.6590    2.8020   11.4720
  QMMM:    45       45      H        1.1600    7.0920   12.2260
  QMMM:    46       46      H        1.5340    8.0030   13.7280
  QMMM:    47       47      H        4.5880   -2.5420    5.5100
  QMMM:    48       48      H        6.0300   -1.5850    5.9910
  QMMM:    49       49      H        1.8210    0.2120   10.9810
  QMMM:    50       50      H        0.9650    0.9890    9.6060
  QMMM:    51       51      H       -8.5530    6.9590   15.9570
  QMMM:    52       52      H       -8.2230    8.3880   16.9950
  QMMM:    53       53      H       -8.9100    8.6120   15.3500
  QMMM:    54       54      H       -2.5390    7.0820   15.4160
  QMMM:    55       55      H       -2.6600    9.6480   11.9850
  QMMM:    56       56      H       -5.0750   10.0030   12.3100
  QMMM:    57       57      H        5.9200   -1.2180    8.7740
  QMMM:    58       58      H        2.6330   -1.4510    6.0740
  QMMM:    59       59      H        4.5370    0.0530   10.3460
  QMMM:    60       60      H        1.2580   -0.1580    7.6370

--------------------------------------------------------------------------------
  RESULTS
--------------------------------------------------------------------------------

      iter         sqm energy              rms gradient
      ----    -------------------    -----------------------
xmin    10     -171.2231 kcal/mol        0.6224 kcal/(mol*A)
xmin    20     -172.7225 kcal/mol        1.3680 kcal/(mol*A)
xmin    30     -173.4252 kcal/mol        0.3875 kcal/(mol*A)
xmin    40     -174.0416 kcal/mol        0.3659 kcal/(mol*A)
xmin    50     -175.5511 kcal/mol        1.4465 kcal/(mol*A)
xmin    60     -177.0931 kcal/mol        0.3037 kcal/(mol*A)
xmin    70     -177.2464 kcal/mol        0.1317 kcal/(mol*A)
xmin    80     -177.2921 kcal/mol        0.0814 kcal/(mol*A)
xmin    90     -177.3255 kcal/mol        0.0233 kcal/(mol*A)
xmin   100     -177.3672 kcal/mol        0.0784 kcal/(mol*A)
xmin   110     -177.3911 kcal/mol        0.0282 kcal/(mol*A)
xmin   120     -177.3992 kcal/mol        0.0642 kcal/(mol*A)
xmin   130     -177.4402 kcal/mol        0.0782 kcal/(mol*A)
xmin   140     -177.4726 kcal/mol        0.1070 kcal/(mol*A)
xmin   150     -177.5553 kcal/mol        0.5906 kcal/(mol*A)
xmin   160     -177.6410 kcal/mol        0.1439 kcal/(mol*A)
xmin   170     -178.1134 kcal/mol        0.3096 kcal/(mol*A)
xmin   180     -179.6784 kcal/mol        0.3710 kcal/(mol*A)
xmin   190     -180.2899 kcal/mol        0.3735 kcal/(mol*A)
xmin   200     -180.8019 kcal/mol        0.3975 kcal/(mol*A)
xmin   210     -182.8972 kcal/mol        0.3291 kcal/(mol*A)
xmin   220     -183.4577 kcal/mol        0.5856 kcal/(mol*A)
xmin   230     -183.6429 kcal/mol        0.0743 kcal/(mol*A)
xmin   240     -183.7179 kcal/mol        0.1168 kcal/(mol*A)
xmin   250     -183.7444 kcal/mol        0.0274 kcal/(mol*A)
xmin   260     -183.7534 kcal/mol        0.0282 kcal/(mol*A)
xmin   270     -183.7555 kcal/mol        0.0231 kcal/(mol*A)
xmin   280     -183.7576 kcal/mol        0.0534 kcal/(mol*A)
xmin   290     -183.7586 kcal/mol        0.0101 kcal/(mol*A)
xmin   300     -183.7602 kcal/mol        0.0084 kcal/(mol*A)
xmin   310     -183.7611 kcal/mol        0.0278 kcal/(mol*A)
xmin   320     -183.7582 kcal/mol        0.2431 kcal/(mol*A)
xmin   330     -183.7619 kcal/mol        0.0052 kcal/(mol*A)
xmin   340     -183.7619 kcal/mol        0.0081 kcal/(mol*A)
xmin   350     -183.7620 kcal/mol        0.0088 kcal/(mol*A)
xmin   360     -183.7622 kcal/mol        0.0044 kcal/(mol*A)
xmin   370     -183.7623 kcal/mol        0.0080 kcal/(mol*A)
xmin   380     -183.7623 kcal/mol        0.0022 kcal/(mol*A)
xmin   390     -183.7624 kcal/mol        0.0079 kcal/(mol*A)
xmin   400     -183.7624 kcal/mol        0.0013 kcal/(mol*A)
xmin   410     -183.7624 kcal/mol        0.0033 kcal/(mol*A)
xmin   420     -183.7624 kcal/mol        0.0018 kcal/(mol*A)
xmin   430     -183.7624 kcal/mol        0.0047 kcal/(mol*A)
xmin   440     -183.7624 kcal/mol        0.0014 kcal/(mol*A)
xmin   450     -183.7624 kcal/mol        0.0017 kcal/(mol*A)
xmin   460     -183.7624 kcal/mol        0.0043 kcal/(mol*A)
xmin   470     -183.7624 kcal/mol        0.0011 kcal/(mol*A)
  ... geometry converged !
 
 Final MO eigenvalues (eV):
 -38.5445  -37.7429  -36.8943  -35.2505  -34.9167  -33.4388  -32.7608  -32.4490
 -30.6904  -29.9792  -29.8509  -29.1687  -28.8857  -28.1784  -26.3232  -26.1501
 -25.7386  -25.5276  -25.2723  -23.3213  -22.7858  -22.3552  -21.1365  -20.0314
 -19.5835  -19.0428  -18.4355  -18.0076  -17.6927  -17.1717  -16.2335  -15.7999
 -15.6413  -15.3363  -14.6434  -14.2498  -14.1218  -13.6719  -13.5375  -13.2206
 -13.0805  -12.7321  -12.6579  -12.5447  -12.5030  -12.3104  -11.9922  -11.9109
 -11.5909  -11.3966  -11.3443  -11.1787  -11.0805  -10.9855  -10.7911  -10.6852
 -10.4684  -10.3087  -10.2070   -9.7090   -9.5666   -9.4929   -9.0720   -9.0114
  -8.9451   -8.8071   -8.7868   -8.5638   -8.5305   -8.2799   -8.2100   -7.8006
  -7.6236   -7.4539   -7.2666   -6.8881   -6.8017   -6.6222   -6.3851   -6.3577
  -5.8941   -5.6389   -5.1790   -4.6259   -4.3977   -3.7405   -1.8600   -1.6569
  -1.5869   -1.5076   -1.4111   -0.8857    1.6313    2.3530    2.4906    2.9346
   3.1514    3.6801    3.7997    4.1013    4.5732    4.8791    5.1111    5.4286
   5.6572    5.6968    5.7900    5.8304    5.8845    6.0375    6.0722    6.1249
   6.1570    6.2909    6.3235    6.4134    6.5192    6.5545    6.6429    6.6510
   6.7745    6.8950    6.9976    7.1349    7.1836    7.2591    7.3921    7.4497
   7.5174    7.6810    7.7373    7.9922    7.9945    8.1122    8.2260    8.4235
   8.4555    8.5149    8.5666    8.5984    8.7997    8.9734    9.2213    9.4128
   9.5421    9.7564    9.9549   10.2787   10.3433   10.6335   10.8574   10.9912
  11.0384   11.1056   11.4656   11.6209   11.7147   12.2756   12.5671   12.5817
  12.8051   15.7990   16.0005   16.5605   16.7631

 Heat of formation   =       -183.76244997 kcal/mol  (       -7.96853779 eV)

 Total SCF energy    =    -144907.10433306 kcal/mol  (    -6283.64356849 eV)
 Electronic energy   =   -1114581.14910730 kcal/mol  (   -48331.86544848 eV)
 Core-core repulsion =     969674.04477424 kcal/mol  (    42048.22187998 eV)
 
    Atomic Charges for Step       1 :
  Atom    Element       Mulliken Charge
     1      C                 -0.142
     2      C                 -0.141
     3      C                 -0.168
     4      C                 -0.124
     5      C                 -0.051
     6      C                 -0.181
     7      C                 -0.139
     8      C                 -0.150
     9      C                  0.003
    10      C                 -0.097
    11      C                  0.104
    12      C                 -0.274
    13      C                 -0.236
    14      C                  0.320
    15      C                  0.303
    16      C                  0.351
    17      C                  0.346
    18      C                 -0.155
    19      C                 -0.095
    20      C                 -0.127
    21      C                 -0.196
    22      C                 -0.185
    23      C                 -0.162
    24      C                 -0.015
    25      C                 -0.204
    26      N                 -0.093
    27      N                 -0.318
    28      N                 -0.371
    29      O                 -0.371
    30      O                 -0.420
    31      O                 -0.602
    32      O                 -0.642
    33      O                 -0.627
    34      O                 -0.589
    35      S                  0.384
    36      H                  0.237
    37      H                  0.262
    38      H                  0.070
    39      H                  0.084
    40      H                  0.102
    41      H                  0.095
    42      H                  0.092
    43      H                  0.104
    44      H                  0.114
    45      H                  0.135
    46      H                  0.118
    47      H                  0.101
    48      H                  0.115
    49      H                  0.069
    50      H                  0.067
    51      H                  0.084
    52      H                  0.098
    53      H                  0.102
    54      H                  0.182
    55      H                  0.142
    56      H                  0.147
    57      H                  0.226
    58      H                  0.120
    59      H                  0.103
    60      H                  0.093
 Total Mulliken Charge =      -2.000
 
                  X        Y        Z     TOTAL  
  QM DIPOLE   -48.854   29.735  -86.284  103.517
 
 Final Structure

  QMMM: QM Region Cartesian Coordinates (*=link atom) 
  QMMM: QM_NO.   MM_NO.  ATOM         X         Y         Z
  QMMM:     1        1      C        2.5314    0.7890    7.0482
  QMMM:     2        2      C        2.3310   -0.0131    9.3121
  QMMM:     3        3      C        3.5036   -0.1785    6.8013
  QMMM:     4        4      C        3.3043   -0.9740    9.0702
  QMMM:     5        5      C       -4.1732    7.0846   12.9830
  QMMM:     6        6      C       -2.8522    7.0489   12.5894
  QMMM:     7        7      C       -2.0895    7.1335   14.9099
  QMMM:     8        8      C        1.9401    0.8860    8.3093
  QMMM:     9        9      C        3.9136   -1.0673    7.8058
  QMMM:    10       10      C       -4.4884    7.1496   14.3542
  QMMM:    11       11      C       -1.7830    7.0766   13.5393
  QMMM:    12       12      C       -3.4215    7.1700   15.3104
  QMMM:    13       13      C       -5.6927    7.2409   16.2249
  QMMM:    14       14      C        0.7071    7.1142   13.7712
  QMMM:    15       15      C        0.9805    5.1068   10.7796
  QMMM:    16       16      C        5.4919   -4.5156    7.5401
  QMMM:    17       17      C        5.6368   -3.0762    9.7058
  QMMM:    18       18      C       -6.8384    7.2902   17.1580
  QMMM:    19       19      C        0.9198    1.9277    8.5988
  QMMM:    20       20      C        4.9899   -2.0549    7.5241
  QMMM:    21       21      C        1.9900    7.0762   12.9589
  QMMM:    22       22      C        0.4122    3.9705    9.9507
  QMMM:    23       23      C        1.4840    2.9887    9.5287
  QMMM:    24       24      C        2.4714    5.6501   12.7063
  QMMM:    25       25      C        4.9406   -3.3293    8.3555
  QMMM:    26       26      N       -5.7776    7.1935   14.9060
  QMMM:    27       27      N       -0.4746    7.0498   13.0458
  QMMM:    28       28      N        1.5786    4.7850   11.9850
  QMMM:    29       29      O        0.7432    7.2231   15.0118
  QMMM:    30       30      O        0.8488    6.2982   10.4157
  QMMM:    31       31      O        5.2415   -5.6953    7.9311
  QMMM:    32       32      O        4.9093   -3.0953   10.7553
  QMMM:    33       33      O        6.0971   -4.2988    6.4423
  QMMM:    34       34      O        6.8595   -2.7558    9.7649
  QMMM:    35       35      S       -4.0726    7.2384   16.8717
  QMMM:    36       36      H        1.7082    3.8129   12.1689
  QMMM:    37       37      H       -0.3846    6.9506   12.0518
  QMMM:    38       38      H        3.8696   -3.5896    8.5806
  QMMM:    39       39      H        3.4548    5.7317   12.1526
  QMMM:    40       40      H        2.6751    5.1605   13.7036
  QMMM:    41       41      H        2.3160    3.5325    9.0096
  QMMM:    42       42      H        1.9261    2.4778   10.4252
  QMMM:    43       43      H       -0.3844    3.4442   10.5398
  QMMM:    44       44      H       -0.0717    4.4214    9.0441
  QMMM:    45       45      H        1.8698    7.6212   11.9845
  QMMM:    46       46      H        2.7794    7.6000   13.5615
  QMMM:    47       47      H        4.9682   -2.3283    6.4326
  QMMM:    48       48      H        5.9839   -1.5590    7.7156
  QMMM:    49       49      H        0.0224    1.4537    9.0806
  QMMM:    50       50      H        0.5712    2.4129    7.6489
  QMMM:    51       51      H       -6.4725    7.3425   18.2130
  QMMM:    52       52      H       -7.4740    8.1884   16.9532
  QMMM:    53       53      H       -7.4749    6.3763   17.0439
  QMMM:    54       54      H       -1.2913    7.1465   15.6707
  QMMM:    55       55      H       -2.6204    6.9949   11.5129
  QMMM:    56       56      H       -4.9804    7.0599   12.2353
  QMMM:    57       57      H        3.6267   -1.6796    9.8718
  QMMM:    58       58      H        3.9603   -0.2489    5.8032
  QMMM:    59       59      H        1.8610    0.0459   10.3045
  QMMM:    60       60      H        2.2300    1.4783    6.2470

           --------- Calculation Completed ----------

