            --------------------------------------------------------
                             AMBER SQM VERSION 14
 
                                     By
              Ross C. Walker, Michael F. Crowley, Scott Brozell,
                         Tim Giese, Andreas W. Goetz,
                        Tai-Sung Lee and David A. Case
 
            --------------------------------------------------------
 

--------------------------------------------------------------------------------
  QM CALCULATION INFO
--------------------------------------------------------------------------------

| QMMM: Citation for AMBER QMMM Run:
| QMMM: R.C. Walker, M.F. Crowley and D.A. Case, J. COMP. CHEM. 29:1019, 2008

QMMM: SINGLET STATE CALCULATION
QMMM: RHF CALCULATION, NO. OF DOUBLY OCCUPIED LEVELS = 95

| QMMM: *** Selected Hamiltonian *** 
| QMMM: AM1         

| QMMM: *** Parameter sets in use ***
| QMMM: C : M.J.S.DEWAR et al. JACS, 107, 3902, (1985)
| QMMM: N : M.J.S.DEWAR et al. JACS, 107, 3902, (1985)
| QMMM: O : M.J.S.DEWAR et al. JACS, 107, 3902, (1985)
| QMMM: S : M.J.S.DEWAR et al. INORG. CHEM., 29, 3881, (1990)
| QMMM: H : M.J.S.DEWAR et al. JACS, 107, 3902, (1985)

| QMMM: *** SCF convergence criteria ***
| QMMM: Energy change                :  0.1D-09 kcal/mol
| QMMM: Error matrix |FP-PF|         :  0.1D+00 au
| QMMM: Density matrix change        :  0.5D-06
| QMMM: Maximum number of SCF cycles :     1000

| QMMM: *** Diagonalization Routine Information ***
| QMMM: Pseudo diagonalizations are allowed.
| QMMM: Auto diagonalization routine selection is in use.
| QMMM:
| QMMM: Timing diagonalization routines:
| QMMM:                              norbs =      168
| QMMM:    diag iterations used for timing =        5
| QMMM:
| QMMM:              Internal diag routine = 0.039439 seconds
| QMMM:                 Dspev diag routine = 0.045995 seconds
| QMMM:                Dspevd diag routine = 0.031814 seconds
| QMMM:                Dspevx diag routine = 0.129805 seconds
| QMMM:                 Dsyev diag routine = 0.052140 seconds
| QMMM:                Dsyevd diag routine = 0.035560 seconds
| QMMM:                Dsyevr diag routine = 0.037086 seconds
| QMMM:
| QMMM:                Pseudo diag routine = 0.022455 seconds
| QMMM:
| QMMM: Using dspevd routine (diag_routine=3).

  QMMM: QM Region Cartesian Coordinates (*=link atom) 
  QMMM: QM_NO.   MM_NO.  ATOM         X         Y         Z
  QMMM:     1        1      C        3.9300   -0.3670    8.8530
  QMMM:     2        2      C        2.2610   -0.7080    7.1700
  QMMM:     3        3      C        4.8410   -1.0670    8.0840
  QMMM:     4        4      C        3.1730   -1.4370    6.4290
  QMMM:     5        5      C       -4.5630    9.2740   12.9950
  QMMM:     6        6      C       -3.2010    9.0830   12.8440
  QMMM:     7        7      C       -3.1600    7.6340   14.7670
  QMMM:     8        8      C        4.4760   -1.6020    6.8590
  QMMM:     9        9      C       -5.2470    8.6440   14.0370
  QMMM:    10       10      C        2.6480   -0.1650    8.3780
  QMMM:    11       11      C       -2.4990    8.2560   13.7140
  QMMM:    12       12      C       -4.5240    7.8310   14.9110
  QMMM:    13       13      C       -6.9160    8.0050   15.3670
  QMMM:    14       14      C       -0.4190    6.8980   13.6200
  QMMM:    15       15      C        4.9920   -4.4080    7.5890
  QMMM:    16       16      C        6.8910   -4.4990    5.9790
  QMMM:    17       17      C        1.9180    4.0180   12.2370
  QMMM:    18       18      C       -8.3130    7.8810   15.9020
  QMMM:    19       19      C        2.1390    1.0830   10.3770
  QMMM:    20       20      C        5.4420   -2.4360    6.0570
  QMMM:    21       21      C        1.0080    6.9910   13.1440
  QMMM:    22       22      C        1.2600    2.2630   10.6550
  QMMM:    23       23      C        1.8900    5.9360   13.7660
  QMMM:    24       24      C        6.0530   -3.6030    6.8600
  QMMM:    25       25      N       -6.6090    8.7380   14.3220
  QMMM:    26       26      N       -1.1070    8.0600   13.5530
  QMMM:    27       27      N        1.4440    2.7830   12.0040
  QMMM:    28       28      N        1.4890    4.5920   13.3730
  QMMM:    29       29      O       -0.8940    5.8460   14.0390
  QMMM:    30       30      O        5.1160   -4.7000    8.7680
  QMMM:    31       31      O        6.4480   -5.4970    5.4330
  QMMM:    32       32      O        2.7270    4.5640   11.4880
  QMMM:    33       33      O        3.9700   -4.7500    6.8690
  QMMM:    34       34      O        8.1090   -4.0710    5.8480
  QMMM:    35       35      O        1.7270    0.5330    9.1210
  QMMM:    36       36      S       -5.5890    7.1890   16.1270
  QMMM:    37       37      H        0.8730    4.0780   13.9700
  QMMM:    38       38      H        1.2100    2.2000   12.7820
  QMMM:    39       39      H       -0.5670    8.8810   13.3680
  QMMM:    40       40      H        6.7180   -3.1660    7.6200
  QMMM:    41       41      H        2.9290    6.1060   13.4450
  QMMM:    42       42      H        1.8270    6.0200   14.8610
  QMMM:    43       43      H        0.2100    1.9590   10.5320
  QMMM:    44       44      H        1.4980    3.0580    9.9330
  QMMM:    45       45      H        1.0250    6.8670   12.0510
  QMMM:    46       46      H        1.4040    7.9830   13.4060
  QMMM:    47       47      H        4.9090   -2.8510    5.1890
  QMMM:    48       48      H        6.2590   -1.7870    5.7090
  QMMM:    49       49      H        3.1910    1.4010   10.3230
  QMMM:    50       50      H        2.0240    0.3320   11.1730
  QMMM:    51       51      H       -8.6200    6.8240   15.8830
  QMMM:    52       52      H       -8.3440    8.2530   16.9370
  QMMM:    53       53      H       -8.9990    8.4730   15.2790
  QMMM:    54       54      H       -2.6180    7.0050   15.4640
  QMMM:    55       55      H       -2.6760    9.5830   12.0390
  QMMM:    56       56      H       -5.1000    9.9130   12.3040
  QMMM:    57       57      H        2.8600   -1.8870    5.4940
  QMMM:    58       58      H        5.8560   -1.1980    8.4440
  QMMM:    59       59      H        1.2510   -0.5640    6.8040
  QMMM:    60       60      H        4.2200    0.0200    9.8240

--------------------------------------------------------------------------------
  RESULTS
--------------------------------------------------------------------------------

      iter         sqm energy              rms gradient
      ----    -------------------    -----------------------
xmin    10     -186.1852 kcal/mol        0.8149 kcal/(mol*A)
xmin    20     -188.6290 kcal/mol        0.3642 kcal/(mol*A)
xmin    30     -189.4721 kcal/mol        1.1681 kcal/(mol*A)
xmin    40     -190.9677 kcal/mol        0.8884 kcal/(mol*A)
xmin    50     -193.1261 kcal/mol        0.6034 kcal/(mol*A)
xmin    60     -194.0120 kcal/mol        0.2990 kcal/(mol*A)
xmin    70     -194.1442 kcal/mol        0.1785 kcal/(mol*A)
xmin    80     -194.2361 kcal/mol        0.0777 kcal/(mol*A)
xmin    90     -194.3323 kcal/mol        0.2117 kcal/(mol*A)
xmin   100     -194.4024 kcal/mol        0.1298 kcal/(mol*A)
xmin   110     -194.4234 kcal/mol        0.1334 kcal/(mol*A)
xmin   120     -194.4899 kcal/mol        0.1517 kcal/(mol*A)
xmin   130     -194.5546 kcal/mol        0.1360 kcal/(mol*A)
xmin   140     -194.5771 kcal/mol        0.0815 kcal/(mol*A)
xmin   150     -194.5853 kcal/mol        0.0211 kcal/(mol*A)
xmin   160     -194.6178 kcal/mol        0.2137 kcal/(mol*A)
xmin   170     -194.6510 kcal/mol        0.1792 kcal/(mol*A)
xmin   180     -194.9764 kcal/mol        0.8197 kcal/(mol*A)
xmin   190     -195.4250 kcal/mol        0.4266 kcal/(mol*A)
xmin   200     -195.7356 kcal/mol        0.6626 kcal/(mol*A)
xmin   210     -195.8051 kcal/mol        0.1171 kcal/(mol*A)
xmin   220     -195.8911 kcal/mol        0.2757 kcal/(mol*A)
xmin   230     -195.9284 kcal/mol        0.1542 kcal/(mol*A)
xmin   240     -196.0218 kcal/mol        0.1166 kcal/(mol*A)
xmin   250     -196.0625 kcal/mol        0.1652 kcal/(mol*A)
xmin   260     -196.1104 kcal/mol        0.0728 kcal/(mol*A)
xmin   270     -196.1454 kcal/mol        0.0775 kcal/(mol*A)
xmin   280     -196.2057 kcal/mol        0.0849 kcal/(mol*A)
xmin   290     -196.2321 kcal/mol        0.0960 kcal/(mol*A)
xmin   300     -196.2359 kcal/mol        0.0287 kcal/(mol*A)
xmin   310     -196.2361 kcal/mol        0.0420 kcal/(mol*A)
xmin   320     -196.2621 kcal/mol        0.3982 kcal/(mol*A)
xmin   330     -196.3337 kcal/mol        0.1978 kcal/(mol*A)
xmin   340     -196.3451 kcal/mol        0.2636 kcal/(mol*A)
xmin   350     -196.3723 kcal/mol        0.1054 kcal/(mol*A)
xmin   360     -196.3843 kcal/mol        0.0416 kcal/(mol*A)
xmin   370     -196.3899 kcal/mol        0.0425 kcal/(mol*A)
xmin   380     -196.3939 kcal/mol        0.0370 kcal/(mol*A)
xmin   390     -196.3972 kcal/mol        0.0481 kcal/(mol*A)
xmin   400     -196.3988 kcal/mol        0.0271 kcal/(mol*A)
xmin   410     -196.4042 kcal/mol        0.0227 kcal/(mol*A)
xmin   420     -196.4087 kcal/mol        0.0644 kcal/(mol*A)
xmin   430     -196.4132 kcal/mol        0.0182 kcal/(mol*A)
xmin   440     -196.4216 kcal/mol        0.1125 kcal/(mol*A)
xmin   450     -196.4317 kcal/mol        0.0676 kcal/(mol*A)
xmin   460     -196.4320 kcal/mol        0.0417 kcal/(mol*A)
xmin   470     -196.4459 kcal/mol        0.1124 kcal/(mol*A)
xmin   480     -196.4614 kcal/mol        0.0444 kcal/(mol*A)
xmin   490     -196.4881 kcal/mol        0.3529 kcal/(mol*A)
xmin   500     -196.5405 kcal/mol        0.1517 kcal/(mol*A)
xmin   510     -196.6037 kcal/mol        0.1289 kcal/(mol*A)
xmin   520     -197.0740 kcal/mol        0.6162 kcal/(mol*A)
xmin   530     -197.1958 kcal/mol        0.2687 kcal/(mol*A)
xmin   540     -197.3746 kcal/mol        0.4612 kcal/(mol*A)
xmin   550     -197.9723 kcal/mol        0.9891 kcal/(mol*A)
xmin   560     -199.0778 kcal/mol        1.9544 kcal/(mol*A)
xmin   570     -202.7078 kcal/mol        1.6123 kcal/(mol*A)
xmin   580     -209.9264 kcal/mol        2.3693 kcal/(mol*A)
xmin   590     -215.2873 kcal/mol        4.2699 kcal/(mol*A)
xmin   600     -226.0228 kcal/mol        1.2677 kcal/(mol*A)
xmin   610     -234.9493 kcal/mol        1.2449 kcal/(mol*A)
xmin   620     -237.4295 kcal/mol        1.5446 kcal/(mol*A)
xmin   630     -239.2829 kcal/mol        0.1397 kcal/(mol*A)
xmin   640     -239.3886 kcal/mol        0.5167 kcal/(mol*A)
xmin   650     -239.4330 kcal/mol        0.0452 kcal/(mol*A)
xmin   660     -239.5037 kcal/mol        0.0453 kcal/(mol*A)
xmin   670     -239.5075 kcal/mol        0.0059 kcal/(mol*A)
xmin   680     -239.5077 kcal/mol        0.0031 kcal/(mol*A)
xmin   690     -239.5077 kcal/mol        0.0019 kcal/(mol*A)
xmin   700     -239.5077 kcal/mol        0.0013 kcal/(mol*A)
  ... geometry converged !
 
 Final MO eigenvalues (eV):
 -36.3853  -35.2938  -34.7610  -34.0956  -33.7413  -32.5469  -31.5585  -31.4003
 -31.0205  -30.5143  -29.2439  -28.6207  -27.9187  -27.4300  -27.1237  -27.0643
 -26.1729  -25.7316  -25.4012  -24.2167  -22.3714  -21.0363  -20.0177  -19.4173
 -19.0248  -18.5845  -17.4224  -17.0069  -16.8185  -16.2958  -15.5261  -15.0141
 -14.8788  -14.3263  -13.4307  -13.2342  -12.9131  -12.5549  -12.5033  -12.1803
 -11.9433  -11.7779  -11.7454  -11.1171  -10.9696  -10.8859  -10.5345  -10.4521
 -10.2636  -10.0884  -10.0348   -9.9759   -9.8261   -9.7948   -9.6463   -9.4766
  -9.2022   -9.1251   -8.9746   -8.8028   -8.7347   -8.7109   -8.5492   -8.3974
  -8.2846   -8.2378   -7.9471   -7.8568   -7.7302   -7.5231   -7.3906   -7.2774
  -7.1929   -7.0443   -6.9253   -6.7185   -6.6789   -6.1602   -5.8213   -5.7227
  -5.5187   -5.3563   -5.3073   -5.2078   -5.1960   -4.9819   -4.5884   -4.1127
  -3.7484   -3.5935   -3.3532   -2.9600   -2.8512   -2.4697   -2.4168    4.7435
   4.9128    5.4211    6.0066    6.0374    6.2889    6.4139    6.7163    7.0767
   7.2675    7.3220    7.4056    7.4677    7.6068    7.7398    7.7878    7.8554
   8.1359    8.2007    8.2696    8.3077    8.4665    8.5153    8.6007    8.6923
   8.7946    8.8613    8.8760    8.9249    9.0138    9.0159    9.0854    9.1810
   9.2482    9.3241    9.3429    9.3922    9.4407    9.4755    9.5023    9.6811
   9.8031    9.8315    9.8841    9.9459   10.0031   10.1319   10.1550   10.1725
  10.2111   10.2830   10.3137   10.4381   10.4561   10.5896   10.6180   10.7718
  10.8271   10.8781   10.9460   10.9770   11.0120   11.4105   11.4754   11.5974
  11.8124   11.9092   12.1903   12.4152   13.6771   14.0958   14.2591   14.8268


 Heat of formation   =       -239.50774390 kcal/mol  (      -10.38583513 eV)

 Total SCF energy    =    -153820.76659055 kcal/mol  (    -6670.16896885 eV)
 Electronic energy   =   -1371120.42371204 kcal/mol  (   -59456.24316864 eV)
 Core-core repulsion =    1217299.65712149 kcal/mol  (    52786.07419980 eV)
 
    Atomic Charges for Step       1 :
  Atom    Element       Mulliken Charge
     1      C                 -0.173
     2      C                 -0.162
     3      C                 -0.103
     4      C                 -0.134
     5      C                 -0.113
     6      C                 -0.165
     7      C                 -0.113
     8      C                 -0.038
     9      C                 -0.075
    10      C                  0.000
    11      C                  0.025
    12      C                 -0.349
    13      C                 -0.443
    14      C                  0.303
    15      C                  0.359
    16      C                  0.360
    17      C                  0.375
    18      C                 -0.128
    19      C                 -0.055
    20      C                 -0.112
    21      C                 -0.204
    22      C                 -0.059
    23      C                 -0.012
    24      C                 -0.195
    25      N                 -0.185
    26      N                 -0.296
    27      N                 -0.346
    28      N                 -0.367
    29      O                 -0.428
    30      O                 -0.586
    31      O                 -0.562
    32      O                 -0.468
    33      O                 -0.514
    34      O                 -0.657
    35      O                 -0.244
    36      S                  0.775
    37      H                  0.292
    38      H                  0.223
    39      H                  0.279
    40      H                  0.091
    41      H                  0.082
    42      H                  0.131
    43      H                  0.087
    44      H                  0.116
    45      H                  0.114
    46      H                  0.090
    47      H                  0.080
    48      H                  0.118
    49      H                  0.087
    50      H                  0.087
    51      H                  0.067
    52      H                  0.055
    53      H                  0.056
    54      H                  0.210
    55      H                  0.142
    56      H                  0.109
    57      H                  0.130
    58      H                  0.192
    59      H                  0.124
    60      H                  0.126
 Total Mulliken Charge =      -2.000
 
                  X        Y        Z     TOTAL  
  QM DIPOLE     2.399  -22.452 -117.905  120.048
 
 Final Structure

  QMMM: QM Region Cartesian Coordinates (*=link atom) 
  QMMM: QM_NO.   MM_NO.  ATOM         X         Y         Z
  QMMM:     1        1      C        3.6115    1.2374    8.6502
  QMMM:     2        2      C        1.7554    1.8895    7.2131
  QMMM:     3        3      C        2.7243    0.5617    9.4799
  QMMM:     4        4      C        0.8812    1.1916    8.0454
  QMMM:     5        5      C       -3.0226    5.5540   13.4264
  QMMM:     6        6      C       -1.6670    5.8236   13.4687
  QMMM:     7        7      C       -1.1526    3.4526   13.2382
  QMMM:     8        8      C        1.3489    0.5430    9.1933
  QMMM:     9        9      C       -3.4850    4.2286   13.2799
  QMMM:    10       10      C        3.1188    1.9189    7.5285
  QMMM:    11       11      C       -0.7106    4.7770   13.3703
  QMMM:    12       12      C       -2.5143    3.1759   13.1845
  QMMM:    13       13      C       -4.8095    2.4627   13.0537
  QMMM:    14       14      C        1.3784    6.1443   13.2642
  QMMM:    15       15      C       -1.0769   -0.0146   12.0944
  QMMM:    16       16      C        1.3095    0.9782   12.1719
  QMMM:    17       17      C        3.5993    4.9634   10.1342
  QMMM:    18       18      C       -6.0596    1.6782   12.9387
  QMMM:    19       19      C        4.7180    3.6480    7.2845
  QMMM:    20       20      C        0.4148   -0.1527   10.1188
  QMMM:    21       21      C        2.8974    6.0653   13.1752
  QMMM:    22       22      C        3.8396    4.8374    7.6982
  QMMM:    23       23      C        3.4956    4.7908   12.5783
  QMMM:    24       24      C        0.0466    0.6895   11.3372
  QMMM:    25       25      N       -4.8133    3.7954   13.2063
  QMMM:    26       26      N        0.6878    4.9704   13.4137
  QMMM:    27       27      N        3.0305    4.6562    8.8694
  QMMM:    28       28      N        3.0124    4.4437   11.2745
  QMMM:    29       29      O        0.8453    7.2802   13.2714
  QMMM:    30       30      O       -1.6693    0.6033   13.0765
  QMMM:    31       31      O        2.0952    0.0448   12.4944
  QMMM:    32       32      O        4.5876    5.7497   10.1995
  QMMM:    33       33      O       -1.4693   -1.1627   11.7719
  QMMM:    34       34      O        1.5803    2.1965   12.4463
  QMMM:    35       35      O        3.9681    2.6042    6.6605
  QMMM:    36       36      S       -3.2572    1.6808   13.0019
  QMMM:    37       37      H        2.3121    3.7229   11.2353
  QMMM:    38       38      H        2.4216    3.8635    8.8314
  QMMM:    39       39      H        1.2012    4.1060   13.3236
  QMMM:    40       40      H       -0.3637    1.6816   11.0017
  QMMM:    41       41      H        4.6138    4.9460   12.5329
  QMMM:    42       42      H        3.2857    3.9060   13.2516
  QMMM:    43       43      H        3.1361    5.0638    6.8460
  QMMM:    44       44      H        4.5162    5.7250    7.8590
  QMMM:    45       45      H        3.2317    6.9511   12.5722
  QMMM:    46       46      H        3.2977    6.1795   14.2165
  QMMM:    47       47      H       -0.5248   -0.4373    9.5747
  QMMM:    48       48      H        0.8887   -1.0994   10.4980
  QMMM:    49       49      H        5.4248    3.9718    6.4741
  QMMM:    50       50      H        5.2973    3.2473    8.1556
  QMMM:    51       51      H       -5.8134    0.5943   12.8150
  QMMM:    52       52      H       -6.6952    1.7936   13.8525
  QMMM:    53       53      H       -6.6632    2.0061   12.0554
  QMMM:    54       54      H       -0.4388    2.6019   13.1610
  QMMM:    55       55      H       -1.3209    6.8638   13.5694
  QMMM:    56       56      H       -3.7472    6.3764   13.5023
  QMMM:    57       57      H       -0.1938    1.1735    7.8119
  QMMM:    58       58      H        3.0724    0.0748   10.4125
  QMMM:    59       59      H        1.3888    2.4173    6.3232
  QMMM:    60       60      H        4.6847    1.2584    8.8830

           --------- Calculation Completed ----------

