            --------------------------------------------------------
                             AMBER SQM VERSION 14
 
                                     By
              Ross C. Walker, Michael F. Crowley, Scott Brozell,
                         Tim Giese, Andreas W. Goetz,
                        Tai-Sung Lee and David A. Case
 
            --------------------------------------------------------
 

--------------------------------------------------------------------------------
  QM CALCULATION INFO
--------------------------------------------------------------------------------

| QMMM: Citation for AMBER QMMM Run:
| QMMM: R.C. Walker, M.F. Crowley and D.A. Case, J. COMP. CHEM. 29:1019, 2008

QMMM: SINGLET STATE CALCULATION
QMMM: RHF CALCULATION, NO. OF DOUBLY OCCUPIED LEVELS = 39

| QMMM: *** Selected Hamiltonian *** 
| QMMM: AM1         

| QMMM: *** Parameter sets in use ***
| QMMM: C : M.J.S.DEWAR et al. JACS, 107, 3902, (1985)
| QMMM: O : M.J.S.DEWAR et al. JACS, 107, 3902, (1985)
| QMMM: N : M.J.S.DEWAR et al. JACS, 107, 3902, (1985)
| QMMM: S : M.J.S.DEWAR et al. INORG. CHEM., 29, 3881, (1990)
| QMMM: H : M.J.S.DEWAR et al. JACS, 107, 3902, (1985)

| QMMM: *** SCF convergence criteria ***
| QMMM: Energy change                :  0.1D-09 kcal/mol
| QMMM: Error matrix |FP-PF|         :  0.1D+00 au
| QMMM: Density matrix change        :  0.5D-06
| QMMM: Maximum number of SCF cycles :     1000

| QMMM: *** Diagonalization Routine Information ***
| QMMM: Pseudo diagonalizations are allowed.
| QMMM: Auto diagonalization routine selection is in use.
| QMMM:
| QMMM: Timing diagonalization routines:
| QMMM:                              norbs =       71
| QMMM:    diag iterations used for timing =       15
| QMMM:
| QMMM:              Internal diag routine = 0.032168 seconds
| QMMM:                 Dspev diag routine = 0.017935 seconds
| QMMM:                Dspevd diag routine = 0.009913 seconds
| QMMM:                Dspevx diag routine = 0.045394 seconds
| QMMM:                 Dsyev diag routine = 0.015925 seconds
| QMMM:                Dsyevd diag routine = 0.012344 seconds
| QMMM:                Dsyevr diag routine = 0.013205 seconds
| QMMM:
| QMMM:                Pseudo diag routine = 0.004459 seconds
| QMMM:
| QMMM: Using dspevd routine (diag_routine=3).

  QMMM: QM Region Cartesian Coordinates (*=link atom) 
  QMMM: QM_NO.   MM_NO.  ATOM         X         Y         Z
  QMMM:     1        1      C        0.9770    6.7540   12.9020
  QMMM:     2        2      C       -0.3710    6.7780   13.5930
  QMMM:     3        3      O       -0.8400    5.8010   14.1810
  QMMM:     4        4      N       -1.0430    7.9710   13.5020
  QMMM:     5        5      C       -2.4520    8.1720   13.6430
  QMMM:     6        6      C       -3.1800    8.9100   12.7010
  QMMM:     7        7      C       -4.5430    9.0970   12.8540
  QMMM:     8        8      C       -5.2190    8.5530   13.9370
  QMMM:     9        9      C       -4.4740    7.8190   14.8640
  QMMM:    10       10      C       -3.1050    7.6290   14.7250
  QMMM:    11       11      S       -5.5070    7.2320   16.1420
  QMMM:    12       12      C       -6.8700    8.0260   15.3430
  QMMM:    13       13      N       -6.5850    8.6530   14.2300
  QMMM:    14       14      N       -8.0730    7.9710   15.8340
  QMMM:    15       15      C       -8.4480    7.1910   16.9970
  QMMM:    16       16      H       -8.2380    6.1280   16.8090
  QMMM:    17       17      H       -7.8690    7.5310   17.8680
  QMMM:    18       18      H       -9.5220    7.3230   17.1960
  QMMM:    19       19      H       -8.8090    8.5190   15.3650
  QMMM:    20       20      H       -2.5550    7.0570   15.4640
  QMMM:    21       21      H       -5.0890    9.6750   12.1170
  QMMM:    22       22      H       -2.6710    9.3380   11.8450
  QMMM:    23       23      H       -0.4900    8.7840   13.3180
  QMMM:    24       24      H        0.8430    6.9630   11.8300
  QMMM:    25       25      H        1.6290    7.5200   13.3460
  QMMM:    26       26      H        1.4360    5.7630   13.0290

--------------------------------------------------------------------------------
  RESULTS
--------------------------------------------------------------------------------

      iter         sqm energy              rms gradient
      ----    -------------------    -----------------------
xmin    10       20.2021 kcal/mol        2.3094 kcal/(mol*A)
xmin    20       19.6667 kcal/mol        1.0427 kcal/(mol*A)
xmin    30       19.4306 kcal/mol        0.3444 kcal/(mol*A)
xmin    40       19.3860 kcal/mol        0.1414 kcal/(mol*A)
xmin    50       19.3546 kcal/mol        0.2346 kcal/(mol*A)
xmin    60       19.3395 kcal/mol        0.0458 kcal/(mol*A)
xmin    70       19.3362 kcal/mol        0.0640 kcal/(mol*A)
xmin    80       19.3345 kcal/mol        0.0859 kcal/(mol*A)
xmin    90       19.3340 kcal/mol        0.0066 kcal/(mol*A)
xmin   100       19.3336 kcal/mol        0.0377 kcal/(mol*A)
xmin   110       19.3334 kcal/mol        0.0023 kcal/(mol*A)
xmin   120       19.3334 kcal/mol        0.0027 kcal/(mol*A)
xmin   130       19.3334 kcal/mol        0.0056 kcal/(mol*A)
xmin   140       19.3334 kcal/mol        0.0026 kcal/(mol*A)
xmin   150       19.3334 kcal/mol        0.0014 kcal/(mol*A)
xmin   160       19.3334 kcal/mol        0.0018 kcal/(mol*A)
xmin   170       19.3334 kcal/mol        0.0030 kcal/(mol*A)
  ... geometry converged !
 
 Final MO eigenvalues (eV):
 -40.5761  -39.4972  -38.0268  -36.2758  -34.3022  -31.9008  -31.0744  -28.6129
 -26.7295  -24.8823  -23.5238  -22.4062  -21.2012  -19.4311  -18.5293  -17.9437
 -17.2169  -16.2720  -16.1661  -16.0105  -15.7219  -15.2636  -14.6531  -14.5367
 -14.4925  -14.0701  -13.6950  -13.5878  -13.4214  -13.1876  -12.7948  -11.7733
 -11.5475  -11.0398  -11.0124  -10.7668  -10.1056   -8.8173   -8.2846   -0.3111
   0.2683    0.2930    0.9150    1.0134    1.5866    1.6875    2.3206    2.8107
   3.3190    3.5641    3.6944    3.7794    3.8188    3.8410    3.8837    4.0121
   4.1435    4.2368    4.2675    4.4702    4.7911    4.8783    5.1360    5.2240
   5.3447    5.4704    5.7605    5.9635    6.0582    6.5500    6.8325

 Heat of formation   =         19.33336487 kcal/mol  (        0.83835761 eV)

 Total SCF energy    =     -59194.20294045 kcal/mol  (    -2566.85325617 eV)
 Electronic energy   =    -325039.75301598 kcal/mol  (   -14094.78136317 eV)
 Core-core repulsion =     265845.55007553 kcal/mol  (    11527.92810700 eV)
 
    Atomic Charges for Step       1 :
  Atom    Element       Mulliken Charge
     1      C                 -0.247
     2      C                  0.309
     3      O                 -0.350
     4      N                 -0.327
     5      C                  0.074
     6      C                 -0.175
     7      C                 -0.062
     8      C                 -0.051
     9      C                 -0.300
    10      C                 -0.115
    11      S                  0.394
    12      C                 -0.106
    13      N                 -0.162
    14      N                 -0.255
    15      C                 -0.110
    16      H                  0.064
    17      H                  0.096
    18      H                  0.098
    19      H                  0.211
    20      H                  0.180
    21      H                  0.151
    22      H                  0.130
    23      H                  0.229
    24      H                  0.101
    25      H                  0.102
    26      H                  0.122
 Total Mulliken Charge =      -0.000
 
                  X        Y        Z     TOTAL  
  QM DIPOLE     0.792   -0.066   -1.926    2.084
 
 Final Structure

  QMMM: QM Region Cartesian Coordinates (*=link atom) 
  QMMM: QM_NO.   MM_NO.  ATOM         X         Y         Z
  QMMM:     1        1      C        1.0885    6.8273   13.1540
  QMMM:     2        2      C       -0.3010    6.8953   13.7480
  QMMM:     3        3      O       -0.6152    6.1892   14.7227
  QMMM:     4        4      N       -1.1768    7.7847   13.1386
  QMMM:     5        5      C       -2.5153    8.0427   13.4764
  QMMM:     6        6      C       -3.2441    8.9529   12.6536
  QMMM:     7        7      C       -4.5627    9.2676   12.9133
  QMMM:     8        8      C       -5.2133    8.6797   14.0152
  QMMM:     9        9      C       -4.4834    7.7702   14.8449
  QMMM:    10       10      C       -3.1540    7.4542   14.5795
  QMMM:    11       11      S       -5.4739    7.2097   16.0961
  QMMM:    12       12      C       -6.8206    8.1848   15.4870
  QMMM:    13       13      N       -6.5459    8.8930   14.3851
  QMMM:    14       14      N       -8.0077    8.2477   16.2190
  QMMM:    15       15      C       -8.4841    7.0224   16.8024
  QMMM:    16       16      H       -8.8886    6.2988   16.0430
  QMMM:    17       17      H       -7.6510    6.5206   17.3652
  QMMM:    18       18      H       -9.3030    7.2836   17.5244
  QMMM:    19       19      H       -8.7292    8.7886   15.7800
  QMMM:    20       20      H       -2.6215    6.7476   15.2379
  QMMM:    21       21      H       -5.1073    9.9727   12.2670
  QMMM:    22       22      H       -2.7513    9.4222   11.7873
  QMMM:    23       23      H       -0.8286    8.2944   12.3573
  QMMM:    24       24      H        1.0445    6.5054   12.0858
  QMMM:    25       25      H        1.5924    7.8216   13.2179
  QMMM:    26       26      H        1.6849    6.0807   13.7334

           --------- Calculation Completed ----------

