
 -----------------------------------------------
      Restrained ESP Fit 2.3  Amber 4.1
 -----------------------------------------------
 Resp charges for organic molecule                                               
 -----------------------------------------------


 inopt       =     0   ioutopt     =     1
 nmol        =     1   iqopt       =     0
 ihfree      =     1   irstrnt     =     1
 iunits      =     0   qwt         =   0.00050000
 wtmol(1) =     1.000000
 subtitle:

Resp charges for organic molecule                                               
ich =   0  iuniq =  17
    1    6    0
    2    6    0
    3    6    0
    4    6    0
    5    6    0
    6    6    0
    7    6    0
    8    7    0
    9    7    0
   10    7    0
   11    7    0
   12   17    0
   13    1    0
   14    1    0
   15    1    0
   16    1    0
   17    1    0

  ----------------------------------------------------------------------------
     ATOM                       COORDINATES                         CHARGE
                       X             Y                Z
  ----------------------------------------------------------------------------
  ----------------------------------------------------------------------------


 Charge on the molecule(ich) =    0
 Total number of atoms (iuniq)     =   17
 Weight factor on initial charge restraints(qwt)=     0.50000D-03


  there are  1 charge constraints:


     1       1
     2       1
     3       1
     4       1
     5       1
     6       1
     7       1
     8       1
     9       1
    10       1
    11       1
    12       1
    13       1
    14       1
    15       1
    16       1
    17       1

 Reading esp"s for molecule   1
 total number of atoms      =    17
 total number of esp points =  6156


 center     X       Y       Z 
    1  -0.4150745E+01  -0.3674846E+01   0.1211333E+00
    2  -0.5778869E+01  -0.1624745E+01   0.7619942E-01
    3  -0.4815802E+01   0.7997283E+00  -0.3386389E-02
    4  -0.2226348E+01   0.1174204E+01  -0.3321382E-01
    5  -0.5517433E+00  -0.8531697E+00   0.1778610E-01
    6  -0.1574493E+01  -0.3285396E+01   0.9260413E-01
    7   0.2234393E+01  -0.6877677E+00  -0.1342461E-01
    8   0.3724357E+01   0.1284813E+01   0.4755401E+00
    9   0.6109853E+01   0.5493604E+00   0.2953774E+00
   10   0.6071852E+01  -0.1748957E+01  -0.2693105E+00
   11   0.3708621E+01  -0.2594605E+01  -0.4800698E+00
   12  -0.1200369E+01   0.4313904E+01  -0.1737357E+00
   13   0.3306762E+01   0.3064106E+01   0.8995039E+00
   14  -0.2971707E+00  -0.4857766E+01   0.1239868E+00
   15  -0.6051779E+01   0.2406160E+01  -0.4856596E-01
   16  -0.7790008E+01  -0.1903974E+01   0.1004465E+00
   17  -0.4882655E+01  -0.5567212E+01   0.1811718E+00
 Initial ssvpot =     2.341


 Number of unique UNfrozen centers=   17

 Non-linear optimization requested.
 qchnge =    0.6494183081E-01
 qchnge =    0.4045625977E-02
 qchnge =    0.5976547491E-03
 qchnge =    0.9463591598E-04
 qchnge =    0.1521542323E-04
 qchnge =    0.2457235514E-05
 qchnge =    0.3974139387E-06

 Convergence in    6 iterations


Resp charges for organic molecule                                               

          Point Charges Before & After Optimization

    no.  At.no.    q(init)       q(opt)     ivary    d(rstr)/dq
    1   6       0.000000      -0.153095      0       0.002734
    2   6       0.000000      -0.160032      0       0.002650
    3   6       0.000000      -0.018336      0       0.004918
    4   6       0.000000       0.031235      0       0.004773
    5   6       0.000000      -0.361856      0       0.001332
    6   6       0.000000       0.093097      0       0.003660
    7   6       0.000000       0.735177      0       0.000674
    8   7       0.000000      -0.088955      0       0.003736
    9   7       0.000000      -0.233257      0       0.001970
   10   7       0.000000      -0.087529      0       0.003762
   11   7       0.000000      -0.413507      0       0.001175
   12  17       0.000000      -0.110272      0       0.003359
   13   1       0.000000       0.274784      0       0.000000
   14   1       0.000000       0.064219      0       0.000000
   15   1       0.000000       0.119308      0       0.000000
   16   1       0.000000       0.157636      0       0.000000
   17   1       0.000000       0.151384      0       0.000000

 Sum over the calculated charges:     -0.000

        Statistics of the fitting:
  The initial sum of squares (ssvpot)                      2.341
  The residual sum of squares (chipot)                     0.077
  The std err of estimate (sqrt(chipot/N))               0.00354
  ESP relative RMS (SQRT(chipot/ssvpot))                 0.18132

 Center of Mass (Angst.):

 X  =   0.00000      Y  =   0.00000      Z  =   0.00000

 Dipole (Debye):

 X  =  -5.62731      Y  =   1.33152      Z  =   0.97411

 Dipole Moment (Debye)=   5.86416

 Quadrupole (Debye*Angst.):

 Qxx = -12.48708     QYY =  12.85491     QZZ =  -0.36783
 Qxy =  28.33724     QXZ =   3.28634     QYZ =  -0.59213
