            --------------------------------------------------------
                             AMBER SQM VERSION 14
 
                                     By
              Ross C. Walker, Michael F. Crowley, Scott Brozell,
                         Tim Giese, Andreas W. Goetz,
                        Tai-Sung Lee and David A. Case
 
            --------------------------------------------------------
 

--------------------------------------------------------------------------------
  QM CALCULATION INFO
--------------------------------------------------------------------------------

| QMMM: Citation for AMBER QMMM Run:
| QMMM: R.C. Walker, M.F. Crowley and D.A. Case, J. COMP. CHEM. 29:1019, 2008

QMMM: SINGLET STATE CALCULATION
QMMM: RHF CALCULATION, NO. OF DOUBLY OCCUPIED LEVELS = 92

| QMMM: *** Selected Hamiltonian *** 
| QMMM: PM3         

| QMMM: *** Parameter sets in use ***
| QMMM: C : J.J.P.STEWART, JCC, 10, 209 (1989)
| QMMM: N : J.J.P.STEWART, JCC, 10, 209 (1989)
| QMMM: O : J.J.P.STEWART, JCC, 10, 209 (1989)
| QMMM: S : J.J.P.STEWART, JCC, 10, 209 (1989)
| QMMM: H : J.J.P.STEWART, JCC, 10, 209 (1989)

| QMMM: *** SCF convergence criteria ***
| QMMM: Energy change                :  0.1D-08 kcal/mol
| QMMM: Error matrix |FP-PF|         :  0.1D+00 au
| QMMM: Density matrix change        :  0.2D-05
| QMMM: Maximum number of SCF cycles :     1000

| QMMM: *** Diagonalization Routine Information ***
| QMMM: Pseudo diagonalizations are allowed.
| QMMM: Auto diagonalization routine selection is in use.
| QMMM:
| QMMM: Timing diagonalization routines:
| QMMM:                              norbs =      164
| QMMM:    diag iterations used for timing =        5
| QMMM:
| QMMM:              Internal diag routine = 0.054822 seconds
| QMMM:                 Dspev diag routine = 0.040371 seconds
| QMMM:                Dspevd diag routine = 0.027519 seconds
| QMMM:                Dspevx diag routine = 0.117329 seconds
| QMMM:                 Dsyev diag routine = 0.044326 seconds
| QMMM:                Dsyevd diag routine = 0.031491 seconds
| QMMM:                Dsyevr diag routine = 0.032139 seconds
| QMMM:
| QMMM:                Pseudo diag routine = 0.015253 seconds
| QMMM:
| QMMM: Using dspevd routine (diag_routine=3).

  QMMM: QM Region Cartesian Coordinates (*=link atom) 
  QMMM: QM_NO.   MM_NO.  ATOM         X         Y         Z
  QMMM:     1        1      C        2.2750   -0.2960    7.8280
  QMMM:     2        2      C        4.0800   -0.3240    9.3690
  QMMM:     3        3      C        3.0370   -1.0090    6.9220
  QMMM:     4        4      C        4.8460   -1.0300    8.4580
  QMMM:     5        5      C       -4.5160    9.2570   12.9740
  QMMM:     6        6      C       -3.1570    9.0390   12.8340
  QMMM:     7        7      C       -3.1600    7.5870   14.7550
  QMMM:     8        8      C        2.7850    0.0600    9.0640
  QMMM:     9        9      C        4.3340   -1.3870    7.2230
  QMMM:    10       10      C       -5.2170    8.6360   14.0070
  QMMM:    11       11      C       -2.4760    8.2140   13.7190
  QMMM:    12       12      C       -4.5230    7.8040   14.8830
  QMMM:    13       13      C       -6.9140    8.0400   15.3130
  QMMM:    14       14      C       -0.4580    6.7920   13.5870
  QMMM:    15       15      C        6.6780   -4.1490    5.8020
  QMMM:    16       16      C        4.7740   -4.3920    7.3910
  QMMM:    17       17      C        2.1540    3.9840   11.9870
  QMMM:    18       18      C       -8.3310    7.9850   15.8070
  QMMM:    19       19      C        1.9290    0.8120   10.0600
  QMMM:    20       20      C        5.1580   -2.1690    6.2240
  QMMM:    21       21      C        0.9880    6.8150   13.1400
  QMMM:    22       22      C        2.4350    2.1990   10.3590
  QMMM:    23       23      C        1.8040    5.6850   13.7300
  QMMM:    24       24      C        5.8100   -3.4330    6.8240
  QMMM:    25       25      N       -6.5800    8.7590   14.2690
  QMMM:    26       26      N       -1.0870    7.9930   13.5610
  QMMM:    27       27      N        1.9240    2.7140   11.6230
  QMMM:    28       28      N        1.5270    4.4000   13.0980
  QMMM:    29       29      O       -0.9990    5.7560   13.9670
  QMMM:    30       30      O        6.2610   -5.0750    5.1270
  QMMM:    31       31      O        3.8510   -4.7900    6.7020
  QMMM:    32       32      O        2.9320    4.7020   11.3650
  QMMM:    33       33      O        7.9020   -3.7060    5.7490
  QMMM:    34       34      O        4.9500   -4.7320    8.6400
  QMMM:    35       35      S       -5.6230    7.1680   16.0720
  QMMM:    36       36      H        0.8390    3.8020   13.5110
  QMMM:    37       37      H        1.3970    2.1140   12.2250
  QMMM:    38       38      H       -0.5140    8.8000   13.4160
  QMMM:    39       39      H        6.4580   -3.1100    7.6520
  QMMM:    40       40      H        2.8710    5.9180   13.6020
  QMMM:    41       41      H        1.5730    5.6070   14.8030
  QMMM:    42       42      H        2.1190    2.8730    9.5490
  QMMM:    43       43      H        3.5340    2.1710   10.4070
  QMMM:    44       44      H        1.0180    6.7340   12.0430
  QMMM:    45       45      H        1.4360    7.7710   13.4490
  QMMM:    46       46      H        4.5030   -2.4750    5.3950
  QMMM:    47       47      H        5.9550   -1.5150    5.8400
  QMMM:    48       48      H        1.9040    0.2400   10.9990
  QMMM:    49       49      H        0.9100    0.8930    9.6520
  QMMM:    50       50      H       -8.6920    6.9460   15.7700
  QMMM:    51       51      H       -8.3730    8.3510   16.8430
  QMMM:    52       52      H       -8.9660    8.6160   15.1680
  QMMM:    53       53      H       -2.6360    6.9400   15.4500
  QMMM:    54       54      H       -2.6180    9.5180   12.0250
  QMMM:    55       55      H       -5.0350    9.9100   12.2810
  QMMM:    56       56      H        5.8610   -1.3080    8.7160
  QMMM:    57       57      H        2.6120   -1.2750    5.9600
  QMMM:    58       58      H        4.5000   -0.0680   10.3350
  QMMM:    59       59      H        1.2620   -0.0120    7.5660

--------------------------------------------------------------------------------
  RESULTS
--------------------------------------------------------------------------------

      iter         sqm energy              rms gradient
      ----    -------------------    -----------------------
xmin    10     -175.1881 kcal/mol        0.7648 kcal/(mol*A)
xmin    20     -176.4194 kcal/mol        0.8232 kcal/(mol*A)
xmin    30     -176.8883 kcal/mol        0.5058 kcal/(mol*A)
xmin    40     -177.0701 kcal/mol        0.2343 kcal/(mol*A)
xmin    50     -177.1898 kcal/mol        0.0916 kcal/(mol*A)
xmin    60     -177.2640 kcal/mol        0.0786 kcal/(mol*A)
xmin    70     -177.3183 kcal/mol        0.0797 kcal/(mol*A)
xmin    80     -177.3743 kcal/mol        0.0730 kcal/(mol*A)
xmin    90     -177.4271 kcal/mol        0.0999 kcal/(mol*A)
xmin   100     -177.4990 kcal/mol        0.1066 kcal/(mol*A)
xmin   110     -177.5507 kcal/mol        0.1078 kcal/(mol*A)
xmin   120     -177.6730 kcal/mol        0.7320 kcal/(mol*A)
xmin   130     -177.8934 kcal/mol        0.2315 kcal/(mol*A)
xmin   140     -178.1213 kcal/mol        0.4152 kcal/(mol*A)
xmin   150     -178.1982 kcal/mol        0.0741 kcal/(mol*A)
xmin   160     -178.2460 kcal/mol        0.2616 kcal/(mol*A)
xmin   170     -178.2901 kcal/mol        0.1827 kcal/(mol*A)
xmin   180     -178.3081 kcal/mol        0.0677 kcal/(mol*A)
xmin   190     -178.3275 kcal/mol        0.0787 kcal/(mol*A)
xmin   200     -178.3461 kcal/mol        0.1136 kcal/(mol*A)
xmin   210     -178.3612 kcal/mol        0.0403 kcal/(mol*A)
xmin   220     -178.3847 kcal/mol        0.0837 kcal/(mol*A)
xmin   230     -178.3986 kcal/mol        0.0445 kcal/(mol*A)
xmin   240     -178.4079 kcal/mol        0.2488 kcal/(mol*A)
xmin   250     -178.4270 kcal/mol        0.2643 kcal/(mol*A)
xmin   260     -178.4420 kcal/mol        0.1018 kcal/(mol*A)
xmin   270     -178.4552 kcal/mol        0.0462 kcal/(mol*A)
xmin   280     -178.4678 kcal/mol        0.0717 kcal/(mol*A)
xmin   290     -178.4813 kcal/mol        0.1079 kcal/(mol*A)
xmin   300     -178.4967 kcal/mol        0.1263 kcal/(mol*A)
xmin   310     -178.5104 kcal/mol        0.2150 kcal/(mol*A)
xmin   320     -178.5198 kcal/mol        0.1261 kcal/(mol*A)
xmin   330     -178.5290 kcal/mol        0.1618 kcal/(mol*A)
xmin   340     -178.5371 kcal/mol        0.1856 kcal/(mol*A)
xmin   350     -178.5476 kcal/mol        0.0519 kcal/(mol*A)
xmin   360     -178.5559 kcal/mol        0.0552 kcal/(mol*A)
xmin   370     -178.5671 kcal/mol        0.0592 kcal/(mol*A)
xmin   380     -178.5801 kcal/mol        0.1136 kcal/(mol*A)
xmin   390     -178.5949 kcal/mol        0.0414 kcal/(mol*A)
xmin   400     -178.6013 kcal/mol        0.0211 kcal/(mol*A)
xmin   410     -178.6098 kcal/mol        0.0756 kcal/(mol*A)
  ... geometry converged !
 
 Final MO eigenvalues (eV):
 -38.9371  -37.1865  -36.0936  -34.9289  -33.9284  -32.1727  -31.6369  -30.1368
 -29.6035  -28.9290  -27.6987  -27.1283  -26.8256  -25.5515  -24.6719  -24.3869
 -24.2282  -23.9600  -23.5707  -22.8883  -21.2185  -20.0966  -19.7020  -18.9811
 -18.3874  -17.9743  -17.4394  -17.0788  -16.9025  -16.3115  -15.8744  -15.7426
 -15.3598  -15.1234  -14.6983  -14.5639  -14.4187  -13.8812  -13.7927  -13.4324
 -13.3299  -12.9645  -12.9309  -12.7159  -12.6342  -12.4604  -12.3240  -12.2570
 -11.9061  -11.7863  -11.6934  -11.6253  -11.3820  -10.9424  -10.7606  -10.6957
 -10.5814  -10.4875  -10.0775   -9.9937   -9.7491   -9.4226   -9.2638   -9.2065
  -9.0714   -8.9484   -8.8964   -8.5963   -8.5316   -8.4249   -7.6162   -7.5931
  -7.5860   -7.4502   -7.2351   -7.2117   -6.9299   -6.8180   -6.6222   -6.3029
  -6.0153   -5.1348   -4.9419   -4.6826   -4.2703   -3.8299   -1.3767   -1.2531
  -1.2097   -1.1520   -1.0716   -0.8571    0.9239    1.5312    1.6144    1.8032
   2.3800    2.6814    3.2401    3.7626    3.9859    4.1013    4.1515    4.6173
   4.7866    4.8878    4.9783    5.2802    5.3119    5.3919    5.4735    5.4856
   5.5540    5.5731    5.5911    5.6219    5.6825    5.8597    5.9598    6.2304
   6.2656    6.3670    6.4346    6.7661    6.9508    6.9886    7.0393    7.2735
   7.3017    7.3823    7.5527    7.5606    7.6396    7.7951    7.8538    8.0838
   8.1404    8.2616    8.4316    8.5574    8.7282    8.7633    8.7955    9.1428
   9.6383    9.9730   10.0772   10.2146   10.3644   10.5890   10.9780   11.0870
  11.2184   11.4130   11.5146   11.6540   11.7833   12.4475   12.5830   12.7220
  16.2934   16.3866   17.2705   17.3873

 Heat of formation   =       -178.61459955 kcal/mol  (       -7.74531024 eV)

 Total SCF energy    =    -134008.21945439 kcal/mol  (    -5811.03245542 eV)
 Electronic energy   =   -1063810.57055514 kcal/mol  (   -46130.28795608 eV)
 Core-core repulsion =     929802.35110075 kcal/mol  (    40319.25550066 eV)
 
    Atomic Charges for Step       1 :
  Atom    Element       Mulliken Charge
     1      C                 -0.113
     2      C                 -0.099
     3      C                 -0.150
     4      C                 -0.108
     5      C                 -0.027
     6      C                 -0.134
     7      C                 -0.049
     8      C                 -0.168
     9      C                  0.013
    10      C                 -0.093
    11      C                 -0.047
    12      C                 -0.216
    13      C                 -0.182
    14      C                  0.242
    15      C                  0.451
    16      C                  0.445
    17      C                  0.207
    18      C                 -0.050
    19      C                 -0.032
    20      C                 -0.064
    21      C                 -0.161
    22      C                 -0.083
    23      C                 -0.059
    24      C                 -0.197
    25      N                 -0.033
    26      N                  0.023
    27      N                 -0.032
    28      N                 -0.060
    29      O                 -0.355
    30      O                 -0.670
    31      O                 -0.639
    32      O                 -0.404
    33      O                 -0.661
    34      O                 -0.688
    35      S                  0.221
    36      H                  0.076
    37      H                  0.071
    38      H                  0.076
    39      H                  0.053
    40      H                  0.081
    41      H                  0.068
    42      H                  0.076
    43      H                  0.067
    44      H                  0.097
    45      H                  0.081
    46      H                  0.085
    47      H                  0.065
    48      H                  0.041
    49      H                  0.043
    50      H                  0.059
    51      H                  0.052
    52      H                  0.064
    53      H                  0.139
    54      H                  0.115
    55      H                  0.121
    56      H                  0.187
    57      H                  0.097
    58      H                  0.084
    59      H                  0.076
 Total Mulliken Charge =      -2.000
 
                  X        Y        Z     TOTAL  
  QM DIPOLE   -56.187   31.586  -61.952   89.402
 
 Final Structure

  QMMM: QM Region Cartesian Coordinates (*=link atom) 
  QMMM: QM_NO.   MM_NO.  ATOM         X         Y         Z
  QMMM:     1        1      C        2.0337    0.2029    7.9812
  QMMM:     2        2      C        3.5186   -0.7889    9.5971
  QMMM:     3        3      C        2.7173   -0.4485    6.9625
  QMMM:     4        4      C        4.2012   -1.4371    8.5802
  QMMM:     5        5      C       -4.4639    7.8623   12.2230
  QMMM:     6        6      C       -3.0879    7.7163   12.2029
  QMMM:     7        7      C       -2.9757    7.8298   14.6403
  QMMM:     8        8      C        2.4274    0.0356    9.3077
  QMMM:     9        9      C        3.8076   -1.2793    7.2449
  QMMM:    10       10      C       -5.1005    7.9896   13.4606
  QMMM:    11       11      C       -2.3427    7.7004   13.4014
  QMMM:    12       12      C       -4.3603    7.9685   14.6667
  QMMM:    13       13      C       -6.8142    8.2325   14.9270
  QMMM:    14       14      C       -0.0978    6.7414   14.0849
  QMMM:    15       15      C        6.8164   -2.7300    5.3506
  QMMM:    16       16      C        5.3634   -4.1733    7.0035
  QMMM:    17       17      C        2.2280    3.8538   12.4853
  QMMM:    18       18      C       -8.2064    8.3851   15.4107
  QMMM:    19       19      C        1.6833    0.7096   10.4117
  QMMM:    20       20      C        4.5156   -1.9652    6.1221
  QMMM:    21       21      C        1.3640    6.6912   13.6849
  QMMM:    22       22      C        2.3638    2.0270   10.7806
  QMMM:    23       23      C        2.1542    5.5560   14.3309
  QMMM:    24       24      C        5.7682   -2.7489    6.5068
  QMMM:    25       25      N       -6.5020    8.1457   13.6484
  QMMM:    26       26      N       -0.9056    7.6479   13.3160
  QMMM:    27       27      N        1.6995    2.6361   11.9668
  QMMM:    28       28      N        1.8419    4.2000   13.8390
  QMMM:    29       29      O       -0.5869    6.1411   15.0265
  QMMM:    30       30      O        6.4729   -2.4940    4.1605
  QMMM:    31       31      O        4.7522   -4.9871    6.2695
  QMMM:    32       32      O        2.9483    4.5978   11.8284
  QMMM:    33       33      O        8.0368   -2.8577    5.6324
  QMMM:    34       34      O        5.5888   -4.4646    8.2145
  QMMM:    35       35      S       -5.4238    8.1393   16.0467
  QMMM:    36       36      H        0.9087    3.9262   14.0669
  QMMM:    37       37      H        1.4950    1.9574   12.6712
  QMMM:    38       38      H       -0.5762    7.7705   12.3816
  QMMM:    39       39      H        6.2515   -2.2313    7.3781
  QMMM:    40       40      H        3.2369    5.7316   14.1678
  QMMM:    41       41      H        1.9920    5.5378   15.4272
  QMMM:    42       42      H        2.2960    2.7496    9.9435
  QMMM:    43       43      H        3.4470    1.8621   10.9644
  QMMM:    44       44      H        1.4672    6.6370   12.5795
  QMMM:    45       45      H        1.8256    7.6559   13.9803
  QMMM:    46       46      H        3.7976   -2.6481    5.6207
  QMMM:    47       47      H        4.7667   -1.1930    5.3637
  QMMM:    48       48      H        1.6370    0.0316   11.2896
  QMMM:    49       49      H        0.6311    0.8879   10.1124
  QMMM:    50       50      H       -8.5857    7.4273   15.7945
  QMMM:    51       51      H       -8.2620    9.1183   16.2265
  QMMM:    52       52      H       -8.8891    8.7162   14.6160
  QMMM:    53       53      H       -2.4090    7.8110   15.5797
  QMMM:    54       54      H       -2.5815    7.6112   11.2344
  QMMM:    55       55      H       -5.0439    7.8725   11.2936
  QMMM:    56       56      H        5.0598   -2.1127    8.7801
  QMMM:    57       57      H        2.4004   -0.3178    5.9222
  QMMM:    58       58      H        3.8305   -0.9322   10.6369
  QMMM:    59       59      H        1.1800    0.8454    7.7427

           --------- Calculation Completed ----------

