
 -----------------------------------------------
      Restrained ESP Fit 2.3  Amber 4.1
 -----------------------------------------------
 Resp charges for organic molecule                                               
 -----------------------------------------------


 inopt       =     0   ioutopt     =     1
 nmol        =     1   iqopt       =     2
 ihfree      =     1   irstrnt     =     1
 iunits      =     0   qwt         =   0.00100000
 wtmol(1) =     1.000000
 subtitle:

Resp charges for organic molecule                                               
ich =  -2  iuniq =  67
    1    6  -99
    2    6  -99
    3    6  -99
    4    6  -99
    5    6  -99
    6    6  -99
    7    6  -99
    8    6  -99
    9    6  -99
   10    6  -99
   11    6  -99
   12    6  -99
   13    6  -99
   14    6  -99
   15    6  -99
   16    6  -99
   17    6  -99
   18    6    0
   19    6    0
   20    6    0
   21    6    0
   22    6    0
   23    6    0
   24    6  -99
   25    7  -99
   26    7  -99
   27    7  -99
   28    7  -99
   29    8  -99
   30    8  -99
   31    8  -99
   32    8  -99
   33    8  -99
   34    8  -99
   35    8  -99
   36   16  -99
   37    6    0
   38    6    0
   39   16  -99
   40    1    0
   41    1   40
   42    1    0
   43    1   42
   44    1    0
   45    1   44
   46    1   44
   47    1  -99
   48    1  -99
   49    1  -99
   50    1  -99
   51    1    0
   52    1   51
   53    1    0
   54    1   53
   55    1    0
   56    1   55
   57    1    0
   58    1   57
   59    1    0
   60    1   59
   61    1  -99
   62    1  -99
   63    1  -99
   64    1  -99
   65    1  -99
   66    1  -99
   67    1  -99
 new q0 values to be read  67

  ----------------------------------------------------------------------------
     ATOM                       COORDINATES                         CHARGE
                       X             Y                Z
  ----------------------------------------------------------------------------
  ----------------------------------------------------------------------------


 Charge on the molecule(ich) =   -2
 Total number of atoms (iuniq)     =   67
 Weight factor on initial charge restraints(qwt)=     0.10000D-02


  there are  1 charge constraints:


     1       1
     2       1
     3       1
     4       1
     5       1
     6       1
     7       1
     8       1
     9       1
    10       1
    11       1
    12       1
    13       1
    14       1
    15       1
    16       1
    17       1
    18       1
    19       1
    20       1
    21       1
    22       1
    23       1
    24       1
    25       1
    26       1
    27       1
    28       1
    29       1
    30       1
    31       1
    32       1
    33       1
    34       1
    35       1
    36       1
    37       1
    38       1
    39       1
    40       1
    41       1
    42       1
    43       1
    44       1
    45       1
    46       1
    47       1
    48       1
    49       1
    50       1
    51       1
    52       1
    53       1
    54       1
    55       1
    56       1
    57       1
    58       1
    59       1
    60       1
    61       1
    62       1
    63       1
    64       1
    65       1
    66       1
    67       1

 Reading esp"s for molecule   1
 total number of atoms      =    67
 total number of esp points = 18003


 center     X       Y       Z 
    1  -0.1261664E+02   0.3242311E+01   0.1970164E+01
    2  -0.1150478E+02  -0.9833624E+00   0.3132693E+01
    3  -0.1507336E+02   0.2427257E+01   0.1506463E+01
    4  -0.1394897E+02  -0.1777130E+01   0.2659668E+01
    5   0.1324983E+02   0.3830741E+01   0.3032927E+01
    6   0.1112414E+02   0.4906413E+01   0.2004211E+01
    7   0.1040992E+02   0.1284269E+01  -0.6828752E+00
    8  -0.1579976E+02  -0.7864095E-01   0.1823478E+01
    9   0.1399762E+02   0.1447666E+01   0.2212561E+01
   10  -0.1083624E+02   0.1525234E+01   0.2779589E+01
   11   0.9691896E+01   0.3659997E+01   0.1468109E+00
   12   0.1256104E+02   0.2292672E+00   0.3868439E+00
   13   0.1630948E+02  -0.1978566E+01   0.1966407E+01
   14   0.5936038E+01   0.4275722E+01  -0.2657495E+01
   15  -0.1801894E+02  -0.5391054E+01  -0.6479889E+00
   16  -0.2163922E+02  -0.2304657E+01  -0.1955887E+01
   17  -0.1165587E+01   0.4036782E+01  -0.1173847E+01
   18   0.2054214E+02  -0.7043081E+01  -0.4295610E+01
   19  -0.6762604E+01   0.2099147E+01   0.1159976E+01
   20  -0.1848875E+02  -0.9199451E+00   0.1289063E+01
   21   0.3947836E+01   0.6259731E+01  -0.3237046E+01
   22  -0.4076349E+01   0.2475114E+01   0.2115204E+01
   23   0.1667768E+01   0.5169986E+01  -0.4631443E+01
   24  -0.1883001E+02  -0.2590707E+01  -0.1083654E+01
   25   0.1611240E+02   0.1445527E+00   0.3050256E+01
   26   0.7561487E+01   0.4950729E+01  -0.7717187E+00
   27  -0.2208254E+01   0.2092773E+01   0.1349227E+00
   28   0.2810665E+00   0.3310653E+01  -0.3197940E+01
   29   0.6084101E+01   0.2323023E+01  -0.3803291E+01
   30  -0.1783238E+02  -0.6689330E+01  -0.2574939E+01
   31  -0.2325532E+02  -0.2974752E+01  -0.4009526E+00
   32  -0.1429553E+01   0.6236124E+01  -0.6251157E+00
   33  -0.1755662E+02  -0.6065849E+01   0.1563274E+01
   34  -0.2198285E+02  -0.1305364E+01  -0.4043481E+01
   35  -0.8371983E+01   0.2288804E+01   0.3236883E+01
   36   0.1392890E+02  -0.2708010E+01  -0.2546028E+00
   37   0.2032617E+02  -0.5111034E+01  -0.2157869E+01
   38   0.1899110E+02  -0.6223453E+01   0.1485816E+00
   39   0.1872731E+02  -0.4100010E+01   0.2843121E+01
   40   0.1930668E+02  -0.3461982E+01  -0.2822166E+01
   41   0.2219218E+02  -0.4467174E+01  -0.1600840E+01
   42   0.2006493E+02  -0.7802055E+01   0.8929031E+00
   43   0.1714301E+02  -0.6957712E+01  -0.3356172E+00
   44   0.2159413E+02  -0.8702438E+01  -0.3699360E+01
   45   0.1869139E+02  -0.7665475E+01  -0.4926317E+01
   46   0.2151240E+02  -0.6234826E+01  -0.5911309E+01
   47   0.9366956E+00   0.1549413E+01  -0.3251434E+01
   48  -0.2242545E+01   0.4155129E+00  -0.7183737E+00
   49   0.7191607E+01   0.6584575E+01   0.7982770E-01
   50  -0.1766397E+02  -0.1865027E+01  -0.2607480E+01
   51   0.4001287E+00   0.6699062E+01  -0.5101221E+01
   52   0.2274780E+01   0.4285124E+01  -0.6369255E+01
   53  -0.3715787E+01   0.1146391E+01   0.3631158E+01
   54  -0.3839415E+01   0.4359532E+01   0.2852658E+01
   55   0.3311992E+01   0.7177603E+01  -0.1521498E+01
   56   0.4848457E+01   0.7697292E+01  -0.4402744E+01
   57  -0.1921459E+02  -0.1973114E+01   0.2880530E+01
   58  -0.1963568E+02   0.7745666E+00   0.1090086E+01
   59  -0.7216291E+01   0.3511366E+01  -0.2620767E+00
   60  -0.6944722E+01   0.2509877E+00   0.2781148E+00
   61   0.9334680E+01   0.3138173E+00  -0.2088894E+01
   62   0.1053788E+02   0.6749497E+01   0.2633087E+01
   63   0.1433324E+02   0.4798543E+01   0.4450142E+01
   64  -0.1449426E+02  -0.3722751E+01   0.2867077E+01
   65  -0.1645318E+02   0.3779121E+01   0.8664035E+00
   66  -0.1009480E+02  -0.2303618E+01   0.3778108E+01
   67  -0.1209101E+02   0.5191871E+01   0.1708994E+01
 Initial ssvpot =   425.442


 Number of unique UNfrozen centers=   16

 Non-linear optimization requested.
 qchnge =    0.5250582464E-01
 qchnge =    0.1170226006E-02
 qchnge =    0.1455382442E-03
 qchnge =    0.2070008728E-04
 qchnge =    0.2995331603E-05
 qchnge =    0.4344748746E-06

 Convergence in    5 iterations


Resp charges for organic molecule                                               

          Point Charges Before & After Optimization

    no.  At.no.    q(init)       q(opt)     ivary    d(rstr)/dq
    1   6      -0.423650      -0.423650    -99       0.002297
    2   6      -0.423650      -0.423650    -99       0.002297
    3   6      -0.102682      -0.102682    -99       0.006977
    4   6      -0.102682      -0.102682    -99       0.006977
    5   6      -0.298652      -0.298652    -99       0.003175
    6   6      -0.270226      -0.270226    -99       0.003471
    7   6      -0.326102      -0.326102    -99       0.002932
    8   6       0.028433       0.028433    -99       0.009619
    9   6       0.448839       0.448839    -99       0.002175
   10   6       0.481466       0.481466    -99       0.002034
   11   6       0.306732       0.306732    -99       0.003100
   12   6      -0.069823      -0.069823    -99       0.008199
   13   6       0.331750       0.331750    -99       0.002886
   14   6       0.810451       0.810451    -99       0.001225
   15   6       0.855370       0.855370    -99       0.001161
   16   6       0.855370       0.855370    -99       0.001161
   17   6       1.064640       1.064640    -99       0.000935
   18   6      -0.314967      -0.301777      0       0.003145
   19   6       0.244759       0.228685      0       0.004007
   20   6       0.004470       0.020521      0       0.009796
   21   6      -0.259519      -0.316596      0       0.003012
   22   6       0.339927       0.428331      0       0.002274
   23   6       0.153033       0.162707      0       0.005236
   24   6       0.016443       0.016443    -99       0.009867
   25   7      -0.521732      -0.521732    -99       0.001882
   26   7      -0.644129      -0.644129    -99       0.001534
   27   7      -0.934570      -0.934570    -99       0.001064
   28   7      -0.857760      -0.857760    -99       0.001158
   29   8      -0.626228      -0.626228    -99       0.001577
   30   8      -0.853511      -0.853511    -99       0.001164
   31   8      -0.853511      -0.853511    -99       0.001164
   32   8      -0.641319      -0.641319    -99       0.001541
   33   8      -0.853511      -0.853511    -99       0.001164
   34   8      -0.853511      -0.853511    -99       0.001164
   35   8      -0.561076      -0.561076    -99       0.001755
   36  16      -0.061201      -0.061201    -99       0.008529
   37   6       0.302780       0.294466      0       0.003215
   38   6      -0.215263      -0.186214      0       0.004731
   39  16      -0.210879      -0.210879    -99       0.004285
   40   1      -0.050644      -0.037392      0       0.000000
   41   1      -0.026561      -0.037392     40       0.000000
   42   1       0.170551       0.118210      0       0.000000
   43   1       0.084825       0.118210     42       0.000000
   44   1       0.051158       0.066157      0       0.000000
   45   1       0.084003       0.066157     44       0.000000
   46   1       0.075417       0.066157     44       0.000000
   47   1       0.410793       0.410793    -99       0.000000
   48   1       0.384867       0.384867    -99       0.000000
   49   1       0.333967       0.333967    -99       0.000000
   50   1      -0.084027      -0.084027    -99       0.000000
   51   1       0.073169       0.061949      0       0.000000
   52   1       0.059197       0.061949     51       0.000000
   53   1       0.006518      -0.017916      0       0.000000
   54   1       0.006759      -0.017916     53       0.000000
   55   1       0.095146       0.094412      0       0.000000
   56   1       0.055451       0.094412     55       0.000000
   57   1       0.048912      -0.026685      0       0.000000
   58   1      -0.089735      -0.026685     57       0.000000
   59   1      -0.017780      -0.001287      0       0.000000
   60   1       0.029572      -0.001287     59       0.000000
   61   1       0.298112       0.298112    -99       0.000000
   62   1       0.183300       0.183300    -99       0.000000
   63   1       0.189800       0.189800    -99       0.000000
   64   1       0.157901       0.157901    -99       0.000000
   65   1       0.157901       0.157901    -99       0.000000
   66   1       0.173560       0.173560    -99       0.000000
   67   1       0.173560       0.173560    -99       0.000000

 Sum over the calculated charges:     -2.000

        Statistics of the fitting:
  The initial sum of squares (ssvpot)                    425.442
  The residual sum of squares (chipot)                     0.163
  The std err of estimate (sqrt(chipot/N))               0.00301
  ESP relative RMS (SQRT(chipot/ssvpot))                 0.01960

 Center of Mass (Angst.):

 X  =   0.00000      Y  =   0.00000      Z  =   0.00000

 Dipole (Debye):

 X  =  95.14420      Y  =  17.69810      Z  =   2.31917

 Dipole Moment (Debye)=  96.80403

 Quadrupole (Debye*Angst.):

 Qxx =**********     QYY = 997.29204     QZZ =1048.34987
 Qxy = 547.43912     QXZ = 898.39311     QYZ =1113.90253
