
 -----------------------------------------------
      Restrained ESP Fit 2.3  Amber 4.1
 -----------------------------------------------
 Resp charges for organic molecule                                               
 -----------------------------------------------


 inopt       =     0   ioutopt     =     1
 nmol        =     1   iqopt       =     0
 ihfree      =     1   irstrnt     =     1
 iunits      =     0   qwt         =   0.00050000
 wtmol(1) =     1.000000
 subtitle:

Resp charges for organic molecule                                               
ich =  -1  iuniq =  58
    1    6    0
    2    6    1
    3    6    0
    4    6    3
    5    6    0
    6    6    0
    7    6    0
    8    6    0
    9    6    0
   10    6    0
   11    6    0
   12    6    0
   13    6    0
   14    6    0
   15    6    0
   16    6    0
   17    6    0
   18    6    0
   19    6    0
   20    6    0
   21    6    0
   22    6    0
   23    6    0
   24    7    0
   25    7    0
   26    7    0
   27    7    0
   28    8    0
   29    8    0
   30    8    0
   31    8   29
   32    8    0
   33   16    0
   34    1    0
   35    1    0
   36    1    0
   37    1    0
   38    1    0
   39    1    0
   40    1    0
   41    1    0
   42    1    0
   43    1    0
   44    1    0
   45    1    0
   46    1    0
   47    1    0
   48    1    0
   49    1    0
   50    1    0
   51    1    0
   52    1    0
   53    1    0
   54    1   53
   55    1    0
   56    1   55
   57    1    0
   58    1    0

  ----------------------------------------------------------------------------
     ATOM                       COORDINATES                         CHARGE
                       X             Y                Z
  ----------------------------------------------------------------------------
  ----------------------------------------------------------------------------


 Charge on the molecule(ich) =   -1
 Total number of atoms (iuniq)     =   58
 Weight factor on initial charge restraints(qwt)=     0.50000D-03


  there are  1 charge constraints:


     1       1
     2       1
     3       1
     4       1
     5       1
     6       1
     7       1
     8       1
     9       1
    10       1
    11       1
    12       1
    13       1
    14       1
    15       1
    16       1
    17       1
    18       1
    19       1
    20       1
    21       1
    22       1
    23       1
    24       1
    25       1
    26       1
    27       1
    28       1
    29       1
    30       1
    31       1
    32       1
    33       1
    34       1
    35       1
    36       1
    37       1
    38       1
    39       1
    40       1
    41       1
    42       1
    43       1
    44       1
    45       1
    46       1
    47       1
    48       1
    49       1
    50       1
    51       1
    52       1
    53       1
    54       1
    55       1
    56       1
    57       1
    58       1

 Reading esp"s for molecule   1
 total number of atoms      =    58
 total number of esp points = 15540


 center     X       Y       Z 
    1  -0.1085141E+02   0.1003433E+01  -0.3339505E+00
    2  -0.1135539E+02  -0.1809397E+01   0.3168039E+01
    3  -0.1346902E+02   0.1095693E+01  -0.5848891E+00
    4  -0.1394346E+02  -0.1689353E+01   0.2884075E+01
    5   0.1462790E+02   0.3501946E+00   0.3642263E+01
    6   0.1252469E+02   0.1828578E+01   0.3285774E+01
    7   0.1184805E+02   0.1095040E+00  -0.8907545E+00
    8  -0.1507626E+02  -0.2365238E+00   0.9936519E+00
    9   0.1538056E+02  -0.1283891E+01   0.1725960E+01
   10  -0.9788505E+01  -0.4606434E+00   0.1549080E+01
   11   0.1112304E+02   0.1725743E+01   0.1033606E+01
   12   0.1397912E+02  -0.1370601E+01  -0.4921168E+00
   13   0.1767713E+02  -0.4155052E+01  -0.1957189E+00
   14   0.7283461E+01   0.3585492E+01  -0.1009548E+01
   15  -0.2185860E+02  -0.2291278E+01  -0.1360559E+01
   16   0.6640308E-01   0.2704871E+01  -0.5391785E+00
   17   0.1973270E+02  -0.6046437E+01  -0.6577154E+00
   18  -0.5549989E+01   0.3663442E+00   0.2593006E+00
   19  -0.1791867E+02  -0.1709465E+00   0.6599169E+00
   20   0.5289670E+01   0.5586633E+01  -0.4954313E+00
   21  -0.2925239E+01  -0.4341797E+00   0.1119005E+01
   22   0.3153042E+01   0.5543840E+01  -0.2434041E+01
   23  -0.1894360E+02  -0.2346860E+01  -0.9528849E+00
   24   0.1745704E+02  -0.2884393E+01   0.1821660E+01
   25   0.9011946E+01   0.3337334E+01   0.8806860E+00
   26  -0.9520270E+00   0.3430042E+00  -0.6167744E+00
   27   0.1725624E+01   0.3215064E+01  -0.2458384E+01
   28   0.7323654E+01   0.2370383E+01  -0.2927412E+01
   29  -0.2269090E+02  -0.4116600E+01  -0.2543998E+01
   30  -0.4324033E+00   0.4228226E+01   0.1081092E+01
   31  -0.2298177E+02  -0.4486172E+00  -0.4766040E+00
   32  -0.7255087E+01  -0.6915849E+00   0.1966662E+01
   33   0.1536234E+02  -0.3573901E+01  -0.2523058E+01
   34   0.2584338E+01   0.1758844E+01  -0.3285136E+01
   35  -0.8225845E+00  -0.5997404E+00  -0.2238985E+01
   36   0.8729744E+01   0.4417728E+01   0.2392858E+01
   37   0.1867835E+01   0.7075994E+01  -0.2030507E+01
   38   0.3910939E+01   0.5821934E+01  -0.4310707E+01
   39  -0.2866119E+01  -0.2472723E+01   0.1288946E+01
   40  -0.2526622E+01   0.3642352E+00   0.2951807E+01
   41   0.4510594E+01   0.5340041E+01   0.1383860E+01
   42   0.6217047E+01   0.7422679E+01  -0.5281123E+00
   43  -0.1883363E+02  -0.2169519E+00   0.2493427E+01
   44  -0.1848083E+02   0.1601486E+01  -0.1962235E+00
   45  -0.5685415E+01   0.2412203E+01   0.2399801E+00
   46  -0.5912136E+01  -0.3215558E+00  -0.1644207E+01
   47   0.1894870E+02  -0.7911196E+01  -0.9912936E+00
   48   0.2084849E+02  -0.5529036E+01  -0.2298103E+01
   49   0.2094562E+02  -0.6113386E+01   0.9848874E+00
   50   0.1079530E+02   0.1097742E-01  -0.2610295E+01
   51   0.1193262E+02   0.3091851E+01   0.4765855E+01
   52   0.1568790E+02   0.4381821E+00   0.5370881E+01
   53  -0.1512549E+02  -0.2751299E+01   0.4154546E+01
   54  -0.1426313E+02   0.2246215E+01  -0.2062946E+01
   55  -0.1050846E+02  -0.2937416E+01   0.4630662E+01
   56  -0.9696590E+01   0.2083686E+01  -0.1605902E+01
   57  -0.1804565E+02  -0.2334526E+01  -0.2804777E+01
   58  -0.1844972E+02  -0.4158334E+01  -0.1131398E+00
 Initial ssvpot =   109.266


 Number of unique UNfrozen centers=   53

 Non-linear optimization requested.
 qchnge =    0.5456067754E-01
 qchnge =    0.1821156389E-02
 qchnge =    0.2856406103E-03
 qchnge =    0.5777786670E-04
 qchnge =    0.1270815094E-04
 qchnge =    0.2915697185E-05
 qchnge =    0.6871588603E-06

 Convergence in    6 iterations


Resp charges for organic molecule                                               

          Point Charges Before & After Optimization

    no.  At.no.    q(init)       q(opt)     ivary    d(rstr)/dq
    1   6       0.000000      -0.401009      0       0.001210
    2   6       0.000000      -0.401009      1       0.001210
    3   6       0.000000      -0.092568      0       0.003669
    4   6       0.000000      -0.092568      3       0.003669
    5   6       0.000000      -0.269034      0       0.001742
    6   6       0.000000      -0.281274      0       0.001675
    7   6       0.000000      -0.277465      0       0.001695
    8   6       0.000000      -0.101233      0       0.003514
    9   6       0.000000       0.462484      0       0.001057
   10   6       0.000000       0.542544      0       0.000906
   11   6       0.000000       0.264731      0       0.001767
   12   6       0.000000      -0.099721      0       0.003541
   13   6       0.000000       0.438361      0       0.001112
   14   6       0.000000       0.785784      0       0.000631
   15   6       0.000000       0.836370      0       0.000594
   16   6       0.000000       1.047769      0       0.000475
   17   6       0.000000      -0.224149      0       0.002037
   18   6       0.000000       0.241010      0       0.001916
   19   6       0.000000       0.097515      0       0.003580
   20   6       0.000000      -0.196593      0       0.002267
   21   6       0.000000       0.287453      0       0.001643
   22   6       0.000000       0.127274      0       0.003089
   23   6       0.000000      -0.035039      0       0.004719
   24   7       0.000000      -0.628403      0       0.000786
   25   7       0.000000      -0.622303      0       0.000793
   26   7       0.000000      -0.914970      0       0.000543
   27   7       0.000000      -0.853831      0       0.000582
   28   8       0.000000      -0.629990      0       0.000784
   29   8       0.000000      -0.831189      0       0.000597
   30   8       0.000000      -0.629765      0       0.000784
   31   8       0.000000      -0.831189     29       0.000597
   32   8       0.000000      -0.519816      0       0.000945
   33  16       0.000000      -0.147372      0       0.002807
   34   1       0.000000       0.404791      0       0.000000
   35   1       0.000000       0.401165      0       0.000000
   36   1       0.000000       0.331480      0       0.000000
   37   1       0.000000       0.075099      0       0.000000
   38   1       0.000000       0.066224      0       0.000000
   39   1       0.000000       0.025645      0       0.000000
   40   1       0.000000       0.025544      0       0.000000
   41   1       0.000000       0.083386      0       0.000000
   42   1       0.000000       0.042809      0       0.000000
   43   1       0.000000       0.002380      0       0.000000
   44   1       0.000000      -0.009008      0       0.000000
   45   1       0.000000       0.004060      0       0.000000
   46   1       0.000000      -0.008241      0       0.000000
   47   1       0.000000       0.088918      0       0.000000
   48   1       0.000000       0.083601      0       0.000000
   49   1       0.000000       0.087265      0       0.000000
   50   1       0.000000       0.297368      0       0.000000
   51   1       0.000000       0.183189      0       0.000000
   52   1       0.000000       0.188085      0       0.000000
   53   1       0.000000       0.146339      0       0.000000
   54   1       0.000000       0.146339     53       0.000000
   55   1       0.000000       0.167675      0       0.000000
   56   1       0.000000       0.167675     55       0.000000
   57   1       0.000000      -0.028183      0       0.000000
   58   1       0.000000      -0.024413      0       0.000000

 Sum over the calculated charges:     -1.000

        Statistics of the fitting:
  The initial sum of squares (ssvpot)                    109.266
  The residual sum of squares (chipot)                     0.049
  The std err of estimate (sqrt(chipot/N))               0.00177
  ESP relative RMS (SQRT(chipot/ssvpot))                 0.02113

 Center of Mass (Angst.):

 X  =   0.00000      Y  =   0.00000      Z  =   0.00000

 Dipole (Debye):

 X  =  55.90337      Y  =   5.29218      Z  =   2.14060

 Dipole Moment (Debye)=  56.19409

 Quadrupole (Debye*Angst.):

 Qxx =**********     QYY = 660.69128     QZZ = 663.88769
 Qxy = 468.04416     QXZ = 544.77963     QYZ = 637.68583
