
 -----------------------------------------------
      Restrained ESP Fit 2.3  Amber 4.1
 -----------------------------------------------
 Resp charges for organic molecule                                               
 -----------------------------------------------


 inopt       =     0   ioutopt     =     1
 nmol        =     1   iqopt       =     2
 ihfree      =     1   irstrnt     =     1
 iunits      =     0   qwt         =   0.00100000
 wtmol(1) =     1.000000
 subtitle:

Resp charges for organic molecule                                               
ich =  -1  iuniq =  58
    1    6  -99
    2    6  -99
    3    6  -99
    4    6  -99
    5    6  -99
    6    6  -99
    7    6  -99
    8    6  -99
    9    6  -99
   10    6  -99
   11    6  -99
   12    6  -99
   13    6  -99
   14    6  -99
   15    6  -99
   16    6  -99
   17    6    0
   18    6    0
   19    6    0
   20    6    0
   21    6    0
   22    6    0
   23    6    0
   24    7  -99
   25    7  -99
   26    7  -99
   27    7  -99
   28    8  -99
   29    8  -99
   30    8  -99
   31    8  -99
   32    8  -99
   33   16  -99
   34    1  -99
   35    1  -99
   36    1  -99
   37    1    0
   38    1   37
   39    1    0
   40    1   39
   41    1    0
   42    1   41
   43    1    0
   44    1   43
   45    1    0
   46    1   45
   47    1    0
   48    1   47
   49    1   47
   50    1  -99
   51    1  -99
   52    1  -99
   53    1  -99
   54    1  -99
   55    1  -99
   56    1  -99
   57    1    0
   58    1   57
 new q0 values to be read  58

  ----------------------------------------------------------------------------
     ATOM                       COORDINATES                         CHARGE
                       X             Y                Z
  ----------------------------------------------------------------------------
  ----------------------------------------------------------------------------


 Charge on the molecule(ich) =   -1
 Total number of atoms (iuniq)     =   58
 Weight factor on initial charge restraints(qwt)=     0.10000D-02


  there are  1 charge constraints:


     1       1
     2       1
     3       1
     4       1
     5       1
     6       1
     7       1
     8       1
     9       1
    10       1
    11       1
    12       1
    13       1
    14       1
    15       1
    16       1
    17       1
    18       1
    19       1
    20       1
    21       1
    22       1
    23       1
    24       1
    25       1
    26       1
    27       1
    28       1
    29       1
    30       1
    31       1
    32       1
    33       1
    34       1
    35       1
    36       1
    37       1
    38       1
    39       1
    40       1
    41       1
    42       1
    43       1
    44       1
    45       1
    46       1
    47       1
    48       1
    49       1
    50       1
    51       1
    52       1
    53       1
    54       1
    55       1
    56       1
    57       1
    58       1

 Reading esp"s for molecule   1
 total number of atoms      =    58
 total number of esp points = 15540


 center     X       Y       Z 
    1  -0.1085141E+02   0.1003433E+01  -0.3339505E+00
    2  -0.1135539E+02  -0.1809397E+01   0.3168039E+01
    3  -0.1346902E+02   0.1095693E+01  -0.5848891E+00
    4  -0.1394346E+02  -0.1689353E+01   0.2884075E+01
    5   0.1462790E+02   0.3501946E+00   0.3642263E+01
    6   0.1252469E+02   0.1828578E+01   0.3285774E+01
    7   0.1184805E+02   0.1095040E+00  -0.8907545E+00
    8  -0.1507626E+02  -0.2365238E+00   0.9936519E+00
    9   0.1538056E+02  -0.1283891E+01   0.1725960E+01
   10  -0.9788505E+01  -0.4606434E+00   0.1549080E+01
   11   0.1112304E+02   0.1725743E+01   0.1033606E+01
   12   0.1397912E+02  -0.1370601E+01  -0.4921168E+00
   13   0.1767713E+02  -0.4155052E+01  -0.1957189E+00
   14   0.7283461E+01   0.3585492E+01  -0.1009548E+01
   15  -0.2185860E+02  -0.2291278E+01  -0.1360559E+01
   16   0.6640308E-01   0.2704871E+01  -0.5391785E+00
   17   0.1973270E+02  -0.6046437E+01  -0.6577154E+00
   18  -0.5549989E+01   0.3663442E+00   0.2593006E+00
   19  -0.1791867E+02  -0.1709465E+00   0.6599169E+00
   20   0.5289670E+01   0.5586633E+01  -0.4954313E+00
   21  -0.2925239E+01  -0.4341797E+00   0.1119005E+01
   22   0.3153042E+01   0.5543840E+01  -0.2434041E+01
   23  -0.1894360E+02  -0.2346860E+01  -0.9528849E+00
   24   0.1745704E+02  -0.2884393E+01   0.1821660E+01
   25   0.9011946E+01   0.3337334E+01   0.8806860E+00
   26  -0.9520270E+00   0.3430042E+00  -0.6167744E+00
   27   0.1725624E+01   0.3215064E+01  -0.2458384E+01
   28   0.7323654E+01   0.2370383E+01  -0.2927412E+01
   29  -0.2269090E+02  -0.4116600E+01  -0.2543998E+01
   30  -0.4324033E+00   0.4228226E+01   0.1081092E+01
   31  -0.2298177E+02  -0.4486172E+00  -0.4766040E+00
   32  -0.7255087E+01  -0.6915849E+00   0.1966662E+01
   33   0.1536234E+02  -0.3573901E+01  -0.2523058E+01
   34   0.2584338E+01   0.1758844E+01  -0.3285136E+01
   35  -0.8225845E+00  -0.5997404E+00  -0.2238985E+01
   36   0.8729744E+01   0.4417728E+01   0.2392858E+01
   37   0.1867835E+01   0.7075994E+01  -0.2030507E+01
   38   0.3910939E+01   0.5821934E+01  -0.4310707E+01
   39  -0.2866119E+01  -0.2472723E+01   0.1288946E+01
   40  -0.2526622E+01   0.3642352E+00   0.2951807E+01
   41   0.4510594E+01   0.5340041E+01   0.1383860E+01
   42   0.6217047E+01   0.7422679E+01  -0.5281123E+00
   43  -0.1883363E+02  -0.2169519E+00   0.2493427E+01
   44  -0.1848083E+02   0.1601486E+01  -0.1962235E+00
   45  -0.5685415E+01   0.2412203E+01   0.2399801E+00
   46  -0.5912136E+01  -0.3215558E+00  -0.1644207E+01
   47   0.1894870E+02  -0.7911196E+01  -0.9912936E+00
   48   0.2084849E+02  -0.5529036E+01  -0.2298103E+01
   49   0.2094562E+02  -0.6113386E+01   0.9848874E+00
   50   0.1079530E+02   0.1097742E-01  -0.2610295E+01
   51   0.1193262E+02   0.3091851E+01   0.4765855E+01
   52   0.1568790E+02   0.4381821E+00   0.5370881E+01
   53  -0.1512549E+02  -0.2751299E+01   0.4154546E+01
   54  -0.1426313E+02   0.2246215E+01  -0.2062946E+01
   55  -0.1050846E+02  -0.2937416E+01   0.4630662E+01
   56  -0.9696590E+01   0.2083686E+01  -0.1605902E+01
   57  -0.1804565E+02  -0.2334526E+01  -0.2804777E+01
   58  -0.1844972E+02  -0.4158334E+01  -0.1131398E+00
 Initial ssvpot =   109.266


 Number of unique UNfrozen centers=   14

 Non-linear optimization requested.
 qchnge =    0.5348853372E-01
 qchnge =    0.2111609930E-03
 qchnge =    0.6109335057E-05
 qchnge =    0.2838435012E-06

 Convergence in    3 iterations


Resp charges for organic molecule                                               

          Point Charges Before & After Optimization

    no.  At.no.    q(init)       q(opt)     ivary    d(rstr)/dq
    1   6      -0.401009      -0.401009    -99       0.002420
    2   6      -0.401009      -0.401009    -99       0.002420
    3   6      -0.092568      -0.092568    -99       0.007339
    4   6      -0.092568      -0.092568    -99       0.007339
    5   6      -0.269034      -0.269034    -99       0.003484
    6   6      -0.281274      -0.281274    -99       0.003350
    7   6      -0.277465      -0.277465    -99       0.003391
    8   6      -0.101233      -0.101233    -99       0.007028
    9   6       0.462484       0.462484    -99       0.002113
   10   6       0.542544       0.542544    -99       0.001813
   11   6       0.264731       0.264731    -99       0.003534
   12   6      -0.099721      -0.099721    -99       0.007081
   13   6       0.438361       0.438361    -99       0.002224
   14   6       0.785784       0.785784    -99       0.001262
   15   6       0.836370       0.836370    -99       0.001187
   16   6       1.047769       1.047769    -99       0.000950
   17   6      -0.224149      -0.219153      0       0.004151
   18   6       0.241010       0.236297      0       0.003897
   19   6       0.097515       0.099952      0       0.007073
   20   6      -0.196593      -0.248810      0       0.003729
   21   6       0.287453       0.275601      0       0.003411
   22   6       0.127274       0.197853      0       0.004511
   23   6      -0.035039      -0.035331      0       0.009429
   24   7      -0.628403      -0.628403    -99       0.001572
   25   7      -0.622303      -0.622303    -99       0.001587
   26   7      -0.914970      -0.914970    -99       0.001086
   27   7      -0.853831      -0.853831    -99       0.001163
   28   8      -0.629990      -0.629990    -99       0.001568
   29   8      -0.831189      -0.831189    -99       0.001194
   30   8      -0.629765      -0.629765    -99       0.001568
   31   8      -0.831189      -0.831189    -99       0.001194
   32   8      -0.519816      -0.519816    -99       0.001889
   33  16      -0.147372      -0.147372    -99       0.005615
   34   1       0.404791       0.404791    -99       0.000000
   35   1       0.401165       0.401165    -99       0.000000
   36   1       0.331480       0.331480    -99       0.000000
   37   1       0.075099       0.046550      0       0.000000
   38   1       0.066224       0.046550     37       0.000000
   39   1       0.025645       0.032410      0       0.000000
   40   1       0.025544       0.032410     39       0.000000
   41   1       0.083386       0.077862      0       0.000000
   42   1       0.042809       0.077862     41       0.000000
   43   1       0.002380      -0.003522      0       0.000000
   44   1      -0.009008      -0.003522     43       0.000000
   45   1       0.004060      -0.000456      0       0.000000
   46   1      -0.008241      -0.000456     45       0.000000
   47   1       0.088918       0.084929      0       0.000000
   48   1       0.083601       0.084929     47       0.000000
   49   1       0.087265       0.084929     47       0.000000
   50   1       0.297368       0.297368    -99       0.000000
   51   1       0.183189       0.183189    -99       0.000000
   52   1       0.188085       0.188085    -99       0.000000
   53   1       0.146339       0.146339    -99       0.000000
   54   1       0.146339       0.146339    -99       0.000000
   55   1       0.167675       0.167675    -99       0.000000
   56   1       0.167675       0.167675    -99       0.000000
   57   1      -0.028183      -0.027163      0       0.000000
   58   1      -0.024413      -0.027163     57       0.000000

 Sum over the calculated charges:     -1.000

        Statistics of the fitting:
  The initial sum of squares (ssvpot)                    109.266
  The residual sum of squares (chipot)                     0.053
  The std err of estimate (sqrt(chipot/N))               0.00185
  ESP relative RMS (SQRT(chipot/ssvpot))                 0.02209

 Center of Mass (Angst.):

 X  =   0.00000      Y  =   0.00000      Z  =   0.00000

 Dipole (Debye):

 X  =  55.95033      Y  =   5.33585      Z  =   2.01394

 Dipole Moment (Debye)=  56.24026

 Quadrupole (Debye*Angst.):

 Qxx =**********     QYY = 660.98843     QZZ = 663.72372
 Qxy = 469.00096     QXZ = 545.30493     QYZ = 637.37153
