
 -----------------------------------------------
      Restrained ESP Fit 2.3  Amber 4.1
 -----------------------------------------------
 Resp charges for organic molecule                                               
 -----------------------------------------------


 inopt       =     0   ioutopt     =     1
 nmol        =     1   iqopt       =     2
 ihfree      =     1   irstrnt     =     1
 iunits      =     0   qwt         =   0.00100000
 wtmol(1) =     1.000000
 subtitle:

Resp charges for organic molecule                                               
ich =  -2  iuniq =  59
    1    6  -99
    2    6  -99
    3    6  -99
    4    6  -99
    5    6  -99
    6    6  -99
    7    6  -99
    8    6  -99
    9    6  -99
   10    6  -99
   11    6  -99
   12    6  -99
   13    6  -99
   14    6  -99
   15    6  -99
   16    6  -99
   17    6  -99
   18    6    0
   19    6    0
   20    6    0
   21    6    0
   22    6    0
   23    6    0
   24    6  -99
   25    7  -99
   26    7  -99
   27    7  -99
   28    7  -99
   29    8  -99
   30    8  -99
   31    8  -99
   32    8  -99
   33    8  -99
   34    8  -99
   35   16  -99
   36    1  -99
   37    1  -99
   38    1  -99
   39    1  -99
   40    1    0
   41    1   40
   42    1    0
   43    1   42
   44    1    0
   45    1   44
   46    1    0
   47    1   46
   48    1    0
   49    1   48
   50    1    0
   51    1   50
   52    1   50
   53    1  -99
   54    1  -99
   55    1  -99
   56    1  -99
   57    1  -99
   58    1  -99
   59    1  -99
 new q0 values to be read  59

  ----------------------------------------------------------------------------
     ATOM                       COORDINATES                         CHARGE
                       X             Y                Z
  ----------------------------------------------------------------------------
  ----------------------------------------------------------------------------


 Charge on the molecule(ich) =   -2
 Total number of atoms (iuniq)     =   59
 Weight factor on initial charge restraints(qwt)=     0.10000D-02


  there are  1 charge constraints:


     1       1
     2       1
     3       1
     4       1
     5       1
     6       1
     7       1
     8       1
     9       1
    10       1
    11       1
    12       1
    13       1
    14       1
    15       1
    16       1
    17       1
    18       1
    19       1
    20       1
    21       1
    22       1
    23       1
    24       1
    25       1
    26       1
    27       1
    28       1
    29       1
    30       1
    31       1
    32       1
    33       1
    34       1
    35       1
    36       1
    37       1
    38       1
    39       1
    40       1
    41       1
    42       1
    43       1
    44       1
    45       1
    46       1
    47       1
    48       1
    49       1
    50       1
    51       1
    52       1
    53       1
    54       1
    55       1
    56       1
    57       1
    58       1
    59       1

 Reading esp"s for molecule   1
 total number of atoms      =    59
 total number of esp points = 15588


 center     X       Y       Z 
    1  -0.6629215E+01   0.3158431E+00  -0.2062177E+01
    2  -0.7379029E+01   0.3634740E+01   0.8748146E+00
    3  -0.8697167E+01  -0.9947707E+00  -0.1154554E+01
    4  -0.9455013E+01   0.2319110E+01   0.1794546E+01
    5   0.7281479E+01  -0.3898093E+01   0.1803318E+01
    6   0.6918459E+01  -0.1334719E+01   0.1980321E+01
    7   0.1111133E+02  -0.4901080E+00   0.3687763E+00
    8  -0.5927082E+01   0.2652312E+01  -0.1069396E+01
    9  -0.1016995E+02  -0.1425987E-01   0.8138559E+00
   10   0.9579981E+01  -0.4805314E+01   0.9014579E+00
   11   0.8816265E+01   0.3848616E+00   0.1272207E+01
   12   0.1143744E+02  -0.3088735E+01   0.2016829E+00
   13   0.1242388E+02  -0.7603118E+01  -0.2505890E+00
   14   0.9516507E+01   0.4990772E+01   0.6579686E+00
   15  -0.1714860E+02  -0.1926449E+01   0.1738877E+01
   16  -0.1446412E+02  -0.3567481E+01  -0.2063643E+01
   17   0.2915613E+01   0.5615343E+01  -0.5014709E+00
   18   0.1363102E+02  -0.1011279E+02  -0.7634814E+00
   19  -0.3644743E+01   0.4053407E+01  -0.2068267E+01
   20  -0.1244943E+02  -0.1412608E+01   0.1841413E+01
   21   0.8252959E+01   0.7500358E+01   0.1239078E+01
   22  -0.1209037E+01   0.3383159E+01  -0.6614287E+00
   23   0.6611805E+01   0.8458149E+01  -0.9473026E+00
   24  -0.1475567E+02  -0.1533148E+01   0.4981129E-01
   25   0.1021219E+02  -0.7338702E+01   0.6196166E+00
   26   0.8252900E+01   0.2958640E+01   0.1581931E+01
   27   0.9461971E+00   0.4683008E+01  -0.1801597E+01
   28   0.4815466E+01   0.6637538E+01  -0.1953616E+01
   29   0.1146864E+02   0.4891881E+01  -0.5027729E+00
   30  -0.1716218E+02  -0.3876792E+01   0.3032683E+01
   31  -0.1264343E+02  -0.5057205E+01  -0.1903559E+01
   32   0.3082931E+01   0.5544526E+01   0.1787250E+01
   33  -0.1871944E+02  -0.1929486E+00   0.1735626E+01
   34  -0.1604548E+02  -0.3467179E+01  -0.3772044E+01
   35   0.1407848E+02  -0.4770256E+01  -0.8568755E+00
   36   0.4423856E+01   0.6879383E+01  -0.3776655E+01
   37   0.1025532E+01   0.4684500E+01  -0.3679618E+01
   38   0.6540417E+01   0.3338755E+01   0.2282901E+01
   39  -0.1498995E+02   0.2738175E+00  -0.8927160E+00
   40   0.5662239E+01   0.1016989E+02  -0.3247060E+00
   41   0.7836083E+01   0.8958357E+01  -0.2508124E+01
   42  -0.9099484E+00   0.1355139E+01  -0.6985693E+00
   43  -0.1320801E+01   0.3962175E+01   0.1289513E+01
   44   0.7134995E+01   0.7381141E+01   0.2938318E+01
   45   0.9754301E+01   0.8861936E+01   0.1533186E+01
   46  -0.1193421E+02  -0.3336285E+01   0.2291746E+01
   47  -0.1300167E+02  -0.4881521E+00   0.3592105E+01
   48  -0.3928251E+01   0.6083939E+01  -0.1935414E+01
   49  -0.3395938E+01   0.3621985E+01  -0.4066515E+01
   50   0.1412339E+02  -0.1029792E+02  -0.2745623E+01
   51   0.1534688E+02  -0.1034164E+02   0.3365243E+00
   52   0.1231067E+02  -0.1158921E+02  -0.2619897E+00
   53   0.1255839E+02   0.8015273E+00  -0.1917184E+00
   54   0.5142661E+01  -0.6172884E+00   0.2661488E+01
   55   0.5818209E+01  -0.5198504E+01   0.2339005E+01
   56  -0.1056044E+02   0.3137240E+01   0.3294664E+01
   57  -0.9277891E+01  -0.2766479E+01  -0.1960897E+01
   58  -0.6906304E+01   0.5451336E+01   0.1675760E+01
   59  -0.5549638E+01  -0.4819633E+00  -0.3599382E+01
 Initial ssvpot =   418.264


 Number of unique UNfrozen centers=   12

 Non-linear optimization requested.
 qchnge =    0.5504742657E-01
 qchnge =    0.1766742110E-03
 qchnge =    0.6130116941E-05
 qchnge =    0.2972324345E-06

 Convergence in    3 iterations


Resp charges for organic molecule                                               

          Point Charges Before & After Optimization

    no.  At.no.    q(init)       q(opt)     ivary    d(rstr)/dq
    1   6      -0.299901      -0.299901    -99       0.003163
    2   6      -0.299901      -0.299901    -99       0.003163
    3   6      -0.142085      -0.142085    -99       0.005755
    4   6      -0.142085      -0.142085    -99       0.005755
    5   6      -0.309230      -0.309230    -99       0.003077
    6   6      -0.196728      -0.196728    -99       0.004531
    7   6      -0.263101      -0.263101    -99       0.003553
    8   6       0.074696       0.074696    -99       0.008012
    9   6       0.088753       0.088753    -99       0.007479
   10   6       0.464438       0.464438    -99       0.002105
   11   6       0.237684       0.237684    -99       0.003878
   12   6      -0.112661      -0.112661    -99       0.006638
   13   6       0.451335       0.451335    -99       0.002163
   14   6       0.769408       0.769408    -99       0.001289
   15   6       0.855978       0.855978    -99       0.001160
   16   6       0.855978       0.855978    -99       0.001160
   17   6       0.986821       0.986821    -99       0.001008
   18   6      -0.243184      -0.225734      0       0.004050
   19   6      -0.061298      -0.062020      0       0.008498
   20   6      -0.011678      -0.008812      0       0.009961
   21   6      -0.205741      -0.133738      0       0.005988
   22   6       0.274117       0.307673      0       0.003091
   23   6       0.204843       0.183152      0       0.004792
   24   6       0.035695       0.035695    -99       0.009418
   25   7      -0.621609      -0.621609    -99       0.001588
   26   7      -0.624629      -0.624629    -99       0.001581
   27   7      -0.780043      -0.780043    -99       0.001272
   28   7      -0.766802      -0.766802    -99       0.001293
   29   8      -0.654836      -0.654836    -99       0.001510
   30   8      -0.854768      -0.854768    -99       0.001162
   31   8      -0.854768      -0.854768    -99       0.001162
   32   8      -0.628480      -0.628480    -99       0.001571
   33   8      -0.854768      -0.854768    -99       0.001162
   34   8      -0.854768      -0.854768    -99       0.001162
   35  16      -0.180705      -0.180705    -99       0.004842
   36   1       0.355302       0.355302    -99       0.000000
   37   1       0.335417       0.335417    -99       0.000000
   38   1       0.338522       0.338522    -99       0.000000
   39   1      -0.085716      -0.085716    -99       0.000000
   40   1       0.014034       0.029667      0       0.000000
   41   1       0.044481       0.029667     40       0.000000
   42   1       0.012575      -0.003919      0       0.000000
   43   1      -0.002972      -0.003919     42       0.000000
   44   1       0.073573       0.032348      0       0.000000
   45   1       0.048157       0.032348     44       0.000000
   46   1       0.047534      -0.021594      0       0.000000
   47   1      -0.086847      -0.021594     46       0.000000
   48   1       0.007842       0.023044      0       0.000000
   49   1       0.049411       0.023044     48       0.000000
   50   1       0.089498       0.081445      0       0.000000
   51   1       0.077910       0.081445     50       0.000000
   52   1       0.091695       0.081445     50       0.000000
   53   1       0.294997       0.294997    -99       0.000000
   54   1       0.167274       0.167274    -99       0.000000
   55   1       0.205118       0.205118    -99       0.000000
   56   1       0.154889       0.154889    -99       0.000000
   57   1       0.154889       0.154889    -99       0.000000
   58   1       0.138220       0.138220    -99       0.000000
   59   1       0.138220       0.138220    -99       0.000000

 Sum over the calculated charges:     -2.000

        Statistics of the fitting:
  The initial sum of squares (ssvpot)                    418.264
  The residual sum of squares (chipot)                     0.136
  The std err of estimate (sqrt(chipot/N))               0.00295
  ESP relative RMS (SQRT(chipot/ssvpot))                 0.01803

 Center of Mass (Angst.):

 X  =   0.00000      Y  =   0.00000      Z  =   0.00000

 Dipole (Debye):

 X  =  70.51726      Y  =  15.37447      Z  =  -1.01790

 Dipole Moment (Debye)=  72.18098

 Quadrupole (Debye*Angst.):

 Qxx =**********     QYY = 668.80725     QZZ = 694.16641
 Qxy = 369.70862     QXZ = 732.94242     QYZ = 710.55821
