            --------------------------------------------------------
                             AMBER SQM VERSION 14
 
                                     By
              Ross C. Walker, Michael F. Crowley, Scott Brozell,
                         Tim Giese, Andreas W. Goetz,
                        Tai-Sung Lee and David A. Case
 
            --------------------------------------------------------
 

--------------------------------------------------------------------------------
  QM CALCULATION INFO
--------------------------------------------------------------------------------

| QMMM: Citation for AMBER QMMM Run:
| QMMM: R.C. Walker, M.F. Crowley and D.A. Case, J. COMP. CHEM. 29:1019, 2008

QMMM: SINGLET STATE CALCULATION
QMMM: RHF CALCULATION, NO. OF DOUBLY OCCUPIED LEVELS = 49

| QMMM: *** Selected Hamiltonian *** 
| QMMM: AM1         

| QMMM: *** Parameter sets in use ***
| QMMM: C : M.J.S.DEWAR et al. JACS, 107, 3902, (1985)
| QMMM: O : M.J.S.DEWAR et al. JACS, 107, 3902, (1985)
| QMMM: H : M.J.S.DEWAR et al. JACS, 107, 3902, (1985)

| QMMM: *** SCF convergence criteria ***
| QMMM: Energy change                :  0.1D-09 kcal/mol
| QMMM: Error matrix |FP-PF|         :  0.1D+00 au
| QMMM: Density matrix change        :  0.5D-06
| QMMM: Maximum number of SCF cycles :     1000

| QMMM: *** Diagonalization Routine Information ***
| QMMM: Pseudo diagonalizations are allowed.
| QMMM: Auto diagonalization routine selection is in use.
| QMMM:
| QMMM: Timing diagonalization routines:
| QMMM:                              norbs =       84
| QMMM:    diag iterations used for timing =       15
| QMMM:
| QMMM:              Internal diag routine = 0.036091 seconds
| QMMM:                 Dspev diag routine = 0.023513 seconds
| QMMM:                Dspevd diag routine = 0.016087 seconds
| QMMM:                Dspevx diag routine = 0.068475 seconds
| QMMM:                 Dsyev diag routine = 0.025113 seconds
| QMMM:                Dsyevd diag routine = 0.018610 seconds
| QMMM:                Dsyevr diag routine = 0.019259 seconds
| QMMM:
| QMMM:                Pseudo diag routine = 0.007038 seconds
| QMMM:
| QMMM: Using dspevd routine (diag_routine=3).

  QMMM: QM Region Cartesian Coordinates (*=link atom) 
  QMMM: QM_NO.   MM_NO.  ATOM         X         Y         Z
  QMMM:     1        1      C        1.4380    1.4920    9.2700
  QMMM:     2        2      O        2.1620    0.3190    9.6210
  QMMM:     3        3      C        2.9010   -0.2910    8.6430
  QMMM:     4        4      C        2.3880   -0.7650    7.4450
  QMMM:     5        5      C        3.2300   -1.3910    6.5140
  QMMM:     6        6      C        4.5880   -1.5310    6.7780
  QMMM:     7        7      C        5.0870   -1.0700    7.9890
  QMMM:     8        8      C        4.2730   -0.4460    8.9120
  QMMM:     9        9      O        4.7070    0.0450   10.1050
  QMMM:    10       10      C        6.1190    0.3530   10.2320
  QMMM:    11       11      C        5.5070   -2.2320    5.8340
  QMMM:    12       12      C        5.8780   -3.6500    6.2990
  QMMM:    13       13      C        4.6670   -4.5500    6.2800
  QMMM:    14       14      O        3.8310   -4.4610    5.4280
  QMMM:    15       15      O        4.6270   -5.4420    7.2520
  QMMM:    16       16      C        6.9540   -4.2510    5.4360
  QMMM:    17       17      O        6.7070   -5.1790    4.6780
  QMMM:    18       18      O        8.1530   -3.6590    5.5540
  QMMM:    19       19      H        6.2530   -3.5860    7.3310
  QMMM:    20       20      H        6.4310   -1.6420    5.7390
  QMMM:    21       21      H        5.0150   -2.3030    4.8530
  QMMM:    22       22      H        6.7100   -0.5590   10.0620
  QMMM:    23       23      H        6.3970    1.1140    9.4880
  QMMM:    24       24      H        6.3210    0.7380   11.2430
  QMMM:    25       25      H        6.1390   -1.2030    8.2140
  QMMM:    26       26      H        2.8210   -1.7670    5.5830
  QMMM:    27       27      H        1.3330   -0.6500    7.2270
  QMMM:    28       28      H        2.1370    2.2630    8.9150
  QMMM:    29       29      H        0.7190    1.2540    8.4720
  QMMM:    30       30      H        0.8960    1.8660   10.1510

--------------------------------------------------------------------------------
  RESULTS
--------------------------------------------------------------------------------

      iter         sqm energy              rms gradient
      ----    -------------------    -----------------------
xmin    10     -205.4183 kcal/mol        5.1965 kcal/(mol*A)
xmin    20     -207.2294 kcal/mol        0.3532 kcal/(mol*A)
xmin    30     -207.7264 kcal/mol        0.6238 kcal/(mol*A)
xmin    40     -208.0716 kcal/mol        0.6188 kcal/(mol*A)
xmin    50     -208.2292 kcal/mol        0.8081 kcal/(mol*A)
xmin    60     -208.6078 kcal/mol        1.0835 kcal/(mol*A)
xmin    70     -208.8445 kcal/mol        1.1299 kcal/(mol*A)
xmin    80     -208.9243 kcal/mol        0.2892 kcal/(mol*A)
xmin    90     -208.9716 kcal/mol        0.1900 kcal/(mol*A)
xmin   100     -208.9805 kcal/mol        0.0466 kcal/(mol*A)
xmin   110     -208.9838 kcal/mol        0.0551 kcal/(mol*A)
xmin   120     -208.9871 kcal/mol        0.0098 kcal/(mol*A)
xmin   130     -208.9873 kcal/mol        0.0080 kcal/(mol*A)
xmin   140     -208.9873 kcal/mol        0.0018 kcal/(mol*A)
  ... geometry converged !
 
 Final MO eigenvalues (eV):
 -35.8090  -33.9115  -32.7835  -30.3302  -28.7955  -27.2600  -25.7263  -25.4182
 -25.2825  -23.9845  -23.4671  -22.0615  -18.6961  -17.9035  -16.1280  -13.9769
 -13.0981  -12.7443  -12.3086  -12.0889  -11.5155  -10.8679  -10.7163   -9.9896
  -9.7534   -9.6781   -8.5811   -8.4733   -8.1834   -8.1085   -7.6358   -7.3160
  -7.2062   -6.9099   -6.6051   -6.4826   -6.0705   -5.4609   -5.4126   -5.2757
  -4.5270   -4.2097   -3.5024   -1.7042   -1.6210   -1.4644   -1.4075   -1.3592
  -0.7808    5.5585    5.7197    7.1575    7.5175    8.0899    8.1609    8.2979
   8.3469    8.3797    8.4349    8.5637    9.0463    9.3030    9.5808    9.7778
   9.9598   10.1672   10.5048   10.8180   10.9323   10.9795   11.0513   11.2238
  11.3474   11.5519   11.7188   11.7403   12.3226   12.6614   12.7269   12.8884
  15.9355   16.0539   16.6712   16.8372

 Heat of formation   =       -208.98728795 kcal/mol  (       -9.06236885 eV)

 Total SCF energy    =     -83567.02381405 kcal/mol  (    -3623.73807788 eV)
 Electronic energy   =    -470704.47228420 kcal/mol  (   -20411.27758051 eV)
 Core-core repulsion =     387137.44847016 kcal/mol  (    16787.53950263 eV)
 
    Atomic Charges for Step       1 :
  Atom    Element       Mulliken Charge
     1      C                 -0.067
     2      O                 -0.225
     3      C                 -0.032
     4      C                 -0.132
     5      C                 -0.135
     6      C                  0.020
     7      C                 -0.205
     8      C                  0.021
     9      O                 -0.238
    10      C                 -0.067
    11      C                 -0.119
    12      C                 -0.197
    13      C                  0.344
    14      O                 -0.642
    15      O                 -0.591
    16      C                  0.350
    17      O                 -0.609
    18      O                 -0.617
    19      H                  0.074
    20      H                  0.068
    21      H                  0.129
    22      H                  0.086
    23      H                  0.059
    24      H                  0.065
    25      H                  0.133
    26      H                  0.220
    27      H                  0.122
    28      H                  0.074
    29      H                  0.049
    30      H                  0.062
 Total Mulliken Charge =      -2.000
 
                  X        Y        Z     TOTAL  
  QM DIPOLE   -52.972   41.625  -56.497   87.924
 
 Final Structure

  QMMM: QM Region Cartesian Coordinates (*=link atom) 
  QMMM: QM_NO.   MM_NO.  ATOM         X         Y         Z
  QMMM:     1        1      C        1.7490    1.6063    9.3843
  QMMM:     2        2      O        1.9914    0.2278    9.6381
  QMMM:     3        3      C        2.8619   -0.3519    8.7169
  QMMM:     4        4      C        2.3530   -1.3098    7.8255
  QMMM:     5        5      C        3.2053   -1.9740    6.9557
  QMMM:     6        6      C        4.5832   -1.6849    6.9376
  QMMM:     7        7      C        5.0920   -0.7314    7.8257
  QMMM:     8        8      C        4.2378   -0.0674    8.7150
  QMMM:     9        9      O        4.6771    0.9306    9.5826
  QMMM:    10       10      C        6.0277    0.7929   10.0040
  QMMM:    11       11      C        5.4730   -2.3626    5.9565
  QMMM:    12       12      C        5.6702   -3.8524    6.2215
  QMMM:    13       13      C        4.5080   -4.6837    5.6535
  QMMM:    14       14      O        3.6635   -4.1393    4.8658
  QMMM:    15       15      O        4.3460   -5.8764    6.0478
  QMMM:    16       16      C        7.0693   -4.2333    5.6889
  QMMM:    17       17      O        7.4218   -3.8955    4.5184
  QMMM:    18       18      O        7.8787   -4.7957    6.4901
  QMMM:    19       19      H        5.6837   -4.0423    7.3288
  QMMM:    20       20      H        6.4733   -1.8530    5.9441
  QMMM:    21       21      H        5.0229   -2.2685    4.9279
  QMMM:    22       22      H        6.2690   -0.2652   10.2668
  QMMM:    23       23      H        6.7162    1.1554    9.2011
  QMMM:    24       24      H        6.1022    1.4524   10.9049
  QMMM:    25       25      H        6.1698   -0.5164    7.8273
  QMMM:    26       26      H        2.8428   -2.7610    6.2561
  QMMM:    27       27      H        1.2782   -1.5354    7.8433
  QMMM:    28       28      H        2.7042    2.1857    9.4160
  QMMM:    29       29      H        1.2515    1.7415    8.3930
  QMMM:    30       30      H        1.0662    1.9237   10.2110

           --------- Calculation Completed ----------

