
 -----------------------------------------------
      Restrained ESP Fit 2.3  Amber 4.1
 -----------------------------------------------
 Resp charges for organic molecule                                               
 -----------------------------------------------


 inopt       =     0   ioutopt     =     1
 nmol        =     1   iqopt       =     0
 ihfree      =     1   irstrnt     =     1
 iunits      =     0   qwt         =   0.00050000
 wtmol(1) =     1.000000
 subtitle:

Resp charges for organic molecule                                               
ich =  -2  iuniq =  30
    1    6    0
    2    8    0
    3    6    0
    4    6    0
    5    6    0
    6    6    0
    7    6    0
    8    6    0
    9    8    0
   10    6    0
   11    6    0
   12    6    0
   13    6    0
   14    8    0
   15    8   14
   16    6   13
   17    8   14
   18    8   14
   19    1    0
   20    1    0
   21    1    0
   22    1    0
   23    1    0
   24    1    0
   25    1    0
   26    1    0
   27    1    0
   28    1    0
   29    1    0
   30    1    0

  ----------------------------------------------------------------------------
     ATOM                       COORDINATES                         CHARGE
                       X             Y                Z
  ----------------------------------------------------------------------------
  ----------------------------------------------------------------------------


 Charge on the molecule(ich) =   -2
 Total number of atoms (iuniq)     =   30
 Weight factor on initial charge restraints(qwt)=     0.50000D-03


  there are  1 charge constraints:


     1       1
     2       1
     3       1
     4       1
     5       1
     6       1
     7       1
     8       1
     9       1
    10       1
    11       1
    12       1
    13       1
    14       1
    15       1
    16       1
    17       1
    18       1
    19       1
    20       1
    21       1
    22       1
    23       1
    24       1
    25       1
    26       1
    27       1
    28       1
    29       1
    30       1

 Reading esp"s for molecule   1
 total number of atoms      =    30
 total number of esp points =  8644


 center     X       Y       Z 
    1  -0.9206615E+01  -0.2070599E+01  -0.9117947E+00
    2  -0.7499013E+01  -0.2046895E+01   0.1095684E+01
    3  -0.5064022E+01  -0.1397700E+01   0.4382558E+00
    4  -0.3251810E+01  -0.3257430E+01   0.1287338E+00
    5  -0.7823125E+00  -0.2669735E+01  -0.4995963E+00
    6  -0.6809628E-01  -0.1566262E+00  -0.8574764E+00
    7  -0.1906941E+01   0.1702704E+01  -0.5247807E+00
    8  -0.4378395E+01   0.1113152E+01   0.1256743E+00
    9  -0.6245762E+01   0.2873878E+01   0.4517995E+00
   10  -0.5564716E+01   0.5407665E+01   0.6334456E+00
   11   0.2596945E+01   0.5848229E+00  -0.1612352E+01
   12   0.4639009E+01   0.2498728E+00   0.4507015E+00
   13   0.5562363E+01  -0.2537739E+01   0.7076022E+00
   14   0.4800932E+01  -0.4092536E+01  -0.8920263E+00
   15   0.6925224E+01  -0.2972044E+01   0.2547783E+01
   16   0.6805070E+01   0.2162143E+01  -0.1626601E+00
   17   0.7879709E+01   0.1849802E+01  -0.2218699E+01
   18   0.7134152E+01   0.3891564E+01   0.1379816E+01
   19   0.3871279E+01   0.7922752E+00   0.2274283E+01
   20   0.2544994E+01   0.2555299E+01  -0.2195280E+01
   21   0.3182726E+01  -0.5209257E+00  -0.3225377E+01
   22  -0.4144294E+01   0.5709694E+01   0.2080730E+01
   23  -0.4853994E+01   0.6142853E+01  -0.1146518E+01
   24  -0.7265802E+01   0.6430817E+01   0.1135447E+01
   25  -0.1360775E+01   0.3640293E+01  -0.7781929E+00
   26   0.6477641E+00  -0.4097701E+01  -0.6907024E+00
   27  -0.3813641E+01  -0.5192808E+01   0.4171476E+00
   28  -0.9400425E+01  -0.2140701E+00  -0.1757604E+01
   29  -0.8630144E+01  -0.3405420E+01  -0.2364843E+01
   30  -0.1102248E+02  -0.2653631E+01  -0.1584913E+00
 Initial ssvpot =   396.179


 Number of unique UNfrozen centers=   26

 Non-linear optimization requested.
 qchnge =    0.7697164414E-01
 qchnge =    0.2086647920E-02
 qchnge =    0.4040523479E-03
 qchnge =    0.9630050684E-04
 qchnge =    0.2373158975E-04
 qchnge =    0.5882252939E-05
 qchnge =    0.1459584130E-05
 qchnge =    0.3622524537E-06

 Convergence in    7 iterations


Resp charges for organic molecule                                               

          Point Charges Before & After Optimization

    no.  At.no.    q(init)       q(opt)     ivary    d(rstr)/dq
    1   6       0.000000      -0.021085      0       0.004892
    2   8       0.000000      -0.383879      0       0.001260
    3   6       0.000000       0.096311      0       0.003601
    4   6       0.000000      -0.179765      0       0.002431
    5   6       0.000000      -0.300838      0       0.001577
    6   6       0.000000       0.179333      0       0.002435
    7   6       0.000000      -0.433950      0       0.001123
    8   6       0.000000       0.312498      0       0.001524
    9   8       0.000000      -0.308169      0       0.001543
   10   6       0.000000      -0.046866      0       0.004527
   11   6       0.000000      -0.070287      0       0.004091
   12   6       0.000000       0.004438      0       0.004995
   13   6       0.000000       0.859058      0       0.000578
   14   8       0.000000      -0.857791      0       0.000579
   15   8       0.000000      -0.857791     14       0.000579
   16   6       0.000000       0.859058     13       0.000578
   17   8       0.000000      -0.857791     14       0.000579
   18   8       0.000000      -0.857791     14       0.000579
   19   1       0.000000      -0.064688      0       0.000000
   20   1       0.000000      -0.015245      0       0.000000
   21   1       0.000000       0.038354      0       0.000000
   22   1       0.000000       0.081774      0       0.000000
   23   1       0.000000       0.055989      0       0.000000
   24   1       0.000000       0.055587      0       0.000000
   25   1       0.000000       0.186570      0       0.000000
   26   1       0.000000       0.220452      0       0.000000
   27   1       0.000000       0.143873      0       0.000000
   28   1       0.000000       0.042128      0       0.000000
   29   1       0.000000       0.055021      0       0.000000
   30   1       0.000000       0.065492      0       0.000000

 Sum over the calculated charges:     -2.000

        Statistics of the fitting:
  The initial sum of squares (ssvpot)                    396.179
  The residual sum of squares (chipot)                     0.020
  The std err of estimate (sqrt(chipot/N))               0.00154
  ESP relative RMS (SQRT(chipot/ssvpot))                 0.00719

 Center of Mass (Angst.):

 X  =   0.00000      Y  =   0.00000      Z  =   0.00000

 Dipole (Debye):

 X  = -27.63287      Y  =   2.57833      Z  =  -2.35168

 Dipole Moment (Debye)=  27.85235

 Quadrupole (Debye*Angst.):

 Qxx =-227.80194     QYY =  95.09260     QZZ = 132.70934
 Qxy = 160.73981     QXZ = 182.43551     QYZ = 186.71145
