
 -----------------------------------------------
      Restrained ESP Fit 2.3  Amber 4.1
 -----------------------------------------------
 Resp charges for organic molecule                                               
 -----------------------------------------------


 inopt       =     0   ioutopt     =     1
 nmol        =     1   iqopt       =     2
 ihfree      =     1   irstrnt     =     1
 iunits      =     0   qwt         =   0.00100000
 wtmol(1) =     1.000000
 subtitle:

Resp charges for organic molecule                                               
ich =  -2  iuniq =  30
    1    6    0
    2    8  -99
    3    6  -99
    4    6  -99
    5    6  -99
    6    6  -99
    7    6  -99
    8    6  -99
    9    8  -99
   10    6    0
   11    6    0
   12    6  -99
   13    6  -99
   14    8  -99
   15    8  -99
   16    6  -99
   17    8  -99
   18    8  -99
   19    1  -99
   20    1    0
   21    1   20
   22    1    0
   23    1   22
   24    1   22
   25    1  -99
   26    1  -99
   27    1  -99
   28    1    0
   29    1   28
   30    1   28
 new q0 values to be read  30

  ----------------------------------------------------------------------------
     ATOM                       COORDINATES                         CHARGE
                       X             Y                Z
  ----------------------------------------------------------------------------
  ----------------------------------------------------------------------------


 Charge on the molecule(ich) =   -2
 Total number of atoms (iuniq)     =   30
 Weight factor on initial charge restraints(qwt)=     0.10000D-02


  there are  1 charge constraints:


     1       1
     2       1
     3       1
     4       1
     5       1
     6       1
     7       1
     8       1
     9       1
    10       1
    11       1
    12       1
    13       1
    14       1
    15       1
    16       1
    17       1
    18       1
    19       1
    20       1
    21       1
    22       1
    23       1
    24       1
    25       1
    26       1
    27       1
    28       1
    29       1
    30       1

 Reading esp"s for molecule   1
 total number of atoms      =    30
 total number of esp points =  8644


 center     X       Y       Z 
    1  -0.9206615E+01  -0.2070599E+01  -0.9117947E+00
    2  -0.7499013E+01  -0.2046895E+01   0.1095684E+01
    3  -0.5064022E+01  -0.1397700E+01   0.4382558E+00
    4  -0.3251810E+01  -0.3257430E+01   0.1287338E+00
    5  -0.7823125E+00  -0.2669735E+01  -0.4995963E+00
    6  -0.6809628E-01  -0.1566262E+00  -0.8574764E+00
    7  -0.1906941E+01   0.1702704E+01  -0.5247807E+00
    8  -0.4378395E+01   0.1113152E+01   0.1256743E+00
    9  -0.6245762E+01   0.2873878E+01   0.4517995E+00
   10  -0.5564716E+01   0.5407665E+01   0.6334456E+00
   11   0.2596945E+01   0.5848229E+00  -0.1612352E+01
   12   0.4639009E+01   0.2498728E+00   0.4507015E+00
   13   0.5562363E+01  -0.2537739E+01   0.7076022E+00
   14   0.4800932E+01  -0.4092536E+01  -0.8920263E+00
   15   0.6925224E+01  -0.2972044E+01   0.2547783E+01
   16   0.6805070E+01   0.2162143E+01  -0.1626601E+00
   17   0.7879709E+01   0.1849802E+01  -0.2218699E+01
   18   0.7134152E+01   0.3891564E+01   0.1379816E+01
   19   0.3871279E+01   0.7922752E+00   0.2274283E+01
   20   0.2544994E+01   0.2555299E+01  -0.2195280E+01
   21   0.3182726E+01  -0.5209257E+00  -0.3225377E+01
   22  -0.4144294E+01   0.5709694E+01   0.2080730E+01
   23  -0.4853994E+01   0.6142853E+01  -0.1146518E+01
   24  -0.7265802E+01   0.6430817E+01   0.1135447E+01
   25  -0.1360775E+01   0.3640293E+01  -0.7781929E+00
   26   0.6477641E+00  -0.4097701E+01  -0.6907024E+00
   27  -0.3813641E+01  -0.5192808E+01   0.4171476E+00
   28  -0.9400425E+01  -0.2140701E+00  -0.1757604E+01
   29  -0.8630144E+01  -0.3405420E+01  -0.2364843E+01
   30  -0.1102248E+02  -0.2653631E+01  -0.1584913E+00
 Initial ssvpot =   396.179


 Number of unique UNfrozen centers=    6

 Non-linear optimization requested.
 qchnge =    0.7641724757E-01
 qchnge =    0.1655601711E-03
 qchnge =    0.2818584631E-05
 qchnge =    0.5169258658E-07

 Convergence in    3 iterations


Resp charges for organic molecule                                               

          Point Charges Before & After Optimization

    no.  At.no.    q(init)       q(opt)     ivary    d(rstr)/dq
    1   6      -0.021085       0.029902      0       0.009581
    2   8      -0.383879      -0.383879    -99       0.002521
    3   6       0.096311       0.096311    -99       0.007203
    4   6      -0.179765      -0.179765    -99       0.004861
    5   6      -0.300838      -0.300838    -99       0.003154
    6   6       0.179333       0.179333    -99       0.004870
    7   6      -0.433950      -0.433950    -99       0.002246
    8   6       0.312498       0.312498    -99       0.003048
    9   8      -0.308169      -0.308169    -99       0.003087
   10   6      -0.046866      -0.094345      0       0.007274
   11   6      -0.070287      -0.050039      0       0.008943
   12   6       0.004438       0.004438    -99       0.009990
   13   6       0.859058       0.859058    -99       0.001156
   14   8      -0.857791      -0.857791    -99       0.001158
   15   8      -0.857791      -0.857791    -99       0.001158
   16   6       0.859058       0.859058    -99       0.001156
   17   8      -0.857791      -0.857791    -99       0.001158
   18   8      -0.857791      -0.857791    -99       0.001158
   19   1      -0.064688      -0.064688    -99       0.000000
   20   1      -0.015245       0.004251      0       0.000000
   21   1       0.038354       0.004251     20       0.000000
   22   1       0.081774       0.075473      0       0.000000
   23   1       0.055989       0.075473     22       0.000000
   24   1       0.055587       0.075473     22       0.000000
   25   1       0.186570       0.186570    -99       0.000000
   26   1       0.220452       0.220452    -99       0.000000
   27   1       0.143873       0.143873    -99       0.000000
   28   1       0.042128       0.040141      0       0.000000
   29   1       0.055021       0.040141     28       0.000000
   30   1       0.065492       0.040141     28       0.000000

 Sum over the calculated charges:     -2.000

        Statistics of the fitting:
  The initial sum of squares (ssvpot)                    396.179
  The residual sum of squares (chipot)                     0.029
  The std err of estimate (sqrt(chipot/N))               0.00182
  ESP relative RMS (SQRT(chipot/ssvpot))                 0.00852

 Center of Mass (Angst.):

 X  =   0.00000      Y  =   0.00000      Z  =   0.00000

 Dipole (Debye):

 X  = -27.62768      Y  =   2.69797      Z  =  -2.38265

 Dipole Moment (Debye)=  27.86117

 Quadrupole (Debye*Angst.):

 Qxx =-227.92854     QYY =  95.57369     QZZ = 132.35484
 Qxy = 161.68358     QXZ = 184.58475     QYZ = 185.55242
