
 -----------------------------------------------
      Restrained ESP Fit 2.3  Amber 4.1
 -----------------------------------------------
 Resp charges for organic molecule                                               
 -----------------------------------------------


 inopt       =     0   ioutopt     =     1
 nmol        =     1   iqopt       =     0
 ihfree      =     1   irstrnt     =     1
 iunits      =     0   qwt         =   0.00050000
 wtmol(1) =     1.000000
 subtitle:

Resp charges for organic molecule                                               
ich =   0  iuniq =  26
    1    6    0
    2    6    0
    3    8    0
    4    7    0
    5    6    0
    6    6    0
    7    6    0
    8    6    0
    9    6    0
   10    6    0
   11   16    0
   12    6    0
   13    7    0
   14    7    0
   15    6    0
   16    1    0
   17    1    0
   18    1    0
   19    1    0
   20    1    0
   21    1    0
   22    1    0
   23    1    0
   24    1    0
   25    1    0
   26    1    0

  ----------------------------------------------------------------------------
     ATOM                       COORDINATES                         CHARGE
                       X             Y                Z
  ----------------------------------------------------------------------------
  ----------------------------------------------------------------------------


 Charge on the molecule(ich) =    0
 Total number of atoms (iuniq)     =   26
 Weight factor on initial charge restraints(qwt)=     0.50000D-03


  there are  1 charge constraints:


     1       1
     2       1
     3       1
     4       1
     5       1
     6       1
     7       1
     8       1
     9       1
    10       1
    11       1
    12       1
    13       1
    14       1
    15       1
    16       1
    17       1
    18       1
    19       1
    20       1
    21       1
    22       1
    23       1
    24       1
    25       1
    26       1

 Reading esp"s for molecule   1
 total number of atoms      =    26
 total number of esp points =  7814


 center     X       Y       Z 
    1   0.1017192E+02  -0.9633067E+00  -0.1364212E+00
    2   0.7336432E+01  -0.1345625E+01  -0.1150654E-01
    3   0.6416430E+01  -0.3414491E+01   0.1886135E-01
    4   0.5983364E+01   0.8424965E+00   0.5412175E-02
    5   0.3337570E+01   0.1182449E+01   0.1066372E-01
    6   0.2459641E+01   0.3677450E+01  -0.6083217E-01
    7  -0.8230324E-01   0.4232359E+01  -0.5719823E-01
    8  -0.1825097E+01   0.2269814E+01   0.2015582E-01
    9  -0.9215476E+00  -0.1963331E+00   0.9295751E-01
   10   0.1626665E+01  -0.7988892E+00   0.8876799E-01
   11  -0.3505149E+01  -0.2272006E+01   0.1792783E+00
   12  -0.5514642E+01   0.3978195E+00   0.1118000E+00
   13  -0.4427380E+01   0.2544212E+01   0.1968716E-01
   14  -0.8060638E+01   0.1105093E+00   0.2307204E+00
   15  -0.9346367E+01  -0.2207576E+01  -0.4361185E+00
   16  -0.9068387E+01  -0.2745921E+01  -0.2398951E+01
   17  -0.8714691E+01  -0.3742260E+01   0.7616181E+00
   18  -0.1134514E+02  -0.1946159E+01  -0.1039104E+00
   19  -0.8974804E+01   0.1722196E+01  -0.1071626E+00
   20   0.2265642E+01  -0.2713620E+01   0.1435663E+00
   21  -0.7295325E+00   0.6155231E+01  -0.1129414E+00
   22   0.3804714E+01   0.5203268E+01  -0.1207610E+00
   23   0.6980217E+01   0.2434200E+01  -0.2992381E-01
   24   0.1072776E+02  -0.6534011E+00  -0.2087095E+01
   25   0.1079616E+02   0.6424955E+00   0.9731068E+00
   26   0.1108790E+02  -0.2657508E+01   0.5387703E+00
 Initial ssvpot =     2.585


 Number of unique UNfrozen centers=   26

 Non-linear optimization requested.
 qchnge =    0.8326313717E-01
 qchnge =    0.2020448896E-02
 qchnge =    0.3210084780E-03
 qchnge =    0.7692899337E-04
 qchnge =    0.1943216985E-04
 qchnge =    0.4937112208E-05
 qchnge =    0.1255493848E-05
 qchnge =    0.3193283877E-06

 Convergence in    7 iterations


Resp charges for organic molecule                                               

          Point Charges Before & After Optimization

    no.  At.no.    q(init)       q(opt)     ivary    d(rstr)/dq
    1   6       0.000000      -0.480076      0       0.001020
    2   6       0.000000       0.877375      0       0.000566
    3   8       0.000000      -0.662629      0       0.000746
    4   7       0.000000      -0.669325      0       0.000739
    5   6       0.000000       0.257895      0       0.001808
    6   6       0.000000      -0.273507      0       0.001717
    7   6       0.000000      -0.313648      0       0.001519
    8   6       0.000000       0.549300      0       0.000896
    9   6       0.000000      -0.159611      0       0.002655
   10   6       0.000000      -0.272020      0       0.001725
   11  16       0.000000      -0.128748      0       0.003067
   12   6       0.000000       0.652132      0       0.000758
   13   7       0.000000      -0.766146      0       0.000647
   14   7       0.000000      -0.660398      0       0.000749
   15   6       0.000000      -0.000090      0       0.005000
   16   1       0.000000       0.054608      0       0.000000
   17   1       0.000000       0.077331      0       0.000000
   18   1       0.000000       0.081579      0       0.000000
   19   1       0.000000       0.399923      0       0.000000
   20   1       0.000000       0.319329      0       0.000000
   21   1       0.000000       0.198734      0       0.000000
   22   1       0.000000       0.177288      0       0.000000
   23   1       0.000000       0.351053      0       0.000000
   24   1       0.000000       0.132303      0       0.000000
   25   1       0.000000       0.110359      0       0.000000
   26   1       0.000000       0.146992      0       0.000000

 Sum over the calculated charges:     -0.000

        Statistics of the fitting:
  The initial sum of squares (ssvpot)                      2.585
  The residual sum of squares (chipot)                     0.029
  The std err of estimate (sqrt(chipot/N))               0.00193
  ESP relative RMS (SQRT(chipot/ssvpot))                 0.10596

 Center of Mass (Angst.):

 X  =   0.00000      Y  =   0.00000      Z  =   0.00000

 Dipole (Debye):

 X  =   0.11226      Y  =   2.02255      Z  =  -0.73810

 Dipole Moment (Debye)=   2.15595

 Quadrupole (Debye*Angst.):

 Qxx =  75.16297     QYY = -35.67725     QZZ = -39.48572
 Qxy =   5.79549     QXZ = -37.03044     QYZ = -44.04082
