
 -----------------------------------------------
      Restrained ESP Fit 2.3  Amber 4.1
 -----------------------------------------------
 Resp charges for organic molecule                                               
 -----------------------------------------------


 inopt       =     0   ioutopt     =     1
 nmol        =     1   iqopt       =     2
 ihfree      =     1   irstrnt     =     1
 iunits      =     0   qwt         =   0.00100000
 wtmol(1) =     1.000000
 subtitle:

Resp charges for organic molecule                                               
ich =   0  iuniq =  26
    1    6    0
    2    6  -99
    3    8  -99
    4    7  -99
    5    6  -99
    6    6  -99
    7    6  -99
    8    6  -99
    9    6  -99
   10    6  -99
   11   16  -99
   12    6  -99
   13    7  -99
   14    7  -99
   15    6    0
   16    1    0
   17    1   16
   18    1   16
   19    1  -99
   20    1  -99
   21    1  -99
   22    1  -99
   23    1  -99
   24    1    0
   25    1   24
   26    1   24
 new q0 values to be read  26

  ----------------------------------------------------------------------------
     ATOM                       COORDINATES                         CHARGE
                       X             Y                Z
  ----------------------------------------------------------------------------
  ----------------------------------------------------------------------------


 Charge on the molecule(ich) =    0
 Total number of atoms (iuniq)     =   26
 Weight factor on initial charge restraints(qwt)=     0.10000D-02


  there are  1 charge constraints:


     1       1
     2       1
     3       1
     4       1
     5       1
     6       1
     7       1
     8       1
     9       1
    10       1
    11       1
    12       1
    13       1
    14       1
    15       1
    16       1
    17       1
    18       1
    19       1
    20       1
    21       1
    22       1
    23       1
    24       1
    25       1
    26       1

 Reading esp"s for molecule   1
 total number of atoms      =    26
 total number of esp points =  7814


 center     X       Y       Z 
    1   0.1017192E+02  -0.9633067E+00  -0.1364212E+00
    2   0.7336432E+01  -0.1345625E+01  -0.1150654E-01
    3   0.6416430E+01  -0.3414491E+01   0.1886135E-01
    4   0.5983364E+01   0.8424965E+00   0.5412175E-02
    5   0.3337570E+01   0.1182449E+01   0.1066372E-01
    6   0.2459641E+01   0.3677450E+01  -0.6083217E-01
    7  -0.8230324E-01   0.4232359E+01  -0.5719823E-01
    8  -0.1825097E+01   0.2269814E+01   0.2015582E-01
    9  -0.9215476E+00  -0.1963331E+00   0.9295751E-01
   10   0.1626665E+01  -0.7988892E+00   0.8876799E-01
   11  -0.3505149E+01  -0.2272006E+01   0.1792783E+00
   12  -0.5514642E+01   0.3978195E+00   0.1118000E+00
   13  -0.4427380E+01   0.2544212E+01   0.1968716E-01
   14  -0.8060638E+01   0.1105093E+00   0.2307204E+00
   15  -0.9346367E+01  -0.2207576E+01  -0.4361185E+00
   16  -0.9068387E+01  -0.2745921E+01  -0.2398951E+01
   17  -0.8714691E+01  -0.3742260E+01   0.7616181E+00
   18  -0.1134514E+02  -0.1946159E+01  -0.1039104E+00
   19  -0.8974804E+01   0.1722196E+01  -0.1071626E+00
   20   0.2265642E+01  -0.2713620E+01   0.1435663E+00
   21  -0.7295325E+00   0.6155231E+01  -0.1129414E+00
   22   0.3804714E+01   0.5203268E+01  -0.1207610E+00
   23   0.6980217E+01   0.2434200E+01  -0.2992381E-01
   24   0.1072776E+02  -0.6534011E+00  -0.2087095E+01
   25   0.1079616E+02   0.6424955E+00   0.9731068E+00
   26   0.1108790E+02  -0.2657508E+01   0.5387703E+00
 Initial ssvpot =     2.585


 Number of unique UNfrozen centers=    4

 Non-linear optimization requested.
 qchnge =    0.8176591312E-01
 qchnge =    0.1365643656E-03
 qchnge =    0.8407002956E-06

 Convergence in    2 iterations


Resp charges for organic molecule                                               

          Point Charges Before & After Optimization

    no.  At.no.    q(init)       q(opt)     ivary    d(rstr)/dq
    1   6      -0.480076      -0.480269      0       0.002038
    2   6       0.877375       0.877375    -99       0.001132
    3   8      -0.662629      -0.662629    -99       0.001492
    4   7      -0.669325      -0.669325    -99       0.001478
    5   6       0.257895       0.257895    -99       0.003615
    6   6      -0.273507      -0.273507    -99       0.003434
    7   6      -0.313648      -0.313648    -99       0.003038
    8   6       0.549300       0.549300    -99       0.001791
    9   6      -0.159611      -0.159611    -99       0.005309
   10   6      -0.272020      -0.272020    -99       0.003450
   11  16      -0.128748      -0.128748    -99       0.006134
   12   6       0.652132       0.652132    -99       0.001516
   13   7      -0.766146      -0.766146    -99       0.001294
   14   7      -0.660398      -0.660398    -99       0.001497
   15   6      -0.000090      -0.003754      0       0.009993
   16   1       0.054608       0.072477      0       0.000000
   17   1       0.077331       0.072477     16       0.000000
   18   1       0.081579       0.072477     16       0.000000
   19   1       0.399923       0.399923    -99       0.000000
   20   1       0.319329       0.319329    -99       0.000000
   21   1       0.198734       0.198734    -99       0.000000
   22   1       0.177288       0.177288    -99       0.000000
   23   1       0.351053       0.351053    -99       0.000000
   24   1       0.132303       0.129865      0       0.000000
   25   1       0.110359       0.129865     24       0.000000
   26   1       0.146992       0.129865     24       0.000000

 Sum over the calculated charges:     -0.000

        Statistics of the fitting:
  The initial sum of squares (ssvpot)                      2.585
  The residual sum of squares (chipot)                     0.035
  The std err of estimate (sqrt(chipot/N))               0.00212
  ESP relative RMS (SQRT(chipot/ssvpot))                 0.11671

 Center of Mass (Angst.):

 X  =   0.00000      Y  =   0.00000      Z  =   0.00000

 Dipole (Debye):

 X  =   0.13853      Y  =   2.16165      Z  =  -0.81220

 Dipole Moment (Debye)=   2.31335

 Quadrupole (Debye*Angst.):

 Qxx =  73.75225     QYY = -35.37904     QZZ = -38.37321
 Qxy =   9.19562     QXZ = -34.09945     QYZ = -42.69651
