            --------------------------------------------------------
                             AMBER SQM VERSION 14
 
                                     By
              Ross C. Walker, Michael F. Crowley, Scott Brozell,
                         Tim Giese, Andreas W. Goetz,
                        Tai-Sung Lee and David A. Case
 
            --------------------------------------------------------
 

--------------------------------------------------------------------------------
  QM CALCULATION INFO
--------------------------------------------------------------------------------

| QMMM: Citation for AMBER QMMM Run:
| QMMM: R.C. Walker, M.F. Crowley and D.A. Case, J. COMP. CHEM. 29:1019, 2008

QMMM: SINGLET STATE CALCULATION
QMMM: RHF CALCULATION, NO. OF DOUBLY OCCUPIED LEVELS = 92

| QMMM: *** Selected Hamiltonian *** 
| QMMM: AM1         

| QMMM: *** Parameter sets in use ***
| QMMM: C : M.J.S.DEWAR et al. JACS, 107, 3902, (1985)
| QMMM: O : M.J.S.DEWAR et al. JACS, 107, 3902, (1985)
| QMMM: N : M.J.S.DEWAR et al. JACS, 107, 3902, (1985)
| QMMM: S : M.J.S.DEWAR et al. INORG. CHEM., 29, 3881, (1990)
| QMMM: H : M.J.S.DEWAR et al. JACS, 107, 3902, (1985)

| QMMM: *** SCF convergence criteria ***
| QMMM: Energy change                :  0.1D-09 kcal/mol
| QMMM: Error matrix |FP-PF|         :  0.1D+00 au
| QMMM: Density matrix change        :  0.5D-06
| QMMM: Maximum number of SCF cycles :     1000

| QMMM: *** Diagonalization Routine Information ***
| QMMM: Pseudo diagonalizations are allowed.
| QMMM: Auto diagonalization routine selection is in use.
| QMMM:
| QMMM: Timing diagonalization routines:
| QMMM:                              norbs =      162
| QMMM:    diag iterations used for timing =        5
| QMMM:
| QMMM:              Internal diag routine = 0.035140 seconds
| QMMM:                 Dspev diag routine = 0.039949 seconds
| QMMM:                Dspevd diag routine = 0.026663 seconds
| QMMM:                Dspevx diag routine = 0.111167 seconds
| QMMM:                 Dsyev diag routine = 0.041692 seconds
| QMMM:                Dsyevd diag routine = 0.029711 seconds
| QMMM:                Dsyevr diag routine = 0.030409 seconds
| QMMM:
| QMMM:                Pseudo diag routine = 0.017546 seconds
| QMMM:
| QMMM: Using dspevd routine (diag_routine=3).

  QMMM: QM Region Cartesian Coordinates (*=link atom) 
  QMMM: QM_NO.   MM_NO.  ATOM         X         Y         Z
  QMMM:     1        1      C        2.2750   -0.2960    7.8280
  QMMM:     2        2      C        4.0800   -0.3240    9.3690
  QMMM:     3        3      C        3.0370   -1.0090    6.9220
  QMMM:     4        4      C        4.8460   -1.0300    8.4580
  QMMM:     5        5      C       -4.5160    9.2570   12.9740
  QMMM:     6        6      C       -3.1570    9.0390   12.8340
  QMMM:     7        7      C       -3.1600    7.5870   14.7550
  QMMM:     8        8      C        2.7850    0.0600    9.0640
  QMMM:     9        9      C        4.3340   -1.3870    7.2230
  QMMM:    10       10      C       -5.2170    8.6360   14.0070
  QMMM:    11       11      C       -2.4760    8.2140   13.7190
  QMMM:    12       12      C       -4.5230    7.8040   14.8830
  QMMM:    13       13      C       -6.9140    8.0400   15.3130
  QMMM:    14       14      C       -0.4580    6.7920   13.5870
  QMMM:    15       15      C        4.0870   -4.1700    6.5830
  QMMM:    16       16      C        5.7370   -3.7300    4.7340
  QMMM:    17       17      C        2.1540    3.9840   11.9870
  QMMM:    18       18      C       -8.3310    7.9850   15.8070
  QMMM:    19       19      C        1.9290    0.8120   10.0600
  QMMM:    20       20      C        4.6000   -3.1570    5.5720
  QMMM:    21       21      C        0.9880    6.8150   13.1400
  QMMM:    22       22      C        2.4350    2.1990   10.3590
  QMMM:    23       23      C        1.8040    5.6850   13.7300
  QMMM:    24       24      O        4.6930   -4.4260    7.6420
  QMMM:    25       25      N       -6.5800    8.7590   14.2690
  QMMM:    26       26      N       -1.0870    7.9930   13.5610
  QMMM:    27       27      N        1.9240    2.7140   11.6230
  QMMM:    28       28      N        1.5270    4.4000   13.0980
  QMMM:    29       29      O       -0.9990    5.7560   13.9670
  QMMM:    30       30      O        5.5600   -4.5420    3.8360
  QMMM:    31       31      O        2.9550   -4.6810    6.2250
  QMMM:    32       32      O        2.9320    4.7020   11.3650
  QMMM:    33       33      O        6.8970   -3.2710    5.0800
  QMMM:    34       34      O        5.1220   -2.0330    6.3290
  QMMM:    35       35      S       -5.6230    7.1680   16.0720
  QMMM:    36       36      H        0.8390    3.8020   13.5110
  QMMM:    37       37      H        1.3970    2.1140   12.2250
  QMMM:    38       38      H       -0.5140    8.8000   13.4160
  QMMM:    39       39      H        2.8710    5.9180   13.6020
  QMMM:    40       40      H        1.5730    5.6070   14.8030
  QMMM:    41       41      H        2.1190    2.8730    9.5490
  QMMM:    42       42      H        3.5340    2.1710   10.4070
  QMMM:    43       43      H        1.0180    6.7340   12.0430
  QMMM:    44       44      H        1.4360    7.7710   13.4490
  QMMM:    45       45      H        3.7800   -2.8350    4.9140
  QMMM:    46       46      H        1.9040    0.2400   10.9990
  QMMM:    47       47      H        0.9100    0.8930    9.6520
  QMMM:    48       48      H       -8.6920    6.9460   15.7700
  QMMM:    49       49      H       -8.3730    8.3510   16.8430
  QMMM:    50       50      H       -8.9660    8.6160   15.1680
  QMMM:    51       51      H       -2.6360    6.9400   15.4500
  QMMM:    52       52      H       -2.6180    9.5180   12.0250
  QMMM:    53       53      H       -5.0350    9.9100   12.2810
  QMMM:    54       54      H        5.8610   -1.3080    8.7160
  QMMM:    55       55      H        2.6120   -1.2750    5.9600
  QMMM:    56       56      H        4.5000   -0.0680   10.3350
  QMMM:    57       57      H        1.2620   -0.0120    7.5660

--------------------------------------------------------------------------------
  RESULTS
--------------------------------------------------------------------------------

      iter         sqm energy              rms gradient
      ----    -------------------    -----------------------
xmin    10     -186.4838 kcal/mol        3.7809 kcal/(mol*A)
xmin    20     -188.8640 kcal/mol        0.6891 kcal/(mol*A)
xmin    30     -189.2889 kcal/mol        0.8050 kcal/(mol*A)
xmin    40     -189.6059 kcal/mol        0.4498 kcal/(mol*A)
xmin    50     -189.9331 kcal/mol        0.2717 kcal/(mol*A)
xmin    60     -190.0309 kcal/mol        0.0764 kcal/(mol*A)
xmin    70     -190.1860 kcal/mol        0.1719 kcal/(mol*A)
xmin    80     -190.3501 kcal/mol        0.2250 kcal/(mol*A)
xmin    90     -190.5221 kcal/mol        0.2949 kcal/(mol*A)
xmin   100     -190.7399 kcal/mol        0.0788 kcal/(mol*A)
xmin   110     -190.8240 kcal/mol        0.3277 kcal/(mol*A)
xmin   120     -190.8471 kcal/mol        0.0781 kcal/(mol*A)
xmin   130     -190.8660 kcal/mol        0.0799 kcal/(mol*A)
xmin   140     -190.9342 kcal/mol        0.1569 kcal/(mol*A)
xmin   150     -190.9568 kcal/mol        0.1544 kcal/(mol*A)
xmin   160     -190.9794 kcal/mol        0.0346 kcal/(mol*A)
xmin   170     -190.9891 kcal/mol        0.0218 kcal/(mol*A)
xmin   180     -190.9933 kcal/mol        0.0535 kcal/(mol*A)
xmin   190     -190.9978 kcal/mol        0.0170 kcal/(mol*A)
xmin   200     -190.9989 kcal/mol        0.0095 kcal/(mol*A)
xmin   210     -190.9999 kcal/mol        0.0207 kcal/(mol*A)
xmin   220     -191.0005 kcal/mol        0.0175 kcal/(mol*A)
xmin   230     -191.0010 kcal/mol        0.0349 kcal/(mol*A)
xmin   240     -191.0014 kcal/mol        0.0070 kcal/(mol*A)
xmin   250     -191.0017 kcal/mol        0.0062 kcal/(mol*A)
xmin   260     -191.0017 kcal/mol        0.0047 kcal/(mol*A)
xmin   270     -191.0018 kcal/mol        0.0013 kcal/(mol*A)
xmin   280     -191.0018 kcal/mol        0.0006 kcal/(mol*A)
xmin   280     -191.0018 kcal/mol        0.0003 kcal/(mol*A)
  ... geometry converged !
 
 Final MO eigenvalues (eV):
 -38.8550  -37.8921  -36.7857  -35.5857  -34.6463  -33.5042  -33.1582  -32.6022
 -31.8153  -30.2606  -30.0508  -29.8240  -29.2439  -29.0071  -27.8436  -26.2845
 -26.1682  -25.9066  -25.7890  -23.9028  -23.1168  -22.7293  -21.4129  -20.9035
 -19.9063  -19.8189  -19.0184  -18.3687  -17.7728  -17.4726  -16.6392  -16.4541
 -16.3529  -15.7710  -14.6775  -14.5639  -14.1550  -13.9563  -13.7870  -13.6781
 -13.1098  -13.0567  -12.9697  -12.8325  -12.6107  -12.5452  -12.2700  -12.2202
 -12.0903  -11.8384  -11.6300  -11.5127  -11.3554  -11.0883  -10.9457  -10.7587
 -10.6191  -10.1824   -9.9782   -9.8453   -9.7569   -9.3846   -9.2995   -9.2534
  -9.1971   -9.1613   -8.8737   -8.7842   -8.4157   -8.3029   -7.9849   -7.7100
  -7.6326   -7.4926   -7.1736   -7.1723   -6.9497   -6.8592   -6.7212   -6.6377
  -6.3003   -5.9835   -5.6172   -5.0147   -4.3629   -2.9979   -2.1566   -1.9744
  -1.8164   -1.8134   -1.6813   -1.0029    1.3453    2.0189    2.2378    2.6768
   2.8338    3.4056    3.5876    4.3996    4.5403    4.6096    4.8617    5.2824
   5.4857    5.6748    5.6937    5.8326    5.8614    5.8693    5.8986    5.9433
   6.0325    6.0424    6.1722    6.2377    6.3245    6.3743    6.5503    6.6816
   6.7518    6.8656    6.9341    7.0258    7.1729    7.5873    7.6258    7.8766
   7.9024    7.9584    8.1483    8.1698    8.2554    8.4429    8.5278    8.6446
   8.7633    8.8310    8.9290    9.0424    9.2649    9.4000    9.4605    9.9791
  10.1074   10.1780   10.3536   10.6268   10.7676   10.8978   10.9983   11.1626
  11.2093   11.6575   11.7402   12.1540   12.2843   13.2499   15.4798   15.6266
  16.3379   16.5619

 Heat of formation   =       -191.00177249 kcal/mol  (       -8.28245837 eV)

 Total SCF energy    =    -150185.40758761 kcal/mol  (    -6512.52797310 eV)
 Electronic energy   =   -1100258.26138331 kcal/mol  (   -47710.77843039 eV)
 Core-core repulsion =     950072.85379570 kcal/mol  (    41198.25045730 eV)
 
    Atomic Charges for Step       1 :
  Atom    Element       Mulliken Charge
     1      C                 -0.092
     2      C                 -0.095
     3      C                 -0.219
     4      C                 -0.217
     5      C                 -0.050
     6      C                 -0.183
     7      C                 -0.128
     8      C                 -0.210
     9      C                  0.160
    10      C                 -0.091
    11      C                  0.097
    12      C                 -0.280
    13      C                 -0.233
    14      C                  0.313
    15      C                  0.330
    16      C                  0.357
    17      C                  0.344
    18      C                 -0.158
    19      C                 -0.111
    20      C                 -0.097
    21      C                 -0.229
    22      C                 -0.055
    23      C                 -0.020
    24      O                 -0.552
    25      N                 -0.096
    26      N                 -0.326
    27      N                 -0.328
    28      N                 -0.349
    29      O                 -0.362
    30      O                 -0.604
    31      O                 -0.628
    32      O                 -0.412
    33      O                 -0.573
    34      O                 -0.146
    35      S                  0.403
    36      H                  0.211
    37      H                  0.202
    38      H                  0.233
    39      H                  0.119
    40      H                  0.097
    41      H                  0.109
    42      H                  0.124
    43      H                  0.142
    44      H                  0.107
    45      H                  0.069
    46      H                  0.071
    47      H                  0.062
    48      H                  0.087
    49      H                  0.100
    50      H                  0.104
    51      H                  0.184
    52      H                  0.133
    53      H                  0.148
    54      H                  0.136
    55      H                  0.212
    56      H                  0.094
    57      H                  0.099
 Total Mulliken Charge =      -2.000
 
                  X        Y        Z     TOTAL  
  QM DIPOLE   -36.233   27.663  -53.188   70.050
 
 Final Structure

  QMMM: QM Region Cartesian Coordinates (*=link atom) 
  QMMM: QM_NO.   MM_NO.  ATOM         X         Y         Z
  QMMM:     1        1      C        2.5591   -0.7188    9.1392
  QMMM:     2        2      C        4.7455    0.2943    9.2360
  QMMM:     3        3      C        2.9016   -1.3988    7.9831
  QMMM:     4        4      C        5.1135   -0.3736    8.0785
  QMMM:     5        5      C       -4.0076    9.4216   12.6730
  QMMM:     6        6      C       -2.6810    9.0452   12.6899
  QMMM:     7        7      C       -3.1777    7.1090   14.0955
  QMMM:     8        8      C        3.4657    0.1399    9.7800
  QMMM:     9        9      C        4.1902   -1.2292    7.4261
  QMMM:    10       10      C       -4.9567    8.6509   13.3720
  QMMM:    11       11      C       -2.2369    7.8879   13.4025
  QMMM:    12       12      C       -4.5182    7.4848   14.0803
  QMMM:    13       13      C       -6.9159    7.9677   14.1790
  QMMM:    14       14      C       -0.2090    6.5242   13.9794
  QMMM:    15       15      C        3.2950   -3.8792    6.1212
  QMMM:    16       16      C        4.3255   -2.5964    4.0582
  QMMM:    17       17      C        2.0174    3.7059   12.5248
  QMMM:    18       18      C       -8.3611    7.8885   14.4807
  QMMM:    19       19      C        3.0761    0.8426   11.0269
  QMMM:    20       20      C        3.6867   -2.5316    5.4706
  QMMM:    21       21      C        1.2940    6.4892   13.7782
  QMMM:    22       22      C        2.1993    2.0583   10.7038
  QMMM:    23       23      C        1.9181    5.2449   14.4176
  QMMM:    24       24      O        4.1467   -4.7799    6.3428
  QMMM:    25       25      N       -6.3342    8.9049   13.4481
  QMMM:    26       26      N       -0.8668    7.5964   13.3809
  QMMM:    27       27      N        1.4803    2.6139   11.8326
  QMMM:    28       28      N        1.5433    3.9825   13.8432
  QMMM:    29       29      O       -0.8050    5.6620   14.6507
  QMMM:    30       30      O        3.5175   -2.7018    3.0865
  QMMM:    31       31      O        2.0733   -3.9987    6.4636
  QMMM:    32       32      O        2.8727    4.4708   12.0114
  QMMM:    33       33      O        5.5707   -2.4673    3.9041
  QMMM:    34       34      O        4.6440   -1.8174    6.2965
  QMMM:    35       35      S       -5.8498    6.7425   14.8124
  QMMM:    36       36      H        0.5987    3.7196   14.0367
  QMMM:    37       37      H        1.0107    1.9281   12.3850
  QMMM:    38       38      H       -0.3125    8.1926   12.8057
  QMMM:    39       39      H        3.0379    5.3512   14.3293
  QMMM:    40       40      H        1.6305    5.2116   15.5066
  QMMM:    41       41      H        1.4135    1.7485    9.9548
  QMMM:    42       42      H        2.8357    2.8618   10.2378
  QMMM:    43       43      H        1.5396    6.4985   12.6807
  QMMM:    44       44      H        1.7486    7.3993   14.2487
  QMMM:    45       45      H        2.7580   -1.9007    5.3860
  QMMM:    46       46      H        3.9861    1.1803   11.5892
  QMMM:    47       47      H        2.5145    0.1330   11.6938
  QMMM:    48       48      H       -8.5687    7.0081   15.1378
  QMMM:    49       49      H       -8.7054    8.8164   15.0033
  QMMM:    50       50      H       -8.9515    7.7779   13.5358
  QMMM:    51       51      H       -2.8738    6.2027   14.6458
  QMMM:    52       52      H       -1.9518    9.6549   12.1327
  QMMM:    53       53      H       -4.3292   10.3145   12.1158
  QMMM:    54       54      H        6.1177   -0.2605    7.6493
  QMMM:    55       55      H        2.1989   -2.1149    7.5090
  QMMM:    56       56      H        5.4704    0.9553    9.7337
  QMMM:    57       57      H        1.5577   -0.8621    9.5720

           --------- Calculation Completed ----------

