            --------------------------------------------------------
                             AMBER SQM VERSION 14
 
                                     By
              Ross C. Walker, Michael F. Crowley, Scott Brozell,
                         Tim Giese, Andreas W. Goetz,
                        Tai-Sung Lee and David A. Case
 
            --------------------------------------------------------
 

--------------------------------------------------------------------------------
  QM CALCULATION INFO
--------------------------------------------------------------------------------

| QMMM: Citation for AMBER QMMM Run:
| QMMM: R.C. Walker, M.F. Crowley and D.A. Case, J. COMP. CHEM. 29:1019, 2008

QMMM: SINGLET STATE CALCULATION
QMMM: RHF CALCULATION, NO. OF DOUBLY OCCUPIED LEVELS = 36

| QMMM: *** Selected Hamiltonian *** 
| QMMM: AM1         

| QMMM: *** Parameter sets in use ***
| QMMM: C : M.J.S.DEWAR et al. JACS, 107, 3902, (1985)
| QMMM: O : M.J.S.DEWAR et al. JACS, 107, 3902, (1985)
| QMMM: N : M.J.S.DEWAR et al. JACS, 107, 3902, (1985)
| QMMM: S : M.J.S.DEWAR et al. INORG. CHEM., 29, 3881, (1990)
| QMMM: H : M.J.S.DEWAR et al. JACS, 107, 3902, (1985)

| QMMM: *** SCF convergence criteria ***
| QMMM: Energy change                :  0.1D-09 kcal/mol
| QMMM: Error matrix |FP-PF|         :  0.1D+00 au
| QMMM: Density matrix change        :  0.5D-06
| QMMM: Maximum number of SCF cycles :     1000

| QMMM: *** Diagonalization Routine Information ***
| QMMM: Pseudo diagonalizations are allowed.
| QMMM: Auto diagonalization routine selection is in use.
| QMMM:
| QMMM: Timing diagonalization routines:
| QMMM:                              norbs =       66
| QMMM:    diag iterations used for timing =       15
| QMMM:
| QMMM:              Internal diag routine = 0.023682 seconds
| QMMM:                 Dspev diag routine = 0.019555 seconds
| QMMM:                Dspevd diag routine = 0.008905 seconds
| QMMM:                Dspevx diag routine = 0.040098 seconds
| QMMM:                 Dsyev diag routine = 0.014169 seconds
| QMMM:                Dsyevd diag routine = 0.011575 seconds
| QMMM:                Dsyevr diag routine = 0.011788 seconds
| QMMM:
| QMMM:                Pseudo diag routine = 0.003647 seconds
| QMMM:
| QMMM: Using dspevd routine (diag_routine=3).

  QMMM: QM Region Cartesian Coordinates (*=link atom) 
  QMMM: QM_NO.   MM_NO.  ATOM         X         Y         Z
  QMMM:     1        1      C        0.9770    6.7540   12.9020
  QMMM:     2        2      C       -0.3710    6.7780   13.5930
  QMMM:     3        3      O       -0.8400    5.8010   14.1810
  QMMM:     4        4      N       -1.0430    7.9710   13.5020
  QMMM:     5        5      C       -2.4520    8.1720   13.6430
  QMMM:     6        6      C       -3.1800    8.9100   12.7010
  QMMM:     7        7      C       -4.5430    9.0970   12.8540
  QMMM:     8        8      C       -5.2190    8.5530   13.9370
  QMMM:     9        9      C       -4.4740    7.8190   14.8640
  QMMM:    10       10      C       -3.1050    7.6290   14.7250
  QMMM:    11       11      S       -5.5070    7.2320   16.1420
  QMMM:    12       12      C       -6.8700    8.0260   15.3430
  QMMM:    13       13      N       -6.5850    8.6530   14.2300
  QMMM:    14       14      C       -8.2620    7.9840   15.9030
  QMMM:    15       15      H       -8.5970    6.9390   15.9740
  QMMM:    16       16      H       -8.2680    8.4400   16.9040
  QMMM:    17       17      H       -2.5550    7.0570   15.4640
  QMMM:    18       18      H       -5.0890    9.6750   12.1170
  QMMM:    19       19      H       -2.6710    9.3380   11.8450
  QMMM:    20       20      H       -0.4900    8.7840   13.3180
  QMMM:    21       21      H        0.8430    6.9630   11.8300
  QMMM:    22       22      H        1.6290    7.5200   13.3460
  QMMM:    23       23      H        1.4360    5.7630   13.0290
  QMMM:    24       24      H       -8.9410    8.5430   15.2420

--------------------------------------------------------------------------------
  RESULTS
--------------------------------------------------------------------------------

      iter         sqm energy              rms gradient
      ----    -------------------    -----------------------
xmin    10        9.8893 kcal/mol        0.4407 kcal/(mol*A)
xmin    20        9.5986 kcal/mol        0.5448 kcal/(mol*A)
xmin    30        9.5308 kcal/mol        0.4575 kcal/(mol*A)
xmin    40        9.4313 kcal/mol        0.3967 kcal/(mol*A)
xmin    50        9.3539 kcal/mol        0.6396 kcal/(mol*A)
xmin    60        9.3030 kcal/mol        0.4386 kcal/(mol*A)
xmin    70        9.2856 kcal/mol        0.0648 kcal/(mol*A)
xmin    80        9.2802 kcal/mol        0.0300 kcal/(mol*A)
xmin    90        9.2795 kcal/mol        0.0207 kcal/(mol*A)
xmin   100        9.2791 kcal/mol        0.0114 kcal/(mol*A)
xmin   110        9.2784 kcal/mol        0.0789 kcal/(mol*A)
xmin   120        9.2781 kcal/mol        0.0039 kcal/(mol*A)
xmin   130        9.2780 kcal/mol        0.0105 kcal/(mol*A)
xmin   140        9.2780 kcal/mol        0.0038 kcal/(mol*A)
xmin   150        9.2780 kcal/mol        0.0073 kcal/(mol*A)
xmin   160        9.2780 kcal/mol        0.0020 kcal/(mol*A)
xmin   170        9.2780 kcal/mol        0.0005 kcal/(mol*A)
xmin   180        9.2780 kcal/mol        0.0006 kcal/(mol*A)
  ... geometry converged !
 
 Final MO eigenvalues (eV):
 -40.6825  -39.5620  -37.3997  -35.0686  -32.0641  -31.9563  -30.6110  -27.8030
 -24.9281  -23.6304  -21.6599  -21.2573  -19.3551  -18.3131  -17.9227  -16.4739
 -16.2314  -15.9600  -15.5686  -15.0989  -14.7730  -14.4221  -14.1797  -14.0096
 -13.7465  -13.5204  -13.3880  -13.0665  -12.6063  -11.8581  -11.0893  -11.0699
 -11.0017  -10.7869   -8.9571   -8.5833   -0.4493    0.1955    0.4813    0.9106
   0.9332    1.5157    1.6030    2.7126    3.1295    3.2514    3.6099    3.7077
   3.7837    3.8424    3.9743    4.1010    4.1842    4.2568    4.2985    4.4042
   4.6326    4.7379    4.8900    5.0649    5.1889    5.3507    5.7653    5.9651
   6.3957    6.7480

 Heat of formation   =          9.27799725 kcal/mol  (        0.40232415 eV)

 Total SCF energy    =     -54108.61834369 kcal/mol  (    -2346.32575967 eV)
 Electronic energy   =    -288249.02493891 kcal/mol  (   -12499.41567750 eV)
 Core-core repulsion =     234140.40659521 kcal/mol  (    10153.08991784 eV)
 
    Atomic Charges for Step       1 :
  Atom    Element       Mulliken Charge
     1      C                 -0.247
     2      C                  0.309
     3      O                 -0.347
     4      N                 -0.327
     5      C                  0.086
     6      C                 -0.183
     7      C                 -0.048
     8      C                 -0.084
     9      C                 -0.286
    10      C                 -0.125
    11      S                  0.406
    12      C                 -0.223
    13      N                 -0.094
    14      C                 -0.161
    15      H                  0.089
    16      H                  0.107
    17      H                  0.182
    18      H                  0.152
    19      H                  0.131
    20      H                  0.229
    21      H                  0.102
    22      H                  0.102
    23      H                  0.123
    24      H                  0.107
 Total Mulliken Charge =      -0.000
 
                  X        Y        Z     TOTAL  
  QM DIPOLE     2.072    0.900   -1.721    2.840
 
 Final Structure

  QMMM: QM Region Cartesian Coordinates (*=link atom) 
  QMMM: QM_NO.   MM_NO.  ATOM         X         Y         Z
  QMMM:     1        1      C        1.0726    6.8022   13.1245
  QMMM:     2        2      C       -0.3321    6.8362   13.6839
  QMMM:     3        3      O       -0.6856    6.0461   14.5768
  QMMM:     4        4      N       -1.1780    7.7946   13.1377
  QMMM:     5        5      C       -2.5190    8.0465   13.4652
  QMMM:     6        6      C       -3.1874    9.0948   12.7602
  QMMM:     7        7      C       -4.5048    9.4129   13.0156
  QMMM:     8        8      C       -5.2156    8.6910   13.9939
  QMMM:     9        9      C       -4.5496    7.6389   14.7034
  QMMM:    10       10      C       -3.2187    7.3215   14.4419
  QMMM:    11       11      S       -5.6225    6.9438   15.8091
  QMMM:    12       12      C       -6.8870    8.0379   15.3120
  QMMM:    13       13      N       -6.5531    8.8971   14.3630
  QMMM:    14       14      C       -8.2134    7.9442   15.9584
  QMMM:    15       15      H       -8.2118    7.1295   16.7240
  QMMM:    16       16      H       -8.4727    8.9101   16.4618
  QMMM:    17       17      H       -2.7348    6.5061   15.0053
  QMMM:    18       18      H       -5.0032   10.2238   12.4624
  QMMM:    19       19      H       -2.6450    9.6686   11.9920
  QMMM:    20       20      H       -0.7954    8.3782   12.4271
  QMMM:    21       21      H        1.0548    6.5839   12.0297
  QMMM:    22       22      H        1.5883    7.7773   13.2968
  QMMM:    23       23      H        1.6417    5.9940   13.6460
  QMMM:    24       24      H       -9.0046    7.7217   15.1982

           --------- Calculation Completed ----------

