
 -----------------------------------------------
      Restrained ESP Fit 2.3  Amber 4.1
 -----------------------------------------------
 Resp charges for organic molecule                                               
 -----------------------------------------------


 inopt       =     0   ioutopt     =     1
 nmol        =     1   iqopt       =     0
 ihfree      =     1   irstrnt     =     1
 iunits      =     0   qwt         =   0.00050000
 wtmol(1) =     1.000000
 subtitle:

Resp charges for organic molecule                                               
ich =   0  iuniq =  33
    1    6    0
    2    6    0
    3    6    0
    4    6    0
    5    6    0
    6    6    0
    7    6    0
    8    6    0
    9    6    0
   10    6    0
   11    6    0
   12    6    0
   13    7    0
   14    7    0
   15    7    0
   16    7    0
   17    8    0
   18    8    0
   19   16    0
   20    1    0
   21    1    0
   22    1    0
   23    1   22
   24    1    0
   25    1    0
   26    1    0
   27    1    0
   28    1    0
   29    1    0
   30    1    0
   31    1    0
   32    1    0
   33    1    0

  ----------------------------------------------------------------------------
     ATOM                       COORDINATES                         CHARGE
                       X             Y                Z
  ----------------------------------------------------------------------------
  ----------------------------------------------------------------------------


 Charge on the molecule(ich) =    0
 Total number of atoms (iuniq)     =   33
 Weight factor on initial charge restraints(qwt)=     0.50000D-03


  there are  1 charge constraints:


     1       1
     2       1
     3       1
     4       1
     5       1
     6       1
     7       1
     8       1
     9       1
    10       1
    11       1
    12       1
    13       1
    14       1
    15       1
    16       1
    17       1
    18       1
    19       1
    20       1
    21       1
    22       1
    23       1
    24       1
    25       1
    26       1
    27       1
    28       1
    29       1
    30       1
    31       1
    32       1
    33       1

 Reading esp"s for molecule   1
 total number of atoms      =    33
 total number of esp points =  9529


 center     X       Y       Z 
    1   0.4957949E+01   0.3802518E+01   0.1501848E+01
    2   0.2415334E+01   0.4053530E+01   0.1044263E+01
    3   0.2181830E+01  -0.1345258E+00  -0.7625630E+00
    4   0.6161106E+01   0.1563637E+01   0.8320823E+00
    5   0.1012447E+01   0.2103452E+01  -0.8357880E-01
    6   0.4753506E+01  -0.3522752E+00  -0.2815163E+00
    7   0.9274703E+01  -0.1142103E+01   0.3909824E+00
    8  -0.3400490E+01   0.1032654E+01  -0.1406448E+01
    9  -0.9739559E+01  -0.1413698E+01   0.1405618E+01
   10   0.1188050E+02  -0.2242587E+01   0.5082853E+00
   11  -0.5999561E+01   0.2249959E+01  -0.1543940E+01
   12  -0.8030251E+01   0.4136780E+00  -0.2453499E+01
   13   0.8708460E+01   0.1046230E+01   0.1180703E+01
   14  -0.9680309E+01  -0.3473666E+01   0.2982071E+01
   15  -0.1578938E+01   0.2583575E+01  -0.4699427E+00
   16  -0.8416792E+01  -0.1715688E+01  -0.7839642E+00
   17  -0.3024622E+01  -0.1102060E+01  -0.2086618E+01
   18  -0.1084874E+02   0.4968789E+00   0.1944583E+01
   19   0.6754879E+01  -0.2901002E+01  -0.9033797E+00
   20  -0.7043872E+01  -0.3003551E+01  -0.8046434E+00
   21  -0.2151740E+01   0.4294729E+01   0.5743633E-01
   22  -0.9474449E+01  -0.5177420E+01   0.2209460E+01
   23  -0.1094159E+02  -0.3389949E+01   0.4376675E+01
   24  -0.9799800E+01   0.1413334E+01  -0.2627158E+01
   25  -0.7528689E+01  -0.3240162E+00  -0.4291485E+01
   26  -0.6517068E+01   0.2989724E+01   0.2973975E+00
   27  -0.5893005E+01   0.3853703E+01  -0.2826588E+01
   28   0.1189935E+02  -0.3959403E+01   0.1628588E+01
   29   0.1256350E+02  -0.2706369E+01  -0.1368239E+01
   30   0.1313477E+02  -0.8728342E+00   0.1359038E+01
   31   0.1134461E+01  -0.1631862E+01  -0.1620344E+01
   32   0.1475819E+01   0.5781292E+01   0.1563452E+01
   33   0.6019119E+01   0.5301519E+01   0.2365495E+01
 Initial ssvpot =     2.580


 Number of unique UNfrozen centers=   32

 Non-linear optimization requested.
 qchnge =    0.8087522394E-01
 qchnge =    0.2514938868E-02
 qchnge =    0.4040018035E-03
 qchnge =    0.8340365159E-04
 qchnge =    0.1889237069E-04
 qchnge =    0.4469979048E-05
 qchnge =    0.1080451114E-05
 qchnge =    0.2638584660E-06

 Convergence in    7 iterations


Resp charges for organic molecule                                               

          Point Charges Before & After Optimization

    no.  At.no.    q(init)       q(opt)     ivary    d(rstr)/dq
    1   6       0.000000      -0.267737      0       0.001749
    2   6       0.000000      -0.284780      0       0.001657
    3   6       0.000000      -0.292891      0       0.001616
    4   6       0.000000       0.457534      0       0.001068
    5   6       0.000000       0.284551      0       0.001658
    6   6       0.000000      -0.092355      0       0.003673
    7   6       0.000000       0.440151      0       0.001108
    8   6       0.000000       0.805709      0       0.000616
    9   6       0.000000       1.039458      0       0.000479
   10   6       0.000000      -0.225541      0       0.002027
   11   6       0.000000      -0.163535      0       0.002608
   12   6       0.000000       0.102952      0       0.003484
   13   7       0.000000      -0.625277      0       0.000790
   14   7       0.000000      -1.050470      0       0.000474
   15   7       0.000000      -0.646831      0       0.000764
   16   7       0.000000      -0.829133      0       0.000599
   17   8       0.000000      -0.640962      0       0.000771
   18   8       0.000000      -0.658055      0       0.000751
   19  16       0.000000      -0.147011      0       0.002812
   20   1       0.000000       0.423764      0       0.000000
   21   1       0.000000       0.330170      0       0.000000
   22   1       0.000000       0.414895      0       0.000000
   23   1       0.000000       0.414895     22       0.000000
   24   1       0.000000       0.086659      0       0.000000
   25   1       0.000000       0.063282      0       0.000000
   26   1       0.000000       0.087613      0       0.000000
   27   1       0.000000       0.033407      0       0.000000
   28   1       0.000000       0.088379      0       0.000000
   29   1       0.000000       0.086912      0       0.000000
   30   1       0.000000       0.089422      0       0.000000
   31   1       0.000000       0.300250      0       0.000000
   32   1       0.000000       0.184292      0       0.000000
   33   1       0.000000       0.190283      0       0.000000

 Sum over the calculated charges:     -0.000

        Statistics of the fitting:
  The initial sum of squares (ssvpot)                      2.580
  The residual sum of squares (chipot)                     0.033
  The std err of estimate (sqrt(chipot/N))               0.00186
  ESP relative RMS (SQRT(chipot/ssvpot))                 0.11323

 Center of Mass (Angst.):

 X  =   0.00000      Y  =   0.00000      Z  =   0.00000

 Dipole (Debye):

 X  =   0.84416      Y  =  -0.48251      Z  =  -0.49061

 Dipole Moment (Debye)=   1.08909

 Quadrupole (Debye*Angst.):

 Qxx = -22.50273     QYY =  36.95227     QZZ = -14.44954
 Qxy =  -9.85857     QXZ = -13.89883     QYZ = -36.56444
