
 -----------------------------------------------
      Restrained ESP Fit 2.3  Amber 4.1
 -----------------------------------------------
 Resp charges for organic molecule                                               
 -----------------------------------------------


 inopt       =     0   ioutopt     =     1
 nmol        =     1   iqopt       =     2
 ihfree      =     1   irstrnt     =     1
 iunits      =     0   qwt         =   0.00100000
 wtmol(1) =     1.000000
 subtitle:

Resp charges for organic molecule                                               
ich =   0  iuniq =  33
    1    6  -99
    2    6  -99
    3    6  -99
    4    6  -99
    5    6  -99
    6    6  -99
    7    6  -99
    8    6  -99
    9    6  -99
   10    6    0
   11    6    0
   12    6    0
   13    7  -99
   14    7  -99
   15    7  -99
   16    7  -99
   17    8  -99
   18    8  -99
   19   16  -99
   20    1  -99
   21    1  -99
   22    1  -99
   23    1  -99
   24    1    0
   25    1   24
   26    1    0
   27    1   26
   28    1    0
   29    1   28
   30    1   28
   31    1  -99
   32    1  -99
   33    1  -99
 new q0 values to be read  33

  ----------------------------------------------------------------------------
     ATOM                       COORDINATES                         CHARGE
                       X             Y                Z
  ----------------------------------------------------------------------------
  ----------------------------------------------------------------------------


 Charge on the molecule(ich) =    0
 Total number of atoms (iuniq)     =   33
 Weight factor on initial charge restraints(qwt)=     0.10000D-02


  there are  1 charge constraints:


     1       1
     2       1
     3       1
     4       1
     5       1
     6       1
     7       1
     8       1
     9       1
    10       1
    11       1
    12       1
    13       1
    14       1
    15       1
    16       1
    17       1
    18       1
    19       1
    20       1
    21       1
    22       1
    23       1
    24       1
    25       1
    26       1
    27       1
    28       1
    29       1
    30       1
    31       1
    32       1
    33       1

 Reading esp"s for molecule   1
 total number of atoms      =    33
 total number of esp points =  9529


 center     X       Y       Z 
    1   0.4957949E+01   0.3802518E+01   0.1501848E+01
    2   0.2415334E+01   0.4053530E+01   0.1044263E+01
    3   0.2181830E+01  -0.1345258E+00  -0.7625630E+00
    4   0.6161106E+01   0.1563637E+01   0.8320823E+00
    5   0.1012447E+01   0.2103452E+01  -0.8357880E-01
    6   0.4753506E+01  -0.3522752E+00  -0.2815163E+00
    7   0.9274703E+01  -0.1142103E+01   0.3909824E+00
    8  -0.3400490E+01   0.1032654E+01  -0.1406448E+01
    9  -0.9739559E+01  -0.1413698E+01   0.1405618E+01
   10   0.1188050E+02  -0.2242587E+01   0.5082853E+00
   11  -0.5999561E+01   0.2249959E+01  -0.1543940E+01
   12  -0.8030251E+01   0.4136780E+00  -0.2453499E+01
   13   0.8708460E+01   0.1046230E+01   0.1180703E+01
   14  -0.9680309E+01  -0.3473666E+01   0.2982071E+01
   15  -0.1578938E+01   0.2583575E+01  -0.4699427E+00
   16  -0.8416792E+01  -0.1715688E+01  -0.7839642E+00
   17  -0.3024622E+01  -0.1102060E+01  -0.2086618E+01
   18  -0.1084874E+02   0.4968789E+00   0.1944583E+01
   19   0.6754879E+01  -0.2901002E+01  -0.9033797E+00
   20  -0.7043872E+01  -0.3003551E+01  -0.8046434E+00
   21  -0.2151740E+01   0.4294729E+01   0.5743633E-01
   22  -0.9474449E+01  -0.5177420E+01   0.2209460E+01
   23  -0.1094159E+02  -0.3389949E+01   0.4376675E+01
   24  -0.9799800E+01   0.1413334E+01  -0.2627158E+01
   25  -0.7528689E+01  -0.3240162E+00  -0.4291485E+01
   26  -0.6517068E+01   0.2989724E+01   0.2973975E+00
   27  -0.5893005E+01   0.3853703E+01  -0.2826588E+01
   28   0.1189935E+02  -0.3959403E+01   0.1628588E+01
   29   0.1256350E+02  -0.2706369E+01  -0.1368239E+01
   30   0.1313477E+02  -0.8728342E+00   0.1359038E+01
   31   0.1134461E+01  -0.1631862E+01  -0.1620344E+01
   32   0.1475819E+01   0.5781292E+01   0.1563452E+01
   33   0.6019119E+01   0.5301519E+01   0.2365495E+01
 Initial ssvpot =     2.580


 Number of unique UNfrozen centers=    6

 Non-linear optimization requested.
 qchnge =    0.7971065110E-01
 qchnge =    0.2071278097E-03
 qchnge =    0.3455956960E-05
 qchnge =    0.6663283417E-07

 Convergence in    3 iterations


Resp charges for organic molecule                                               

          Point Charges Before & After Optimization

    no.  At.no.    q(init)       q(opt)     ivary    d(rstr)/dq
    1   6      -0.267737      -0.267737    -99       0.003499
    2   6      -0.284780      -0.284780    -99       0.003313
    3   6      -0.292891      -0.292891    -99       0.003231
    4   6       0.457534       0.457534    -99       0.002135
    5   6       0.284551       0.284551    -99       0.003316
    6   6      -0.092355      -0.092355    -99       0.007346
    7   6       0.440151       0.440151    -99       0.002215
    8   6       0.805709       0.805709    -99       0.001232
    9   6       1.039458       1.039458    -99       0.000958
   10   6      -0.225541      -0.217240      0       0.004181
   11   6      -0.163535      -0.249382      0       0.003722
   12   6       0.102952       0.212392      0       0.004260
   13   7      -0.625277      -0.625277    -99       0.001579
   14   7      -1.050470      -1.050470    -99       0.000948
   15   7      -0.646831      -0.646831    -99       0.001528
   16   7      -0.829133      -0.829133    -99       0.001197
   17   8      -0.640962      -0.640962    -99       0.001542
   18   8      -0.658055      -0.658055    -99       0.001502
   19  16      -0.147011      -0.147011    -99       0.005624
   20   1       0.423764       0.423764    -99       0.000000
   21   1       0.330170       0.330170    -99       0.000000
   22   1       0.414895       0.414895    -99       0.000000
   23   1       0.414895       0.414895    -99       0.000000
   24   1       0.086659       0.037630      0       0.000000
   25   1       0.063282       0.037630     24       0.000000
   26   1       0.087613       0.085828      0       0.000000
   27   1       0.033407       0.085828     26       0.000000
   28   1       0.088379       0.085621      0       0.000000
   29   1       0.086912       0.085621     28       0.000000
   30   1       0.089422       0.085621     28       0.000000
   31   1       0.300250       0.300250    -99       0.000000
   32   1       0.184292       0.184292    -99       0.000000
   33   1       0.190283       0.190283    -99       0.000000

 Sum over the calculated charges:     -0.000

        Statistics of the fitting:
  The initial sum of squares (ssvpot)                      2.580
  The residual sum of squares (chipot)                     0.040
  The std err of estimate (sqrt(chipot/N))               0.00205
  ESP relative RMS (SQRT(chipot/ssvpot))                 0.12465

 Center of Mass (Angst.):

 X  =   0.00000      Y  =   0.00000      Z  =   0.00000

 Dipole (Debye):

 X  =   0.87514      Y  =  -0.51572      Z  =  -0.61630

 Dipole Moment (Debye)=   1.18813

 Quadrupole (Debye*Angst.):

 Qxx = -24.30183     QYY =  38.22477     QZZ = -13.92294
 Qxy =  -8.50497     QXZ = -13.16959     QYZ = -37.16126
