
 -----------------------------------------------
      Restrained ESP Fit 2.3  Amber 4.1
 -----------------------------------------------
 Resp charges for organic molecule                                               
 -----------------------------------------------


 inopt       =     0   ioutopt     =     1
 nmol        =     1   iqopt       =     2
 ihfree      =     1   irstrnt     =     1
 iunits      =     0   qwt         =   0.00100000
 wtmol(1) =     1.000000
 subtitle:

Resp charges for organic molecule                                               
ich =  -1  iuniq =  36
    1    6  -99
    2    6  -99
    3    6  -99
    4    6  -99
    5    6  -99
    6    6  -99
    7    6  -99
    8    6    0
    9    6    0
   10    6  -99
   11    6  -99
   12    6    0
   13    6    0
   14    6    0
   15    7  -99
   16    7  -99
   17    8  -99
   18    8  -99
   19    8  -99
   20   16  -99
   21   16  -99
   22    1    0
   23    1   22
   24    1  -99
   25    1    0
   26    1   25
   27    1    0
   28    1   27
   29    1    0
   30    1   29
   31    1    0
   32    1   31
   33    1   31
   34    1  -99
   35    1  -99
   36    1  -99
 new q0 values to be read  36

  ----------------------------------------------------------------------------
     ATOM                       COORDINATES                         CHARGE
                       X             Y                Z
  ----------------------------------------------------------------------------
  ----------------------------------------------------------------------------


 Charge on the molecule(ich) =   -1
 Total number of atoms (iuniq)     =   36
 Weight factor on initial charge restraints(qwt)=     0.10000D-02


  there are  1 charge constraints:


     1       1
     2       1
     3       1
     4       1
     5       1
     6       1
     7       1
     8       1
     9       1
    10       1
    11       1
    12       1
    13       1
    14       1
    15       1
    16       1
    17       1
    18       1
    19       1
    20       1
    21       1
    22       1
    23       1
    24       1
    25       1
    26       1
    27       1
    28       1
    29       1
    30       1
    31       1
    32       1
    33       1
    34       1
    35       1
    36       1

 Reading esp"s for molecule   1
 total number of atoms      =    36
 total number of esp points = 10554


 center     X       Y       Z 
    1   0.6359684E+00   0.2485364E+01  -0.1311861E+01
    2  -0.1919175E+01   0.2058016E+01  -0.1225476E+01
    3  -0.1284214E+01  -0.2320684E+01  -0.6798478E-01
    4   0.2289305E+01   0.5083514E+00  -0.7753924E+00
    5  -0.2915416E+01  -0.3373539E+00  -0.6094631E+00
    6   0.1292654E+01  -0.1837963E+01  -0.1655135E+00
    7   0.5903207E+01  -0.1441797E+01  -0.2234525E+00
    8   0.1151967E+02   0.5440051E+01   0.1002398E+01
    9   0.1040642E+02   0.2848972E+01   0.1633213E+01
   10  -0.6998893E+01  -0.2514023E+01   0.6993120E-01
   11  -0.1051466E+02   0.2949726E+01   0.2989339E+00
   12   0.1046415E+02   0.1090196E+01  -0.6533879E+00
   13  -0.9815845E+01  -0.1977062E+01  -0.1123442E+00
   14  -0.1078858E+02   0.2689382E+00   0.1465630E+01
   15   0.4917449E+01   0.6591629E+00  -0.7903042E+00
   16  -0.5532197E+01  -0.5256764E+00  -0.6065057E+00
   17  -0.6199906E+01  -0.4546634E+01   0.7345989E+00
   18  -0.8936539E+01   0.3191545E+01  -0.1443658E+01
   19  -0.1186846E+02   0.4564762E+01   0.1237453E+01
   20   0.3793833E+01  -0.3933368E+01   0.4232930E+00
   21   0.9180527E+01  -0.2045664E+01  -0.7061150E-01
   22   0.8472602E+01   0.3063216E+01   0.2265666E+01
   23   0.1145809E+02   0.1993256E+01   0.3173923E+01
   24  -0.6536124E+01   0.1051341E+01  -0.1082274E+01
   25  -0.1278322E+02  -0.9735868E-02   0.1844705E+01
   26  -0.9871462E+01   0.2911803E+00   0.3307228E+01
   27  -0.1027172E+02  -0.1652751E+01  -0.2086741E+01
   28  -0.1073589E+02  -0.3709307E+01   0.4737108E+00
   29   0.1239377E+02   0.7460468E+00  -0.1253797E+01
   30   0.9443458E+01   0.1896574E+01  -0.2227269E+01
   31   0.1347143E+02   0.5287689E+01   0.3792264E+00
   32   0.1045239E+02   0.6358743E+01  -0.4899700E+00
   33   0.1148273E+02   0.6669867E+01   0.2643976E+01
   34  -0.2017328E+01  -0.4140541E+01   0.4104712E+00
   35  -0.3225014E+01   0.3563594E+01  -0.1620508E+01
   36   0.1371457E+01   0.4319167E+01  -0.1782131E+01
 Initial ssvpot =    98.543


 Number of unique UNfrozen centers=   10

 Non-linear optimization requested.
 qchnge =    0.5609346523E-01
 qchnge =    0.1845958658E-02
 qchnge =    0.2542854988E-03
 qchnge =    0.3891654257E-04
 qchnge =    0.6037278221E-05
 qchnge =    0.9383835971E-06

 Convergence in    5 iterations


Resp charges for organic molecule                                               

          Point Charges Before & After Optimization

    no.  At.no.    q(init)       q(opt)     ivary    d(rstr)/dq
    1   6      -0.341603      -0.341603    -99       0.002809
    2   6      -0.171612      -0.171612    -99       0.005035
    3   6      -0.298626      -0.298626    -99       0.003175
    4   6       0.366623       0.366623    -99       0.002631
    5   6       0.225085       0.225085    -99       0.004060
    6   6      -0.087092      -0.087092    -99       0.007541
    7   6       0.234864       0.234864    -99       0.003917
    8   6      -0.256267      -0.234080      0       0.003928
    9   6       0.119573       0.096102      0       0.007209
   10   6       0.656068       0.656068    -99       0.001507
   11   6       0.829908       0.829908    -99       0.001196
   12   6      -0.095610      -0.075980      0       0.007962
   13   6      -0.045802      -0.070314      0       0.008180
   14   6      -0.056128      -0.047625      0       0.009028
   15   7      -0.393148      -0.393148    -99       0.002465
   16   7      -0.437380      -0.437380    -99       0.002229
   17   8      -0.675807      -0.675807    -99       0.001464
   18   8      -0.790469      -0.790469    -99       0.001255
   19   8      -0.790469      -0.790469    -99       0.001255
   20  16      -0.071825      -0.071825    -99       0.008122
   21  16      -0.232678      -0.232678    -99       0.003949
   22   1       0.019463       0.018857      0       0.000000
   23   1       0.005449       0.018857     22       0.000000
   24   1       0.249500       0.249500    -99       0.000000
   25   1      -0.000855      -0.003349      0       0.000000
   26   1      -0.003650      -0.003349     25       0.000000
   27   1       0.011210       0.016087      0       0.000000
   28   1       0.004443       0.016087     27       0.000000
   29   1       0.133662       0.089560      0       0.000000
   30   1       0.059737       0.089560     29       0.000000
   31   1       0.042739       0.053748      0       0.000000
   32   1       0.067142       0.053748     31       0.000000
   33   1       0.066551       0.053748     31       0.000000
   34   1       0.290256       0.290256    -99       0.000000
   35   1       0.189975       0.189975    -99       0.000000
   36   1       0.176770       0.176770    -99       0.000000

 Sum over the calculated charges:     -1.000

        Statistics of the fitting:
  The initial sum of squares (ssvpot)                     98.543
  The residual sum of squares (chipot)                     0.063
  The std err of estimate (sqrt(chipot/N))               0.00244
  ESP relative RMS (SQRT(chipot/ssvpot))                 0.02520

 Center of Mass (Angst.):

 X  =   0.00000      Y  =   0.00000      Z  =   0.00000

 Dipole (Debye):

 X  =  18.92733      Y  =  -3.39028      Z  =  -0.60545

 Dipole Moment (Debye)=  19.23810

 Quadrupole (Debye*Angst.):

 Qxx =-198.51106     QYY =  57.46729     QZZ = 141.04378
 Qxy = 286.69123     QXZ = 159.41421     QYZ = 148.41454
