
 -----------------------------------------------
      Restrained ESP Fit 2.3  Amber 4.1
 -----------------------------------------------
 Resp charges for organic molecule                                               
 -----------------------------------------------


 inopt       =     0   ioutopt     =     1
 nmol        =     1   iqopt       =     0
 ihfree      =     1   irstrnt     =     1
 iunits      =     0   qwt         =   0.00050000
 wtmol(1) =     1.000000
 subtitle:

Resp charges for organic molecule                                               
ich =  -1  iuniq =  36
    1    6    0
    2    6    0
    3    6    0
    4    6    0
    5    6    0
    6    6    0
    7    6    0
    8    6    0
    9    6    0
   10    6    0
   11    6    0
   12    6    0
   13    6    0
   14    6    0
   15    7    0
   16    7    0
   17    8    0
   18    8    0
   19    8   18
   20   16    0
   21   16    0
   22    1    0
   23    1    0
   24    1    0
   25    1    0
   26    1    0
   27    1    0
   28    1    0
   29    1    0
   30    1    0
   31    1    0
   32    1    0
   33    1    0
   34    1    0
   35    1    0
   36    1    0

  ----------------------------------------------------------------------------
     ATOM                       COORDINATES                         CHARGE
                       X             Y                Z
  ----------------------------------------------------------------------------
  ----------------------------------------------------------------------------


 Charge on the molecule(ich) =   -1
 Total number of atoms (iuniq)     =   36
 Weight factor on initial charge restraints(qwt)=     0.50000D-03


  there are  1 charge constraints:


     1       1
     2       1
     3       1
     4       1
     5       1
     6       1
     7       1
     8       1
     9       1
    10       1
    11       1
    12       1
    13       1
    14       1
    15       1
    16       1
    17       1
    18       1
    19       1
    20       1
    21       1
    22       1
    23       1
    24       1
    25       1
    26       1
    27       1
    28       1
    29       1
    30       1
    31       1
    32       1
    33       1
    34       1
    35       1
    36       1

 Reading esp"s for molecule   1
 total number of atoms      =    36
 total number of esp points = 10554


 center     X       Y       Z 
    1   0.6359684E+00   0.2485364E+01  -0.1311861E+01
    2  -0.1919175E+01   0.2058016E+01  -0.1225476E+01
    3  -0.1284214E+01  -0.2320684E+01  -0.6798478E-01
    4   0.2289305E+01   0.5083514E+00  -0.7753924E+00
    5  -0.2915416E+01  -0.3373539E+00  -0.6094631E+00
    6   0.1292654E+01  -0.1837963E+01  -0.1655135E+00
    7   0.5903207E+01  -0.1441797E+01  -0.2234525E+00
    8   0.1151967E+02   0.5440051E+01   0.1002398E+01
    9   0.1040642E+02   0.2848972E+01   0.1633213E+01
   10  -0.6998893E+01  -0.2514023E+01   0.6993120E-01
   11  -0.1051466E+02   0.2949726E+01   0.2989339E+00
   12   0.1046415E+02   0.1090196E+01  -0.6533879E+00
   13  -0.9815845E+01  -0.1977062E+01  -0.1123442E+00
   14  -0.1078858E+02   0.2689382E+00   0.1465630E+01
   15   0.4917449E+01   0.6591629E+00  -0.7903042E+00
   16  -0.5532197E+01  -0.5256764E+00  -0.6065057E+00
   17  -0.6199906E+01  -0.4546634E+01   0.7345989E+00
   18  -0.8936539E+01   0.3191545E+01  -0.1443658E+01
   19  -0.1186846E+02   0.4564762E+01   0.1237453E+01
   20   0.3793833E+01  -0.3933368E+01   0.4232930E+00
   21   0.9180527E+01  -0.2045664E+01  -0.7061150E-01
   22   0.8472602E+01   0.3063216E+01   0.2265666E+01
   23   0.1145809E+02   0.1993256E+01   0.3173923E+01
   24  -0.6536124E+01   0.1051341E+01  -0.1082274E+01
   25  -0.1278322E+02  -0.9735868E-02   0.1844705E+01
   26  -0.9871462E+01   0.2911803E+00   0.3307228E+01
   27  -0.1027172E+02  -0.1652751E+01  -0.2086741E+01
   28  -0.1073589E+02  -0.3709307E+01   0.4737108E+00
   29   0.1239377E+02   0.7460468E+00  -0.1253797E+01
   30   0.9443458E+01   0.1896574E+01  -0.2227269E+01
   31   0.1347143E+02   0.5287689E+01   0.3792264E+00
   32   0.1045239E+02   0.6358743E+01  -0.4899700E+00
   33   0.1148273E+02   0.6669867E+01   0.2643976E+01
   34  -0.2017328E+01  -0.4140541E+01   0.4104712E+00
   35  -0.3225014E+01   0.3563594E+01  -0.1620508E+01
   36   0.1371457E+01   0.4319167E+01  -0.1782131E+01
 Initial ssvpot =    98.543


 Number of unique UNfrozen centers=   35

 Non-linear optimization requested.
 qchnge =    0.5736607291E-01
 qchnge =    0.2202834914E-02
 qchnge =    0.3407404250E-03
 qchnge =    0.8049593406E-04
 qchnge =    0.2115094156E-04
 qchnge =    0.5664138017E-05
 qchnge =    0.1522469513E-05
 qchnge =    0.4095943002E-06

 Convergence in    7 iterations


Resp charges for organic molecule                                               

          Point Charges Before & After Optimization

    no.  At.no.    q(init)       q(opt)     ivary    d(rstr)/dq
    1   6       0.000000      -0.341603      0       0.001405
    2   6       0.000000      -0.171612      0       0.002517
    3   6       0.000000      -0.298626      0       0.001588
    4   6       0.000000       0.366623      0       0.001316
    5   6       0.000000       0.225085      0       0.002030
    6   6       0.000000      -0.087092      0       0.003771
    7   6       0.000000       0.234864      0       0.001959
    8   6       0.000000      -0.256267      0       0.001818
    9   6       0.000000       0.119573      0       0.003208
   10   6       0.000000       0.656068      0       0.000753
   11   6       0.000000       0.829908      0       0.000598
   12   6       0.000000      -0.095610      0       0.003614
   13   6       0.000000      -0.045802      0       0.004546
   14   6       0.000000      -0.056128      0       0.004360
   15   7       0.000000      -0.393148      0       0.001233
   16   7       0.000000      -0.437380      0       0.001114
   17   8       0.000000      -0.675807      0       0.000732
   18   8       0.000000      -0.790469      0       0.000628
   19   8       0.000000      -0.790469     18       0.000628
   20  16       0.000000      -0.071825      0       0.004061
   21  16       0.000000      -0.232678      0       0.001974
   22   1       0.000000       0.019463      0       0.000000
   23   1       0.000000       0.005449      0       0.000000
   24   1       0.000000       0.249500      0       0.000000
   25   1       0.000000      -0.000855      0       0.000000
   26   1       0.000000      -0.003650      0       0.000000
   27   1       0.000000       0.011210      0       0.000000
   28   1       0.000000       0.004443      0       0.000000
   29   1       0.000000       0.133662      0       0.000000
   30   1       0.000000       0.059737      0       0.000000
   31   1       0.000000       0.042739      0       0.000000
   32   1       0.000000       0.067142      0       0.000000
   33   1       0.000000       0.066551      0       0.000000
   34   1       0.000000       0.290256      0       0.000000
   35   1       0.000000       0.189975      0       0.000000
   36   1       0.000000       0.176770      0       0.000000

 Sum over the calculated charges:     -1.000

        Statistics of the fitting:
  The initial sum of squares (ssvpot)                     98.543
  The residual sum of squares (chipot)                     0.055
  The std err of estimate (sqrt(chipot/N))               0.00228
  ESP relative RMS (SQRT(chipot/ssvpot))                 0.02358

 Center of Mass (Angst.):

 X  =   0.00000      Y  =   0.00000      Z  =   0.00000

 Dipole (Debye):

 X  =  19.01814      Y  =  -3.41828      Z  =  -0.56725

 Dipole Moment (Debye)=  19.33122

 Quadrupole (Debye*Angst.):

 Qxx =-196.08340     QYY =  56.71618     QZZ = 139.36722
 Qxy = 284.33003     QXZ = 158.53692     QYZ = 147.93969
